2025-03-19 16:11:59,768 [INFO] Activator:176 - 


2025-03-19 16:11:59,770 [INFO] Activator:177 - !SESSION log4j initialized
2025-03-19 16:12:03,833 [INFO] LogOutputStream:77 - [STDOUT_REDIRECT] 
2025-03-19 16:12:11,219 [INFO] ApplicationProperties:184 - Using Application install path: C:\ST\STM32CubeIDE_1.18.0\STM32CubeIDE\plugins\com.st.stm32cube.common.mx_6.14.0.202502271554
2025-03-19 16:12:11,241 [INFO] DbMcusXml:78 - Set database path to: C:\ST\STM32CubeIDE_1.18.0\STM32CubeIDE\plugins\com.st.stm32cube.common.mx_6.14.0.202502271554\\db\/mcu/
2025-03-19 16:12:11,241 [INFO] ApiDb:274 - Set plugin database path to: C:\ST\STM32CubeIDE_1.18.0\STM32CubeIDE\plugins\com.st.stm32cube.common.mx_6.14.0.202502271554\\db\/plugins/boardmanager/
2025-03-19 16:12:11,242 [WARN] ApiDb:259 - Overriding images path with different value:  => C:\ST\STM32CubeIDE_1.18.0\STM32CubeIDE\plugins\com.st.stm32cube.common.mx_6.14.0.202502271554\\db\/plugins/mcufinder/images/
2025-03-19 16:12:13,385 [WARN] ApiFinderProperties:113 - C:\Users\cdm\.stmcufinder\plugins\mcufinder\mcu\mcuFinder.mfd doesn't exist
2025-03-19 16:12:13,386 [INFO] ApiDb:250 - Set database path to: C:\Users\cdm\.stmcufinder\plugins\mcufinder//mcu/
2025-03-19 16:12:13,388 [INFO] DbMcusAds:125 - Set database path to: C:\Users\cdm\.stmcufinder\plugins\mcufinder//mcu/
2025-03-19 16:12:13,392 [INFO] CrossReferenceDbSqlite:203 - Set database path to: C:\Users\cdm\.stmcufinder\plugins\mcufinder//mcu/cs/
2025-03-19 16:12:13,641 [INFO] RulesReader:64 - Compatibility file has been processed (301 Rules)
2025-03-19 16:12:13,802 [INFO] DbMcusXml:78 - Set database path to: C:\ST\STM32CubeIDE_1.18.0\STM32CubeIDE\plugins\com.st.stm32cube.common.mx_6.14.0.202502271554\\db\/mcu/
2025-03-19 16:12:13,803 [INFO] ApiDb:274 - Set plugin database path to: C:\ST\STM32CubeIDE_1.18.0\STM32CubeIDE\plugins\com.st.stm32cube.common.mx_6.14.0.202502271554\\db\/plugins/boardmanager/
2025-03-19 16:12:13,803 [INFO] ApiDb:261 - Set plugin images path to: C:\ST\STM32CubeIDE_1.18.0\STM32CubeIDE\plugins\com.st.stm32cube.common.mx_6.14.0.202502271554\\db\/plugins/mcufinder/images/
2025-03-19 16:12:13,804 [WARN] DbFile:41 - Overriding database path with different value: C:\Users\cdm\.stmcufinder\plugins\mcufinder/ => C:\Users\cdm\.stmcufinder\plugins\mcufinder
2025-03-19 16:12:13,804 [INFO] ApiDb:250 - Set database path to: C:\Users\cdm\.stmcufinder\plugins\mcufinder//mcu/
2025-03-19 16:12:13,804 [WARN] DbFile:41 - Overriding database path with different value: C:\Users\cdm\.stmcufinder\plugins\mcufinder/ => C:\Users\cdm\.stmcufinder\plugins\mcufinder
2025-03-19 16:12:13,804 [INFO] DbMcusAds:125 - Set database path to: C:\Users\cdm\.stmcufinder\plugins\mcufinder//mcu/
2025-03-19 16:12:13,804 [WARN] DbFile:41 - Overriding database path with different value: C:\Users\cdm\.stmcufinder\plugins\mcufinder/ => C:\Users\cdm\.stmcufinder\plugins\mcufinder
2025-03-19 16:12:13,805 [WARN] DbFile:41 - Overriding database path with different value: C:\Users\cdm\.stmcufinder\plugins\mcufinder/ => C:\Users\cdm\.stmcufinder\plugins\mcufinder
2025-03-19 16:12:13,805 [INFO] CrossReferenceDbSqlite:203 - Set database path to: C:\Users\cdm\.stmcufinder\plugins\mcufinder//mcu/cs/
2025-03-19 16:12:13,945 [INFO] MainPanel:272 - HeapMemory: 268435456
2025-03-19 16:12:14,124 [INFO] DbMcusXml:78 - Set database path to: C:\ST\STM32CubeIDE_1.18.0\STM32CubeIDE\plugins\com.st.stm32cube.common.mx_6.14.0.202502271554\\db\/mcu/
2025-03-19 16:12:14,124 [INFO] ApiDb:274 - Set plugin database path to: C:\ST\STM32CubeIDE_1.18.0\STM32CubeIDE\plugins\com.st.stm32cube.common.mx_6.14.0.202502271554\\db\/plugins/boardmanager/
2025-03-19 16:12:14,124 [INFO] ApiDb:261 - Set plugin images path to: C:\ST\STM32CubeIDE_1.18.0\STM32CubeIDE\plugins\com.st.stm32cube.common.mx_6.14.0.202502271554\\db\/plugins/mcufinder/images/
2025-03-19 16:12:14,125 [WARN] DbFile:41 - Overriding database path with different value: C:\Users\cdm\.stmcufinder\plugins\mcufinder/ => C:\Users\cdm\.stmcufinder\plugins\mcufinder
2025-03-19 16:12:14,125 [INFO] ApiDb:250 - Set database path to: C:\Users\cdm\.stmcufinder\plugins\mcufinder//mcu/
2025-03-19 16:12:14,126 [WARN] DbFile:41 - Overriding database path with different value: C:\Users\cdm\.stmcufinder\plugins\mcufinder/ => C:\Users\cdm\.stmcufinder\plugins\mcufinder
2025-03-19 16:12:14,126 [INFO] DbMcusAds:125 - Set database path to: C:\Users\cdm\.stmcufinder\plugins\mcufinder//mcu/
2025-03-19 16:12:14,126 [WARN] DbFile:41 - Overriding database path with different value: C:\Users\cdm\.stmcufinder\plugins\mcufinder/ => C:\Users\cdm\.stmcufinder\plugins\mcufinder
2025-03-19 16:12:14,126 [WARN] DbFile:41 - Overriding database path with different value: C:\Users\cdm\.stmcufinder\plugins\mcufinder/ => C:\Users\cdm\.stmcufinder\plugins\mcufinder
2025-03-19 16:12:14,127 [INFO] CrossReferenceDbSqlite:203 - Set database path to: C:\Users\cdm\.stmcufinder\plugins\mcufinder//mcu/cs/
2025-03-19 16:12:14,159 [INFO] ApplicationProperties:184 - Using Application install path: C:\ST\STM32CubeIDE_1.18.0\STM32CubeIDE\plugins\com.st.stm32cube.common.mx_6.14.0.202502271554
2025-03-19 16:12:14,162 [INFO] PluginManage:196 - Search for loadable plugins [exclusion list=, ]
2025-03-19 16:12:14,164 [INFO] PluginManage:310 - Check plugin analytics
2025-03-19 16:12:19,415 [INFO] AnalyticsPlugin:253 - Accepted Software Licenses: 
2025-03-19 16:12:19,415 [INFO] AnalyticsPlugin:255 - Accepted CMSIS Pack Licenses: 
2025-03-19 16:12:19,415 [INFO] AnalyticsPlugin:257 - Accepted Firmware Licenses: 
2025-03-19 16:12:19,421 [INFO] PluginManage:359 - Loaded plugin analytics (category:tool,tabindex:-1)
2025-03-19 16:12:19,421 [INFO] PluginManage:310 - Check plugin cadmodel
2025-03-19 16:12:19,445 [INFO] CADModel:105 - Init CAD model plugin
2025-03-19 16:12:19,446 [INFO] PluginManage:359 - Loaded plugin cadmodel (category:power,tabindex:5)
2025-03-19 16:12:19,446 [INFO] PluginManage:310 - Check plugin clock
2025-03-19 16:12:19,475 [INFO] PluginManage:359 - Loaded plugin clock (category:base,tabindex:2)
2025-03-19 16:12:19,475 [INFO] PluginManage:310 - Check plugin ddr
2025-03-19 16:12:19,480 [INFO] PluginManage:359 - Loaded plugin ddr (category:tool,tabindex:6)
2025-03-19 16:12:19,480 [INFO] PluginManage:310 - Check plugin filemanager
2025-03-19 16:12:19,738 [INFO] PluginManage:359 - Loaded plugin filemanager (category:base,tabindex:10)
2025-03-19 16:12:19,738 [INFO] PluginManage:310 - Check plugin ipmanager
2025-03-19 16:12:19,750 [INFO] PluginManage:359 - Loaded plugin ipmanager (category:base,tabindex:5)
2025-03-19 16:12:19,750 [INFO] PluginManage:310 - Check plugin lpbam
2025-03-19 16:12:19,779 [INFO] PluginManage:359 - Loaded plugin lpbam (category:base,tabindex:0)
2025-03-19 16:12:19,780 [INFO] PluginManage:310 - Check plugin memorymap
2025-03-19 16:12:19,816 [INFO] PluginManage:359 - Loaded plugin memorymap (category:base,tabindex:4)
2025-03-19 16:12:19,816 [INFO] PluginManage:310 - Check plugin pinoutandconfiguration
2025-03-19 16:12:19,845 [INFO] PluginManage:359 - Loaded plugin pinoutandconfiguration (category:base,tabindex:1)
2025-03-19 16:12:19,846 [INFO] PluginManage:310 - Check plugin pinoutconfig
2025-03-19 16:12:20,017 [WARN] SupportedApi:132 - Cannot load RTOS API schema: s4s-elt-must-match.1: The content of 'definitions' must match (annotation?, (simpleType | complexType)?, (unique | key | keyref)*)). A problem was found starting at: attribute.
2025-03-19 16:12:20,265 [INFO] PluginManage:359 - Loaded plugin pinoutconfig (category:base,tabindex:0)
2025-03-19 16:12:20,265 [INFO] PluginManage:310 - Check plugin power
2025-03-19 16:12:20,296 [INFO] PluginManage:359 - Loaded plugin power (category:power,tabindex:4)
2025-03-19 16:12:20,296 [INFO] PluginManage:310 - Check plugin projectmanager
2025-03-19 16:12:20,327 [INFO] PluginManage:359 - Loaded plugin projectmanager (category:projectmanager,tabindex:4)
2025-03-19 16:12:20,328 [INFO] PluginManage:310 - Check plugin rif
2025-03-19 16:12:20,355 [INFO] PluginManage:359 - Loaded plugin rif (category:base,tabindex:3)
2025-03-19 16:12:20,355 [INFO] PluginManage:310 - Check plugin thirdparty
2025-03-19 16:12:20,777 [INFO] PluginManage:359 - Loaded plugin thirdparty (category:base,tabindex:-1)
2025-03-19 16:12:20,777 [WARN] IntegrityCheckThread:84 - waiting for thirdparty lock release [integrity check]
2025-03-19 16:12:20,778 [INFO] PluginManage:310 - Check plugin tools
2025-03-19 16:12:20,778 [INFO] IntegrityCheckThread:86 - entering critical section [integrity check]
2025-03-19 16:12:20,779 [INFO] ThirdPartyUpdaterWithRetryManager:70 - Updater plugin not ready yet. [1/15]
2025-03-19 16:12:20,832 [INFO] PluginManage:359 - Loaded plugin tools (category:base,tabindex:7)
2025-03-19 16:12:20,832 [INFO] PluginManage:310 - Check plugin tutovideos
2025-03-19 16:12:21,160 [INFO] PluginManage:359 - Loaded plugin tutovideos (category:base,tabindex:-1)
2025-03-19 16:12:21,160 [INFO] PluginManage:310 - Check plugin updater
2025-03-19 16:12:21,205 [INFO] PluginManage:359 - Loaded plugin updater (category:base,tabindex:12)
2025-03-19 16:12:21,206 [INFO] PluginManage:310 - Check plugin userauth
2025-03-19 16:12:21,213 [INFO] UserAuth:118 - Init User Auth plugin
2025-03-19 16:12:21,214 [INFO] PluginManage:359 - Loaded plugin userauth (category:base,tabindex:14)
2025-03-19 16:12:21,215 [INFO] PluginManage:283 - PluginManage : Loaded plugins [18]
2025-03-19 16:12:21,589 [INFO] PinOutPanel:1589 - setPackage(No Configuration,No Configuration)
2025-03-19 16:12:21,752 [INFO] CADModel:165 - CPN selected for project level
2025-03-19 16:12:21,753 [INFO] CADModel:114 - Register for checkConnection events
2025-03-19 16:12:21,800 [INFO] IPUIPlugin:80 - create IPUIPlugin
2025-03-19 16:12:21,800 [INFO] PluginManager:220 - loadIPPluginJar : add adc
2025-03-19 16:12:21,855 [INFO] IPUIPlugin:80 - create IPUIPlugin
2025-03-19 16:12:21,856 [INFO] PluginManager:220 - loadIPPluginJar : add aes
2025-03-19 16:12:21,918 [INFO] IPUIPlugin:80 - create IPUIPlugin
2025-03-19 16:12:21,918 [INFO] PluginManager:220 - loadIPPluginJar : add can
2025-03-19 16:12:21,957 [INFO] IPUIPlugin:80 - create IPUIPlugin
2025-03-19 16:12:21,957 [INFO] PluginManager:220 - loadIPPluginJar : add comp
2025-03-19 16:12:22,008 [INFO] IPUIPlugin:80 - create IPUIPlugin
2025-03-19 16:12:22,009 [INFO] PluginManager:220 - loadIPPluginJar : add cryp
2025-03-19 16:12:22,027 [INFO] IPUIPlugin:80 - create IPUIPlugin
2025-03-19 16:12:22,027 [INFO] PluginManager:220 - loadIPPluginJar : add ddr_ctrl_phy
2025-03-19 16:12:22,074 [INFO] IPUIPlugin:80 - create IPUIPlugin
2025-03-19 16:12:22,074 [INFO] PluginManager:220 - loadIPPluginJar : add dfsdm
2025-03-19 16:12:22,097 [INFO] IPUIPlugin:80 - create IPUIPlugin
2025-03-19 16:12:22,098 [INFO] PluginManager:220 - loadIPPluginJar : add dma
2025-03-19 16:12:22,159 [INFO] IPUIPlugin:80 - create IPUIPlugin
2025-03-19 16:12:22,159 [INFO] PluginManager:220 - loadIPPluginJar : add dma3
2025-03-19 16:12:22,226 [INFO] IPUIPlugin:80 - create IPUIPlugin
2025-03-19 16:12:22,226 [INFO] PluginManager:220 - loadIPPluginJar : add extmemmanager
2025-03-19 16:12:22,259 [INFO] IPUIPlugin:80 - create IPUIPlugin
2025-03-19 16:12:22,261 [INFO] PluginManager:220 - loadIPPluginJar : add fatfs
2025-03-19 16:12:22,334 [INFO] IPUIPlugin:80 - create IPUIPlugin
2025-03-19 16:12:22,334 [INFO] PluginManager:220 - loadIPPluginJar : add fmc
2025-03-19 16:12:22,359 [INFO] IPUIPlugin:80 - create IPUIPlugin
2025-03-19 16:12:22,360 [INFO] PluginManager:220 - loadIPPluginJar : add freertos
2025-03-19 16:12:22,394 [INFO] IPUIPlugin:80 - create IPUIPlugin
2025-03-19 16:12:22,394 [INFO] PluginManager:220 - loadIPPluginJar : add genericplugin
2025-03-19 16:12:22,534 [INFO] IPUIPlugin:80 - create IPUIPlugin
2025-03-19 16:12:22,534 [INFO] PluginManager:220 - loadIPPluginJar : add gfxmmu
2025-03-19 16:12:22,728 [INFO] IPUIPlugin:80 - create IPUIPlugin
2025-03-19 16:12:22,728 [INFO] PluginManager:220 - loadIPPluginJar : add gic
2025-03-19 16:12:22,749 [INFO] IPUIPlugin:80 - create IPUIPlugin
2025-03-19 16:12:22,749 [INFO] PluginManager:220 - loadIPPluginJar : add gpio
2025-03-19 16:12:22,883 [INFO] IPUIPlugin:80 - create IPUIPlugin
2025-03-19 16:12:22,884 [INFO] PluginManager:220 - loadIPPluginJar : add gtzc
2025-03-19 16:12:22,934 [INFO] IPUIPlugin:80 - create IPUIPlugin
2025-03-19 16:12:22,934 [INFO] PluginManager:220 - loadIPPluginJar : add hash
2025-03-19 16:12:23,014 [INFO] IPUIPlugin:80 - create IPUIPlugin
2025-03-19 16:12:23,014 [INFO] PluginManager:220 - loadIPPluginJar : add i2c
2025-03-19 16:12:23,075 [INFO] IPUIPlugin:80 - create IPUIPlugin
2025-03-19 16:12:23,076 [INFO] PluginManager:220 - loadIPPluginJar : add i2s
2025-03-19 16:12:23,139 [INFO] IPUIPlugin:80 - create IPUIPlugin
2025-03-19 16:12:23,140 [INFO] PluginManager:220 - loadIPPluginJar : add i3c
2025-03-19 16:12:23,291 [INFO] IPUIPlugin:80 - create IPUIPlugin
2025-03-19 16:12:23,291 [INFO] PluginManager:220 - loadIPPluginJar : add ipddr
2025-03-19 16:12:23,440 [INFO] IPUIPlugin:80 - create IPUIPlugin
2025-03-19 16:12:23,441 [INFO] PluginManager:220 - loadIPPluginJar : add linkedlist
2025-03-19 16:12:23,503 [INFO] IPUIPlugin:80 - create IPUIPlugin
2025-03-19 16:12:23,503 [INFO] PluginManager:220 - loadIPPluginJar : add lorawan
2025-03-19 16:12:23,563 [INFO] IPUIPlugin:80 - create IPUIPlugin
2025-03-19 16:12:23,563 [INFO] PluginManager:220 - loadIPPluginJar : add ltdc
2025-03-19 16:12:23,587 [INFO] IPUIPlugin:80 - create IPUIPlugin
2025-03-19 16:12:23,587 [INFO] PluginManager:220 - loadIPPluginJar : add mdma
2025-03-19 16:12:23,608 [INFO] IPUIPlugin:80 - create IPUIPlugin
2025-03-19 16:12:23,609 [INFO] PluginManager:220 - loadIPPluginJar : add nvic
2025-03-19 16:12:23,666 [INFO] IPUIPlugin:80 - create IPUIPlugin
2025-03-19 16:12:23,666 [INFO] PluginManager:220 - loadIPPluginJar : add opamp
2025-03-19 16:12:23,758 [INFO] IPUIPlugin:80 - create IPUIPlugin
2025-03-19 16:12:23,759 [INFO] PluginManager:220 - loadIPPluginJar : add openamp
2025-03-19 16:12:23,780 [INFO] ThirdPartyUpdaterWithRetryManager:70 - Updater plugin not ready yet. [2/15]
2025-03-19 16:12:23,825 [INFO] IPUIPlugin:80 - create IPUIPlugin
2025-03-19 16:12:23,825 [INFO] PluginManager:220 - loadIPPluginJar : add pdm2pcm
2025-03-19 16:12:23,849 [INFO] IPUIPlugin:80 - create IPUIPlugin
2025-03-19 16:12:23,853 [INFO] PluginManager:220 - loadIPPluginJar : add plateformsettings
2025-03-19 16:12:23,889 [INFO] IPUIPlugin:80 - create IPUIPlugin
2025-03-19 16:12:23,889 [INFO] PluginManager:220 - loadIPPluginJar : add quadspi
2025-03-19 16:12:23,926 [INFO] IPUIPlugin:80 - create IPUIPlugin
2025-03-19 16:12:23,928 [INFO] PluginManager:220 - loadIPPluginJar : add radio
2025-03-19 16:12:23,947 [INFO] IPUIPlugin:80 - create IPUIPlugin
2025-03-19 16:12:23,947 [INFO] PluginManager:220 - loadIPPluginJar : add resmgrutility
2025-03-19 16:12:24,014 [INFO] IPUIPlugin:80 - create IPUIPlugin
2025-03-19 16:12:24,014 [INFO] PluginManager:220 - loadIPPluginJar : add sai
2025-03-19 16:12:24,067 [INFO] IPUIPlugin:80 - create IPUIPlugin
2025-03-19 16:12:24,067 [INFO] PluginManager:220 - loadIPPluginJar : add spi
2025-03-19 16:12:24,177 [INFO] IPUIPlugin:80 - create IPUIPlugin
2025-03-19 16:12:24,178 [INFO] PluginManager:220 - loadIPPluginJar : add stm32_wpan
2025-03-19 16:12:24,214 [INFO] IPUIPlugin:80 - create IPUIPlugin
2025-03-19 16:12:24,214 [INFO] PluginManager:220 - loadIPPluginJar : add tim
2025-03-19 16:12:24,302 [INFO] IPUIPlugin:80 - create IPUIPlugin
2025-03-19 16:12:24,303 [INFO] PluginManager:220 - loadIPPluginJar : add touchsensing
2025-03-19 16:12:24,337 [INFO] IPUIPlugin:80 - create IPUIPlugin
2025-03-19 16:12:24,338 [INFO] PluginManager:220 - loadIPPluginJar : add tracer_emb
2025-03-19 16:12:24,374 [INFO] IPUIPlugin:80 - create IPUIPlugin
2025-03-19 16:12:24,374 [INFO] PluginManager:220 - loadIPPluginJar : add ts
2025-03-19 16:12:24,408 [INFO] IPUIPlugin:80 - create IPUIPlugin
2025-03-19 16:12:24,409 [INFO] PluginManager:220 - loadIPPluginJar : add tsc
2025-03-19 16:12:24,442 [INFO] IPUIPlugin:80 - create IPUIPlugin
2025-03-19 16:12:24,442 [INFO] PluginManager:220 - loadIPPluginJar : add ucpd
2025-03-19 16:12:24,506 [INFO] IPUIPlugin:80 - create IPUIPlugin
2025-03-19 16:12:24,506 [INFO] PluginManager:220 - loadIPPluginJar : add usart
2025-03-19 16:12:24,599 [INFO] IPUIPlugin:80 - create IPUIPlugin
2025-03-19 16:12:24,599 [INFO] PluginManager:220 - loadIPPluginJar : add usbx
2025-03-19 16:12:24,757 [FATAL] Updater:351 - Updater called before beeing initialized
2025-03-19 16:12:24,829 [INFO] RulesReader:64 - Compatibility file has been processed (301 Rules)
2025-03-19 16:12:24,895 [INFO] RulesReader:64 - Compatibility file has been processed (301 Rules)
2025-03-19 16:12:24,933 [INFO] CADModel:165 - CPN selected for project level
2025-03-19 16:12:24,933 [INFO] CADModel:114 - Register for checkConnection events
2025-03-19 16:12:24,940 [FATAL] Updater:351 - Updater called before beeing initialized
2025-03-19 16:12:24,940 [ERROR] CADModel:125 - Updater not yet initialized, retry later 
2025-03-19 16:12:25,284 [FATAL] Updater:351 - Updater called before beeing initialized
2025-03-19 16:12:25,288 [INFO] CADModel:165 - CPN selected for project level
2025-03-19 16:12:25,288 [INFO] CADModel:114 - Register for checkConnection events
2025-03-19 16:12:25,288 [FATAL] Updater:351 - Updater called before beeing initialized
2025-03-19 16:12:25,288 [ERROR] CADModel:125 - Updater not yet initialized, retry later 
2025-03-19 16:12:25,294 [FATAL] Updater:351 - Updater called before beeing initialized
2025-03-19 16:12:25,696 [FATAL] Updater:351 - Updater called before beeing initialized
2025-03-19 16:12:25,706 [INFO] DbMcusAds:53 - JSON generation date=Thu Sep 30 15:55:09 KST 2021 (1632984909247)
2025-03-19 16:12:25,706 [FATAL] Updater:351 - Updater called before beeing initialized
2025-03-19 16:12:25,806 [WARN] DetailPanel:346 - Failed to get advertising image, set to default
2025-03-19 16:12:26,369 [FATAL] Updater:351 - Updater called before beeing initialized
2025-03-19 16:12:26,373 [FATAL] Updater:351 - Updater called before beeing initialized
2025-03-19 16:12:26,373 [FATAL] Updater:351 - Updater called before beeing initialized
2025-03-19 16:12:26,373 [WARN] DetailPanel:346 - Failed to get advertising image, set to default
2025-03-19 16:12:26,375 [FATAL] Updater:351 - Updater called before beeing initialized
2025-03-19 16:12:26,511 [ERROR] Updater:1198 - MainUpdater not yet initialized. External WinMGr cannot be set.
2025-03-19 16:12:26,533 [INFO] Updater:1134 - Updater Version found : 6.14.0
2025-03-19 16:12:26,573 [INFO] ApplicationProperties:184 - Using Application install path: C:\ST\STM32CubeIDE_1.18.0\STM32CubeIDE\plugins\com.st.stm32cube.common.mx_6.14.0.202502271554
2025-03-19 16:12:26,781 [INFO] ThirdPartyUpdaterWithRetryManager:70 - Updater plugin not ready yet. [3/15]
2025-03-19 16:12:28,173 [ERROR] LogOutputStream:75 - [STDERR_REDIRECT] Mar 19, 2025 4:12:28 PM java.util.prefs.WindowsPreferences <init>
2025-03-19 16:12:28,177 [ERROR] LogOutputStream:75 - [STDERR_REDIRECT] WARNING: Could not open/create prefs root node Software\JavaSoft\Prefs at root 0xffffffff80000002. Windows RegCreateKeyEx(...) returned error code 5.
2025-03-19 16:12:28,178 [ERROR] LogOutputStream:75 - [STDERR_REDIRECT] 
2025-03-19 16:12:28,231 [INFO] MainUpdater:525 - Copy updater definitions from MX database
2025-03-19 16:12:28,458 [INFO] MainUpdater:558 - Copy flag file definitions from MX database
2025-03-19 16:12:28,465 [INFO] MainUpdater:574 - Copy thirdparty index definitions from MX database
2025-03-19 16:12:28,479 [INFO] MainUpdater:593 - Copy default thirdparty db definitions from MX database
2025-03-19 16:12:29,298 [INFO] MainUpdater:2872 - connection check result : 10
2025-03-19 16:12:29,299 [INFO] MainUpdater:3566 - Updater definition file requires update
2025-03-19 16:12:29,301 [INFO] MainUpdater:289 - Updater Check For Update Now.
2025-03-19 16:12:29,302 [INFO] MicroXplorer:498 - Change Database Version : DB.6.0.140
2025-03-19 16:12:29,338 [INFO] McuFinderGlobals:63 - Set McuFinder mode to 2 (CubeIDE integrated)
2025-03-19 16:12:29,338 [INFO] UserAuth:171 - activating auth plugin
2025-03-19 16:12:29,344 [INFO] UserAuth:486 - Internet connection configuration mode: 1
2025-03-19 16:12:29,377 [INFO] JxBrowserEngine:152 - Initiate JxBrowser Engine with user profile folder
2025-03-19 16:12:29,782 [WARN] MainUpdater:1193 - Updater busy. Cannot search thirdparties
2025-03-19 16:12:29,783 [INFO] ThirdPartyUpdaterWithRetryManager:96 - Updater plugin is busy. [1/15]
2025-03-19 16:12:29,941 [INFO] ServerAccessManage:473 - Download File updaters.zip
2025-03-19 16:12:30,666 [INFO] FileExtend:242 - Unzip File : updaters.zip
2025-03-19 16:12:30,666 [INFO] FileExtend:257 - Standard Zip Deflate
2025-03-19 16:12:32,842 [WARN] MainUpdater:1193 - Updater busy. Cannot search thirdparties
2025-03-19 16:12:32,843 [INFO] ThirdPartyUpdaterWithRetryManager:96 - Updater plugin is busy. [2/15]
2025-03-19 16:12:33,217 [INFO] ServerAccessManage:473 - Download File PacksControlFlags.xml
2025-03-19 16:12:33,824 [INFO] ServerAccessManage:473 - Download File cubemx.pidx
2025-03-19 16:12:34,728 [INFO] ServerAccessManage:473 - Download File STMicroelectronics.FP-ATR-ASTRA1.pdsc
2025-03-19 16:12:35,877 [WARN] MainUpdater:1193 - Updater busy. Cannot search thirdparties
2025-03-19 16:12:35,878 [INFO] ThirdPartyUpdaterWithRetryManager:96 - Updater plugin is busy. [3/15]
2025-03-19 16:12:37,630 [INFO] ServerAccessManage:473 - Download File STMicroelectronics.FP-ATR-SIGFOX1.pdsc
2025-03-19 16:12:38,220 [INFO] ServerAccessManage:473 - Download File STMicroelectronics.FP-SNS-STBOX1.pdsc
2025-03-19 16:12:38,828 [INFO] ServerAccessManage:473 - Download File STMicroelectronics.FP-SNS-FLIGHT1.pdsc
2025-03-19 16:12:38,892 [WARN] MainUpdater:1193 - Updater busy. Cannot search thirdparties
2025-03-19 16:12:38,892 [INFO] ThirdPartyUpdaterWithRetryManager:96 - Updater plugin is busy. [4/15]
2025-03-19 16:12:40,283 [INFO] ServerAccessManage:473 - Download File STMicroelectronics.FP-SNS-MOTENV1.pdsc
2025-03-19 16:12:41,758 [INFO] ServerAccessManage:473 - Download File STMicroelectronics.FP-SNS-MOTENVWB1.pdsc
2025-03-19 16:12:41,894 [WARN] MainUpdater:1193 - Updater busy. Cannot search thirdparties
2025-03-19 16:12:41,894 [INFO] ThirdPartyUpdaterWithRetryManager:96 - Updater plugin is busy. [5/15]
2025-03-19 16:12:42,132 [INFO] WebApp:169 - Instantiating new browser for Auth
2025-03-19 16:12:43,004 [INFO] ServerAccessManage:473 - Download File STMicroelectronics.FP-SNS-SMARTAG2.pdsc
2025-03-19 16:12:43,095 [INFO] WebApp:463 - Apply proxy settings
2025-03-19 16:12:43,096 [INFO] WebApp:548 - Chromium requires no authentication
2025-03-19 16:12:43,109 [INFO] WebApp:491 - Direct internet connection detected
2025-03-19 16:12:43,145 [INFO] WebApp:894 - Register for checkConnection events
2025-03-19 16:12:43,146 [INFO] WebApp:463 - Apply proxy settings
2025-03-19 16:12:43,146 [INFO] WebApp:548 - Chromium requires no authentication
2025-03-19 16:12:43,147 [INFO] WebApp:491 - Direct internet connection detected
2025-03-19 16:12:43,428 [INFO] WebApp:225 - Starting web application
2025-03-19 16:12:43,428 [INFO] WebApp:593 - Web application path used C:\ST\STM32CubeIDE_1.18.0\STM32CubeIDE\plugins\com.st.stm32cube.common.mx_6.14.0.202502271554\db\plugins\mcufinder\reactClient1\index.html
2025-03-19 16:12:43,588 [INFO] ServerAccessManage:473 - Download File STMicroelectronics.X-CUBE-AI.pdsc
2025-03-19 16:12:43,706 [INFO] WebApp:191 - Connection restablished
2025-03-19 16:12:44,897 [WARN] MainUpdater:1193 - Updater busy. Cannot search thirdparties
2025-03-19 16:12:44,898 [INFO] ThirdPartyUpdaterWithRetryManager:96 - Updater plugin is busy. [6/15]
2025-03-19 16:12:47,902 [WARN] MainUpdater:1193 - Updater busy. Cannot search thirdparties
2025-03-19 16:12:47,903 [INFO] ThirdPartyUpdaterWithRetryManager:96 - Updater plugin is busy. [7/15]
2025-03-19 16:12:48,601 [INFO] ServerAccessManage:473 - Download File STMicroelectronics.X-CUBE-ALS.pdsc
2025-03-19 16:12:49,787 [INFO] ServerAccessManage:473 - Download File STMicroelectronics.X-CUBE-BLE1.pdsc
2025-03-19 16:12:50,904 [WARN] MainUpdater:1193 - Updater busy. Cannot search thirdparties
2025-03-19 16:12:50,904 [INFO] ThirdPartyUpdaterWithRetryManager:96 - Updater plugin is busy. [8/15]
2025-03-19 16:12:53,905 [WARN] MainUpdater:1193 - Updater busy. Cannot search thirdparties
2025-03-19 16:12:53,905 [INFO] ThirdPartyUpdaterWithRetryManager:96 - Updater plugin is busy. [9/15]
2025-03-19 16:12:54,235 [ERROR] ServerAccessManage:1089 - Problem, file not found on Server
2025-03-19 16:12:54,519 [INFO] ServerAccessManage:473 - Download File STMicroelectronics.X-CUBE-BLE2.pdsc
2025-03-19 16:12:56,906 [WARN] MainUpdater:1193 - Updater busy. Cannot search thirdparties
2025-03-19 16:12:56,906 [INFO] ThirdPartyUpdaterWithRetryManager:96 - Updater plugin is busy. [10/15]
2025-03-19 16:12:57,041 [INFO] ServerAccessManage:473 - Download File STMicroelectronics.X-CUBE-BLEMGR.pdsc
2025-03-19 16:12:58,104 [ERROR] ServerAccessManage:1089 - Problem, file not found on Server
2025-03-19 16:12:59,908 [WARN] MainUpdater:1193 - Updater busy. Cannot search thirdparties
2025-03-19 16:12:59,908 [INFO] ThirdPartyUpdaterWithRetryManager:96 - Updater plugin is busy. [11/15]
2025-03-19 16:13:00,950 [INFO] ServerAccessManage:473 - Download File STMicroelectronics.X-CUBE-DISPLAY.pdsc
2025-03-19 16:13:02,908 [WARN] MainUpdater:1193 - Updater busy. Cannot search thirdparties
2025-03-19 16:13:02,909 [INFO] ThirdPartyUpdaterWithRetryManager:96 - Updater plugin is busy. [12/15]
2025-03-19 16:13:03,250 [INFO] ServerAccessManage:473 - Download File STMicroelectronics.X-CUBE-DPOWER.pdsc
2025-03-19 16:13:04,305 [ERROR] ServerAccessManage:1089 - Problem, file not found on Server
2025-03-19 16:13:05,042 [ERROR] ServerAccessManage:1089 - Problem, file not found on Server
2025-03-19 16:13:05,855 [ERROR] ServerAccessManage:1089 - Problem, file not found on Server
2025-03-19 16:13:05,912 [WARN] MainUpdater:1193 - Updater busy. Cannot search thirdparties
2025-03-19 16:13:05,913 [INFO] ThirdPartyUpdaterWithRetryManager:96 - Updater plugin is busy. [13/15]
2025-03-19 16:13:06,597 [ERROR] ServerAccessManage:1089 - Problem, file not found on Server
2025-03-19 16:13:07,330 [ERROR] ServerAccessManage:1089 - Problem, file not found on Server
2025-03-19 16:13:07,860 [ERROR] ServerAccessManage:1089 - Problem, file not found on Server
2025-03-19 16:13:08,558 [ERROR] ServerAccessManage:1089 - Problem, file not found on Server
2025-03-19 16:13:08,914 [WARN] MainUpdater:1193 - Updater busy. Cannot search thirdparties
2025-03-19 16:13:08,914 [INFO] ThirdPartyUpdaterWithRetryManager:96 - Updater plugin is busy. [14/15]
2025-03-19 16:13:09,302 [ERROR] ServerAccessManage:1089 - Problem, file not found on Server
2025-03-19 16:13:10,043 [ERROR] ServerAccessManage:1089 - Problem, file not found on Server
2025-03-19 16:13:10,527 [ERROR] ServerAccessManage:1089 - Problem, file not found on Server
2025-03-19 16:13:11,267 [ERROR] ServerAccessManage:1089 - Problem, file not found on Server
2025-03-19 16:13:11,613 [INFO] ServerAccessManage:473 - Download File STMicroelectronics.X-CUBE-EEPRMA1.pdsc
2025-03-19 16:13:11,915 [WARN] MainUpdater:1193 - Updater busy. Cannot search thirdparties
2025-03-19 16:13:11,915 [INFO] ThirdPartyUpdaterWithRetryManager:96 - Updater plugin is busy. [15/15]
2025-03-19 16:13:11,919 [ERROR] IntegrityCheckThread:130 - Cannot retrieve database content from updater: error -1
2025-03-19 16:13:11,920 [INFO] ThirdParty:978 - Integrity check success = false
2025-03-19 16:13:11,920 [INFO] IntegrityCheckThread:100 - exiting critical section [integrity check]
2025-03-19 16:13:11,920 [INFO] IntegrityCheckThread:103 - End integrity checks thread
2025-03-19 16:13:13,416 [ERROR] ServerAccessManage:1089 - Problem, file not found on Server
2025-03-19 16:13:14,700 [ERROR] ServerAccessManage:1089 - Problem, file not found on Server
2025-03-19 16:13:15,853 [INFO] ServerAccessManage:473 - Download File STMicroelectronics.X-CUBE-FREERTOS.pdsc
2025-03-19 16:13:18,336 [INFO] ServerAccessManage:473 - Download File STMicroelectronics.X-CUBE-GNSS1.pdsc
2025-03-19 16:13:22,330 [ERROR] ServerAccessManage:1089 - Problem, file not found on Server
2025-03-19 16:13:23,071 [ERROR] ServerAccessManage:1089 - Problem, file not found on Server
2025-03-19 16:13:23,520 [ERROR] ServerAccessManage:1089 - Problem, file not found on Server
2025-03-19 16:13:24,505 [ERROR] ServerAccessManage:1089 - Problem, file not found on Server
2025-03-19 16:13:25,208 [ERROR] ServerAccessManage:1089 - Problem, file not found on Server
2025-03-19 16:13:25,939 [ERROR] ServerAccessManage:1089 - Problem, file not found on Server
2025-03-19 16:13:26,221 [INFO] ServerAccessManage:473 - Download File STMicroelectronics.X-CUBE-ISPU.pdsc
2025-03-19 16:13:27,653 [INFO] ServerAccessManage:473 - Download File STMicroelectronics.X-CUBE-IPS.pdsc
2025-03-19 16:13:28,564 [INFO] ServerAccessManage:473 - Download File STMicroelectronics.X-CUBE-MEMS1.pdsc
2025-03-19 16:13:36,254 [INFO] ServerAccessManage:473 - Download File STMicroelectronics.X-CUBE-NFC4.pdsc
2025-03-19 16:13:40,179 [INFO] ServerAccessManage:473 - Download File STMicroelectronics.X-CUBE-NFC6.pdsc
2025-03-19 16:13:41,120 [INFO] ServerAccessManage:473 - Download File STMicroelectronics.X-CUBE-NFC7.pdsc
2025-03-19 16:13:41,995 [INFO] ServerAccessManage:473 - Download File STMicroelectronics.X-CUBE-NFC9.pdsc
2025-03-19 16:13:42,596 [INFO] ServerAccessManage:473 - Download File STMicroelectronics.X-CUBE-NFC10.pdsc
2025-03-19 16:13:43,203 [INFO] ServerAccessManage:473 - Download File STMicroelectronics.X-CUBE-SFXS2LP1.pdsc
2025-03-19 16:13:44,623 [INFO] ServerAccessManage:473 - Download File STMicroelectronics.X-CUBE-SAFEA1.pdsc
2025-03-19 16:13:45,231 [INFO] ServerAccessManage:473 - Download File STMicroelectronics.X-CUBE-SUBG2.pdsc
2025-03-19 16:13:48,046 [INFO] ServerAccessManage:473 - Download File STMicroelectronics.X-CUBE-SMBUS.pdsc
2025-03-19 16:13:49,084 [ERROR] ServerAccessManage:1089 - Problem, file not found on Server
2025-03-19 16:13:49,356 [INFO] ServerAccessManage:473 - Download File STMicroelectronics.X-CUBE-TCPP.pdsc
2025-03-19 16:13:50,223 [INFO] ServerAccessManage:473 - Download File STMicroelectronics.X-CUBE-TOF1.pdsc
2025-03-19 16:13:53,574 [ERROR] ServerAccessManage:1089 - Problem, file not found on Server
2025-03-19 16:13:54,122 [INFO] ServerAccessManage:473 - Download File STMicroelectronics.X-CUBE-TOUCHGFX.pdsc
2025-03-19 16:14:02,594 [INFO] ServerAccessManage:473 - Download File STMicroelectronics.X-CUBE-ALGOBUILD.pdsc
2025-03-19 16:14:05,517 [INFO] ServerAccessManage:473 - Download File STMicroelectronics.X-CUBE-AZRTOS-H7.pdsc
2025-03-19 16:14:08,130 [INFO] ServerAccessManage:473 - Download File STMicroelectronics.X-CUBE-AZRTOS-H7RS.pdsc
2025-03-19 16:14:09,121 [INFO] ServerAccessManage:473 - Download File STMicroelectronics.X-CUBE-AZRTOS-F4.pdsc
2025-03-19 16:14:10,113 [INFO] ServerAccessManage:473 - Download File STMicroelectronics.X-CUBE-AZRTOS-F7.pdsc
2025-03-19 16:14:11,114 [INFO] ServerAccessManage:473 - Download File STMicroelectronics.X-CUBE-AZRTOS-L4.pdsc
2025-03-19 16:14:12,171 [INFO] ServerAccessManage:473 - Download File STMicroelectronics.X-CUBE-AZRTOS-L5.pdsc
2025-03-19 16:14:13,806 [INFO] ServerAccessManage:473 - Download File STMicroelectronics.X-CUBE-AZRTOS-G0.pdsc
2025-03-19 16:14:14,772 [INFO] ServerAccessManage:473 - Download File STMicroelectronics.X-CUBE-AZRTOS-G4.pdsc
2025-03-19 16:14:15,718 [INFO] ServerAccessManage:473 - Download File STMicroelectronics.X-CUBE-AZRTOS-WB.pdsc
2025-03-19 16:14:16,984 [INFO] ServerAccessManage:473 - Download File STMicroelectronics.X-CUBE-AZRTOS-WL.pdsc
2025-03-19 16:14:17,915 [INFO] ServerAccessManage:473 - Download File STMicroelectronics.X-CUBE-WB05N.pdsc
2025-03-19 16:14:18,425 [ERROR] ServerAccessManage:1172 - Problem during Server Connection :  IO error PKIX path building failed: sun.security.provider.certpath.SunCertPathBuilderException: unable to find valid certification path to requested target
2025-03-19 16:14:18,426 [ERROR] ServerAccessManage:651 - Problem during Server Connection :  : wolfSSL.I-CUBE-wolfSSL.pdsc.
2025-03-19 16:14:18,454 [ERROR] ServerAccessManage:1172 - Problem during Server Connection :  IO error PKIX path building failed: sun.security.provider.certpath.SunCertPathBuilderException: unable to find valid certification path to requested target
2025-03-19 16:14:18,454 [ERROR] ServerAccessManage:651 - Problem during Server Connection :  : wolfSSL.I-CUBE-wolfMQTT.pdsc.
2025-03-19 16:14:18,479 [ERROR] ServerAccessManage:1172 - Problem during Server Connection :  IO error PKIX path building failed: sun.security.provider.certpath.SunCertPathBuilderException: unable to find valid certification path to requested target
2025-03-19 16:14:18,479 [ERROR] ServerAccessManage:651 - Problem during Server Connection :  : wolfSSL.I-CUBE-wolfTPM.pdsc.
2025-03-19 16:14:18,507 [ERROR] ServerAccessManage:1172 - Problem during Server Connection :  IO error PKIX path building failed: sun.security.provider.certpath.SunCertPathBuilderException: unable to find valid certification path to requested target
2025-03-19 16:14:18,507 [ERROR] ServerAccessManage:651 - Problem during Server Connection :  : wolfSSL.I-CUBE-wolfSSH.pdsc.
2025-03-19 16:14:18,742 [INFO] ServerAccessManage:473 - Download File RealThread.X-CUBE-RT-Thread_Nano.pdsc
2025-03-19 16:14:20,319 [INFO] ServerAccessManage:473 - Download File SEGGER.I-CUBE-embOS.pdsc
2025-03-19 16:14:24,051 [INFO] ServerAccessManage:473 - Download File portGmbH.I-Cube-SoM-uGOAL.pdsc
2025-03-19 16:14:26,829 [ERROR] ServerAccessManage:1089 - Problem, file not found on Server
2025-03-19 16:14:27,108 [ERROR] ServerAccessManage:1089 - Problem, file not found on Server
2025-03-19 16:14:27,388 [ERROR] ServerAccessManage:1089 - Problem, file not found on Server
2025-03-19 16:14:28,743 [INFO] ServerAccessManage:473 - Download File emotas.I-CUBE-CANOPEN.pdsc
2025-03-19 16:14:31,077 [INFO] ServerAccessManage:473 - Download File WES.I-CUBE-Cesium.pdsc
2025-03-19 16:14:31,757 [ERROR] ServerAccessManage:1089 - Problem, file not found on Server
2025-03-19 16:14:32,031 [ERROR] ServerAccessManage:1089 - Problem, file not found on Server
2025-03-19 16:14:32,660 [INFO] ServerAccessManage:473 - Download File ITTIA_DB.I-CUBE-ITTIADB.pdsc
2025-03-19 16:14:36,671 [INFO] ServerAccessManage:473 - Download File Infineon.AIROC-Wi-Fi-Bluetooth-STM32.pdsc
2025-03-19 16:14:43,037 [INFO] ServerAccessManage:473 - Download File Cesanta.I-CUBE-Mongoose.pdsc
2025-03-19 16:14:47,886 [INFO] ServerAccessManage:473 - Download File EmbeddedOffice.I-CUBE-FS-RTOS.pdsc
2025-03-19 16:14:49,423 [INFO] ServerAccessManage:473 - Download File quantropi.X-CUBE-qispace-sdk-base.pdsc
2025-03-19 16:14:50,313 [WARN] PackLoader:240 - Cannot read IP mode file for STMicroelectronics.FP-ATR-ASTRA1.2.0.2
2025-03-19 16:14:50,342 [WARN] CheckServerUpdateThread:151 - Open CheckUpdateFile Fail
2025-03-19 16:14:50,426 [WARN] PackLoader:240 - Cannot read IP mode file for STMicroelectronics.FP-ATR-SIGFOX1.3.2.0
2025-03-19 16:14:50,492 [WARN] PackLoader:240 - Cannot read IP mode file for STMicroelectronics.FP-SNS-STBOX1.2.0.0
2025-03-19 16:14:50,674 [WARN] PackLoader:240 - Cannot read IP mode file for STMicroelectronics.FP-SNS-FLIGHT1.5.1.0
2025-03-19 16:14:50,709 [WARN] PackLoader:240 - Cannot read IP mode file for STMicroelectronics.FP-SNS-MOTENV1.5.0.0
2025-03-19 16:14:50,830 [WARN] PackLoader:240 - Cannot read IP mode file for STMicroelectronics.FP-SNS-MOTENVWB1.1.4.0
2025-03-19 16:14:50,866 [WARN] PackLoader:240 - Cannot read IP mode file for STMicroelectronics.FP-SNS-SMARTAG2.1.2.0
2025-03-19 16:14:50,888 [INFO] CheckServerUpdateThread:120 - End of CheckServer Thread
2025-03-19 16:14:50,897 [WARN] PackLoader:240 - Cannot read IP mode file for STMicroelectronics.X-CUBE-AI.10.0.0
2025-03-19 16:14:50,922 [WARN] PackLoader:240 - Cannot read IP mode file for STMicroelectronics.X-CUBE-ALS.1.0.2
2025-03-19 16:14:50,938 [WARN] PackLoader:240 - Cannot read IP mode file for STMicroelectronics.X-CUBE-BLE1.7.1.0
2025-03-19 16:14:50,954 [WARN] PackLoader:240 - Cannot read IP mode file for STMicroelectronics.X-CUBE-BLE2.3.3.0
2025-03-19 16:14:50,988 [WARN] PackLoader:240 - Cannot read IP mode file for STMicroelectronics.X-CUBE-BLEMGR.4.0.0
2025-03-19 16:14:51,022 [WARN] PackLoader:240 - Cannot read IP mode file for STMicroelectronics.X-CUBE-DISPLAY.3.0.0
2025-03-19 16:14:51,081 [WARN] PackLoader:240 - Cannot read IP mode file for STMicroelectronics.X-CUBE-DPower.1.2.0
2025-03-19 16:14:51,119 [WARN] PackLoader:240 - Cannot read IP mode file for STMicroelectronics.X-CUBE-EEPRMA1.5.1.0
2025-03-19 16:14:51,136 [WARN] PackLoader:240 - Cannot read IP mode file for STMicroelectronics.X-CUBE-FREERTOS.1.3.0
2025-03-19 16:14:51,146 [WARN] PackLoader:240 - Cannot read IP mode file for STMicroelectronics.X-CUBE-GNSS1.7.0.1
2025-03-19 16:14:51,173 [WARN] PackLoader:240 - Cannot read IP mode file for STMicroelectronics.X-CUBE-ISPU.2.1.0
2025-03-19 16:14:51,222 [WARN] PackLoader:240 - Cannot read IP mode file for STMicroelectronics.X-CUBE-IPS.3.1.0
2025-03-19 16:14:51,692 [WARN] PackLoader:240 - Cannot read IP mode file for STMicroelectronics.X-CUBE-MEMS1.11.1.0
2025-03-19 16:14:52,054 [WARN] PackLoader:240 - Cannot read IP mode file for STMicroelectronics.X-CUBE-NFC4.3.0.0
2025-03-19 16:14:52,069 [WARN] PackLoader:240 - Cannot read IP mode file for STMicroelectronics.X-CUBE-NFC6.3.1.0
2025-03-19 16:14:52,078 [WARN] PackLoader:240 - Cannot read IP mode file for STMicroelectronics.X-CUBE-NFC7.1.0.1
2025-03-19 16:14:52,097 [WARN] PackLoader:240 - Cannot read IP mode file for STMicroelectronics.X-CUBE-NFC9.1.0.0
2025-03-19 16:14:52,110 [WARN] PackLoader:240 - Cannot read IP mode file for STMicroelectronics.X-CUBE-NFC10.1.0.0
2025-03-19 16:14:52,124 [WARN] PackLoader:240 - Cannot read IP mode file for STMicroelectronics.X-CUBE-SFXS2LP1.4.0.0
2025-03-19 16:14:52,132 [WARN] PackLoader:240 - Cannot read IP mode file for STMicroelectronics.X-CUBE-SAFEA1.1.2.2
2025-03-19 16:14:52,147 [WARN] PackLoader:240 - Cannot read IP mode file for STMicroelectronics.X-CUBE-SUBG2.5.0.0
2025-03-19 16:14:52,159 [WARN] PackLoader:240 - Cannot read IP mode file for STMicroelectronics.X-CUBE-SMBUS.2.1.0
2025-03-19 16:14:52,169 [WARN] PackLoader:240 - Cannot read IP mode file for STMicroelectronics.X-CUBE-TCPP.4.2.0
2025-03-19 16:14:52,190 [WARN] PackLoader:240 - Cannot read IP mode file for STMicroelectronics.X-CUBE-TOF1.3.4.2
2025-03-19 16:14:52,210 [WARN] PackLoader:240 - Cannot read IP mode file for STMicroelectronics.X-CUBE-TOUCHGFX.4.25.0
2025-03-19 16:14:52,230 [WARN] PackLoader:240 - Cannot read IP mode file for STMicroelectronics.X-CUBE-ALGOBUILD.1.4.0
2025-03-19 16:14:52,314 [WARN] PackLoader:240 - Cannot read IP mode file for STMicroelectronics.X-CUBE-AZRTOS-H7.3.3.0
2025-03-19 16:14:52,356 [WARN] PackLoader:240 - Cannot read IP mode file for STMicroelectronics.X-CUBE-AZRTOS-H7RS.1.1.0
2025-03-19 16:14:52,394 [WARN] PackLoader:240 - Cannot read IP mode file for STMicroelectronics.X-CUBE-AZRTOS-F4.1.1.0
2025-03-19 16:14:52,474 [WARN] PackLoader:240 - Cannot read IP mode file for STMicroelectronics.X-CUBE-AZRTOS-F7.1.1.0
2025-03-19 16:14:52,704 [WARN] ConditionMgr:438 - getConditionDescription Invalid condition id : LAN8742 Phy interface Condition cause : null
2025-03-19 16:14:52,705 [WARN] PackLoader:240 - Cannot read IP mode file for STMicroelectronics.X-CUBE-AZRTOS-L4.2.0.0
2025-03-19 16:14:52,707 [WARN] ConditionMgr:1044 - genDependencies : Invalid condition id : LAN8742 Phy interface Condition cause : null
2025-03-19 16:14:52,708 [WARN] ConditionMgr:1044 - genDependencies : Invalid condition id : LAN8742 Phy interface Condition cause : null
2025-03-19 16:14:52,709 [WARN] ConditionMgr:1044 - genDependencies : Invalid condition id : LAN8742 Phy interface Condition cause : null
2025-03-19 16:14:53,409 [WARN] PackLoader:240 - Cannot read IP mode file for STMicroelectronics.X-CUBE-AZRTOS-L5.2.0.0
2025-03-19 16:14:53,463 [WARN] PackLoader:240 - Cannot read IP mode file for STMicroelectronics.X-CUBE-AZRTOS-G0.1.1.0
2025-03-19 16:14:53,506 [WARN] PackLoader:240 - Cannot read IP mode file for STMicroelectronics.X-CUBE-AZRTOS-G4.2.0.0
2025-03-19 16:14:53,539 [WARN] ConditionMgr:438 - getConditionDescription Invalid condition id : UX DEVICE CLASS RTOS Condition cause : null
2025-03-19 16:14:53,539 [WARN] ConditionMgr:438 - getConditionDescription Invalid condition id : UX DEVICE CLASS RTOS Condition cause : null
2025-03-19 16:14:53,543 [WARN] PackLoader:240 - Cannot read IP mode file for STMicroelectronics.X-CUBE-AZRTOS-WB.2.0.0
2025-03-19 16:14:53,544 [WARN] ConditionMgr:1044 - genDependencies : Invalid condition id : UX DEVICE CLASS RTOS Condition cause : null
2025-03-19 16:14:53,544 [WARN] ConditionMgr:1044 - genDependencies : Invalid condition id : UX DEVICE CLASS RTOS Condition cause : null
2025-03-19 16:14:53,545 [WARN] ConditionMgr:1044 - genDependencies : Invalid condition id : UX DEVICE CLASS RTOS Condition cause : null
2025-03-19 16:14:53,545 [WARN] ConditionMgr:1044 - genDependencies : Invalid condition id : UX DEVICE CLASS RTOS Condition cause : null
2025-03-19 16:14:53,546 [WARN] ConditionMgr:1044 - genDependencies : Invalid condition id : UX DEVICE CLASS RTOS Condition cause : null
2025-03-19 16:14:53,580 [INFO] LogOutputStream:77 - [STDOUT_REDIRECT] 1 : Invalid condition id : UX_CORESTACK_Condition cause : null
2025-03-19 16:14:53,581 [INFO] LogOutputStream:77 - [STDOUT_REDIRECT] 1 : Invalid condition id : UX_CORESTACK_Condition cause : null
2025-03-19 16:14:53,583 [INFO] LogOutputStream:77 - [STDOUT_REDIRECT] 1 : Invalid condition id : UX_CORESTACK_Condition cause : null
2025-03-19 16:14:53,590 [INFO] LogOutputStream:77 - [STDOUT_REDIRECT] 1 : Invalid condition id : UX_CORESTACK_Condition cause : null
2025-03-19 16:14:53,593 [INFO] LogOutputStream:77 - [STDOUT_REDIRECT] 1 : Invalid condition id : UX_CORESTACK_Condition cause : null
2025-03-19 16:14:53,598 [WARN] PackLoader:240 - Cannot read IP mode file for STMicroelectronics.X-CUBE-AZRTOS-WL.2.0.0
2025-03-19 16:14:53,613 [WARN] PackLoader:240 - Cannot read IP mode file for STMicroelectronics.X-CUBE-WB05N.1.1.0
2025-03-19 16:14:53,626 [WARN] PackLoader:240 - Cannot read IP mode file for RealThread.X-CUBE-RT-Thread_Nano.4.1.1
2025-03-19 16:14:53,678 [WARN] PackLoader:240 - Cannot read IP mode file for SEGGER.I-CUBE-embOS.1.3.1
2025-03-19 16:14:53,779 [WARN] PackLoader:240 - Cannot read IP mode file for portGmbH.I-Cube-SoM-uGOAL.1.1.0
2025-03-19 16:14:53,859 [WARN] PackLoader:240 - Cannot read IP mode file for emotas.I-CUBE-CANOPEN.1.3.0
2025-03-19 16:14:53,876 [WARN] PackLoader:240 - Cannot read IP mode file for WES.I-CUBE-Cesium.1.3.0
2025-03-19 16:14:53,898 [WARN] PackLoader:240 - Cannot read IP mode file for ITTIA_DB.I-CUBE-ITTIADB.8.9.0
2025-03-19 16:14:53,945 [WARN] PackLoader:240 - Cannot read IP mode file for Infineon.AIROC-Wi-Fi-Bluetooth-STM32.1.7.0
2025-03-19 16:14:53,981 [WARN] PackLoader:240 - Cannot read IP mode file for Cesanta.I-CUBE-Mongoose.7.13.0
2025-03-19 16:14:54,013 [WARN] PackLoader:240 - Cannot read IP mode file for EmbeddedOffice.I-CUBE-FS-RTOS.1.0.1
2025-03-19 16:14:54,060 [WARN] ConditionMgr:438 - getConditionDescription Invalid condition id : Cortex-A Device cause : null
2025-03-19 16:14:54,178 [WARN] ConditionMgr:1044 - genDependencies : Invalid condition id : Cortex-A Device cause : null
2025-03-19 16:14:54,179 [WARN] ConditionMgr:1044 - genDependencies : Invalid condition id : Cortex-A Device cause : null
2025-03-19 16:14:54,179 [WARN] ConditionMgr:1044 - genDependencies : Invalid condition id : Cortex-A Device cause : null
2025-03-19 16:14:54,179 [INFO] PopulateThirdPartyThread:66 - Ending populate Thread
2025-03-19 16:14:54,199 [INFO] ThirdParty:1030 - CMSIS Pack Vendor :STMicroelectronics X-CUBE-AZRTOS-H7 3.3.0
2025-03-19 16:14:54,256 [INFO] ThirdParty:1030 - CMSIS Pack Vendor :STMicroelectronics X-CUBE-NFC9 1.0.0
2025-03-19 16:14:54,257 [INFO] ThirdParty:1030 - CMSIS Pack Vendor :STMicroelectronics FP-SNS-MOTENVWB1 1.4.0
2025-03-19 16:14:54,258 [INFO] ThirdParty:1030 - CMSIS Pack Vendor :STMicroelectronics X-CUBE-AZRTOS-F4 1.1.0
2025-03-19 16:14:54,258 [INFO] ThirdParty:1030 - CMSIS Pack Vendor :STMicroelectronics FP-ATR-ASTRA1 2.0.2
2025-03-19 16:14:54,258 [INFO] ThirdParty:1030 - CMSIS Pack Vendor :STMicroelectronics X-CUBE-BLE1 7.1.0
2025-03-19 16:14:54,258 [INFO] ThirdParty:1030 - CMSIS Pack Vendor :STMicroelectronics X-CUBE-SMBUS 2.1.0
2025-03-19 16:14:54,259 [INFO] ThirdParty:1030 - CMSIS Pack Vendor :STMicroelectronics X-CUBE-WB05N 1.1.0
2025-03-19 16:14:54,259 [INFO] ThirdParty:1030 - CMSIS Pack Vendor :STMicroelectronics X-CUBE-ISPU 2.1.0
2025-03-19 16:14:54,259 [INFO] ThirdParty:1030 - CMSIS Pack Vendor :STMicroelectronics X-CUBE-AZRTOS-WB 2.0.0
2025-03-19 16:14:54,259 [INFO] ThirdParty:1030 - CMSIS Pack Vendor :STMicroelectronics X-CUBE-GNSS1 7.0.1
2025-03-19 16:14:54,259 [INFO] ThirdParty:1030 - CMSIS Pack Vendor :STMicroelectronics X-CUBE-TOUCHGFX 4.25.0
2025-03-19 16:14:54,259 [INFO] ThirdParty:1030 - CMSIS Pack Vendor :STMicroelectronics X-CUBE-AZRTOS-F7 1.1.0
2025-03-19 16:14:54,259 [INFO] ThirdParty:1030 - CMSIS Pack Vendor :STMicroelectronics X-CUBE-AZRTOS-L5 2.0.0
2025-03-19 16:14:54,259 [INFO] ThirdParty:1030 - CMSIS Pack Vendor :STMicroelectronics X-CUBE-NFC6 3.1.0
2025-03-19 16:14:54,259 [INFO] ThirdParty:1030 - CMSIS Pack Vendor :STMicroelectronics FP-SNS-STBOX1 2.0.0
2025-03-19 16:14:54,259 [INFO] ThirdParty:1030 - CMSIS Pack Vendor :STMicroelectronics X-CUBE-AZRTOS-G0 1.1.0
2025-03-19 16:14:54,259 [INFO] ThirdParty:1030 - CMSIS Pack Vendor :STMicroelectronics X-CUBE-DPower 1.2.0
2025-03-19 16:14:54,259 [INFO] ThirdParty:1030 - CMSIS Pack Vendor :STMicroelectronics X-CUBE-NFC4 3.0.0
2025-03-19 16:14:54,260 [INFO] ThirdParty:1030 - CMSIS Pack Vendor :STMicroelectronics X-CUBE-SAFEA1 1.2.2
2025-03-19 16:14:54,260 [INFO] ThirdParty:1030 - CMSIS Pack Vendor :STMicroelectronics X-CUBE-SUBG2 5.0.0
2025-03-19 16:14:54,260 [INFO] ThirdParty:1030 - CMSIS Pack Vendor :STMicroelectronics X-CUBE-AZRTOS-H7RS 1.1.0
2025-03-19 16:14:54,260 [INFO] ThirdParty:1030 - CMSIS Pack Vendor :EmbeddedOffice I-CUBE-FS-RTOS 1.0.1
2025-03-19 16:14:54,260 [INFO] ThirdParty:1030 - CMSIS Pack Vendor :Cesanta I-CUBE-Mongoose 7.13.0
2025-03-19 16:14:54,260 [INFO] ThirdParty:1030 - CMSIS Pack Vendor :Infineon AIROC-Wi-Fi-Bluetooth-STM32 1.7.0
2025-03-19 16:14:54,260 [INFO] ThirdParty:1030 - CMSIS Pack Vendor :STMicroelectronics X-CUBE-AZRTOS-G4 2.0.0
2025-03-19 16:14:54,260 [INFO] ThirdParty:1030 - CMSIS Pack Vendor :STMicroelectronics X-CUBE-DISPLAY 3.0.0
2025-03-19 16:14:54,260 [INFO] ThirdParty:1030 - CMSIS Pack Vendor :STMicroelectronics X-CUBE-TCPP 4.2.0
2025-03-19 16:14:54,260 [INFO] ThirdParty:1030 - CMSIS Pack Vendor :RealThread X-CUBE-RT-Thread_Nano 4.1.1
2025-03-19 16:14:54,260 [INFO] ThirdParty:1030 - CMSIS Pack Vendor :STMicroelectronics FP-ATR-SIGFOX1 3.2.0
2025-03-19 16:14:54,260 [INFO] ThirdParty:1030 - CMSIS Pack Vendor :STMicroelectronics X-CUBE-NFC10 1.0.0
2025-03-19 16:14:54,261 [INFO] ThirdParty:1030 - CMSIS Pack Vendor :STMicroelectronics X-CUBE-BLEMGR 4.0.0
2025-03-19 16:14:54,261 [INFO] ThirdParty:1030 - CMSIS Pack Vendor :STMicroelectronics X-CUBE-EEPRMA1 5.1.0
2025-03-19 16:14:54,261 [INFO] ThirdParty:1030 - CMSIS Pack Vendor :STMicroelectronics X-CUBE-ALS 1.0.2
2025-03-19 16:14:54,261 [INFO] ThirdParty:1030 - CMSIS Pack Vendor :STMicroelectronics X-CUBE-IPS 3.1.0
2025-03-19 16:14:54,261 [INFO] ThirdParty:1030 - CMSIS Pack Vendor :STMicroelectronics X-CUBE-FREERTOS 1.3.0
2025-03-19 16:14:54,261 [INFO] ThirdParty:1030 - CMSIS Pack Vendor :emotas I-CUBE-CANOPEN 1.3.0
2025-03-19 16:14:54,261 [INFO] ThirdParty:1030 - CMSIS Pack Vendor :STMicroelectronics X-CUBE-NFC7 1.0.1
2025-03-19 16:14:54,261 [INFO] ThirdParty:1030 - CMSIS Pack Vendor :ITTIA_DB I-CUBE-ITTIADB 8.9.0
2025-03-19 16:14:54,261 [INFO] ThirdParty:1030 - CMSIS Pack Vendor :portGmbH I-Cube-SoM-uGOAL 1.1.0
2025-03-19 16:14:54,261 [INFO] ThirdParty:1030 - CMSIS Pack Vendor :STMicroelectronics X-CUBE-AI 10.0.0
2025-03-19 16:14:54,262 [INFO] ThirdParty:1030 - CMSIS Pack Vendor :quantropi X-CUBE-qispace-sdk-base 2.0.0
2025-03-19 16:14:54,262 [INFO] ThirdParty:1030 - CMSIS Pack Vendor :STMicroelectronics FP-SNS-SMARTAG2 1.2.0
2025-03-19 16:14:54,262 [INFO] ThirdParty:1030 - CMSIS Pack Vendor :STMicroelectronics FP-SNS-FLIGHT1 5.1.0
2025-03-19 16:14:54,262 [INFO] ThirdParty:1030 - CMSIS Pack Vendor :STMicroelectronics X-CUBE-MEMS1 11.1.0
2025-03-19 16:14:54,262 [INFO] ThirdParty:1030 - CMSIS Pack Vendor :STMicroelectronics X-CUBE-AZRTOS-WL 2.0.0
2025-03-19 16:14:54,262 [INFO] ThirdParty:1030 - CMSIS Pack Vendor :SEGGER I-CUBE-embOS 1.3.1
2025-03-19 16:14:54,262 [INFO] ThirdParty:1030 - CMSIS Pack Vendor :STMicroelectronics X-CUBE-ALGOBUILD 1.4.0
2025-03-19 16:14:54,262 [INFO] ThirdParty:1030 - CMSIS Pack Vendor :STMicroelectronics FP-SNS-MOTENV1 5.0.0
2025-03-19 16:14:54,262 [INFO] ThirdParty:1030 - CMSIS Pack Vendor :STMicroelectronics X-CUBE-AZRTOS-L4 2.0.0
2025-03-19 16:14:54,262 [INFO] ThirdParty:1030 - CMSIS Pack Vendor :WES I-CUBE-Cesium 1.3.0
2025-03-19 16:14:54,262 [INFO] ThirdParty:1030 - CMSIS Pack Vendor :STMicroelectronics X-CUBE-SFXS2LP1 4.0.0
2025-03-19 16:14:54,262 [INFO] ThirdParty:1030 - CMSIS Pack Vendor :STMicroelectronics X-CUBE-BLE2 3.3.0
2025-03-19 16:14:54,263 [INFO] ThirdParty:1030 - CMSIS Pack Vendor :STMicroelectronics X-CUBE-TOF1 3.4.2
2025-03-19 16:14:54,264 [INFO] LoadServerUpdatesThread:375 - End of LoadServerUpdate Thread
2025-03-19 16:25:54,400 [ERROR] LogOutputStream:75 - [STDERR_REDIRECT] 
2025-03-19 16:25:54,401 [ERROR] LogOutputStream:75 - [STDERR_REDIRECT] 
