2025-03-24 11:30:12,382 [INFO] Activator:176 - 


2025-03-24 11:30:12,382 [INFO] Activator:177 - !SESSION log4j initialized
2025-03-24 11:30:15,022 [INFO] LogOutputStream:77 - [STDOUT_REDIRECT] 
2025-03-24 11:30:17,583 [INFO] ApplicationProperties:184 - Using Application install path: C:\ST\STM32CubeIDE_1.18.0\STM32CubeIDE\plugins\com.st.stm32cube.common.mx_6.14.0.202502271554
2025-03-24 11:30:17,604 [INFO] DbMcusXml:78 - Set database path to: C:\ST\STM32CubeIDE_1.18.0\STM32CubeIDE\plugins\com.st.stm32cube.common.mx_6.14.0.202502271554\\db\/mcu/
2025-03-24 11:30:17,604 [INFO] ApiDb:274 - Set plugin database path to: C:\ST\STM32CubeIDE_1.18.0\STM32CubeIDE\plugins\com.st.stm32cube.common.mx_6.14.0.202502271554\\db\/plugins/boardmanager/
2025-03-24 11:30:17,605 [WARN] ApiDb:259 - Overriding images path with different value:  => C:\ST\STM32CubeIDE_1.18.0\STM32CubeIDE\plugins\com.st.stm32cube.common.mx_6.14.0.202502271554\\db\/plugins/mcufinder/images/
2025-03-24 11:30:17,611 [INFO] ApiDb:250 - Set database path to: C:\Users\cdm\.stmcufinder\plugins\mcufinder//mcu/
2025-03-24 11:30:17,613 [INFO] DbMcusAds:125 - Set database path to: C:\Users\cdm\.stmcufinder\plugins\mcufinder//mcu/
2025-03-24 11:30:17,616 [INFO] CrossReferenceDbSqlite:203 - Set database path to: C:\Users\cdm\.stmcufinder\plugins\mcufinder//mcu/cs/
2025-03-24 11:30:17,752 [INFO] RulesReader:64 - Compatibility file has been processed (301 Rules)
2025-03-24 11:30:17,860 [INFO] DbMcusXml:78 - Set database path to: C:\ST\STM32CubeIDE_1.18.0\STM32CubeIDE\plugins\com.st.stm32cube.common.mx_6.14.0.202502271554\\db\/mcu/
2025-03-24 11:30:17,860 [INFO] ApiDb:274 - Set plugin database path to: C:\ST\STM32CubeIDE_1.18.0\STM32CubeIDE\plugins\com.st.stm32cube.common.mx_6.14.0.202502271554\\db\/plugins/boardmanager/
2025-03-24 11:30:17,860 [INFO] ApiDb:261 - Set plugin images path to: C:\ST\STM32CubeIDE_1.18.0\STM32CubeIDE\plugins\com.st.stm32cube.common.mx_6.14.0.202502271554\\db\/plugins/mcufinder/images/
2025-03-24 11:30:17,861 [WARN] DbFile:41 - Overriding database path with different value: C:\Users\cdm\.stmcufinder\plugins\mcufinder/ => C:\Users\cdm\.stmcufinder\plugins\mcufinder
2025-03-24 11:30:17,861 [INFO] ApiDb:250 - Set database path to: C:\Users\cdm\.stmcufinder\plugins\mcufinder//mcu/
2025-03-24 11:30:17,861 [WARN] DbFile:41 - Overriding database path with different value: C:\Users\cdm\.stmcufinder\plugins\mcufinder/ => C:\Users\cdm\.stmcufinder\plugins\mcufinder
2025-03-24 11:30:17,861 [INFO] DbMcusAds:125 - Set database path to: C:\Users\cdm\.stmcufinder\plugins\mcufinder//mcu/
2025-03-24 11:30:17,861 [WARN] DbFile:41 - Overriding database path with different value: C:\Users\cdm\.stmcufinder\plugins\mcufinder/ => C:\Users\cdm\.stmcufinder\plugins\mcufinder
2025-03-24 11:30:17,861 [WARN] DbFile:41 - Overriding database path with different value: C:\Users\cdm\.stmcufinder\plugins\mcufinder/ => C:\Users\cdm\.stmcufinder\plugins\mcufinder
2025-03-24 11:30:17,861 [INFO] CrossReferenceDbSqlite:203 - Set database path to: C:\Users\cdm\.stmcufinder\plugins\mcufinder//mcu/cs/
2025-03-24 11:30:17,942 [INFO] MainPanel:272 - HeapMemory: 268435456
2025-03-24 11:30:18,059 [INFO] DbMcusXml:78 - Set database path to: C:\ST\STM32CubeIDE_1.18.0\STM32CubeIDE\plugins\com.st.stm32cube.common.mx_6.14.0.202502271554\\db\/mcu/
2025-03-24 11:30:18,059 [INFO] ApiDb:274 - Set plugin database path to: C:\ST\STM32CubeIDE_1.18.0\STM32CubeIDE\plugins\com.st.stm32cube.common.mx_6.14.0.202502271554\\db\/plugins/boardmanager/
2025-03-24 11:30:18,059 [INFO] ApiDb:261 - Set plugin images path to: C:\ST\STM32CubeIDE_1.18.0\STM32CubeIDE\plugins\com.st.stm32cube.common.mx_6.14.0.202502271554\\db\/plugins/mcufinder/images/
2025-03-24 11:30:18,059 [WARN] DbFile:41 - Overriding database path with different value: C:\Users\cdm\.stmcufinder\plugins\mcufinder/ => C:\Users\cdm\.stmcufinder\plugins\mcufinder
2025-03-24 11:30:18,059 [INFO] ApiDb:250 - Set database path to: C:\Users\cdm\.stmcufinder\plugins\mcufinder//mcu/
2025-03-24 11:30:18,059 [WARN] DbFile:41 - Overriding database path with different value: C:\Users\cdm\.stmcufinder\plugins\mcufinder/ => C:\Users\cdm\.stmcufinder\plugins\mcufinder
2025-03-24 11:30:18,060 [INFO] DbMcusAds:125 - Set database path to: C:\Users\cdm\.stmcufinder\plugins\mcufinder//mcu/
2025-03-24 11:30:18,060 [WARN] DbFile:41 - Overriding database path with different value: C:\Users\cdm\.stmcufinder\plugins\mcufinder/ => C:\Users\cdm\.stmcufinder\plugins\mcufinder
2025-03-24 11:30:18,060 [WARN] DbFile:41 - Overriding database path with different value: C:\Users\cdm\.stmcufinder\plugins\mcufinder/ => C:\Users\cdm\.stmcufinder\plugins\mcufinder
2025-03-24 11:30:18,060 [INFO] CrossReferenceDbSqlite:203 - Set database path to: C:\Users\cdm\.stmcufinder\plugins\mcufinder//mcu/cs/
2025-03-24 11:30:18,079 [INFO] ApplicationProperties:184 - Using Application install path: C:\ST\STM32CubeIDE_1.18.0\STM32CubeIDE\plugins\com.st.stm32cube.common.mx_6.14.0.202502271554
2025-03-24 11:30:18,080 [INFO] PluginManage:196 - Search for loadable plugins [exclusion list=, ]
2025-03-24 11:30:18,082 [INFO] PluginManage:310 - Check plugin analytics
2025-03-24 11:30:18,266 [INFO] AnalyticsPlugin:253 - Accepted Software Licenses: 
2025-03-24 11:30:18,266 [INFO] AnalyticsPlugin:255 - Accepted CMSIS Pack Licenses: 
2025-03-24 11:30:18,266 [INFO] AnalyticsPlugin:257 - Accepted Firmware Licenses: 
2025-03-24 11:30:18,269 [INFO] PluginManage:359 - Loaded plugin analytics (category:tool,tabindex:-1)
2025-03-24 11:30:18,269 [INFO] PluginManage:310 - Check plugin cadmodel
2025-03-24 11:30:18,276 [INFO] CADModel:105 - Init CAD model plugin
2025-03-24 11:30:18,277 [INFO] PluginManage:359 - Loaded plugin cadmodel (category:power,tabindex:5)
2025-03-24 11:30:18,277 [INFO] PluginManage:310 - Check plugin clock
2025-03-24 11:30:18,288 [INFO] PluginManage:359 - Loaded plugin clock (category:base,tabindex:2)
2025-03-24 11:30:18,289 [INFO] PluginManage:310 - Check plugin ddr
2025-03-24 11:30:18,291 [INFO] PluginManage:359 - Loaded plugin ddr (category:tool,tabindex:6)
2025-03-24 11:30:18,291 [INFO] PluginManage:310 - Check plugin filemanager
2025-03-24 11:30:18,517 [INFO] PluginManage:359 - Loaded plugin filemanager (category:base,tabindex:10)
2025-03-24 11:30:18,518 [INFO] PluginManage:310 - Check plugin ipmanager
2025-03-24 11:30:18,525 [INFO] PluginManage:359 - Loaded plugin ipmanager (category:base,tabindex:5)
2025-03-24 11:30:18,526 [INFO] PluginManage:310 - Check plugin lpbam
2025-03-24 11:30:18,534 [INFO] PluginManage:359 - Loaded plugin lpbam (category:base,tabindex:0)
2025-03-24 11:30:18,534 [INFO] PluginManage:310 - Check plugin memorymap
2025-03-24 11:30:18,550 [INFO] PluginManage:359 - Loaded plugin memorymap (category:base,tabindex:4)
2025-03-24 11:30:18,550 [INFO] PluginManage:310 - Check plugin pinoutandconfiguration
2025-03-24 11:30:18,561 [INFO] PluginManage:359 - Loaded plugin pinoutandconfiguration (category:base,tabindex:1)
2025-03-24 11:30:18,562 [INFO] PluginManage:310 - Check plugin pinoutconfig
2025-03-24 11:30:18,663 [WARN] SupportedApi:132 - Cannot load RTOS API schema: s4s-elt-must-match.1: The content of 'definitions' must match (annotation?, (simpleType | complexType)?, (unique | key | keyref)*)). A problem was found starting at: attribute.
2025-03-24 11:30:18,821 [INFO] PluginManage:359 - Loaded plugin pinoutconfig (category:base,tabindex:0)
2025-03-24 11:30:18,822 [INFO] PluginManage:310 - Check plugin power
2025-03-24 11:30:18,831 [INFO] PluginManage:359 - Loaded plugin power (category:power,tabindex:4)
2025-03-24 11:30:18,831 [INFO] PluginManage:310 - Check plugin projectmanager
2025-03-24 11:30:18,850 [INFO] PluginManage:359 - Loaded plugin projectmanager (category:projectmanager,tabindex:4)
2025-03-24 11:30:18,850 [INFO] PluginManage:310 - Check plugin rif
2025-03-24 11:30:18,859 [INFO] PluginManage:359 - Loaded plugin rif (category:base,tabindex:3)
2025-03-24 11:30:18,859 [INFO] PluginManage:310 - Check plugin thirdparty
2025-03-24 11:30:19,002 [INFO] PluginManage:359 - Loaded plugin thirdparty (category:base,tabindex:-1)
2025-03-24 11:30:19,002 [INFO] PluginManage:310 - Check plugin tools
2025-03-24 11:30:19,002 [WARN] IntegrityCheckThread:84 - waiting for thirdparty lock release [integrity check]
2025-03-24 11:30:19,003 [INFO] IntegrityCheckThread:86 - entering critical section [integrity check]
2025-03-24 11:30:19,003 [INFO] ThirdPartyUpdaterWithRetryManager:70 - Updater plugin not ready yet. [1/15]
2025-03-24 11:30:19,005 [INFO] PluginManage:359 - Loaded plugin tools (category:base,tabindex:7)
2025-03-24 11:30:19,005 [INFO] PluginManage:310 - Check plugin tutovideos
2025-03-24 11:30:19,207 [INFO] PluginManage:359 - Loaded plugin tutovideos (category:base,tabindex:-1)
2025-03-24 11:30:19,207 [INFO] PluginManage:310 - Check plugin updater
2025-03-24 11:30:19,234 [INFO] PluginManage:359 - Loaded plugin updater (category:base,tabindex:12)
2025-03-24 11:30:19,234 [INFO] PluginManage:310 - Check plugin userauth
2025-03-24 11:30:19,238 [INFO] UserAuth:118 - Init User Auth plugin
2025-03-24 11:30:19,239 [INFO] PluginManage:359 - Loaded plugin userauth (category:base,tabindex:14)
2025-03-24 11:30:19,239 [INFO] PluginManage:283 - PluginManage : Loaded plugins [18]
2025-03-24 11:30:19,448 [INFO] PinOutPanel:1589 - setPackage(No Configuration,No Configuration)
2025-03-24 11:30:19,538 [INFO] CADModel:165 - CPN selected for project level
2025-03-24 11:30:19,538 [INFO] CADModel:114 - Register for checkConnection events
2025-03-24 11:30:19,558 [INFO] IPUIPlugin:80 - create IPUIPlugin
2025-03-24 11:30:19,559 [INFO] PluginManager:220 - loadIPPluginJar : add adc
2025-03-24 11:30:19,561 [INFO] IPUIPlugin:80 - create IPUIPlugin
2025-03-24 11:30:19,561 [INFO] PluginManager:220 - loadIPPluginJar : add aes
2025-03-24 11:30:19,564 [INFO] IPUIPlugin:80 - create IPUIPlugin
2025-03-24 11:30:19,564 [INFO] PluginManager:220 - loadIPPluginJar : add can
2025-03-24 11:30:19,566 [INFO] IPUIPlugin:80 - create IPUIPlugin
2025-03-24 11:30:19,566 [INFO] PluginManager:220 - loadIPPluginJar : add comp
2025-03-24 11:30:19,569 [INFO] IPUIPlugin:80 - create IPUIPlugin
2025-03-24 11:30:19,569 [INFO] PluginManager:220 - loadIPPluginJar : add cryp
2025-03-24 11:30:19,572 [INFO] IPUIPlugin:80 - create IPUIPlugin
2025-03-24 11:30:19,572 [INFO] PluginManager:220 - loadIPPluginJar : add ddr_ctrl_phy
2025-03-24 11:30:19,575 [INFO] IPUIPlugin:80 - create IPUIPlugin
2025-03-24 11:30:19,575 [INFO] PluginManager:220 - loadIPPluginJar : add dfsdm
2025-03-24 11:30:19,580 [INFO] IPUIPlugin:80 - create IPUIPlugin
2025-03-24 11:30:19,580 [INFO] PluginManager:220 - loadIPPluginJar : add dma
2025-03-24 11:30:19,583 [INFO] IPUIPlugin:80 - create IPUIPlugin
2025-03-24 11:30:19,583 [INFO] PluginManager:220 - loadIPPluginJar : add dma3
2025-03-24 11:30:19,586 [INFO] IPUIPlugin:80 - create IPUIPlugin
2025-03-24 11:30:19,586 [INFO] PluginManager:220 - loadIPPluginJar : add extmemmanager
2025-03-24 11:30:19,588 [INFO] IPUIPlugin:80 - create IPUIPlugin
2025-03-24 11:30:19,588 [INFO] PluginManager:220 - loadIPPluginJar : add fatfs
2025-03-24 11:30:19,593 [INFO] IPUIPlugin:80 - create IPUIPlugin
2025-03-24 11:30:19,593 [INFO] PluginManager:220 - loadIPPluginJar : add fmc
2025-03-24 11:30:19,598 [INFO] IPUIPlugin:80 - create IPUIPlugin
2025-03-24 11:30:19,598 [INFO] PluginManager:220 - loadIPPluginJar : add freertos
2025-03-24 11:30:19,600 [INFO] IPUIPlugin:80 - create IPUIPlugin
2025-03-24 11:30:19,600 [INFO] PluginManager:220 - loadIPPluginJar : add genericplugin
2025-03-24 11:30:19,602 [INFO] IPUIPlugin:80 - create IPUIPlugin
2025-03-24 11:30:19,602 [INFO] PluginManager:220 - loadIPPluginJar : add gfxmmu
2025-03-24 11:30:19,607 [INFO] IPUIPlugin:80 - create IPUIPlugin
2025-03-24 11:30:19,607 [INFO] PluginManager:220 - loadIPPluginJar : add gic
2025-03-24 11:30:19,611 [INFO] IPUIPlugin:80 - create IPUIPlugin
2025-03-24 11:30:19,611 [INFO] PluginManager:220 - loadIPPluginJar : add gpio
2025-03-24 11:30:19,614 [INFO] IPUIPlugin:80 - create IPUIPlugin
2025-03-24 11:30:19,614 [INFO] PluginManager:220 - loadIPPluginJar : add gtzc
2025-03-24 11:30:19,616 [INFO] IPUIPlugin:80 - create IPUIPlugin
2025-03-24 11:30:19,616 [INFO] PluginManager:220 - loadIPPluginJar : add hash
2025-03-24 11:30:19,619 [INFO] IPUIPlugin:80 - create IPUIPlugin
2025-03-24 11:30:19,619 [INFO] PluginManager:220 - loadIPPluginJar : add i2c
2025-03-24 11:30:19,621 [INFO] IPUIPlugin:80 - create IPUIPlugin
2025-03-24 11:30:19,622 [INFO] PluginManager:220 - loadIPPluginJar : add i2s
2025-03-24 11:30:19,625 [INFO] IPUIPlugin:80 - create IPUIPlugin
2025-03-24 11:30:19,625 [INFO] PluginManager:220 - loadIPPluginJar : add i3c
2025-03-24 11:30:19,628 [INFO] IPUIPlugin:80 - create IPUIPlugin
2025-03-24 11:30:19,628 [INFO] PluginManager:220 - loadIPPluginJar : add ipddr
2025-03-24 11:30:19,635 [INFO] IPUIPlugin:80 - create IPUIPlugin
2025-03-24 11:30:19,636 [INFO] PluginManager:220 - loadIPPluginJar : add linkedlist
2025-03-24 11:30:19,638 [INFO] IPUIPlugin:80 - create IPUIPlugin
2025-03-24 11:30:19,638 [INFO] PluginManager:220 - loadIPPluginJar : add lorawan
2025-03-24 11:30:19,640 [INFO] IPUIPlugin:80 - create IPUIPlugin
2025-03-24 11:30:19,640 [INFO] PluginManager:220 - loadIPPluginJar : add ltdc
2025-03-24 11:30:19,645 [INFO] IPUIPlugin:80 - create IPUIPlugin
2025-03-24 11:30:19,646 [INFO] PluginManager:220 - loadIPPluginJar : add mdma
2025-03-24 11:30:19,649 [INFO] IPUIPlugin:80 - create IPUIPlugin
2025-03-24 11:30:19,649 [INFO] PluginManager:220 - loadIPPluginJar : add nvic
2025-03-24 11:30:19,652 [INFO] IPUIPlugin:80 - create IPUIPlugin
2025-03-24 11:30:19,652 [INFO] PluginManager:220 - loadIPPluginJar : add opamp
2025-03-24 11:30:19,656 [INFO] IPUIPlugin:80 - create IPUIPlugin
2025-03-24 11:30:19,656 [INFO] PluginManager:220 - loadIPPluginJar : add openamp
2025-03-24 11:30:19,660 [INFO] IPUIPlugin:80 - create IPUIPlugin
2025-03-24 11:30:19,660 [INFO] PluginManager:220 - loadIPPluginJar : add pdm2pcm
2025-03-24 11:30:19,666 [INFO] IPUIPlugin:80 - create IPUIPlugin
2025-03-24 11:30:19,668 [INFO] PluginManager:220 - loadIPPluginJar : add plateformsettings
2025-03-24 11:30:19,670 [INFO] IPUIPlugin:80 - create IPUIPlugin
2025-03-24 11:30:19,670 [INFO] PluginManager:220 - loadIPPluginJar : add quadspi
2025-03-24 11:30:19,672 [INFO] IPUIPlugin:80 - create IPUIPlugin
2025-03-24 11:30:19,673 [INFO] PluginManager:220 - loadIPPluginJar : add radio
2025-03-24 11:30:19,676 [INFO] IPUIPlugin:80 - create IPUIPlugin
2025-03-24 11:30:19,676 [INFO] PluginManager:220 - loadIPPluginJar : add resmgrutility
2025-03-24 11:30:19,679 [INFO] IPUIPlugin:80 - create IPUIPlugin
2025-03-24 11:30:19,679 [INFO] PluginManager:220 - loadIPPluginJar : add sai
2025-03-24 11:30:19,682 [INFO] IPUIPlugin:80 - create IPUIPlugin
2025-03-24 11:30:19,682 [INFO] PluginManager:220 - loadIPPluginJar : add spi
2025-03-24 11:30:19,687 [INFO] IPUIPlugin:80 - create IPUIPlugin
2025-03-24 11:30:19,687 [INFO] PluginManager:220 - loadIPPluginJar : add stm32_wpan
2025-03-24 11:30:19,689 [INFO] IPUIPlugin:80 - create IPUIPlugin
2025-03-24 11:30:19,689 [INFO] PluginManager:220 - loadIPPluginJar : add tim
2025-03-24 11:30:19,693 [INFO] IPUIPlugin:80 - create IPUIPlugin
2025-03-24 11:30:19,693 [INFO] PluginManager:220 - loadIPPluginJar : add touchsensing
2025-03-24 11:30:19,695 [INFO] IPUIPlugin:80 - create IPUIPlugin
2025-03-24 11:30:19,695 [INFO] PluginManager:220 - loadIPPluginJar : add tracer_emb
2025-03-24 11:30:19,697 [INFO] IPUIPlugin:80 - create IPUIPlugin
2025-03-24 11:30:19,697 [INFO] PluginManager:220 - loadIPPluginJar : add ts
2025-03-24 11:30:19,699 [INFO] IPUIPlugin:80 - create IPUIPlugin
2025-03-24 11:30:19,699 [INFO] PluginManager:220 - loadIPPluginJar : add tsc
2025-03-24 11:30:19,701 [INFO] IPUIPlugin:80 - create IPUIPlugin
2025-03-24 11:30:19,701 [INFO] PluginManager:220 - loadIPPluginJar : add ucpd
2025-03-24 11:30:19,704 [INFO] IPUIPlugin:80 - create IPUIPlugin
2025-03-24 11:30:19,704 [INFO] PluginManager:220 - loadIPPluginJar : add usart
2025-03-24 11:30:19,707 [INFO] IPUIPlugin:80 - create IPUIPlugin
2025-03-24 11:30:19,707 [INFO] PluginManager:220 - loadIPPluginJar : add usbx
2025-03-24 11:30:19,836 [FATAL] Updater:351 - Updater called before beeing initialized
2025-03-24 11:30:19,864 [INFO] RulesReader:64 - Compatibility file has been processed (301 Rules)
2025-03-24 11:30:19,876 [INFO] RulesReader:64 - Compatibility file has been processed (301 Rules)
2025-03-24 11:30:19,886 [INFO] CADModel:165 - CPN selected for project level
2025-03-24 11:30:19,886 [INFO] CADModel:114 - Register for checkConnection events
2025-03-24 11:30:19,886 [FATAL] Updater:351 - Updater called before beeing initialized
2025-03-24 11:30:19,886 [ERROR] CADModel:125 - Updater not yet initialized, retry later 
2025-03-24 11:30:20,018 [FATAL] Updater:351 - Updater called before beeing initialized
2025-03-24 11:30:20,020 [INFO] CADModel:165 - CPN selected for project level
2025-03-24 11:30:20,020 [INFO] CADModel:114 - Register for checkConnection events
2025-03-24 11:30:20,020 [FATAL] Updater:351 - Updater called before beeing initialized
2025-03-24 11:30:20,020 [ERROR] CADModel:125 - Updater not yet initialized, retry later 
2025-03-24 11:30:20,023 [FATAL] Updater:351 - Updater called before beeing initialized
2025-03-24 11:30:20,156 [FATAL] Updater:351 - Updater called before beeing initialized
2025-03-24 11:30:20,160 [INFO] DbMcusAds:53 - JSON generation date=Thu Sep 30 15:55:09 KST 2021 (1632984909247)
2025-03-24 11:30:20,160 [FATAL] Updater:351 - Updater called before beeing initialized
2025-03-24 11:30:20,204 [WARN] DetailPanel:346 - Failed to get advertising image, set to default
2025-03-24 11:30:20,519 [FATAL] Updater:351 - Updater called before beeing initialized
2025-03-24 11:30:20,521 [FATAL] Updater:351 - Updater called before beeing initialized
2025-03-24 11:30:20,522 [FATAL] Updater:351 - Updater called before beeing initialized
2025-03-24 11:30:20,522 [WARN] DetailPanel:346 - Failed to get advertising image, set to default
2025-03-24 11:30:20,523 [FATAL] Updater:351 - Updater called before beeing initialized
2025-03-24 11:30:20,589 [ERROR] Updater:1198 - MainUpdater not yet initialized. External WinMGr cannot be set.
2025-03-24 11:30:20,591 [INFO] Updater:1134 - Updater Version found : 6.14.0
2025-03-24 11:30:20,612 [INFO] ApplicationProperties:184 - Using Application install path: C:\ST\STM32CubeIDE_1.18.0\STM32CubeIDE\plugins\com.st.stm32cube.common.mx_6.14.0.202502271554
2025-03-24 11:30:22,004 [INFO] ThirdPartyUpdaterWithRetryManager:70 - Updater plugin not ready yet. [2/15]
2025-03-24 11:30:22,204 [ERROR] LogOutputStream:75 - [STDERR_REDIRECT] Mar 24, 2025 11:30:22 AM java.util.prefs.WindowsPreferences <init>
2025-03-24 11:30:22,207 [ERROR] LogOutputStream:75 - [STDERR_REDIRECT] WARNING: Could not open/create prefs root node Software\JavaSoft\Prefs at root 0xffffffff80000002. Windows RegCreateKeyEx(...) returned error code 5.
2025-03-24 11:30:22,208 [ERROR] LogOutputStream:75 - [STDERR_REDIRECT] 
2025-03-24 11:30:23,526 [INFO] MainUpdater:2872 - connection check result : 10
2025-03-24 11:30:23,527 [INFO] MainUpdater:289 - Updater Check For Update Now.
2025-03-24 11:30:23,527 [INFO] MicroXplorer:498 - Change Database Version : DB.6.0.140
2025-03-24 11:30:23,538 [INFO] McuFinderGlobals:63 - Set McuFinder mode to 2 (CubeIDE integrated)
2025-03-24 11:30:23,539 [INFO] UserAuth:171 - activating auth plugin
2025-03-24 11:30:23,543 [INFO] UserAuth:486 - Internet connection configuration mode: 1
2025-03-24 11:30:23,582 [INFO] JxBrowserEngine:152 - Initiate JxBrowser Engine with user profile folder
2025-03-24 11:30:23,813 [INFO] CheckServerUpdateThread:120 - End of CheckServer Thread
2025-03-24 11:30:25,575 [WARN] PackLoader:240 - Cannot read IP mode file for STMicroelectronics.FP-SNS-MOTENVWB1.1.4.0
2025-03-24 11:30:25,596 [WARN] PackLoader:240 - Cannot read IP mode file for STMicroelectronics.FP-ATR-ASTRA1.2.0.2
2025-03-24 11:30:25,614 [WARN] PackLoader:240 - Cannot read IP mode file for STMicroelectronics.X-CUBE-SMBUS.2.1.0
2025-03-24 11:30:25,663 [WARN] PackLoader:240 - Cannot read IP mode file for STMicroelectronics.X-CUBE-WB05N.1.1.0
2025-03-24 11:30:25,824 [WARN] PackLoader:240 - Cannot read IP mode file for STMicroelectronics.X-CUBE-AZRTOS-F7.1.1.0
2025-03-24 11:30:26,054 [WARN] PackLoader:240 - Cannot read IP mode file for Infineon.AIROC-Wi-Fi-Bluetooth-STM32.1.7.0
2025-03-24 11:30:26,118 [WARN] PackLoader:240 - Cannot read IP mode file for STMicroelectronics.X-CUBE-DISPLAY.3.0.0
2025-03-24 11:30:26,176 [WARN] PackLoader:240 - Cannot read IP mode file for STMicroelectronics.X-CUBE-NFC10.1.0.0
2025-03-24 11:30:26,301 [WARN] PackLoader:240 - Cannot read IP mode file for STMicroelectronics.X-CUBE-BLEMGR.4.0.0
2025-03-24 11:30:26,329 [WARN] PackLoader:240 - Cannot read IP mode file for emotas.I-CUBE-CANOPEN.1.3.0
2025-03-24 11:30:26,361 [WARN] ConditionMgr:438 - getConditionDescription Invalid condition id : Cortex-A Device cause : null
2025-03-24 11:30:26,522 [WARN] ConditionMgr:1044 - genDependencies : Invalid condition id : Cortex-A Device cause : null
2025-03-24 11:30:26,523 [WARN] ConditionMgr:1044 - genDependencies : Invalid condition id : Cortex-A Device cause : null
2025-03-24 11:30:26,523 [WARN] ConditionMgr:1044 - genDependencies : Invalid condition id : Cortex-A Device cause : null
2025-03-24 11:30:26,530 [WARN] PackLoader:240 - Cannot read IP mode file for STMicroelectronics.X-CUBE-AI.10.0.0
2025-03-24 11:30:26,535 [WARN] PackLoader:240 - Cannot read IP mode file for STMicroelectronics.FP-SNS-SMARTAG2.1.2.0
2025-03-24 11:30:26,540 [WARN] PackLoader:240 - Cannot read IP mode file for STMicroelectronics.FP-SNS-FLIGHT1.5.1.0
2025-03-24 11:30:26,587 [INFO] WebApp:169 - Instantiating new browser for Auth
2025-03-24 11:30:26,596 [WARN] PackLoader:240 - Cannot read IP mode file for STMicroelectronics.X-CUBE-MEMS1.11.1.0
2025-03-24 11:30:26,763 [INFO] LogOutputStream:77 - [STDOUT_REDIRECT] 1 : Invalid condition id : UX_CORESTACK_Condition cause : null
2025-03-24 11:30:26,764 [INFO] LogOutputStream:77 - [STDOUT_REDIRECT] 1 : Invalid condition id : UX_CORESTACK_Condition cause : null
2025-03-24 11:30:26,765 [INFO] LogOutputStream:77 - [STDOUT_REDIRECT] 1 : Invalid condition id : UX_CORESTACK_Condition cause : null
2025-03-24 11:30:26,766 [INFO] LogOutputStream:77 - [STDOUT_REDIRECT] 1 : Invalid condition id : UX_CORESTACK_Condition cause : null
2025-03-24 11:30:26,767 [INFO] LogOutputStream:77 - [STDOUT_REDIRECT] 1 : Invalid condition id : UX_CORESTACK_Condition cause : null
2025-03-24 11:30:26,788 [WARN] PackLoader:240 - Cannot read IP mode file for STMicroelectronics.X-CUBE-AZRTOS-WL.2.0.0
2025-03-24 11:30:26,796 [WARN] PackLoader:240 - Cannot read IP mode file for STMicroelectronics.FP-SNS-MOTENV1.5.0.0
2025-03-24 11:30:26,806 [WARN] PackLoader:240 - Cannot read IP mode file for WES.I-CUBE-Cesium.1.3.0
2025-03-24 11:30:26,811 [WARN] PackLoader:240 - Cannot read IP mode file for STMicroelectronics.X-CUBE-BLE2.3.3.0
2025-03-24 11:30:26,817 [WARN] PackLoader:240 - Cannot read IP mode file for STMicroelectronics.X-CUBE-NFC9.1.0.0
2025-03-24 11:30:26,824 [WARN] PackLoader:240 - Cannot read IP mode file for STMicroelectronics.X-CUBE-BLE1.7.1.0
2025-03-24 11:30:26,837 [WARN] PackLoader:240 - Cannot read IP mode file for STMicroelectronics.X-CUBE-AZRTOS-G0.1.1.0
2025-03-24 11:30:26,844 [WARN] PackLoader:240 - Cannot read IP mode file for STMicroelectronics.X-CUBE-SAFEA1.1.2.2
2025-03-24 11:30:26,850 [WARN] PackLoader:240 - Cannot read IP mode file for STMicroelectronics.X-CUBE-NFC4.3.0.0
2025-03-24 11:30:26,857 [WARN] PackLoader:240 - Cannot read IP mode file for EmbeddedOffice.I-CUBE-FS-RTOS.1.0.1
2025-03-24 11:30:26,862 [WARN] PackLoader:240 - Cannot read IP mode file for STMicroelectronics.X-CUBE-TCPP.4.2.0
2025-03-24 11:30:26,867 [WARN] PackLoader:240 - Cannot read IP mode file for RealThread.X-CUBE-RT-Thread_Nano.4.1.1
2025-03-24 11:30:26,871 [WARN] PackLoader:240 - Cannot read IP mode file for STMicroelectronics.FP-ATR-SIGFOX1.3.2.0
2025-03-24 11:30:26,876 [WARN] PackLoader:240 - Cannot read IP mode file for STMicroelectronics.X-CUBE-EEPRMA1.5.1.0
2025-03-24 11:30:26,882 [WARN] PackLoader:240 - Cannot read IP mode file for ITTIA_DB.I-CUBE-ITTIADB.8.9.0
2025-03-24 11:30:26,902 [WARN] PackLoader:240 - Cannot read IP mode file for SEGGER.I-CUBE-embOS.1.3.1
2025-03-24 11:30:26,938 [WARN] PackLoader:240 - Cannot read IP mode file for STMicroelectronics.X-CUBE-ALGOBUILD.1.4.0
2025-03-24 11:30:26,951 [WARN] PackLoader:240 - Cannot read IP mode file for STMicroelectronics.X-CUBE-AZRTOS-F4.1.1.0
2025-03-24 11:30:26,956 [WARN] PackLoader:240 - Cannot read IP mode file for STMicroelectronics.X-CUBE-ISPU.2.1.0
2025-03-24 11:30:26,967 [WARN] PackLoader:240 - Cannot read IP mode file for STMicroelectronics.X-CUBE-AZRTOS-L5.2.0.0
2025-03-24 11:30:26,974 [WARN] PackLoader:240 - Cannot read IP mode file for STMicroelectronics.X-CUBE-NFC6.3.1.0
2025-03-24 11:30:26,981 [WARN] PackLoader:240 - Cannot read IP mode file for STMicroelectronics.X-CUBE-DPower.1.2.0
2025-03-24 11:30:26,985 [WARN] PackLoader:240 - Cannot read IP mode file for STMicroelectronics.X-CUBE-FREERTOS.1.3.0
2025-03-24 11:30:26,990 [WARN] PackLoader:240 - Cannot read IP mode file for STMicroelectronics.X-CUBE-NFC7.1.0.1
2025-03-24 11:30:27,003 [WARN] ConditionMgr:438 - getConditionDescription Invalid condition id : LAN8742 Phy interface Condition cause : null
2025-03-24 11:30:27,003 [WARN] PackLoader:240 - Cannot read IP mode file for STMicroelectronics.X-CUBE-AZRTOS-L4.2.0.0
2025-03-24 11:30:27,004 [WARN] ConditionMgr:1044 - genDependencies : Invalid condition id : LAN8742 Phy interface Condition cause : null
2025-03-24 11:30:27,004 [WARN] ConditionMgr:1044 - genDependencies : Invalid condition id : LAN8742 Phy interface Condition cause : null
2025-03-24 11:30:27,005 [WARN] ConditionMgr:1044 - genDependencies : Invalid condition id : LAN8742 Phy interface Condition cause : null
2025-03-24 11:30:27,011 [WARN] PackLoader:240 - Cannot read IP mode file for STMicroelectronics.X-CUBE-SFXS2LP1.4.0.0
2025-03-24 11:30:27,025 [WARN] PackLoader:240 - Cannot read IP mode file for STMicroelectronics.X-CUBE-AZRTOS-H7.3.3.0
2025-03-24 11:30:27,037 [WARN] ConditionMgr:438 - getConditionDescription Invalid condition id : UX DEVICE CLASS RTOS Condition cause : null
2025-03-24 11:30:27,037 [WARN] ConditionMgr:438 - getConditionDescription Invalid condition id : UX DEVICE CLASS RTOS Condition cause : null
2025-03-24 11:30:27,038 [WARN] PackLoader:240 - Cannot read IP mode file for STMicroelectronics.X-CUBE-AZRTOS-WB.2.0.0
2025-03-24 11:30:27,039 [WARN] ConditionMgr:1044 - genDependencies : Invalid condition id : UX DEVICE CLASS RTOS Condition cause : null
2025-03-24 11:30:27,039 [WARN] ConditionMgr:1044 - genDependencies : Invalid condition id : UX DEVICE CLASS RTOS Condition cause : null
2025-03-24 11:30:27,039 [WARN] ConditionMgr:1044 - genDependencies : Invalid condition id : UX DEVICE CLASS RTOS Condition cause : null
2025-03-24 11:30:27,039 [WARN] ConditionMgr:1044 - genDependencies : Invalid condition id : UX DEVICE CLASS RTOS Condition cause : null
2025-03-24 11:30:27,039 [WARN] ConditionMgr:1044 - genDependencies : Invalid condition id : UX DEVICE CLASS RTOS Condition cause : null
2025-03-24 11:30:27,046 [WARN] PackLoader:240 - Cannot read IP mode file for STMicroelectronics.X-CUBE-GNSS1.7.0.1
2025-03-24 11:30:27,052 [WARN] PackLoader:240 - Cannot read IP mode file for STMicroelectronics.X-CUBE-TOUCHGFX.4.25.0
2025-03-24 11:30:27,057 [WARN] PackLoader:240 - Cannot read IP mode file for STMicroelectronics.FP-SNS-STBOX1.2.0.0
2025-03-24 11:30:27,070 [WARN] PackLoader:240 - Cannot read IP mode file for STMicroelectronics.X-CUBE-SUBG2.5.0.0
2025-03-24 11:30:27,085 [WARN] PackLoader:240 - Cannot read IP mode file for STMicroelectronics.X-CUBE-AZRTOS-H7RS.1.1.0
2025-03-24 11:30:27,090 [WARN] PackLoader:240 - Cannot read IP mode file for Cesanta.I-CUBE-Mongoose.7.13.0
2025-03-24 11:30:27,100 [WARN] PackLoader:240 - Cannot read IP mode file for STMicroelectronics.X-CUBE-AZRTOS-G4.2.0.0
2025-03-24 11:30:27,109 [WARN] PackLoader:240 - Cannot read IP mode file for STMicroelectronics.X-CUBE-IPS.3.1.0
2025-03-24 11:30:27,117 [WARN] PackLoader:240 - Cannot read IP mode file for STMicroelectronics.X-CUBE-ALS.1.0.2
2025-03-24 11:30:27,122 [WARN] PackLoader:240 - Cannot read IP mode file for portGmbH.I-Cube-SoM-uGOAL.1.1.0
2025-03-24 11:30:27,131 [WARN] PackLoader:240 - Cannot read IP mode file for STMicroelectronics.X-CUBE-TOF1.3.4.2
2025-03-24 11:30:27,139 [INFO] ThirdParty:978 - Integrity check success = true
2025-03-24 11:30:27,139 [INFO] IntegrityCheckThread:100 - exiting critical section [integrity check]
2025-03-24 11:30:27,140 [INFO] IntegrityCheckThread:103 - End integrity checks thread
2025-03-24 11:30:27,541 [INFO] WebApp:463 - Apply proxy settings
2025-03-24 11:30:27,542 [INFO] WebApp:548 - Chromium requires no authentication
2025-03-24 11:30:27,553 [INFO] WebApp:491 - Direct internet connection detected
2025-03-24 11:30:27,580 [INFO] WebApp:894 - Register for checkConnection events
2025-03-24 11:30:27,580 [INFO] WebApp:463 - Apply proxy settings
2025-03-24 11:30:27,580 [INFO] WebApp:548 - Chromium requires no authentication
2025-03-24 11:30:27,580 [INFO] WebApp:491 - Direct internet connection detected
2025-03-24 11:30:27,775 [INFO] WebApp:225 - Starting web application
2025-03-24 11:30:27,776 [INFO] WebApp:593 - Web application path used C:\ST\STM32CubeIDE_1.18.0\STM32CubeIDE\plugins\com.st.stm32cube.common.mx_6.14.0.202502271554\db\plugins\mcufinder\reactClient1\index.html
2025-03-24 11:30:27,955 [INFO] WebApp:191 - Connection restablished
2025-03-24 11:31:02,374 [ERROR] LogOutputStream:75 - [STDERR_REDIRECT] 
2025-03-24 11:31:02,376 [ERROR] LogOutputStream:75 - [STDERR_REDIRECT] 
