2025-03-12 16:05:32,177 [INFO] Activator:176 - 


2025-03-12 16:05:32,180 [INFO] Activator:177 - !SESSION log4j initialized
2025-03-12 16:05:39,090 [INFO] LogOutputStream:77 - [STDOUT_REDIRECT] 
2025-03-12 16:05:43,004 [INFO] ApplicationProperties:184 - Using Application install path: /opt/st/stm32cubeide_1.18.0/plugins/com.st.stm32cube.common.mx_6.14.0.202502271554
2025-03-12 16:05:43,208 [INFO] DbMcusXml:78 - Set database path to: /opt/st/stm32cubeide_1.18.0/plugins/com.st.stm32cube.common.mx_6.14.0.202502271554//db//mcu/
2025-03-12 16:05:43,208 [INFO] ApiDb:274 - Set plugin database path to: /opt/st/stm32cubeide_1.18.0/plugins/com.st.stm32cube.common.mx_6.14.0.202502271554//db//plugins/boardmanager/
2025-03-12 16:05:43,209 [WARN] ApiDb:259 - Overriding images path with different value:  => /opt/st/stm32cubeide_1.18.0/plugins/com.st.stm32cube.common.mx_6.14.0.202502271554//db//plugins/mcufinder/images/
2025-03-12 16:05:43,380 [INFO] ApiDb:250 - Set database path to: /home/cdm/.stmcufinder/plugins/mcufinder//mcu/
2025-03-12 16:05:43,383 [INFO] DbMcusAds:125 - Set database path to: /home/cdm/.stmcufinder/plugins/mcufinder//mcu/
2025-03-12 16:05:43,386 [INFO] CrossReferenceDbSqlite:203 - Set database path to: /home/cdm/.stmcufinder/plugins/mcufinder//mcu/cs/
2025-03-12 16:05:43,979 [INFO] RulesReader:64 - Compatibility file has been processed (301 Rules)
2025-03-12 16:05:44,503 [INFO] DbMcusXml:78 - Set database path to: /opt/st/stm32cubeide_1.18.0/plugins/com.st.stm32cube.common.mx_6.14.0.202502271554//db//mcu/
2025-03-12 16:05:44,503 [INFO] ApiDb:274 - Set plugin database path to: /opt/st/stm32cubeide_1.18.0/plugins/com.st.stm32cube.common.mx_6.14.0.202502271554//db//plugins/boardmanager/
2025-03-12 16:05:44,503 [INFO] ApiDb:261 - Set plugin images path to: /opt/st/stm32cubeide_1.18.0/plugins/com.st.stm32cube.common.mx_6.14.0.202502271554//db//plugins/mcufinder/images/
2025-03-12 16:05:44,503 [WARN] DbFile:41 - Overriding database path with different value: /home/cdm/.stmcufinder/plugins/mcufinder/ => /home/cdm/.stmcufinder/plugins/mcufinder
2025-03-12 16:05:44,503 [INFO] ApiDb:250 - Set database path to: /home/cdm/.stmcufinder/plugins/mcufinder//mcu/
2025-03-12 16:05:44,503 [WARN] DbFile:41 - Overriding database path with different value: /home/cdm/.stmcufinder/plugins/mcufinder/ => /home/cdm/.stmcufinder/plugins/mcufinder
2025-03-12 16:05:44,503 [INFO] DbMcusAds:125 - Set database path to: /home/cdm/.stmcufinder/plugins/mcufinder//mcu/
2025-03-12 16:05:44,504 [WARN] DbFile:41 - Overriding database path with different value: /home/cdm/.stmcufinder/plugins/mcufinder/ => /home/cdm/.stmcufinder/plugins/mcufinder
2025-03-12 16:05:44,504 [WARN] DbFile:41 - Overriding database path with different value: /home/cdm/.stmcufinder/plugins/mcufinder/ => /home/cdm/.stmcufinder/plugins/mcufinder
2025-03-12 16:05:44,504 [INFO] CrossReferenceDbSqlite:203 - Set database path to: /home/cdm/.stmcufinder/plugins/mcufinder//mcu/cs/
2025-03-12 16:05:45,079 [INFO] MainPanel:272 - HeapMemory: 268435456
2025-03-12 16:05:46,181 [INFO] DbMcusXml:78 - Set database path to: /opt/st/stm32cubeide_1.18.0/plugins/com.st.stm32cube.common.mx_6.14.0.202502271554//db//mcu/
2025-03-12 16:05:46,181 [INFO] ApiDb:274 - Set plugin database path to: /opt/st/stm32cubeide_1.18.0/plugins/com.st.stm32cube.common.mx_6.14.0.202502271554//db//plugins/boardmanager/
2025-03-12 16:05:46,181 [INFO] ApiDb:261 - Set plugin images path to: /opt/st/stm32cubeide_1.18.0/plugins/com.st.stm32cube.common.mx_6.14.0.202502271554//db//plugins/mcufinder/images/
2025-03-12 16:05:46,181 [WARN] DbFile:41 - Overriding database path with different value: /home/cdm/.stmcufinder/plugins/mcufinder/ => /home/cdm/.stmcufinder/plugins/mcufinder
2025-03-12 16:05:46,182 [INFO] ApiDb:250 - Set database path to: /home/cdm/.stmcufinder/plugins/mcufinder//mcu/
2025-03-12 16:05:46,182 [WARN] DbFile:41 - Overriding database path with different value: /home/cdm/.stmcufinder/plugins/mcufinder/ => /home/cdm/.stmcufinder/plugins/mcufinder
2025-03-12 16:05:46,182 [INFO] DbMcusAds:125 - Set database path to: /home/cdm/.stmcufinder/plugins/mcufinder//mcu/
2025-03-12 16:05:46,182 [WARN] DbFile:41 - Overriding database path with different value: /home/cdm/.stmcufinder/plugins/mcufinder/ => /home/cdm/.stmcufinder/plugins/mcufinder
2025-03-12 16:05:46,182 [WARN] DbFile:41 - Overriding database path with different value: /home/cdm/.stmcufinder/plugins/mcufinder/ => /home/cdm/.stmcufinder/plugins/mcufinder
2025-03-12 16:05:46,182 [INFO] CrossReferenceDbSqlite:203 - Set database path to: /home/cdm/.stmcufinder/plugins/mcufinder//mcu/cs/
2025-03-12 16:05:46,196 [INFO] ApplicationProperties:184 - Using Application install path: /opt/st/stm32cubeide_1.18.0/plugins/com.st.stm32cube.common.mx_6.14.0.202502271554
2025-03-12 16:05:46,198 [INFO] PluginManage:196 - Search for loadable plugins [exclusion list=, ]
2025-03-12 16:05:46,199 [INFO] PluginManage:310 - Check plugin analytics
2025-03-12 16:05:47,562 [INFO] AnalyticsPlugin:253 - Accepted Software Licenses: STM32CubeMX.6.14.0
2025-03-12 16:05:47,562 [INFO] AnalyticsPlugin:255 - Accepted CMSIS Pack Licenses: 
2025-03-12 16:05:47,562 [INFO] AnalyticsPlugin:257 - Accepted Firmware Licenses: 
2025-03-12 16:05:47,565 [INFO] PluginManage:359 - Loaded plugin analytics (category:tool,tabindex:-1)
2025-03-12 16:05:47,565 [INFO] PluginManage:310 - Check plugin cadmodel
2025-03-12 16:05:47,763 [INFO] CADModel:105 - Init CAD model plugin
2025-03-12 16:05:47,763 [INFO] PluginManage:359 - Loaded plugin cadmodel (category:power,tabindex:5)
2025-03-12 16:05:47,764 [INFO] PluginManage:310 - Check plugin clock
2025-03-12 16:05:47,917 [INFO] PluginManage:359 - Loaded plugin clock (category:base,tabindex:2)
2025-03-12 16:05:47,918 [INFO] PluginManage:310 - Check plugin ddr
2025-03-12 16:05:47,955 [INFO] PluginManage:359 - Loaded plugin ddr (category:tool,tabindex:6)
2025-03-12 16:05:47,956 [INFO] PluginManage:310 - Check plugin filemanager
2025-03-12 16:05:48,960 [INFO] PluginManage:359 - Loaded plugin filemanager (category:base,tabindex:10)
2025-03-12 16:05:48,961 [INFO] PluginManage:310 - Check plugin ipmanager
2025-03-12 16:05:49,046 [INFO] PluginManage:359 - Loaded plugin ipmanager (category:base,tabindex:5)
2025-03-12 16:05:49,047 [INFO] PluginManage:310 - Check plugin lpbam
2025-03-12 16:05:49,062 [INFO] PluginManage:359 - Loaded plugin lpbam (category:base,tabindex:0)
2025-03-12 16:05:49,062 [INFO] PluginManage:310 - Check plugin memorymap
2025-03-12 16:05:49,311 [INFO] PluginManage:359 - Loaded plugin memorymap (category:base,tabindex:4)
2025-03-12 16:05:49,311 [INFO] PluginManage:310 - Check plugin pinoutandconfiguration
2025-03-12 16:05:49,427 [INFO] PluginManage:359 - Loaded plugin pinoutandconfiguration (category:base,tabindex:1)
2025-03-12 16:05:49,427 [INFO] PluginManage:310 - Check plugin pinoutconfig
2025-03-12 16:05:50,075 [WARN] SupportedApi:132 - Cannot load RTOS API schema: s4s-elt-must-match.1: The content of 'definitions' must match (annotation?, (simpleType | complexType)?, (unique | key | keyref)*)). A problem was found starting at: attribute.
2025-03-12 16:05:50,520 [INFO] PluginManage:359 - Loaded plugin pinoutconfig (category:base,tabindex:0)
2025-03-12 16:05:50,520 [INFO] PluginManage:310 - Check plugin power
2025-03-12 16:05:50,661 [INFO] PluginManage:359 - Loaded plugin power (category:power,tabindex:4)
2025-03-12 16:05:50,661 [INFO] PluginManage:310 - Check plugin projectmanager
2025-03-12 16:05:50,725 [INFO] PluginManage:359 - Loaded plugin projectmanager (category:projectmanager,tabindex:4)
2025-03-12 16:05:50,726 [INFO] PluginManage:310 - Check plugin rif
2025-03-12 16:05:50,804 [INFO] PluginManage:359 - Loaded plugin rif (category:base,tabindex:3)
2025-03-12 16:05:50,804 [INFO] PluginManage:310 - Check plugin thirdparty
2025-03-12 16:05:51,428 [INFO] PluginManage:359 - Loaded plugin thirdparty (category:base,tabindex:-1)
2025-03-12 16:05:51,428 [INFO] PluginManage:310 - Check plugin tools
2025-03-12 16:05:51,428 [WARN] IntegrityCheckThread:84 - waiting for thirdparty lock release [integrity check]
2025-03-12 16:05:51,428 [INFO] IntegrityCheckThread:86 - entering critical section [integrity check]
2025-03-12 16:05:51,428 [INFO] ThirdPartyUpdaterWithRetryManager:70 - Updater plugin not ready yet. [1/15]
2025-03-12 16:05:51,468 [INFO] PluginManage:359 - Loaded plugin tools (category:base,tabindex:7)
2025-03-12 16:05:51,468 [INFO] PluginManage:310 - Check plugin tutovideos
2025-03-12 16:05:52,020 [INFO] PluginManage:359 - Loaded plugin tutovideos (category:base,tabindex:-1)
2025-03-12 16:05:52,021 [INFO] PluginManage:310 - Check plugin updater
2025-03-12 16:05:52,212 [INFO] PluginManage:359 - Loaded plugin updater (category:base,tabindex:12)
2025-03-12 16:05:52,212 [INFO] PluginManage:310 - Check plugin userauth
2025-03-12 16:05:52,272 [INFO] UserAuth:118 - Init User Auth plugin
2025-03-12 16:05:52,274 [INFO] PluginManage:359 - Loaded plugin userauth (category:base,tabindex:14)
2025-03-12 16:05:52,274 [INFO] PluginManage:283 - PluginManage : Loaded plugins [18]
2025-03-12 16:05:53,150 [INFO] PinOutPanel:1589 - setPackage(No Configuration,No Configuration)
2025-03-12 16:05:53,292 [INFO] CADModel:165 - CPN selected for project level
2025-03-12 16:05:53,292 [INFO] CADModel:114 - Register for checkConnection events
2025-03-12 16:05:53,414 [INFO] IPUIPlugin:80 - create IPUIPlugin
2025-03-12 16:05:53,414 [INFO] PluginManager:220 - loadIPPluginJar : add fatfs
2025-03-12 16:05:53,446 [INFO] IPUIPlugin:80 - create IPUIPlugin
2025-03-12 16:05:53,447 [INFO] PluginManager:220 - loadIPPluginJar : add quadspi
2025-03-12 16:05:53,451 [INFO] IPUIPlugin:80 - create IPUIPlugin
2025-03-12 16:05:53,452 [INFO] PluginManager:220 - loadIPPluginJar : add spi
2025-03-12 16:05:53,453 [INFO] IPUIPlugin:80 - create IPUIPlugin
2025-03-12 16:05:53,453 [INFO] PluginManager:220 - loadIPPluginJar : add radio
2025-03-12 16:05:53,487 [INFO] IPUIPlugin:80 - create IPUIPlugin
2025-03-12 16:05:53,488 [INFO] PluginManager:220 - loadIPPluginJar : add gic
2025-03-12 16:05:53,549 [INFO] IPUIPlugin:80 - create IPUIPlugin
2025-03-12 16:05:53,549 [INFO] PluginManager:220 - loadIPPluginJar : add pdm2pcm
2025-03-12 16:05:53,553 [INFO] IPUIPlugin:80 - create IPUIPlugin
2025-03-12 16:05:53,554 [INFO] PluginManager:220 - loadIPPluginJar : add can
2025-03-12 16:05:53,557 [INFO] IPUIPlugin:80 - create IPUIPlugin
2025-03-12 16:05:53,557 [INFO] PluginManager:220 - loadIPPluginJar : add ucpd
2025-03-12 16:05:53,560 [INFO] IPUIPlugin:80 - create IPUIPlugin
2025-03-12 16:05:53,560 [INFO] PluginManager:220 - loadIPPluginJar : add i2s
2025-03-12 16:05:53,562 [INFO] IPUIPlugin:80 - create IPUIPlugin
2025-03-12 16:05:53,562 [INFO] PluginManager:220 - loadIPPluginJar : add tim
2025-03-12 16:05:53,569 [INFO] IPUIPlugin:80 - create IPUIPlugin
2025-03-12 16:05:53,569 [INFO] PluginManager:220 - loadIPPluginJar : add ltdc
2025-03-12 16:05:53,573 [INFO] IPUIPlugin:80 - create IPUIPlugin
2025-03-12 16:05:53,573 [INFO] PluginManager:220 - loadIPPluginJar : add dma3
2025-03-12 16:05:53,576 [INFO] IPUIPlugin:80 - create IPUIPlugin
2025-03-12 16:05:53,576 [INFO] PluginManager:220 - loadIPPluginJar : add hash
2025-03-12 16:05:53,578 [INFO] IPUIPlugin:80 - create IPUIPlugin
2025-03-12 16:05:53,578 [INFO] PluginManager:220 - loadIPPluginJar : add i3c
2025-03-12 16:05:53,615 [INFO] IPUIPlugin:80 - create IPUIPlugin
2025-03-12 16:05:53,616 [INFO] PluginManager:220 - loadIPPluginJar : add linkedlist
2025-03-12 16:05:53,620 [INFO] IPUIPlugin:80 - create IPUIPlugin
2025-03-12 16:05:53,620 [INFO] PluginManager:220 - loadIPPluginJar : add aes
2025-03-12 16:05:53,628 [INFO] IPUIPlugin:80 - create IPUIPlugin
2025-03-12 16:05:53,629 [INFO] PluginManager:220 - loadIPPluginJar : add mdma
2025-03-12 16:05:53,631 [INFO] IPUIPlugin:80 - create IPUIPlugin
2025-03-12 16:05:53,632 [INFO] PluginManager:220 - loadIPPluginJar : add usbx
2025-03-12 16:05:53,633 [INFO] IPUIPlugin:80 - create IPUIPlugin
2025-03-12 16:05:53,634 [INFO] PluginManager:220 - loadIPPluginJar : add gfxmmu
2025-03-12 16:05:53,635 [INFO] IPUIPlugin:80 - create IPUIPlugin
2025-03-12 16:05:53,636 [INFO] PluginManager:220 - loadIPPluginJar : add lorawan
2025-03-12 16:05:53,638 [INFO] IPUIPlugin:80 - create IPUIPlugin
2025-03-12 16:05:53,638 [INFO] PluginManager:220 - loadIPPluginJar : add cryp
2025-03-12 16:05:53,687 [INFO] IPUIPlugin:80 - create IPUIPlugin
2025-03-12 16:05:53,687 [INFO] PluginManager:220 - loadIPPluginJar : add ddr_ctrl_phy
2025-03-12 16:05:53,692 [INFO] IPUIPlugin:80 - create IPUIPlugin
2025-03-12 16:05:53,692 [INFO] PluginManager:220 - loadIPPluginJar : add usart
2025-03-12 16:05:53,702 [INFO] IPUIPlugin:80 - create IPUIPlugin
2025-03-12 16:05:53,705 [INFO] PluginManager:220 - loadIPPluginJar : add plateformsettings
2025-03-12 16:05:53,706 [INFO] IPUIPlugin:80 - create IPUIPlugin
2025-03-12 16:05:53,707 [INFO] PluginManager:220 - loadIPPluginJar : add tsc
2025-03-12 16:05:53,709 [INFO] IPUIPlugin:80 - create IPUIPlugin
2025-03-12 16:05:53,709 [INFO] PluginManager:220 - loadIPPluginJar : add openamp
2025-03-12 16:05:53,711 [INFO] IPUIPlugin:80 - create IPUIPlugin
2025-03-12 16:05:53,711 [INFO] PluginManager:220 - loadIPPluginJar : add comp
2025-03-12 16:05:53,740 [INFO] IPUIPlugin:80 - create IPUIPlugin
2025-03-12 16:05:53,741 [INFO] PluginManager:220 - loadIPPluginJar : add adc
2025-03-12 16:05:53,747 [INFO] IPUIPlugin:80 - create IPUIPlugin
2025-03-12 16:05:53,747 [INFO] PluginManager:220 - loadIPPluginJar : add dma
2025-03-12 16:05:53,768 [INFO] IPUIPlugin:80 - create IPUIPlugin
2025-03-12 16:05:53,768 [INFO] PluginManager:220 - loadIPPluginJar : add ipddr
2025-03-12 16:05:53,770 [INFO] IPUIPlugin:80 - create IPUIPlugin
2025-03-12 16:05:53,771 [INFO] PluginManager:220 - loadIPPluginJar : add genericplugin
2025-03-12 16:05:53,774 [INFO] IPUIPlugin:80 - create IPUIPlugin
2025-03-12 16:05:53,774 [INFO] PluginManager:220 - loadIPPluginJar : add opamp
2025-03-12 16:05:53,782 [INFO] IPUIPlugin:80 - create IPUIPlugin
2025-03-12 16:05:53,782 [INFO] PluginManager:220 - loadIPPluginJar : add gpio
2025-03-12 16:05:53,784 [INFO] IPUIPlugin:80 - create IPUIPlugin
2025-03-12 16:05:53,785 [INFO] PluginManager:220 - loadIPPluginJar : add gtzc
2025-03-12 16:05:53,787 [INFO] IPUIPlugin:80 - create IPUIPlugin
2025-03-12 16:05:53,787 [INFO] PluginManager:220 - loadIPPluginJar : add nvic
2025-03-12 16:05:53,790 [INFO] IPUIPlugin:80 - create IPUIPlugin
2025-03-12 16:05:53,790 [INFO] PluginManager:220 - loadIPPluginJar : add touchsensing
2025-03-12 16:05:53,792 [INFO] IPUIPlugin:80 - create IPUIPlugin
2025-03-12 16:05:53,792 [INFO] PluginManager:220 - loadIPPluginJar : add sai
2025-03-12 16:05:53,797 [INFO] IPUIPlugin:80 - create IPUIPlugin
2025-03-12 16:05:53,797 [INFO] PluginManager:220 - loadIPPluginJar : add freertos
2025-03-12 16:05:53,800 [INFO] IPUIPlugin:80 - create IPUIPlugin
2025-03-12 16:05:53,800 [INFO] PluginManager:220 - loadIPPluginJar : add extmemmanager
2025-03-12 16:05:53,802 [INFO] IPUIPlugin:80 - create IPUIPlugin
2025-03-12 16:05:53,802 [INFO] PluginManager:220 - loadIPPluginJar : add i2c
2025-03-12 16:05:53,804 [INFO] IPUIPlugin:80 - create IPUIPlugin
2025-03-12 16:05:53,804 [INFO] PluginManager:220 - loadIPPluginJar : add tracer_emb
2025-03-12 16:05:53,807 [INFO] IPUIPlugin:80 - create IPUIPlugin
2025-03-12 16:05:53,807 [INFO] PluginManager:220 - loadIPPluginJar : add fmc
2025-03-12 16:05:53,809 [INFO] IPUIPlugin:80 - create IPUIPlugin
2025-03-12 16:05:53,809 [INFO] PluginManager:220 - loadIPPluginJar : add ts
2025-03-12 16:05:53,813 [INFO] IPUIPlugin:80 - create IPUIPlugin
2025-03-12 16:05:53,813 [INFO] PluginManager:220 - loadIPPluginJar : add stm32_wpan
2025-03-12 16:05:53,815 [INFO] IPUIPlugin:80 - create IPUIPlugin
2025-03-12 16:05:53,815 [INFO] PluginManager:220 - loadIPPluginJar : add dfsdm
2025-03-12 16:05:53,817 [INFO] IPUIPlugin:80 - create IPUIPlugin
2025-03-12 16:05:53,818 [INFO] PluginManager:220 - loadIPPluginJar : add resmgrutility
2025-03-12 16:05:53,933 [FATAL] Updater:351 - Updater called before beeing initialized
2025-03-12 16:05:54,028 [INFO] RulesReader:64 - Compatibility file has been processed (301 Rules)
2025-03-12 16:05:54,039 [INFO] RulesReader:64 - Compatibility file has been processed (301 Rules)
2025-03-12 16:05:54,044 [INFO] CADModel:165 - CPN selected for project level
2025-03-12 16:05:54,045 [INFO] CADModel:114 - Register for checkConnection events
2025-03-12 16:05:54,045 [FATAL] Updater:351 - Updater called before beeing initialized
2025-03-12 16:05:54,045 [ERROR] CADModel:125 - Updater not yet initialized, retry later 
2025-03-12 16:05:54,426 [FATAL] Updater:351 - Updater called before beeing initialized
2025-03-12 16:05:54,427 [INFO] CADModel:165 - CPN selected for project level
2025-03-12 16:05:54,427 [INFO] CADModel:114 - Register for checkConnection events
2025-03-12 16:05:54,427 [FATAL] Updater:351 - Updater called before beeing initialized
2025-03-12 16:05:54,427 [ERROR] CADModel:125 - Updater not yet initialized, retry later 
2025-03-12 16:05:54,429 [INFO] ThirdPartyUpdaterWithRetryManager:70 - Updater plugin not ready yet. [2/15]
2025-03-12 16:05:54,430 [FATAL] Updater:351 - Updater called before beeing initialized
2025-03-12 16:05:54,542 [FATAL] Updater:351 - Updater called before beeing initialized
2025-03-12 16:05:54,561 [INFO] DbMcusAds:53 - JSON generation date=Wed Dec 18 01:01:15 KST 2024 (1734451275143)
2025-03-12 16:05:54,561 [FATAL] Updater:351 - Updater called before beeing initialized
2025-03-12 16:05:54,780 [WARN] DetailPanel:346 - Failed to get advertising image, set to default
2025-03-12 16:05:55,243 [FATAL] Updater:351 - Updater called before beeing initialized
2025-03-12 16:05:55,245 [FATAL] Updater:351 - Updater called before beeing initialized
2025-03-12 16:05:55,245 [FATAL] Updater:351 - Updater called before beeing initialized
2025-03-12 16:05:55,245 [WARN] DetailPanel:346 - Failed to get advertising image, set to default
2025-03-12 16:05:55,246 [FATAL] Updater:351 - Updater called before beeing initialized
2025-03-12 16:05:55,332 [ERROR] Updater:1198 - MainUpdater not yet initialized. External WinMGr cannot be set.
2025-03-12 16:05:55,356 [INFO] Updater:1134 - Updater Version found : 6.14.0
2025-03-12 16:05:55,451 [INFO] ApplicationProperties:184 - Using Application install path: /opt/st/stm32cubeide_1.18.0/plugins/com.st.stm32cube.common.mx_6.14.0.202502271554
2025-03-12 16:05:56,772 [INFO] MainUpdater:2872 - connection check result : 10
2025-03-12 16:05:56,772 [INFO] MainUpdater:3566 - Updater definition file requires update
2025-03-12 16:05:56,772 [INFO] MainUpdater:289 - Updater Check For Update Now.
2025-03-12 16:05:56,773 [INFO] MicroXplorer:498 - Change Database Version : DB.6.0.140
2025-03-12 16:05:56,799 [INFO] McuFinderGlobals:63 - Set McuFinder mode to 2 (CubeIDE integrated)
2025-03-12 16:05:56,800 [INFO] UserAuth:171 - activating auth plugin
2025-03-12 16:05:56,804 [INFO] UserAuth:486 - Internet connection configuration mode: 1
2025-03-12 16:05:57,193 [INFO] JxBrowserEngine:152 - Initiate JxBrowser Engine with user profile folder
2025-03-12 16:05:57,241 [INFO] ServerAccessManage:473 - Download File updaters.zip
2025-03-12 16:05:57,429 [WARN] MainUpdater:1193 - Updater busy. Cannot search thirdparties
2025-03-12 16:05:57,430 [INFO] ThirdPartyUpdaterWithRetryManager:96 - Updater plugin is busy. [1/15]
2025-03-12 16:05:57,873 [INFO] FileExtend:242 - Unzip File : updaters.zip
2025-03-12 16:05:57,874 [INFO] FileExtend:257 - Standard Zip Deflate
2025-03-12 16:05:58,402 [INFO] ServerAccessManage:473 - Download File PacksControlFlags.xml
2025-03-12 16:05:59,042 [INFO] ServerAccessManage:473 - Download File cubemx.pidx
2025-03-12 16:06:00,430 [WARN] MainUpdater:1193 - Updater busy. Cannot search thirdparties
2025-03-12 16:06:00,430 [INFO] ThirdPartyUpdaterWithRetryManager:96 - Updater plugin is busy. [2/15]
2025-03-12 16:06:00,912 [INFO] ServerAccessManage:473 - Download File STMicroelectronics.FP-SNS-FLIGHT1.pdsc
2025-03-12 16:06:03,431 [WARN] MainUpdater:1193 - Updater busy. Cannot search thirdparties
2025-03-12 16:06:03,431 [INFO] ThirdPartyUpdaterWithRetryManager:96 - Updater plugin is busy. [3/15]
2025-03-12 16:06:04,188 [INFO] ServerAccessManage:473 - Download File STMicroelectronics.X-CUBE-TOUCHGFX.pdsc
2025-03-12 16:06:06,431 [WARN] MainUpdater:1193 - Updater busy. Cannot search thirdparties
2025-03-12 16:06:06,432 [INFO] ThirdPartyUpdaterWithRetryManager:96 - Updater plugin is busy. [4/15]
2025-03-12 16:06:09,432 [WARN] MainUpdater:1193 - Updater busy. Cannot search thirdparties
2025-03-12 16:06:09,433 [INFO] ThirdPartyUpdaterWithRetryManager:96 - Updater plugin is busy. [5/15]
2025-03-12 16:06:12,433 [WARN] MainUpdater:1193 - Updater busy. Cannot search thirdparties
2025-03-12 16:06:12,434 [INFO] ThirdPartyUpdaterWithRetryManager:96 - Updater plugin is busy. [6/15]
2025-03-12 16:06:15,434 [WARN] MainUpdater:1193 - Updater busy. Cannot search thirdparties
2025-03-12 16:06:15,434 [INFO] ThirdPartyUpdaterWithRetryManager:96 - Updater plugin is busy. [7/15]
2025-03-12 16:06:16,790 [INFO] CheckServerUpdateThread:120 - End of CheckServer Thread
2025-03-12 16:06:16,891 [WARN] PackLoader:240 - Cannot read IP mode file for STMicroelectronics.FP-SNS-FLIGHT1.5.1.0
2025-03-12 16:06:17,006 [WARN] PackLoader:240 - Cannot read IP mode file for STMicroelectronics.X-CUBE-TOUCHGFX.4.25.0
2025-03-12 16:06:17,006 [INFO] PopulateThirdPartyThread:66 - Ending populate Thread
2025-03-12 16:06:17,008 [INFO] ThirdParty:1030 - CMSIS Pack Vendor :STMicroelectronics FP-SNS-FLIGHT1 5.1.0
2025-03-12 16:06:17,008 [INFO] ThirdParty:1030 - CMSIS Pack Vendor :STMicroelectronics X-CUBE-TOUCHGFX 4.25.0
2025-03-12 16:06:17,008 [INFO] LoadServerUpdatesThread:375 - End of LoadServerUpdate Thread
2025-03-12 16:06:26,856 [INFO] WebApp:169 - Instantiating new browser for Auth
2025-03-12 16:06:27,042 [WARN] PackLoader:240 - Cannot read IP mode file for STMicroelectronics.FP-SNS-MOTENVWB1.1.4.0
2025-03-12 16:06:27,123 [WARN] PackLoader:240 - Cannot read IP mode file for STMicroelectronics.FP-ATR-ASTRA1.2.0.2
2025-03-12 16:06:27,167 [WARN] PackLoader:240 - Cannot read IP mode file for STMicroelectronics.X-CUBE-SMBUS.2.1.0
2025-03-12 16:06:27,642 [WARN] PackLoader:240 - Cannot read IP mode file for STMicroelectronics.X-CUBE-WB05N.1.1.0
2025-03-12 16:06:27,923 [WARN] PackLoader:240 - Cannot read IP mode file for STMicroelectronics.X-CUBE-AZRTOS-F7.1.1.0
2025-03-12 16:06:28,144 [WARN] PackLoader:240 - Cannot read IP mode file for STMicroelectronics.X-CUBE-MEMS1.11.0.0
2025-03-12 16:06:28,336 [WARN] PackLoader:240 - Cannot read IP mode file for STMicroelectronics.FP-SNS-FLIGHT1.5.0.2
2025-03-12 16:06:28,463 [WARN] PackLoader:240 - Cannot read IP mode file for STMicroelectronics.X-CUBE-DISPLAY.3.0.0
2025-03-12 16:06:28,621 [WARN] PackLoader:240 - Cannot read IP mode file for STMicroelectronics.X-CUBE-BLE1.7.0.0
2025-03-12 16:06:28,720 [WARN] PackLoader:240 - Cannot read IP mode file for STMicroelectronics.X-CUBE-NFC10.1.0.0
2025-03-12 16:06:28,844 [WARN] PackLoader:240 - Cannot read IP mode file for STMicroelectronics.X-CUBE-BLEMGR.4.0.0
2025-03-12 16:06:28,990 [WARN] PackLoader:240 - Cannot read IP mode file for emotas.I-CUBE-CANOPEN.1.3.0
2025-03-12 16:06:29,070 [WARN] ConditionMgr:438 - getConditionDescription Invalid condition id : Cortex-A Device cause : null
2025-03-12 16:06:29,084 [WARN] ConditionMgr:1044 - genDependencies : Invalid condition id : Cortex-A Device cause : null
2025-03-12 16:06:29,084 [WARN] ConditionMgr:1044 - genDependencies : Invalid condition id : Cortex-A Device cause : null
2025-03-12 16:06:29,084 [WARN] ConditionMgr:1044 - genDependencies : Invalid condition id : Cortex-A Device cause : null
2025-03-12 16:06:29,270 [WARN] PackLoader:240 - Cannot read IP mode file for STMicroelectronics.X-CUBE-BLEMGR.3.1.0
2025-03-12 16:06:29,303 [WARN] PackLoader:240 - Cannot read IP mode file for STMicroelectronics.X-CUBE-AI.10.0.0
2025-03-12 16:06:29,358 [WARN] PackLoader:240 - Cannot read IP mode file for STMicroelectronics.FP-SNS-SMARTAG2.1.2.0
2025-03-12 16:06:29,361 [WARN] PackLoader:240 - Cannot read IP mode file for STMicroelectronics.FP-SNS-FLIGHT1.5.1.0
2025-03-12 16:06:29,673 [WARN] PackLoader:240 - Cannot read IP mode file for STMicroelectronics.X-CUBE-MEMS1.11.1.0
2025-03-12 16:06:29,963 [INFO] LogOutputStream:77 - [STDOUT_REDIRECT] 1 : Invalid condition id : UX_CORESTACK_Condition cause : null
2025-03-12 16:06:29,963 [INFO] LogOutputStream:77 - [STDOUT_REDIRECT] 1 : Invalid condition id : UX_CORESTACK_Condition cause : null
2025-03-12 16:06:29,964 [INFO] LogOutputStream:77 - [STDOUT_REDIRECT] 1 : Invalid condition id : UX_CORESTACK_Condition cause : null
2025-03-12 16:06:29,964 [INFO] LogOutputStream:77 - [STDOUT_REDIRECT] 1 : Invalid condition id : UX_CORESTACK_Condition cause : null
2025-03-12 16:06:29,964 [INFO] LogOutputStream:77 - [STDOUT_REDIRECT] 1 : Invalid condition id : UX_CORESTACK_Condition cause : null
2025-03-12 16:06:29,966 [WARN] PackLoader:240 - Cannot read IP mode file for STMicroelectronics.X-CUBE-AZRTOS-WL.2.0.0
2025-03-12 16:06:30,034 [WARN] PackLoader:240 - Cannot read IP mode file for STMicroelectronics.FP-SNS-MOTENV1.5.0.0
2025-03-12 16:06:30,066 [WARN] PackLoader:240 - Cannot read IP mode file for wolfSSL.I-CUBE-wolfMQTT.1.19.0
2025-03-12 16:06:30,207 [WARN] PackLoader:240 - Cannot read IP mode file for WES.I-CUBE-Cesium.1.3.0
2025-03-12 16:06:30,365 [WARN] PackLoader:240 - Cannot read IP mode file for STMicroelectronics.X-CUBE-BLE2.3.3.0
2025-03-12 16:06:30,502 [WARN] PackLoader:240 - Cannot read IP mode file for STMicroelectronics.X-CUBE-NFC9.1.0.0
2025-03-12 16:06:30,658 [WARN] PackLoader:240 - Cannot read IP mode file for STMicroelectronics.X-CUBE-BLE1.7.1.0
2025-03-12 16:06:30,828 [WARN] PackLoader:240 - Cannot read IP mode file for STMicroelectronics.X-CUBE-TCPP.4.1.0
2025-03-12 16:06:31,075 [WARN] PackLoader:240 - Cannot read IP mode file for STMicroelectronics.X-CUBE-AZRTOS-G0.1.1.0
2025-03-12 16:06:31,164 [WARN] PackLoader:240 - Cannot read IP mode file for STMicroelectronics.X-CUBE-SAFEA1.1.2.2
2025-03-12 16:06:31,598 [WARN] PackLoader:240 - Cannot read IP mode file for STMicroelectronics.X-CUBE-NFC4.3.0.0
2025-03-12 16:06:31,769 [WARN] PackLoader:240 - Cannot read IP mode file for EmbeddedOffice.I-CUBE-FS-RTOS.1.0.1
2025-03-12 16:06:32,036 [WARN] PackLoader:240 - Cannot read IP mode file for STMicroelectronics.X-CUBE-TCPP.4.2.0
2025-03-12 16:06:32,091 [WARN] PackLoader:240 - Cannot read IP mode file for RealThread.X-CUBE-RT-Thread_Nano.4.1.1
2025-03-12 16:06:32,124 [WARN] PackLoader:240 - Cannot read IP mode file for STMicroelectronics.FP-ATR-SIGFOX1.3.2.0
2025-03-12 16:06:32,212 [WARN] PackLoader:240 - Cannot read IP mode file for wolfSSL.I-CUBE-wolfSSL.5.7.2
2025-03-12 16:06:32,288 [WARN] PackLoader:240 - Cannot read IP mode file for STMicroelectronics.X-CUBE-EEPRMA1.5.1.0
2025-03-12 16:06:32,432 [WARN] PackLoader:240 - Cannot read IP mode file for ITTIA_DB.I-CUBE-ITTIADB.8.9.0
2025-03-12 16:06:32,619 [WARN] PackLoader:240 - Cannot read IP mode file for SEGGER.I-CUBE-embOS.1.3.1
2025-03-12 16:06:32,724 [WARN] PackLoader:240 - Cannot read IP mode file for STMicroelectronics.X-CUBE-ALGOBUILD.1.4.0
2025-03-12 16:06:32,754 [WARN] PackLoader:240 - Cannot read IP mode file for STMicroelectronics.X-CUBE-AI.9.1.0
2025-03-12 16:06:32,967 [WARN] PackLoader:240 - Cannot read IP mode file for STMicroelectronics.X-CUBE-AZRTOS-F4.1.1.0
2025-03-12 16:06:33,026 [WARN] PackLoader:240 - Cannot read IP mode file for STMicroelectronics.X-CUBE-ISPU.2.1.0
2025-03-12 16:06:33,097 [WARN] PackLoader:240 - Cannot read IP mode file for STMicroelectronics.X-CUBE-FREERTOS.1.2.0
2025-03-12 16:06:33,376 [WARN] PackLoader:240 - Cannot read IP mode file for STMicroelectronics.X-CUBE-AZRTOS-L5.2.0.0
2025-03-12 16:06:33,475 [WARN] PackLoader:240 - Cannot read IP mode file for STMicroelectronics.X-CUBE-NFC6.3.1.0
2025-03-12 16:06:33,662 [WARN] PackLoader:240 - Cannot read IP mode file for STMicroelectronics.X-CUBE-AI.9.0.0
2025-03-12 16:06:33,747 [WARN] PackLoader:240 - Cannot read IP mode file for STMicroelectronics.X-CUBE-FREERTOS.1.3.0
2025-03-12 16:06:34,008 [WARN] PackLoader:240 - Cannot read IP mode file for STMicroelectronics.X-CUBE-NFC7.1.0.1
2025-03-12 16:06:34,281 [WARN] ConditionMgr:438 - getConditionDescription Invalid condition id : LAN8742 Phy interface Condition cause : null
2025-03-12 16:06:34,282 [WARN] PackLoader:240 - Cannot read IP mode file for STMicroelectronics.X-CUBE-AZRTOS-L4.2.0.0
2025-03-12 16:06:34,284 [WARN] ConditionMgr:1044 - genDependencies : Invalid condition id : LAN8742 Phy interface Condition cause : null
2025-03-12 16:06:34,284 [WARN] ConditionMgr:1044 - genDependencies : Invalid condition id : LAN8742 Phy interface Condition cause : null
2025-03-12 16:06:34,285 [WARN] ConditionMgr:1044 - genDependencies : Invalid condition id : LAN8742 Phy interface Condition cause : null
2025-03-12 16:06:34,454 [WARN] PackLoader:240 - Cannot read IP mode file for STMicroelectronics.X-CUBE-SFXS2LP1.4.0.0
2025-03-12 16:06:34,660 [WARN] PackLoader:240 - Cannot read IP mode file for STMicroelectronics.X-CUBE-AZRTOS-H7.3.3.0
2025-03-12 16:06:34,807 [WARN] PackLoader:240 - Cannot read IP mode file for STMicroelectronics.X-CUBE-IPS.3.0.0
2025-03-12 16:06:35,001 [WARN] ConditionMgr:438 - getConditionDescription Invalid condition id : UX DEVICE CLASS RTOS Condition cause : null
2025-03-12 16:06:35,002 [WARN] ConditionMgr:438 - getConditionDescription Invalid condition id : UX DEVICE CLASS RTOS Condition cause : null
2025-03-12 16:06:35,004 [WARN] PackLoader:240 - Cannot read IP mode file for STMicroelectronics.X-CUBE-AZRTOS-WB.2.0.0
2025-03-12 16:06:35,004 [WARN] ConditionMgr:1044 - genDependencies : Invalid condition id : UX DEVICE CLASS RTOS Condition cause : null
2025-03-12 16:06:35,004 [WARN] ConditionMgr:1044 - genDependencies : Invalid condition id : UX DEVICE CLASS RTOS Condition cause : null
2025-03-12 16:06:35,004 [WARN] ConditionMgr:1044 - genDependencies : Invalid condition id : UX DEVICE CLASS RTOS Condition cause : null
2025-03-12 16:06:35,005 [WARN] ConditionMgr:1044 - genDependencies : Invalid condition id : UX DEVICE CLASS RTOS Condition cause : null
2025-03-12 16:06:35,005 [WARN] ConditionMgr:1044 - genDependencies : Invalid condition id : UX DEVICE CLASS RTOS Condition cause : null
2025-03-12 16:06:35,113 [WARN] PackLoader:240 - Cannot read IP mode file for STMicroelectronics.X-CUBE-GNSS1.7.0.0
2025-03-12 16:06:35,244 [WARN] PackLoader:240 - Cannot read IP mode file for STMicroelectronics.X-CUBE-GNSS1.7.0.1
2025-03-12 16:06:35,273 [WARN] PackLoader:240 - Cannot read IP mode file for STMicroelectronics.X-CUBE-TOUCHGFX.4.25.0
2025-03-12 16:06:35,382 [WARN] PackLoader:240 - Cannot read IP mode file for STMicroelectronics.X-CUBE-SUBG2.5.0.0
2025-03-12 16:06:35,465 [WARN] PackLoader:240 - Cannot read IP mode file for Cesanta.I-CUBE-Mongoose.7.13.0
2025-03-12 16:06:35,598 [WARN] PackLoader:240 - Cannot read IP mode file for STMicroelectronics.X-CUBE-AZRTOS-G4.2.0.0
2025-03-12 16:06:35,728 [WARN] PackLoader:240 - Cannot read IP mode file for STMicroelectronics.X-CUBE-IPS.3.1.0
2025-03-12 16:06:35,774 [WARN] PackLoader:240 - Cannot read IP mode file for STMicroelectronics.X-CUBE-ALS.1.0.2
2025-03-12 16:06:35,857 [WARN] PackLoader:240 - Cannot read IP mode file for STMicroelectronics.X-CUBE-TOUCHGFX.4.24.2
2025-03-12 16:06:35,966 [WARN] PackLoader:240 - Cannot read IP mode file for STMicroelectronics.X-CUBE-TOUCHGFX.4.24.1
2025-03-12 16:06:36,043 [WARN] PackLoader:240 - Cannot read IP mode file for wolfSSL.I-CUBE-wolfTPM.3.4.0
2025-03-12 16:06:36,298 [WARN] PackLoader:240 - Cannot read IP mode file for portGmbH.I-Cube-SoM-uGOAL.1.1.0
2025-03-12 16:06:36,460 [WARN] PackLoader:240 - Cannot read IP mode file for STMicroelectronics.X-CUBE-AZRTOS-H7RS.1.0.0
2025-03-12 16:06:36,545 [WARN] PackLoader:240 - Cannot read IP mode file for STMicroelectronics.FP-ATR-ASTRA1.2.0.0
2025-03-12 16:06:36,721 [WARN] PackLoader:240 - Cannot read IP mode file for STMicroelectronics.X-CUBE-TOF1.3.4.2
2025-03-12 16:06:36,907 [WARN] PackLoader:240 - Cannot read IP mode file for Infineon.AIROC-Wi-Fi-Bluetooth-STM32.1.6.1
2025-03-12 16:06:36,968 [WARN] PackLoader:240 - Cannot read IP mode file for wolfSSL.I-CUBE-wolfSSH.1.4.17
2025-03-12 16:06:36,969 [INFO] ThirdParty:978 - Integrity check success = true
2025-03-12 16:06:36,969 [INFO] IntegrityCheckThread:100 - exiting critical section [integrity check]
2025-03-12 16:06:36,969 [INFO] IntegrityCheckThread:103 - End integrity checks thread
2025-03-12 16:06:41,793 [INFO] WebApp:463 - Apply proxy settings
2025-03-12 16:06:41,794 [INFO] WebApp:548 - Chromium requires no authentication
2025-03-12 16:06:42,018 [INFO] WebApp:491 - Direct internet connection detected
2025-03-12 16:06:42,553 [INFO] WebApp:894 - Register for checkConnection events
2025-03-12 16:06:42,553 [INFO] WebApp:463 - Apply proxy settings
2025-03-12 16:06:42,554 [INFO] WebApp:548 - Chromium requires no authentication
2025-03-12 16:06:42,631 [INFO] WebApp:491 - Direct internet connection detected
2025-03-12 16:06:44,963 [INFO] WebApp:225 - Starting web application
2025-03-12 16:06:44,964 [INFO] WebApp:593 - Web application path used /opt/st/stm32cubeide_1.18.0/plugins/com.st.stm32cube.common.mx_6.14.0.202502271554/db/plugins/mcufinder/reactClient1/index.html
2025-03-12 16:06:46,781 [INFO] WebApp:191 - Connection restablished
2025-03-12 16:12:39,134 [ERROR] LogOutputStream:75 - [STDERR_REDIRECT] 
