2024-10-07 16:34:09,615 [INFO] Activator:176 - 


2024-10-07 16:34:09,619 [INFO] Activator:177 - !SESSION log4j initialized
2024-10-07 16:34:15,967 [INFO] LogOutputStream:77 - [STDOUT_REDIRECT] 
2024-10-07 16:34:18,053 [INFO] ApplicationProperties:184 - Using Application install path: /home/cdm/Desktop/stm32cubeide_1.16.0/plugins/com.st.stm32cube.common.mx_6.12.0.202406281431
2024-10-07 16:34:18,167 [INFO] DbMcusXml:78 - Set database path to: /home/cdm/Desktop/stm32cubeide_1.16.0/plugins/com.st.stm32cube.common.mx_6.12.0.202406281431//db//mcu/
2024-10-07 16:34:18,167 [INFO] ApiDb:274 - Set plugin database path to: /home/cdm/Desktop/stm32cubeide_1.16.0/plugins/com.st.stm32cube.common.mx_6.12.0.202406281431//db//plugins/boardmanager/
2024-10-07 16:34:18,168 [WARN] ApiDb:259 - Overriding images path with different value:  => /home/cdm/Desktop/stm32cubeide_1.16.0/plugins/com.st.stm32cube.common.mx_6.12.0.202406281431//db//plugins/mcufinder/images/
2024-10-07 16:34:18,285 [INFO] ApiDb:250 - Set database path to: /home/cdm/.stmcufinder/plugins/mcufinder//mcu/
2024-10-07 16:34:18,288 [INFO] DbMcusAds:125 - Set database path to: /home/cdm/.stmcufinder/plugins/mcufinder//mcu/
2024-10-07 16:34:18,293 [INFO] CrossReferenceDbSqlite:203 - Set database path to: /home/cdm/.stmcufinder/plugins/mcufinder//mcu/cs/
2024-10-07 16:34:18,417 [INFO] RulesReader:64 - Compatibility file has been processed (297 Rules)
2024-10-07 16:34:18,551 [INFO] DbMcusXml:78 - Set database path to: /home/cdm/Desktop/stm32cubeide_1.16.0/plugins/com.st.stm32cube.common.mx_6.12.0.202406281431//db//mcu/
2024-10-07 16:34:18,551 [INFO] ApiDb:274 - Set plugin database path to: /home/cdm/Desktop/stm32cubeide_1.16.0/plugins/com.st.stm32cube.common.mx_6.12.0.202406281431//db//plugins/boardmanager/
2024-10-07 16:34:18,551 [INFO] ApiDb:261 - Set plugin images path to: /home/cdm/Desktop/stm32cubeide_1.16.0/plugins/com.st.stm32cube.common.mx_6.12.0.202406281431//db//plugins/mcufinder/images/
2024-10-07 16:34:18,552 [WARN] DbFile:41 - Overriding database path with different value: /home/cdm/.stmcufinder/plugins/mcufinder/ => /home/cdm/.stmcufinder/plugins/mcufinder
2024-10-07 16:34:18,552 [INFO] ApiDb:250 - Set database path to: /home/cdm/.stmcufinder/plugins/mcufinder//mcu/
2024-10-07 16:34:18,552 [WARN] DbFile:41 - Overriding database path with different value: /home/cdm/.stmcufinder/plugins/mcufinder/ => /home/cdm/.stmcufinder/plugins/mcufinder
2024-10-07 16:34:18,552 [INFO] DbMcusAds:125 - Set database path to: /home/cdm/.stmcufinder/plugins/mcufinder//mcu/
2024-10-07 16:34:18,552 [WARN] DbFile:41 - Overriding database path with different value: /home/cdm/.stmcufinder/plugins/mcufinder/ => /home/cdm/.stmcufinder/plugins/mcufinder
2024-10-07 16:34:18,552 [WARN] DbFile:41 - Overriding database path with different value: /home/cdm/.stmcufinder/plugins/mcufinder/ => /home/cdm/.stmcufinder/plugins/mcufinder
2024-10-07 16:34:18,552 [INFO] CrossReferenceDbSqlite:203 - Set database path to: /home/cdm/.stmcufinder/plugins/mcufinder//mcu/cs/
2024-10-07 16:34:18,639 [INFO] MainPanel:268 - HeapMemory: 268435456
2024-10-07 16:34:18,918 [INFO] DbMcusXml:78 - Set database path to: /home/cdm/Desktop/stm32cubeide_1.16.0/plugins/com.st.stm32cube.common.mx_6.12.0.202406281431//db//mcu/
2024-10-07 16:34:18,918 [INFO] ApiDb:274 - Set plugin database path to: /home/cdm/Desktop/stm32cubeide_1.16.0/plugins/com.st.stm32cube.common.mx_6.12.0.202406281431//db//plugins/boardmanager/
2024-10-07 16:34:18,919 [INFO] ApiDb:261 - Set plugin images path to: /home/cdm/Desktop/stm32cubeide_1.16.0/plugins/com.st.stm32cube.common.mx_6.12.0.202406281431//db//plugins/mcufinder/images/
2024-10-07 16:34:18,919 [WARN] DbFile:41 - Overriding database path with different value: /home/cdm/.stmcufinder/plugins/mcufinder/ => /home/cdm/.stmcufinder/plugins/mcufinder
2024-10-07 16:34:18,919 [INFO] ApiDb:250 - Set database path to: /home/cdm/.stmcufinder/plugins/mcufinder//mcu/
2024-10-07 16:34:18,919 [WARN] DbFile:41 - Overriding database path with different value: /home/cdm/.stmcufinder/plugins/mcufinder/ => /home/cdm/.stmcufinder/plugins/mcufinder
2024-10-07 16:34:18,919 [INFO] DbMcusAds:125 - Set database path to: /home/cdm/.stmcufinder/plugins/mcufinder//mcu/
2024-10-07 16:34:18,919 [WARN] DbFile:41 - Overriding database path with different value: /home/cdm/.stmcufinder/plugins/mcufinder/ => /home/cdm/.stmcufinder/plugins/mcufinder
2024-10-07 16:34:18,919 [WARN] DbFile:41 - Overriding database path with different value: /home/cdm/.stmcufinder/plugins/mcufinder/ => /home/cdm/.stmcufinder/plugins/mcufinder
2024-10-07 16:34:18,919 [INFO] CrossReferenceDbSqlite:203 - Set database path to: /home/cdm/.stmcufinder/plugins/mcufinder//mcu/cs/
2024-10-07 16:34:18,933 [INFO] ApplicationProperties:184 - Using Application install path: /home/cdm/Desktop/stm32cubeide_1.16.0/plugins/com.st.stm32cube.common.mx_6.12.0.202406281431
2024-10-07 16:34:18,935 [INFO] PluginManage:196 - Search for loadable plugins [exclusion list=, ]
2024-10-07 16:34:18,936 [INFO] PluginManage:310 - Check plugin analytics
2024-10-07 16:34:19,167 [INFO] AnalyticsPlugin:253 - Accepted Software Licenses: 
2024-10-07 16:34:19,168 [INFO] AnalyticsPlugin:255 - Accepted CMSIS Pack Licenses: 
2024-10-07 16:34:19,168 [INFO] AnalyticsPlugin:257 - Accepted Firmware Licenses: 
2024-10-07 16:34:19,170 [INFO] PluginManage:359 - Loaded plugin analytics (category:tool,tabindex:-1)
2024-10-07 16:34:19,170 [INFO] PluginManage:310 - Check plugin cadmodel
2024-10-07 16:34:19,206 [INFO] CADModel:105 - Init CAD model plugin
2024-10-07 16:34:19,207 [INFO] PluginManage:359 - Loaded plugin cadmodel (category:power,tabindex:5)
2024-10-07 16:34:19,207 [INFO] PluginManage:310 - Check plugin clock
2024-10-07 16:34:19,238 [INFO] PluginManage:359 - Loaded plugin clock (category:base,tabindex:2)
2024-10-07 16:34:19,238 [INFO] PluginManage:310 - Check plugin ddr
2024-10-07 16:34:19,244 [INFO] PluginManage:359 - Loaded plugin ddr (category:tool,tabindex:6)
2024-10-07 16:34:19,245 [INFO] PluginManage:310 - Check plugin filemanager
2024-10-07 16:34:19,478 [INFO] PluginManage:359 - Loaded plugin filemanager (category:base,tabindex:10)
2024-10-07 16:34:19,478 [INFO] PluginManage:310 - Check plugin ipmanager
2024-10-07 16:34:19,514 [INFO] PluginManage:359 - Loaded plugin ipmanager (category:base,tabindex:5)
2024-10-07 16:34:19,514 [INFO] PluginManage:310 - Check plugin lpbam
2024-10-07 16:34:19,557 [INFO] PluginManage:359 - Loaded plugin lpbam (category:base,tabindex:0)
2024-10-07 16:34:19,558 [INFO] PluginManage:310 - Check plugin memorymap
2024-10-07 16:34:19,586 [INFO] PluginManage:359 - Loaded plugin memorymap (category:base,tabindex:4)
2024-10-07 16:34:19,586 [INFO] PluginManage:310 - Check plugin pinoutandconfiguration
2024-10-07 16:34:19,624 [INFO] PluginManage:359 - Loaded plugin pinoutandconfiguration (category:base,tabindex:1)
2024-10-07 16:34:19,624 [INFO] PluginManage:310 - Check plugin pinoutconfig
2024-10-07 16:34:19,777 [WARN] SupportedApi:132 - Cannot load RTOS API schema: s4s-elt-must-match.1: The content of 'definitions' must match (annotation?, (simpleType | complexType)?, (unique | key | keyref)*)). A problem was found starting at: attribute.
2024-10-07 16:34:19,941 [INFO] PluginManage:359 - Loaded plugin pinoutconfig (category:base,tabindex:0)
2024-10-07 16:34:19,941 [INFO] PluginManage:310 - Check plugin power
2024-10-07 16:34:19,978 [INFO] PluginManage:359 - Loaded plugin power (category:power,tabindex:4)
2024-10-07 16:34:19,978 [INFO] PluginManage:310 - Check plugin projectmanager
2024-10-07 16:34:20,013 [INFO] PluginManage:359 - Loaded plugin projectmanager (category:projectmanager,tabindex:4)
2024-10-07 16:34:20,014 [INFO] PluginManage:310 - Check plugin rif
2024-10-07 16:34:20,034 [INFO] PluginManage:359 - Loaded plugin rif (category:base,tabindex:3)
2024-10-07 16:34:20,034 [INFO] PluginManage:310 - Check plugin thirdparty
2024-10-07 16:34:20,273 [INFO] PluginManage:359 - Loaded plugin thirdparty (category:base,tabindex:-1)
2024-10-07 16:34:20,273 [INFO] PluginManage:310 - Check plugin tools
2024-10-07 16:34:20,273 [WARN] IntegrityCheckThread:84 - waiting for thirdparty lock release [integrity check]
2024-10-07 16:34:20,273 [INFO] IntegrityCheckThread:86 - entering critical section [integrity check]
2024-10-07 16:34:20,274 [INFO] ThirdPartyUpdaterWithRetryManager:70 - Updater plugin not ready yet. [1/15]
2024-10-07 16:34:20,295 [INFO] PluginManage:359 - Loaded plugin tools (category:base,tabindex:7)
2024-10-07 16:34:20,295 [INFO] PluginManage:310 - Check plugin tutovideos
2024-10-07 16:34:20,582 [INFO] PluginManage:359 - Loaded plugin tutovideos (category:base,tabindex:-1)
2024-10-07 16:34:20,582 [INFO] PluginManage:310 - Check plugin updater
2024-10-07 16:34:20,618 [INFO] PluginManage:359 - Loaded plugin updater (category:base,tabindex:12)
2024-10-07 16:34:20,618 [INFO] PluginManage:310 - Check plugin userauth
2024-10-07 16:34:20,624 [INFO] UserAuth:113 - Init User Auth plugin
2024-10-07 16:34:20,624 [INFO] PluginManage:359 - Loaded plugin userauth (category:base,tabindex:14)
2024-10-07 16:34:20,625 [INFO] PluginManage:283 - PluginManage : Loaded plugins [18]
2024-10-07 16:34:20,924 [INFO] PinOutPanel:1561 - setPackage(No Configuration,No Configuration)
2024-10-07 16:34:21,018 [INFO] CADModel:165 - CPN selected for project level
2024-10-07 16:34:21,018 [INFO] CADModel:114 - Register for checkConnection events
2024-10-07 16:34:21,027 [INFO] IPUIPlugin:80 - create IPUIPlugin
2024-10-07 16:34:21,027 [INFO] PluginManager:220 - loadIPPluginJar : add fatfs
2024-10-07 16:34:21,057 [INFO] IPUIPlugin:80 - create IPUIPlugin
2024-10-07 16:34:21,058 [INFO] PluginManager:220 - loadIPPluginJar : add quadspi
2024-10-07 16:34:21,068 [INFO] IPUIPlugin:80 - create IPUIPlugin
2024-10-07 16:34:21,069 [INFO] PluginManager:220 - loadIPPluginJar : add spi
2024-10-07 16:34:21,072 [INFO] IPUIPlugin:80 - create IPUIPlugin
2024-10-07 16:34:21,073 [INFO] PluginManager:220 - loadIPPluginJar : add radio
2024-10-07 16:34:21,078 [INFO] IPUIPlugin:80 - create IPUIPlugin
2024-10-07 16:34:21,079 [INFO] PluginManager:220 - loadIPPluginJar : add gic
2024-10-07 16:34:21,082 [INFO] IPUIPlugin:80 - create IPUIPlugin
2024-10-07 16:34:21,082 [INFO] PluginManager:220 - loadIPPluginJar : add pdm2pcm
2024-10-07 16:34:21,084 [INFO] IPUIPlugin:80 - create IPUIPlugin
2024-10-07 16:34:21,084 [INFO] PluginManager:220 - loadIPPluginJar : add can
2024-10-07 16:34:21,086 [INFO] IPUIPlugin:80 - create IPUIPlugin
2024-10-07 16:34:21,086 [INFO] PluginManager:220 - loadIPPluginJar : add ucpd
2024-10-07 16:34:21,088 [INFO] IPUIPlugin:80 - create IPUIPlugin
2024-10-07 16:34:21,089 [INFO] PluginManager:220 - loadIPPluginJar : add i2s
2024-10-07 16:34:21,090 [INFO] IPUIPlugin:80 - create IPUIPlugin
2024-10-07 16:34:21,091 [INFO] PluginManager:220 - loadIPPluginJar : add tim
2024-10-07 16:34:21,092 [INFO] IPUIPlugin:80 - create IPUIPlugin
2024-10-07 16:34:21,092 [INFO] PluginManager:220 - loadIPPluginJar : add ltdc
2024-10-07 16:34:21,094 [INFO] IPUIPlugin:80 - create IPUIPlugin
2024-10-07 16:34:21,094 [INFO] PluginManager:220 - loadIPPluginJar : add dma3
2024-10-07 16:34:21,097 [INFO] IPUIPlugin:80 - create IPUIPlugin
2024-10-07 16:34:21,097 [INFO] PluginManager:220 - loadIPPluginJar : add hash
2024-10-07 16:34:21,100 [INFO] IPUIPlugin:80 - create IPUIPlugin
2024-10-07 16:34:21,100 [INFO] PluginManager:220 - loadIPPluginJar : add i3c
2024-10-07 16:34:21,111 [INFO] IPUIPlugin:80 - create IPUIPlugin
2024-10-07 16:34:21,111 [INFO] PluginManager:220 - loadIPPluginJar : add linkedlist
2024-10-07 16:34:21,114 [INFO] IPUIPlugin:80 - create IPUIPlugin
2024-10-07 16:34:21,114 [INFO] PluginManager:220 - loadIPPluginJar : add aes
2024-10-07 16:34:21,134 [INFO] IPUIPlugin:80 - create IPUIPlugin
2024-10-07 16:34:21,134 [INFO] PluginManager:220 - loadIPPluginJar : add mdma
2024-10-07 16:34:21,136 [INFO] IPUIPlugin:80 - create IPUIPlugin
2024-10-07 16:34:21,136 [INFO] PluginManager:220 - loadIPPluginJar : add usbx
2024-10-07 16:34:21,138 [INFO] IPUIPlugin:80 - create IPUIPlugin
2024-10-07 16:34:21,138 [INFO] PluginManager:220 - loadIPPluginJar : add gfxmmu
2024-10-07 16:34:21,140 [INFO] IPUIPlugin:80 - create IPUIPlugin
2024-10-07 16:34:21,140 [INFO] PluginManager:220 - loadIPPluginJar : add lorawan
2024-10-07 16:34:21,142 [INFO] IPUIPlugin:80 - create IPUIPlugin
2024-10-07 16:34:21,142 [INFO] PluginManager:220 - loadIPPluginJar : add cryp
2024-10-07 16:34:21,190 [INFO] IPUIPlugin:80 - create IPUIPlugin
2024-10-07 16:34:21,190 [INFO] PluginManager:220 - loadIPPluginJar : add ddr_ctrl_phy
2024-10-07 16:34:21,196 [INFO] IPUIPlugin:80 - create IPUIPlugin
2024-10-07 16:34:21,197 [INFO] PluginManager:220 - loadIPPluginJar : add usart
2024-10-07 16:34:21,233 [INFO] IPUIPlugin:80 - create IPUIPlugin
2024-10-07 16:34:21,236 [INFO] PluginManager:220 - loadIPPluginJar : add plateformsettings
2024-10-07 16:34:21,237 [INFO] IPUIPlugin:80 - create IPUIPlugin
2024-10-07 16:34:21,237 [INFO] PluginManager:220 - loadIPPluginJar : add tsc
2024-10-07 16:34:21,239 [INFO] IPUIPlugin:80 - create IPUIPlugin
2024-10-07 16:34:21,240 [INFO] PluginManager:220 - loadIPPluginJar : add openamp
2024-10-07 16:34:21,241 [INFO] IPUIPlugin:80 - create IPUIPlugin
2024-10-07 16:34:21,241 [INFO] PluginManager:220 - loadIPPluginJar : add comp
2024-10-07 16:34:21,248 [INFO] IPUIPlugin:80 - create IPUIPlugin
2024-10-07 16:34:21,248 [INFO] PluginManager:220 - loadIPPluginJar : add adc
2024-10-07 16:34:21,267 [INFO] IPUIPlugin:80 - create IPUIPlugin
2024-10-07 16:34:21,267 [INFO] PluginManager:220 - loadIPPluginJar : add dma
2024-10-07 16:34:21,270 [INFO] IPUIPlugin:80 - create IPUIPlugin
2024-10-07 16:34:21,270 [INFO] PluginManager:220 - loadIPPluginJar : add ipddr
2024-10-07 16:34:21,271 [INFO] IPUIPlugin:80 - create IPUIPlugin
2024-10-07 16:34:21,271 [INFO] PluginManager:220 - loadIPPluginJar : add genericplugin
2024-10-07 16:34:21,273 [INFO] IPUIPlugin:80 - create IPUIPlugin
2024-10-07 16:34:21,273 [INFO] PluginManager:220 - loadIPPluginJar : add opamp
2024-10-07 16:34:21,286 [INFO] IPUIPlugin:80 - create IPUIPlugin
2024-10-07 16:34:21,286 [INFO] PluginManager:220 - loadIPPluginJar : add gpio
2024-10-07 16:34:21,288 [INFO] IPUIPlugin:80 - create IPUIPlugin
2024-10-07 16:34:21,288 [INFO] PluginManager:220 - loadIPPluginJar : add gtzc
2024-10-07 16:34:21,300 [INFO] IPUIPlugin:80 - create IPUIPlugin
2024-10-07 16:34:21,300 [INFO] PluginManager:220 - loadIPPluginJar : add nvic
2024-10-07 16:34:21,303 [INFO] IPUIPlugin:80 - create IPUIPlugin
2024-10-07 16:34:21,303 [INFO] PluginManager:220 - loadIPPluginJar : add touchsensing
2024-10-07 16:34:21,306 [INFO] IPUIPlugin:80 - create IPUIPlugin
2024-10-07 16:34:21,306 [INFO] PluginManager:220 - loadIPPluginJar : add sai
2024-10-07 16:34:21,353 [INFO] IPUIPlugin:80 - create IPUIPlugin
2024-10-07 16:34:21,353 [INFO] PluginManager:220 - loadIPPluginJar : add freertos
2024-10-07 16:34:21,358 [INFO] IPUIPlugin:80 - create IPUIPlugin
2024-10-07 16:34:21,358 [INFO] PluginManager:220 - loadIPPluginJar : add extmemmanager
2024-10-07 16:34:21,362 [INFO] IPUIPlugin:80 - create IPUIPlugin
2024-10-07 16:34:21,362 [INFO] PluginManager:220 - loadIPPluginJar : add i2c
2024-10-07 16:34:21,389 [INFO] IPUIPlugin:80 - create IPUIPlugin
2024-10-07 16:34:21,389 [INFO] PluginManager:220 - loadIPPluginJar : add tracer_emb
2024-10-07 16:34:21,398 [INFO] IPUIPlugin:80 - create IPUIPlugin
2024-10-07 16:34:21,398 [INFO] PluginManager:220 - loadIPPluginJar : add fmc
2024-10-07 16:34:21,401 [INFO] IPUIPlugin:80 - create IPUIPlugin
2024-10-07 16:34:21,401 [INFO] PluginManager:220 - loadIPPluginJar : add ts
2024-10-07 16:34:21,406 [INFO] IPUIPlugin:80 - create IPUIPlugin
2024-10-07 16:34:21,406 [INFO] PluginManager:220 - loadIPPluginJar : add stm32_wpan
2024-10-07 16:34:21,408 [INFO] IPUIPlugin:80 - create IPUIPlugin
2024-10-07 16:34:21,408 [INFO] PluginManager:220 - loadIPPluginJar : add dfsdm
2024-10-07 16:34:21,464 [INFO] IPUIPlugin:80 - create IPUIPlugin
2024-10-07 16:34:21,464 [INFO] PluginManager:220 - loadIPPluginJar : add resmgrutility
2024-10-07 16:34:21,572 [INFO] CADModel:165 - CPN selected for project level
2024-10-07 16:34:21,572 [INFO] CADModel:114 - Register for checkConnection events
2024-10-07 16:34:21,573 [FATAL] Updater:334 - Updater called before beeing initialized
2024-10-07 16:34:21,573 [ERROR] CADModel:125 - Updater not yet initialized, retry later 
2024-10-07 16:34:21,681 [INFO] CADModel:165 - CPN selected for project level
2024-10-07 16:34:21,681 [INFO] CADModel:114 - Register for checkConnection events
2024-10-07 16:34:21,681 [FATAL] Updater:334 - Updater called before beeing initialized
2024-10-07 16:34:21,682 [ERROR] CADModel:125 - Updater not yet initialized, retry later 
2024-10-07 16:34:21,685 [FATAL] Updater:334 - Updater called before beeing initialized
2024-10-07 16:34:21,756 [FATAL] Updater:334 - Updater called before beeing initialized
2024-10-07 16:34:21,783 [INFO] DbMcusAds:53 - JSON generation date=Thu May 16 18:22:00 KST 2024 (1715851320667)
2024-10-07 16:34:21,783 [FATAL] Updater:334 - Updater called before beeing initialized
2024-10-07 16:34:21,900 [WARN] DetailPanel:346 - Failed to get advertising image, set to default
2024-10-07 16:34:21,988 [FATAL] Updater:334 - Updater called before beeing initialized
2024-10-07 16:34:21,990 [FATAL] Updater:334 - Updater called before beeing initialized
2024-10-07 16:34:21,990 [FATAL] Updater:334 - Updater called before beeing initialized
2024-10-07 16:34:21,990 [WARN] DetailPanel:346 - Failed to get advertising image, set to default
2024-10-07 16:34:21,991 [FATAL] Updater:334 - Updater called before beeing initialized
2024-10-07 16:34:22,039 [ERROR] Updater:1164 - MainUpdater not yet initialized. External WinMGr cannot be set.
2024-10-07 16:34:22,040 [INFO] Updater:1100 - Updater Version found : 6.12.0
2024-10-07 16:34:22,065 [INFO] ApplicationProperties:184 - Using Application install path: /home/cdm/Desktop/stm32cubeide_1.16.0/plugins/com.st.stm32cube.common.mx_6.12.0.202406281431
2024-10-07 16:34:22,970 [INFO] MainUpdater:2873 - connection check result : 10
2024-10-07 16:34:22,971 [INFO] MainUpdater:3567 - Updater definition file requires update
2024-10-07 16:34:22,972 [INFO] MainUpdater:290 - Updater Check For Update Now.
2024-10-07 16:34:22,972 [INFO] MicroXplorer:498 - Change Database Version : DB.6.0.120
2024-10-07 16:34:23,052 [INFO] McuFinderGlobals:63 - Set McuFinder mode to 2 (CubeIDE integrated)
2024-10-07 16:34:23,052 [INFO] UserAuth:179 - activating auth plugin
2024-10-07 16:34:23,057 [INFO] UserAuth:417 - Internet connection configuration mode: 1
2024-10-07 16:34:23,165 [INFO] JxBrowserEngine:152 - Initiate JxBrowser Engine with user profile folder
2024-10-07 16:34:23,275 [WARN] MainUpdater:1194 - Updater busy. Cannot search thirdparties
2024-10-07 16:34:23,275 [INFO] ThirdPartyUpdaterWithRetryManager:96 - Updater plugin is busy. [1/15]
2024-10-07 16:34:23,330 [INFO] ServerAccessManage:473 - Download File updaters.zip
2024-10-07 16:34:23,719 [INFO] FileExtend:240 - Unzip File : updaters.zip
2024-10-07 16:34:23,719 [INFO] FileExtend:255 - Standard Zip Deflate
2024-10-07 16:34:24,110 [INFO] ServerAccessManage:473 - Download File PacksControlFlags.xml
2024-10-07 16:34:24,338 [INFO] ServerAccessManage:473 - Download File cubemx.pidx
2024-10-07 16:34:25,080 [INFO] ServerAccessManage:473 - Download File STMicroelectronics.X-CUBE-AI.pdsc
2024-10-07 16:34:26,276 [WARN] MainUpdater:1194 - Updater busy. Cannot search thirdparties
2024-10-07 16:34:26,276 [INFO] ThirdPartyUpdaterWithRetryManager:96 - Updater plugin is busy. [2/15]
2024-10-07 16:34:29,277 [WARN] MainUpdater:1194 - Updater busy. Cannot search thirdparties
2024-10-07 16:34:29,277 [INFO] ThirdPartyUpdaterWithRetryManager:96 - Updater plugin is busy. [3/15]
2024-10-07 16:34:31,126 [INFO] ServerAccessManage:473 - Download File STMicroelectronics.X-CUBE-ISPU.pdsc
2024-10-07 16:34:32,278 [WARN] MainUpdater:1194 - Updater busy. Cannot search thirdparties
2024-10-07 16:34:32,278 [INFO] ThirdPartyUpdaterWithRetryManager:96 - Updater plugin is busy. [4/15]
2024-10-07 16:34:32,370 [INFO] ServerAccessManage:473 - Download File STMicroelectronics.X-CUBE-IPS.pdsc
2024-10-07 16:34:33,024 [INFO] ServerAccessManage:473 - Download File STMicroelectronics.X-CUBE-MEMS1.pdsc
2024-10-07 16:34:35,279 [WARN] MainUpdater:1194 - Updater busy. Cannot search thirdparties
2024-10-07 16:34:35,279 [INFO] ThirdPartyUpdaterWithRetryManager:96 - Updater plugin is busy. [5/15]
2024-10-07 16:34:37,690 [INFO] WebApp:167 - Instantiating new browser for Auth
2024-10-07 16:34:38,280 [WARN] MainUpdater:1194 - Updater busy. Cannot search thirdparties
2024-10-07 16:34:38,280 [INFO] ThirdPartyUpdaterWithRetryManager:96 - Updater plugin is busy. [6/15]
2024-10-07 16:34:40,391 [INFO] ServerAccessManage:473 - Download File STMicroelectronics.X-CUBE-NFC4.pdsc
2024-10-07 16:34:41,280 [WARN] MainUpdater:1194 - Updater busy. Cannot search thirdparties
2024-10-07 16:34:41,281 [INFO] ThirdPartyUpdaterWithRetryManager:96 - Updater plugin is busy. [7/15]
2024-10-07 16:34:44,281 [WARN] MainUpdater:1194 - Updater busy. Cannot search thirdparties
2024-10-07 16:34:44,282 [INFO] ThirdPartyUpdaterWithRetryManager:96 - Updater plugin is busy. [8/15]
2024-10-07 16:34:44,529 [INFO] ServerAccessManage:473 - Download File STMicroelectronics.X-CUBE-NFC6.pdsc
2024-10-07 16:34:45,365 [INFO] ServerAccessManage:473 - Download File STMicroelectronics.X-CUBE-NFC7.pdsc
2024-10-07 16:34:46,215 [INFO] ServerAccessManage:473 - Download File STMicroelectronics.X-CUBE-NFC9.pdsc
2024-10-07 16:34:46,773 [INFO] ServerAccessManage:473 - Download File STMicroelectronics.X-CUBE-NFC10.pdsc
2024-10-07 16:34:47,282 [WARN] MainUpdater:1194 - Updater busy. Cannot search thirdparties
2024-10-07 16:34:47,283 [INFO] ThirdPartyUpdaterWithRetryManager:96 - Updater plugin is busy. [9/15]
2024-10-07 16:34:47,448 [INFO] ServerAccessManage:473 - Download File STMicroelectronics.X-CUBE-SFXS2LP1.pdsc
2024-10-07 16:34:49,249 [INFO] ServerAccessManage:473 - Download File STMicroelectronics.X-CUBE-SAFEA1.pdsc
2024-10-07 16:34:49,537 [INFO] WebApp:448 - Apply proxy settings
2024-10-07 16:34:49,537 [INFO] WebApp:533 - Chromium requires no authentication
2024-10-07 16:34:49,609 [INFO] WebApp:476 - Direct internet connection detected
2024-10-07 16:34:49,733 [INFO] WebApp:869 - Register for checkConnection events
2024-10-07 16:34:49,734 [INFO] WebApp:448 - Apply proxy settings
2024-10-07 16:34:49,734 [INFO] WebApp:533 - Chromium requires no authentication
2024-10-07 16:34:49,735 [INFO] WebApp:476 - Direct internet connection detected
2024-10-07 16:34:49,764 [INFO] ServerAccessManage:473 - Download File STMicroelectronics.X-CUBE-SUBG2.pdsc
2024-10-07 16:34:50,283 [WARN] MainUpdater:1194 - Updater busy. Cannot search thirdparties
2024-10-07 16:34:50,283 [INFO] ThirdPartyUpdaterWithRetryManager:96 - Updater plugin is busy. [10/15]
2024-10-07 16:34:52,316 [INFO] WebApp:220 - Starting web application
2024-10-07 16:34:52,316 [INFO] WebApp:578 - Web application path used /home/cdm/Desktop/stm32cubeide_1.16.0/plugins/com.st.stm32cube.common.mx_6.12.0.202406281431/db/plugins/mcufinder/reactClient1/index.html
2024-10-07 16:34:52,643 [INFO] ServerAccessManage:473 - Download File STMicroelectronics.X-CUBE-SMBUS.pdsc
2024-10-07 16:34:52,900 [INFO] WebApp:186 - Connection restablished
2024-10-07 16:34:53,284 [WARN] MainUpdater:1194 - Updater busy. Cannot search thirdparties
2024-10-07 16:34:53,284 [INFO] ThirdPartyUpdaterWithRetryManager:96 - Updater plugin is busy. [11/15]
2024-10-07 16:34:54,184 [ERROR] ServerAccessManage:1089 - Problem, file not found on Server
2024-10-07 16:34:54,426 [INFO] ServerAccessManage:473 - Download File STMicroelectronics.X-CUBE-TCPP.pdsc
2024-10-07 16:34:54,933 [INFO] ServerAccessManage:473 - Download File STMicroelectronics.X-CUBE-TOF1.pdsc
2024-10-07 16:34:56,285 [WARN] MainUpdater:1194 - Updater busy. Cannot search thirdparties
2024-10-07 16:34:56,285 [INFO] ThirdPartyUpdaterWithRetryManager:96 - Updater plugin is busy. [12/15]
2024-10-07 16:34:58,536 [ERROR] ServerAccessManage:1089 - Problem, file not found on Server
2024-10-07 16:34:59,061 [INFO] ServerAccessManage:473 - Download File STMicroelectronics.X-CUBE-TOUCHGFX.pdsc
2024-10-07 16:34:59,285 [WARN] MainUpdater:1194 - Updater busy. Cannot search thirdparties
2024-10-07 16:34:59,286 [INFO] ThirdPartyUpdaterWithRetryManager:96 - Updater plugin is busy. [13/15]
2024-10-07 16:35:02,286 [WARN] MainUpdater:1194 - Updater busy. Cannot search thirdparties
2024-10-07 16:35:02,286 [INFO] ThirdPartyUpdaterWithRetryManager:96 - Updater plugin is busy. [14/15]
2024-10-07 16:35:05,081 [INFO] ServerAccessManage:473 - Download File STMicroelectronics.X-CUBE-ALGOBUILD.pdsc
2024-10-07 16:35:05,287 [WARN] MainUpdater:1194 - Updater busy. Cannot search thirdparties
2024-10-07 16:35:05,287 [INFO] ThirdPartyUpdaterWithRetryManager:96 - Updater plugin is busy. [15/15]
2024-10-07 16:35:05,288 [ERROR] IntegrityCheckThread:130 - Cannot retrieve database content from updater: error -1
2024-10-07 16:35:05,288 [INFO] ThirdParty:978 - Integrity check success = false
2024-10-07 16:35:05,288 [INFO] IntegrityCheckThread:100 - exiting critical section [integrity check]
2024-10-07 16:35:05,288 [INFO] IntegrityCheckThread:103 - End integrity checks thread
2024-10-07 16:35:07,281 [INFO] ServerAccessManage:473 - Download File STMicroelectronics.X-CUBE-AZRTOS-H7.pdsc
2024-10-07 16:35:09,544 [INFO] ServerAccessManage:473 - Download File STMicroelectronics.X-CUBE-AZRTOS-H7RS.pdsc
2024-10-07 16:35:10,113 [INFO] ServerAccessManage:473 - Download File STMicroelectronics.X-CUBE-AZRTOS-F4.pdsc
2024-10-07 16:35:11,263 [INFO] ServerAccessManage:473 - Download File STMicroelectronics.X-CUBE-AZRTOS-F7.pdsc
2024-10-07 16:35:12,099 [INFO] ServerAccessManage:473 - Download File STMicroelectronics.X-CUBE-AZRTOS-L4.pdsc
2024-10-07 16:35:13,035 [INFO] ServerAccessManage:473 - Download File STMicroelectronics.X-CUBE-AZRTOS-L5.pdsc
2024-10-07 16:35:14,122 [INFO] ServerAccessManage:473 - Download File STMicroelectronics.X-CUBE-AZRTOS-G0.pdsc
2024-10-07 16:35:14,931 [INFO] ServerAccessManage:473 - Download File STMicroelectronics.X-CUBE-AZRTOS-G4.pdsc
2024-10-07 16:35:15,842 [INFO] ServerAccessManage:473 - Download File STMicroelectronics.X-CUBE-AZRTOS-WB.pdsc
2024-10-07 16:35:17,101 [INFO] ServerAccessManage:473 - Download File STMicroelectronics.X-CUBE-AZRTOS-WL.pdsc
2024-10-07 16:35:17,848 [INFO] ServerAccessManage:473 - Download File STMicroelectronics.X-CUBE-WB05N.pdsc
2024-10-07 16:35:19,132 [INFO] ServerAccessManage:473 - Download File wolfSSL.I-CUBE-wolfSSL.pdsc
2024-10-07 16:35:23,827 [ERROR] ServerAccessManage:1089 - Problem, file not found on Server
2024-10-07 16:35:24,274 [ERROR] ServerAccessManage:1089 - Problem, file not found on Server
2024-10-07 16:35:24,712 [ERROR] ServerAccessManage:1089 - Problem, file not found on Server
2024-10-07 16:35:24,917 [INFO] ServerAccessManage:473 - Download File wolfSSL.I-CUBE-wolfMQTT.pdsc
2024-10-07 16:35:25,995 [ERROR] ServerAccessManage:1089 - Problem, file not found on Server
2024-10-07 16:35:26,199 [INFO] ServerAccessManage:473 - Download File wolfSSL.I-CUBE-wolfTPM.pdsc
2024-10-07 16:35:27,510 [INFO] ServerAccessManage:473 - Download File wolfSSL.I-CUBE-wolfSSH.pdsc
2024-10-07 16:35:29,049 [INFO] ServerAccessManage:473 - Download File RealThread.X-CUBE-RT-Thread_Nano.pdsc
2024-10-07 16:35:30,688 [INFO] ServerAccessManage:473 - Download File SEGGER.I-CUBE-embOS.pdsc
2024-10-07 16:35:34,382 [INFO] ServerAccessManage:473 - Download File portGmbH.I-Cube-SoM-uGOAL.pdsc
2024-10-07 16:35:36,958 [ERROR] ServerAccessManage:1089 - Problem, file not found on Server
2024-10-07 16:35:37,219 [ERROR] ServerAccessManage:1089 - Problem, file not found on Server
2024-10-07 16:35:37,482 [ERROR] ServerAccessManage:1089 - Problem, file not found on Server
2024-10-07 16:35:38,983 [INFO] ServerAccessManage:473 - Download File emotas.I-CUBE-CANOPEN.pdsc
2024-10-07 16:35:40,847 [INFO] ServerAccessManage:473 - Download File WES.I-CUBE-Cesium.pdsc
2024-10-07 16:35:41,486 [ERROR] ServerAccessManage:1089 - Problem, file not found on Server
2024-10-07 16:35:41,783 [ERROR] ServerAccessManage:1089 - Problem, file not found on Server
2024-10-07 16:35:42,909 [INFO] ServerAccessManage:473 - Download File ITTIA_DB.I-CUBE-ITTIADB.pdsc
2024-10-07 16:35:46,784 [INFO] ServerAccessManage:473 - Download File Infineon.AIROC-Wi-Fi-Bluetooth-STM32.pdsc
2024-10-07 16:35:52,156 [INFO] ServerAccessManage:473 - Download File Cesanta.I-CUBE-Mongoose.pdsc
2024-10-07 16:35:55,693 [INFO] ServerAccessManage:473 - Download File EmbeddedOffice.I-CUBE-FS-RTOS.pdsc
2024-10-07 16:35:56,558 [WARN] PackLoader:240 - Cannot read IP mode file for STMicroelectronics.X-CUBE-AI.9.1.0
2024-10-07 16:35:56,567 [WARN] PackLoader:240 - Cannot read IP mode file for STMicroelectronics.X-CUBE-ISPU.2.1.0
2024-10-07 16:35:56,580 [INFO] CheckServerUpdateThread:120 - End of CheckServer Thread
2024-10-07 16:35:56,589 [WARN] PackLoader:240 - Cannot read IP mode file for STMicroelectronics.X-CUBE-IPS.3.0.0
2024-10-07 16:35:56,659 [WARN] PackLoader:240 - Cannot read IP mode file for STMicroelectronics.X-CUBE-MEMS1.11.0.0
2024-10-07 16:35:56,857 [WARN] PackLoader:240 - Cannot read IP mode file for STMicroelectronics.X-CUBE-NFC4.3.0.0
2024-10-07 16:35:56,864 [WARN] PackLoader:240 - Cannot read IP mode file for STMicroelectronics.X-CUBE-NFC6.3.1.0
2024-10-07 16:35:56,869 [WARN] PackLoader:240 - Cannot read IP mode file for STMicroelectronics.X-CUBE-NFC7.1.0.1
2024-10-07 16:35:56,875 [WARN] PackLoader:240 - Cannot read IP mode file for STMicroelectronics.X-CUBE-NFC9.1.0.0
2024-10-07 16:35:56,881 [WARN] PackLoader:240 - Cannot read IP mode file for STMicroelectronics.X-CUBE-NFC10.1.0.0
2024-10-07 16:35:56,888 [WARN] PackLoader:240 - Cannot read IP mode file for STMicroelectronics.X-CUBE-SFXS2LP1.4.0.0
2024-10-07 16:35:56,896 [WARN] PackLoader:240 - Cannot read IP mode file for STMicroelectronics.X-CUBE-SAFEA1.1.2.2
2024-10-07 16:35:56,905 [WARN] PackLoader:240 - Cannot read IP mode file for STMicroelectronics.X-CUBE-SUBG2.5.0.0
2024-10-07 16:35:56,914 [WARN] PackLoader:240 - Cannot read IP mode file for STMicroelectronics.X-CUBE-SMBUS.2.1.0
2024-10-07 16:35:56,919 [WARN] PackLoader:240 - Cannot read IP mode file for STMicroelectronics.X-CUBE-TCPP.4.1.0
2024-10-07 16:35:56,930 [WARN] PackLoader:240 - Cannot read IP mode file for STMicroelectronics.X-CUBE-TOF1.3.4.2
2024-10-07 16:35:56,945 [WARN] PackLoader:240 - Cannot read IP mode file for STMicroelectronics.X-CUBE-TOUCHGFX.4.24.1
2024-10-07 16:35:56,950 [WARN] PackLoader:240 - Cannot read IP mode file for STMicroelectronics.X-CUBE-ALGOBUILD.1.4.0
2024-10-07 16:35:56,973 [WARN] PackLoader:240 - Cannot read IP mode file for STMicroelectronics.X-CUBE-AZRTOS-H7.3.3.0
2024-10-07 16:35:56,988 [WARN] PackLoader:240 - Cannot read IP mode file for STMicroelectronics.X-CUBE-AZRTOS-H7RS.1.0.0
2024-10-07 16:35:57,004 [WARN] PackLoader:240 - Cannot read IP mode file for STMicroelectronics.X-CUBE-AZRTOS-F4.1.1.0
2024-10-07 16:35:57,023 [WARN] PackLoader:240 - Cannot read IP mode file for STMicroelectronics.X-CUBE-AZRTOS-F7.1.1.0
2024-10-07 16:35:57,038 [WARN] ConditionMgr:438 - getConditionDescription Invalid condition id : LAN8742 Phy interface Condition cause : null
2024-10-07 16:35:57,039 [WARN] PackLoader:240 - Cannot read IP mode file for STMicroelectronics.X-CUBE-AZRTOS-L4.2.0.0
2024-10-07 16:35:57,040 [WARN] ConditionMgr:1039 - genDependencies : Invalid condition id : LAN8742 Phy interface Condition cause : null
2024-10-07 16:35:57,040 [WARN] ConditionMgr:1039 - genDependencies : Invalid condition id : LAN8742 Phy interface Condition cause : null
2024-10-07 16:35:57,041 [WARN] ConditionMgr:1039 - genDependencies : Invalid condition id : LAN8742 Phy interface Condition cause : null
2024-10-07 16:35:57,054 [WARN] PackLoader:240 - Cannot read IP mode file for STMicroelectronics.X-CUBE-AZRTOS-L5.2.0.0
2024-10-07 16:35:57,067 [WARN] PackLoader:240 - Cannot read IP mode file for STMicroelectronics.X-CUBE-AZRTOS-G0.1.1.0
2024-10-07 16:35:57,078 [WARN] PackLoader:240 - Cannot read IP mode file for STMicroelectronics.X-CUBE-AZRTOS-G4.2.0.0
2024-10-07 16:35:57,088 [WARN] ConditionMgr:438 - getConditionDescription Invalid condition id : UX DEVICE CLASS RTOS Condition cause : null
2024-10-07 16:35:57,089 [WARN] ConditionMgr:438 - getConditionDescription Invalid condition id : UX DEVICE CLASS RTOS Condition cause : null
2024-10-07 16:35:57,090 [WARN] PackLoader:240 - Cannot read IP mode file for STMicroelectronics.X-CUBE-AZRTOS-WB.2.0.0
2024-10-07 16:35:57,091 [WARN] ConditionMgr:1039 - genDependencies : Invalid condition id : UX DEVICE CLASS RTOS Condition cause : null
2024-10-07 16:35:57,091 [WARN] ConditionMgr:1039 - genDependencies : Invalid condition id : UX DEVICE CLASS RTOS Condition cause : null
2024-10-07 16:35:57,091 [WARN] ConditionMgr:1039 - genDependencies : Invalid condition id : UX DEVICE CLASS RTOS Condition cause : null
2024-10-07 16:35:57,092 [WARN] ConditionMgr:1039 - genDependencies : Invalid condition id : UX DEVICE CLASS RTOS Condition cause : null
2024-10-07 16:35:57,092 [WARN] ConditionMgr:1039 - genDependencies : Invalid condition id : UX DEVICE CLASS RTOS Condition cause : null
2024-10-07 16:35:57,098 [INFO] LogOutputStream:77 - [STDOUT_REDIRECT] 1 : Invalid condition id : UX_CORESTACK_Condition cause : null
2024-10-07 16:35:57,098 [INFO] LogOutputStream:77 - [STDOUT_REDIRECT] 1 : Invalid condition id : UX_CORESTACK_Condition cause : null
2024-10-07 16:35:57,099 [INFO] LogOutputStream:77 - [STDOUT_REDIRECT] 1 : Invalid condition id : UX_CORESTACK_Condition cause : null
2024-10-07 16:35:57,099 [INFO] LogOutputStream:77 - [STDOUT_REDIRECT] 1 : Invalid condition id : UX_CORESTACK_Condition cause : null
2024-10-07 16:35:57,099 [INFO] LogOutputStream:77 - [STDOUT_REDIRECT] 1 : Invalid condition id : UX_CORESTACK_Condition cause : null
2024-10-07 16:35:57,101 [WARN] PackLoader:240 - Cannot read IP mode file for STMicroelectronics.X-CUBE-AZRTOS-WL.2.0.0
2024-10-07 16:35:57,106 [WARN] PackLoader:240 - Cannot read IP mode file for STMicroelectronics.X-CUBE-WB05N.1.1.0
2024-10-07 16:35:57,109 [WARN] PackLoader:240 - Cannot read IP mode file for wolfSSL.I-CUBE-wolfSSL.5.7.2
2024-10-07 16:35:57,110 [WARN] PackLoader:240 - Cannot read IP mode file for wolfSSL.I-CUBE-wolfMQTT.1.19.0
2024-10-07 16:35:57,112 [WARN] PackLoader:240 - Cannot read IP mode file for wolfSSL.I-CUBE-wolfTPM.3.4.0
2024-10-07 16:35:57,113 [WARN] PackLoader:240 - Cannot read IP mode file for wolfSSL.I-CUBE-wolfSSH.1.4.17
2024-10-07 16:35:57,115 [WARN] PackLoader:240 - Cannot read IP mode file for RealThread.X-CUBE-RT-Thread_Nano.4.1.1
2024-10-07 16:35:57,139 [WARN] PackLoader:240 - Cannot read IP mode file for SEGGER.I-CUBE-embOS.1.3.1
2024-10-07 16:35:57,168 [WARN] PackLoader:240 - Cannot read IP mode file for portGmbH.I-Cube-SoM-uGOAL.1.1.0
2024-10-07 16:35:57,171 [WARN] PackLoader:240 - Cannot read IP mode file for emotas.I-CUBE-CANOPEN.1.3.0
2024-10-07 16:35:57,175 [WARN] PackLoader:240 - Cannot read IP mode file for WES.I-CUBE-Cesium.1.3.0
2024-10-07 16:35:57,178 [WARN] PackLoader:240 - Cannot read IP mode file for ITTIA_DB.I-CUBE-ITTIADB.8.9.0
2024-10-07 16:35:57,192 [WARN] PackLoader:240 - Cannot read IP mode file for Infineon.AIROC-Wi-Fi-Bluetooth-STM32.1.6.1
2024-10-07 16:35:57,196 [WARN] PackLoader:240 - Cannot read IP mode file for Cesanta.I-CUBE-Mongoose.7.13.0
2024-10-07 16:35:57,202 [WARN] PackLoader:240 - Cannot read IP mode file for EmbeddedOffice.I-CUBE-FS-RTOS.1.0.1
2024-10-07 16:35:57,202 [ERROR] ConditionMgr:805 - Attr not supported : Dmpu
2024-10-07 16:35:57,202 [ERROR] ConditionMgr:805 - Attr not supported : Dmpu
2024-10-07 16:35:57,202 [ERROR] ConditionMgr:805 - Attr not supported : Dmpu
2024-10-07 16:35:57,202 [ERROR] ConditionMgr:805 - Attr not supported : Dmpu
2024-10-07 16:35:57,203 [ERROR] ConditionMgr:805 - Attr not supported : Dmpu
2024-10-07 16:35:57,203 [ERROR] ConditionMgr:805 - Attr not supported : Dmpu
2024-10-07 16:35:57,203 [ERROR] ConditionMgr:805 - Attr not supported : Dmpu
2024-10-07 16:35:57,203 [ERROR] ConditionMgr:805 - Attr not supported : Dmpu
2024-10-07 16:35:57,203 [ERROR] ConditionMgr:805 - Attr not supported : Dmpu
2024-10-07 16:35:57,203 [ERROR] ConditionMgr:805 - Attr not supported : Dmpu
2024-10-07 16:35:57,203 [ERROR] ConditionMgr:805 - Attr not supported : Dmpu
2024-10-07 16:35:57,203 [ERROR] ConditionMgr:805 - Attr not supported : Dmpu
2024-10-07 16:35:57,203 [ERROR] ConditionMgr:805 - Attr not supported : Dmpu
2024-10-07 16:35:57,203 [ERROR] ConditionMgr:805 - Attr not supported : Dmpu
2024-10-07 16:35:57,203 [ERROR] ConditionMgr:805 - Attr not supported : Dmpu
2024-10-07 16:35:57,203 [ERROR] ConditionMgr:805 - Attr not supported : Dmpu
2024-10-07 16:35:57,203 [ERROR] ConditionMgr:805 - Attr not supported : Dmpu
2024-10-07 16:35:57,203 [ERROR] ConditionMgr:805 - Attr not supported : Dmpu
2024-10-07 16:35:57,203 [ERROR] ConditionMgr:805 - Attr not supported : Dmpu
2024-10-07 16:35:57,204 [ERROR] ConditionMgr:805 - Attr not supported : Dmpu
2024-10-07 16:35:57,204 [ERROR] ConditionMgr:805 - Attr not supported : Dmpu
2024-10-07 16:35:57,204 [ERROR] ConditionMgr:805 - Attr not supported : Dmpu
2024-10-07 16:35:57,204 [ERROR] ConditionMgr:805 - Attr not supported : Dmpu
2024-10-07 16:35:57,204 [ERROR] ConditionMgr:805 - Attr not supported : Dmpu
2024-10-07 16:35:57,204 [ERROR] ConditionMgr:805 - Attr not supported : Dmpu
2024-10-07 16:35:57,204 [ERROR] ConditionMgr:805 - Attr not supported : Dmpu
2024-10-07 16:35:57,204 [ERROR] ConditionMgr:805 - Attr not supported : Dmpu
2024-10-07 16:35:57,204 [ERROR] ConditionMgr:805 - Attr not supported : Dmpu
2024-10-07 16:35:57,204 [ERROR] ConditionMgr:805 - Attr not supported : Dmpu
2024-10-07 16:35:57,204 [ERROR] ConditionMgr:805 - Attr not supported : Dmpu
2024-10-07 16:35:57,204 [ERROR] ConditionMgr:805 - Attr not supported : Dmpu
2024-10-07 16:35:57,204 [ERROR] ConditionMgr:805 - Attr not supported : Dmpu
2024-10-07 16:35:57,204 [ERROR] ConditionMgr:805 - Attr not supported : Dmpu
2024-10-07 16:35:57,204 [ERROR] ConditionMgr:805 - Attr not supported : Dmpu
2024-10-07 16:35:57,204 [ERROR] ConditionMgr:805 - Attr not supported : Dmpu
2024-10-07 16:35:57,204 [ERROR] ConditionMgr:805 - Attr not supported : Dmpu
2024-10-07 16:35:57,204 [ERROR] ConditionMgr:805 - Attr not supported : Dmpu
2024-10-07 16:35:57,205 [ERROR] ConditionMgr:805 - Attr not supported : Dmpu
2024-10-07 16:35:57,205 [ERROR] ConditionMgr:805 - Attr not supported : Dmpu
2024-10-07 16:35:57,205 [ERROR] ConditionMgr:805 - Attr not supported : Dmpu
2024-10-07 16:35:57,205 [ERROR] ConditionMgr:805 - Attr not supported : Dmpu
2024-10-07 16:35:57,205 [ERROR] ConditionMgr:805 - Attr not supported : Dmpu
2024-10-07 16:35:57,205 [ERROR] ConditionMgr:805 - Attr not supported : Dmpu
2024-10-07 16:35:57,205 [ERROR] ConditionMgr:805 - Attr not supported : Dmpu
2024-10-07 16:35:57,205 [ERROR] ConditionMgr:805 - Attr not supported : Dmpu
2024-10-07 16:35:57,205 [ERROR] ConditionMgr:805 - Attr not supported : Dmpu
2024-10-07 16:35:57,205 [ERROR] ConditionMgr:805 - Attr not supported : Dmpu
2024-10-07 16:35:57,205 [ERROR] ConditionMgr:805 - Attr not supported : Dmpu
2024-10-07 16:35:57,205 [ERROR] ConditionMgr:805 - Attr not supported : Dmpu
2024-10-07 16:35:57,205 [ERROR] ConditionMgr:805 - Attr not supported : Dmpu
2024-10-07 16:35:57,205 [ERROR] ConditionMgr:805 - Attr not supported : Dmpu
2024-10-07 16:35:57,205 [ERROR] ConditionMgr:805 - Attr not supported : Dmpu
2024-10-07 16:35:57,205 [ERROR] ConditionMgr:805 - Attr not supported : Dmpu
2024-10-07 16:35:57,205 [ERROR] ConditionMgr:805 - Attr not supported : Dmpu
2024-10-07 16:35:57,205 [ERROR] ConditionMgr:805 - Attr not supported : Dmpu
2024-10-07 16:35:57,205 [ERROR] ConditionMgr:805 - Attr not supported : Dmpu
2024-10-07 16:35:57,205 [ERROR] ConditionMgr:805 - Attr not supported : Dmpu
2024-10-07 16:35:57,205 [ERROR] ConditionMgr:805 - Attr not supported : Dmpu
2024-10-07 16:35:57,205 [ERROR] ConditionMgr:805 - Attr not supported : Dmpu
2024-10-07 16:35:57,205 [ERROR] ConditionMgr:805 - Attr not supported : Dmpu
2024-10-07 16:35:57,206 [ERROR] ConditionMgr:805 - Attr not supported : Dmpu
2024-10-07 16:35:57,206 [ERROR] ConditionMgr:805 - Attr not supported : Dmpu
2024-10-07 16:35:57,206 [ERROR] ConditionMgr:805 - Attr not supported : Dmpu
2024-10-07 16:35:57,206 [ERROR] ConditionMgr:805 - Attr not supported : Dmpu
2024-10-07 16:35:57,206 [INFO] PopulateThirdPartyThread:66 - Ending populate Thread
2024-10-07 16:35:57,208 [INFO] ThirdParty:1030 - CMSIS Pack Vendor :STMicroelectronics X-CUBE-AZRTOS-H7 3.3.0
2024-10-07 16:35:57,208 [INFO] ThirdParty:1030 - CMSIS Pack Vendor :STMicroelectronics X-CUBE-NFC9 1.0.0
2024-10-07 16:35:57,208 [INFO] ThirdParty:1030 - CMSIS Pack Vendor :RealThread X-CUBE-RT-Thread_Nano 4.1.1
2024-10-07 16:35:57,208 [INFO] ThirdParty:1030 - CMSIS Pack Vendor :STMicroelectronics X-CUBE-AZRTOS-F4 1.1.0
2024-10-07 16:35:57,208 [INFO] ThirdParty:1030 - CMSIS Pack Vendor :STMicroelectronics X-CUBE-NFC10 1.0.0
2024-10-07 16:35:57,208 [INFO] ThirdParty:1030 - CMSIS Pack Vendor :wolfSSL I-CUBE-wolfSSL 5.7.2
2024-10-07 16:35:57,208 [INFO] ThirdParty:1030 - CMSIS Pack Vendor :STMicroelectronics X-CUBE-SMBUS 2.1.0
2024-10-07 16:35:57,208 [INFO] ThirdParty:1030 - CMSIS Pack Vendor :STMicroelectronics X-CUBE-WB05N 1.1.0
2024-10-07 16:35:57,208 [INFO] ThirdParty:1030 - CMSIS Pack Vendor :STMicroelectronics X-CUBE-ISPU 2.1.0
2024-10-07 16:35:57,208 [INFO] ThirdParty:1030 - CMSIS Pack Vendor :STMicroelectronics X-CUBE-TCPP 4.1.0
2024-10-07 16:35:57,208 [INFO] ThirdParty:1030 - CMSIS Pack Vendor :STMicroelectronics X-CUBE-IPS 3.0.0
2024-10-07 16:35:57,208 [INFO] ThirdParty:1030 - CMSIS Pack Vendor :STMicroelectronics X-CUBE-AZRTOS-WB 2.0.0
2024-10-07 16:35:57,208 [INFO] ThirdParty:1030 - CMSIS Pack Vendor :emotas I-CUBE-CANOPEN 1.3.0
2024-10-07 16:35:57,209 [INFO] ThirdParty:1030 - CMSIS Pack Vendor :STMicroelectronics X-CUBE-NFC7 1.0.1
2024-10-07 16:35:57,209 [INFO] ThirdParty:1030 - CMSIS Pack Vendor :ITTIA_DB I-CUBE-ITTIADB 8.9.0
2024-10-07 16:35:57,209 [INFO] ThirdParty:1030 - CMSIS Pack Vendor :STMicroelectronics X-CUBE-TOUCHGFX 4.24.1
2024-10-07 16:35:57,209 [INFO] ThirdParty:1030 - CMSIS Pack Vendor :STMicroelectronics X-CUBE-AZRTOS-F7 1.1.0
2024-10-07 16:35:57,209 [INFO] ThirdParty:1030 - CMSIS Pack Vendor :STMicroelectronics X-CUBE-AZRTOS-L5 2.0.0
2024-10-07 16:35:57,209 [INFO] ThirdParty:1030 - CMSIS Pack Vendor :wolfSSL I-CUBE-wolfTPM 3.4.0
2024-10-07 16:35:57,209 [INFO] ThirdParty:1030 - CMSIS Pack Vendor :portGmbH I-Cube-SoM-uGOAL 1.1.0
2024-10-07 16:35:57,209 [INFO] ThirdParty:1030 - CMSIS Pack Vendor :STMicroelectronics X-CUBE-NFC6 3.1.0
2024-10-07 16:35:57,209 [INFO] ThirdParty:1030 - CMSIS Pack Vendor :STMicroelectronics X-CUBE-AZRTOS-WL 2.0.0
2024-10-07 16:35:57,209 [INFO] ThirdParty:1030 - CMSIS Pack Vendor :SEGGER I-CUBE-embOS 1.3.1
2024-10-07 16:35:57,209 [INFO] ThirdParty:1030 - CMSIS Pack Vendor :STMicroelectronics X-CUBE-MEMS1 11.0.0
2024-10-07 16:35:57,209 [INFO] ThirdParty:1030 - CMSIS Pack Vendor :STMicroelectronics X-CUBE-ALGOBUILD 1.4.0
2024-10-07 16:35:57,209 [INFO] ThirdParty:1030 - CMSIS Pack Vendor :STMicroelectronics X-CUBE-AZRTOS-G0 1.1.0
2024-10-07 16:35:57,209 [INFO] ThirdParty:1030 - CMSIS Pack Vendor :STMicroelectronics X-CUBE-NFC4 3.0.0
2024-10-07 16:35:57,209 [INFO] ThirdParty:1030 - CMSIS Pack Vendor :STMicroelectronics X-CUBE-SAFEA1 1.2.2
2024-10-07 16:35:57,209 [INFO] ThirdParty:1030 - CMSIS Pack Vendor :STMicroelectronics X-CUBE-SUBG2 5.0.0
2024-10-07 16:35:57,209 [INFO] ThirdParty:1030 - CMSIS Pack Vendor :STMicroelectronics X-CUBE-AZRTOS-H7RS 1.0.0
2024-10-07 16:35:57,209 [INFO] ThirdParty:1030 - CMSIS Pack Vendor :wolfSSL I-CUBE-wolfMQTT 1.19.0
2024-10-07 16:35:57,209 [INFO] ThirdParty:1030 - CMSIS Pack Vendor :STMicroelectronics X-CUBE-AZRTOS-L4 2.0.0
2024-10-07 16:35:57,209 [INFO] ThirdParty:1030 - CMSIS Pack Vendor :WES I-CUBE-Cesium 1.3.0
2024-10-07 16:35:57,209 [INFO] ThirdParty:1030 - CMSIS Pack Vendor :EmbeddedOffice I-CUBE-FS-RTOS 1.0.1
2024-10-07 16:35:57,209 [INFO] ThirdParty:1030 - CMSIS Pack Vendor :STMicroelectronics X-CUBE-SFXS2LP1 4.0.0
2024-10-07 16:35:57,209 [INFO] ThirdParty:1030 - CMSIS Pack Vendor :STMicroelectronics X-CUBE-TOF1 3.4.2
2024-10-07 16:35:57,209 [INFO] ThirdParty:1030 - CMSIS Pack Vendor :Cesanta I-CUBE-Mongoose 7.13.0
2024-10-07 16:35:57,209 [INFO] ThirdParty:1030 - CMSIS Pack Vendor :STMicroelectronics X-CUBE-AI 9.1.0
2024-10-07 16:35:57,209 [INFO] ThirdParty:1030 - CMSIS Pack Vendor :Infineon AIROC-Wi-Fi-Bluetooth-STM32 1.6.1
2024-10-07 16:35:57,209 [INFO] ThirdParty:1030 - CMSIS Pack Vendor :STMicroelectronics X-CUBE-AZRTOS-G4 2.0.0
2024-10-07 16:35:57,209 [INFO] ThirdParty:1030 - CMSIS Pack Vendor :wolfSSL I-CUBE-wolfSSH 1.4.17
2024-10-07 16:35:57,210 [INFO] LoadServerUpdatesThread:375 - End of LoadServerUpdate Thread
