2025-03-06 12:43:08,446 [INFO] Activator:176 - 


2025-03-06 12:43:08,461 [INFO] Activator:177 - !SESSION log4j initialized
2025-03-06 12:43:16,146 [INFO] LogOutputStream:77 - [STDOUT_REDIRECT] 
2025-03-06 12:43:18,410 [INFO] ApplicationProperties:184 - Using Application install path: /home/cdm/Desktop/stm32cubeide_1.16.0/plugins/com.st.stm32cube.common.mx_6.12.0.202406281431
2025-03-06 12:43:18,457 [INFO] DbMcusXml:78 - Set database path to: /home/cdm/Desktop/stm32cubeide_1.16.0/plugins/com.st.stm32cube.common.mx_6.12.0.202406281431//db//mcu/
2025-03-06 12:43:18,458 [INFO] ApiDb:274 - Set plugin database path to: /home/cdm/Desktop/stm32cubeide_1.16.0/plugins/com.st.stm32cube.common.mx_6.12.0.202406281431//db//plugins/boardmanager/
2025-03-06 12:43:18,458 [WARN] ApiDb:259 - Overriding images path with different value:  => /home/cdm/Desktop/stm32cubeide_1.16.0/plugins/com.st.stm32cube.common.mx_6.12.0.202406281431//db//plugins/mcufinder/images/
2025-03-06 12:43:18,467 [INFO] ApiDb:250 - Set database path to: /home/cdm/.stmcufinder/plugins/mcufinder//mcu/
2025-03-06 12:43:18,468 [INFO] DbMcusAds:125 - Set database path to: /home/cdm/.stmcufinder/plugins/mcufinder//mcu/
2025-03-06 12:43:18,471 [INFO] CrossReferenceDbSqlite:203 - Set database path to: /home/cdm/.stmcufinder/plugins/mcufinder//mcu/cs/
2025-03-06 12:43:18,603 [INFO] RulesReader:64 - Compatibility file has been processed (297 Rules)
2025-03-06 12:43:18,769 [INFO] DbMcusXml:78 - Set database path to: /home/cdm/Desktop/stm32cubeide_1.16.0/plugins/com.st.stm32cube.common.mx_6.12.0.202406281431//db//mcu/
2025-03-06 12:43:18,769 [INFO] ApiDb:274 - Set plugin database path to: /home/cdm/Desktop/stm32cubeide_1.16.0/plugins/com.st.stm32cube.common.mx_6.12.0.202406281431//db//plugins/boardmanager/
2025-03-06 12:43:18,769 [INFO] ApiDb:261 - Set plugin images path to: /home/cdm/Desktop/stm32cubeide_1.16.0/plugins/com.st.stm32cube.common.mx_6.12.0.202406281431//db//plugins/mcufinder/images/
2025-03-06 12:43:18,769 [WARN] DbFile:41 - Overriding database path with different value: /home/cdm/.stmcufinder/plugins/mcufinder/ => /home/cdm/.stmcufinder/plugins/mcufinder
2025-03-06 12:43:18,769 [INFO] ApiDb:250 - Set database path to: /home/cdm/.stmcufinder/plugins/mcufinder//mcu/
2025-03-06 12:43:18,769 [WARN] DbFile:41 - Overriding database path with different value: /home/cdm/.stmcufinder/plugins/mcufinder/ => /home/cdm/.stmcufinder/plugins/mcufinder
2025-03-06 12:43:18,770 [INFO] DbMcusAds:125 - Set database path to: /home/cdm/.stmcufinder/plugins/mcufinder//mcu/
2025-03-06 12:43:18,770 [WARN] DbFile:41 - Overriding database path with different value: /home/cdm/.stmcufinder/plugins/mcufinder/ => /home/cdm/.stmcufinder/plugins/mcufinder
2025-03-06 12:43:18,770 [WARN] DbFile:41 - Overriding database path with different value: /home/cdm/.stmcufinder/plugins/mcufinder/ => /home/cdm/.stmcufinder/plugins/mcufinder
2025-03-06 12:43:18,770 [INFO] CrossReferenceDbSqlite:203 - Set database path to: /home/cdm/.stmcufinder/plugins/mcufinder//mcu/cs/
2025-03-06 12:43:18,851 [INFO] MainPanel:268 - HeapMemory: 268435456
2025-03-06 12:43:19,199 [INFO] DbMcusXml:78 - Set database path to: /home/cdm/Desktop/stm32cubeide_1.16.0/plugins/com.st.stm32cube.common.mx_6.12.0.202406281431//db//mcu/
2025-03-06 12:43:19,199 [INFO] ApiDb:274 - Set plugin database path to: /home/cdm/Desktop/stm32cubeide_1.16.0/plugins/com.st.stm32cube.common.mx_6.12.0.202406281431//db//plugins/boardmanager/
2025-03-06 12:43:19,199 [INFO] ApiDb:261 - Set plugin images path to: /home/cdm/Desktop/stm32cubeide_1.16.0/plugins/com.st.stm32cube.common.mx_6.12.0.202406281431//db//plugins/mcufinder/images/
2025-03-06 12:43:19,199 [WARN] DbFile:41 - Overriding database path with different value: /home/cdm/.stmcufinder/plugins/mcufinder/ => /home/cdm/.stmcufinder/plugins/mcufinder
2025-03-06 12:43:19,199 [INFO] ApiDb:250 - Set database path to: /home/cdm/.stmcufinder/plugins/mcufinder//mcu/
2025-03-06 12:43:19,199 [WARN] DbFile:41 - Overriding database path with different value: /home/cdm/.stmcufinder/plugins/mcufinder/ => /home/cdm/.stmcufinder/plugins/mcufinder
2025-03-06 12:43:19,200 [INFO] DbMcusAds:125 - Set database path to: /home/cdm/.stmcufinder/plugins/mcufinder//mcu/
2025-03-06 12:43:19,200 [WARN] DbFile:41 - Overriding database path with different value: /home/cdm/.stmcufinder/plugins/mcufinder/ => /home/cdm/.stmcufinder/plugins/mcufinder
2025-03-06 12:43:19,200 [WARN] DbFile:41 - Overriding database path with different value: /home/cdm/.stmcufinder/plugins/mcufinder/ => /home/cdm/.stmcufinder/plugins/mcufinder
2025-03-06 12:43:19,200 [INFO] CrossReferenceDbSqlite:203 - Set database path to: /home/cdm/.stmcufinder/plugins/mcufinder//mcu/cs/
2025-03-06 12:43:19,213 [INFO] ApplicationProperties:184 - Using Application install path: /home/cdm/Desktop/stm32cubeide_1.16.0/plugins/com.st.stm32cube.common.mx_6.12.0.202406281431
2025-03-06 12:43:19,215 [INFO] PluginManage:196 - Search for loadable plugins [exclusion list=, ]
2025-03-06 12:43:19,216 [INFO] PluginManage:310 - Check plugin analytics
2025-03-06 12:43:19,447 [INFO] AnalyticsPlugin:253 - Accepted Software Licenses: 
2025-03-06 12:43:19,447 [INFO] AnalyticsPlugin:255 - Accepted CMSIS Pack Licenses: 
2025-03-06 12:43:19,447 [INFO] AnalyticsPlugin:257 - Accepted Firmware Licenses: 
2025-03-06 12:43:19,449 [INFO] PluginManage:359 - Loaded plugin analytics (category:tool,tabindex:-1)
2025-03-06 12:43:19,449 [INFO] PluginManage:310 - Check plugin cadmodel
2025-03-06 12:43:19,504 [INFO] CADModel:105 - Init CAD model plugin
2025-03-06 12:43:19,505 [INFO] PluginManage:359 - Loaded plugin cadmodel (category:power,tabindex:5)
2025-03-06 12:43:19,505 [INFO] PluginManage:310 - Check plugin clock
2025-03-06 12:43:19,540 [INFO] PluginManage:359 - Loaded plugin clock (category:base,tabindex:2)
2025-03-06 12:43:19,540 [INFO] PluginManage:310 - Check plugin ddr
2025-03-06 12:43:19,543 [INFO] PluginManage:359 - Loaded plugin ddr (category:tool,tabindex:6)
2025-03-06 12:43:19,543 [INFO] PluginManage:310 - Check plugin filemanager
2025-03-06 12:43:19,807 [INFO] PluginManage:359 - Loaded plugin filemanager (category:base,tabindex:10)
2025-03-06 12:43:19,807 [INFO] PluginManage:310 - Check plugin ipmanager
2025-03-06 12:43:19,827 [INFO] PluginManage:359 - Loaded plugin ipmanager (category:base,tabindex:5)
2025-03-06 12:43:19,827 [INFO] PluginManage:310 - Check plugin lpbam
2025-03-06 12:43:19,866 [INFO] PluginManage:359 - Loaded plugin lpbam (category:base,tabindex:0)
2025-03-06 12:43:19,866 [INFO] PluginManage:310 - Check plugin memorymap
2025-03-06 12:43:19,885 [INFO] PluginManage:359 - Loaded plugin memorymap (category:base,tabindex:4)
2025-03-06 12:43:19,885 [INFO] PluginManage:310 - Check plugin pinoutandconfiguration
2025-03-06 12:43:19,912 [INFO] PluginManage:359 - Loaded plugin pinoutandconfiguration (category:base,tabindex:1)
2025-03-06 12:43:19,912 [INFO] PluginManage:310 - Check plugin pinoutconfig
2025-03-06 12:43:20,021 [WARN] SupportedApi:132 - Cannot load RTOS API schema: s4s-elt-must-match.1: The content of 'definitions' must match (annotation?, (simpleType | complexType)?, (unique | key | keyref)*)). A problem was found starting at: attribute.
2025-03-06 12:43:20,148 [INFO] PluginManage:359 - Loaded plugin pinoutconfig (category:base,tabindex:0)
2025-03-06 12:43:20,148 [INFO] PluginManage:310 - Check plugin power
2025-03-06 12:43:20,192 [INFO] PluginManage:359 - Loaded plugin power (category:power,tabindex:4)
2025-03-06 12:43:20,193 [INFO] PluginManage:310 - Check plugin projectmanager
2025-03-06 12:43:20,227 [INFO] PluginManage:359 - Loaded plugin projectmanager (category:projectmanager,tabindex:4)
2025-03-06 12:43:20,227 [INFO] PluginManage:310 - Check plugin rif
2025-03-06 12:43:20,254 [INFO] PluginManage:359 - Loaded plugin rif (category:base,tabindex:3)
2025-03-06 12:43:20,254 [INFO] PluginManage:310 - Check plugin thirdparty
2025-03-06 12:43:20,463 [INFO] PluginManage:359 - Loaded plugin thirdparty (category:base,tabindex:-1)
2025-03-06 12:43:20,463 [WARN] IntegrityCheckThread:84 - waiting for thirdparty lock release [integrity check]
2025-03-06 12:43:20,463 [INFO] PluginManage:310 - Check plugin tools
2025-03-06 12:43:20,463 [INFO] IntegrityCheckThread:86 - entering critical section [integrity check]
2025-03-06 12:43:20,464 [INFO] ThirdPartyUpdaterWithRetryManager:70 - Updater plugin not ready yet. [1/15]
2025-03-06 12:43:20,491 [INFO] PluginManage:359 - Loaded plugin tools (category:base,tabindex:7)
2025-03-06 12:43:20,491 [INFO] PluginManage:310 - Check plugin tutovideos
2025-03-06 12:43:20,850 [INFO] PluginManage:359 - Loaded plugin tutovideos (category:base,tabindex:-1)
2025-03-06 12:43:20,850 [INFO] PluginManage:310 - Check plugin updater
2025-03-06 12:43:20,877 [INFO] PluginManage:359 - Loaded plugin updater (category:base,tabindex:12)
2025-03-06 12:43:20,877 [INFO] PluginManage:310 - Check plugin userauth
2025-03-06 12:43:20,883 [INFO] UserAuth:113 - Init User Auth plugin
2025-03-06 12:43:20,883 [INFO] PluginManage:359 - Loaded plugin userauth (category:base,tabindex:14)
2025-03-06 12:43:20,883 [INFO] PluginManage:283 - PluginManage : Loaded plugins [18]
2025-03-06 12:43:21,200 [INFO] PinOutPanel:1561 - setPackage(No Configuration,No Configuration)
2025-03-06 12:43:21,308 [INFO] CADModel:165 - CPN selected for project level
2025-03-06 12:43:21,308 [INFO] CADModel:114 - Register for checkConnection events
2025-03-06 12:43:21,317 [INFO] IPUIPlugin:80 - create IPUIPlugin
2025-03-06 12:43:21,317 [INFO] PluginManager:220 - loadIPPluginJar : add fatfs
2025-03-06 12:43:21,340 [INFO] IPUIPlugin:80 - create IPUIPlugin
2025-03-06 12:43:21,340 [INFO] PluginManager:220 - loadIPPluginJar : add quadspi
2025-03-06 12:43:21,345 [INFO] IPUIPlugin:80 - create IPUIPlugin
2025-03-06 12:43:21,345 [INFO] PluginManager:220 - loadIPPluginJar : add spi
2025-03-06 12:43:21,347 [INFO] IPUIPlugin:80 - create IPUIPlugin
2025-03-06 12:43:21,347 [INFO] PluginManager:220 - loadIPPluginJar : add radio
2025-03-06 12:43:21,352 [INFO] IPUIPlugin:80 - create IPUIPlugin
2025-03-06 12:43:21,353 [INFO] PluginManager:220 - loadIPPluginJar : add gic
2025-03-06 12:43:21,356 [INFO] IPUIPlugin:80 - create IPUIPlugin
2025-03-06 12:43:21,356 [INFO] PluginManager:220 - loadIPPluginJar : add pdm2pcm
2025-03-06 12:43:21,358 [INFO] IPUIPlugin:80 - create IPUIPlugin
2025-03-06 12:43:21,358 [INFO] PluginManager:220 - loadIPPluginJar : add can
2025-03-06 12:43:21,359 [INFO] IPUIPlugin:80 - create IPUIPlugin
2025-03-06 12:43:21,360 [INFO] PluginManager:220 - loadIPPluginJar : add ucpd
2025-03-06 12:43:21,362 [INFO] IPUIPlugin:80 - create IPUIPlugin
2025-03-06 12:43:21,362 [INFO] PluginManager:220 - loadIPPluginJar : add i2s
2025-03-06 12:43:21,364 [INFO] IPUIPlugin:80 - create IPUIPlugin
2025-03-06 12:43:21,364 [INFO] PluginManager:220 - loadIPPluginJar : add tim
2025-03-06 12:43:21,366 [INFO] IPUIPlugin:80 - create IPUIPlugin
2025-03-06 12:43:21,366 [INFO] PluginManager:220 - loadIPPluginJar : add ltdc
2025-03-06 12:43:21,368 [INFO] IPUIPlugin:80 - create IPUIPlugin
2025-03-06 12:43:21,368 [INFO] PluginManager:220 - loadIPPluginJar : add dma3
2025-03-06 12:43:21,370 [INFO] IPUIPlugin:80 - create IPUIPlugin
2025-03-06 12:43:21,370 [INFO] PluginManager:220 - loadIPPluginJar : add hash
2025-03-06 12:43:21,373 [INFO] IPUIPlugin:80 - create IPUIPlugin
2025-03-06 12:43:21,373 [INFO] PluginManager:220 - loadIPPluginJar : add i3c
2025-03-06 12:43:21,380 [INFO] IPUIPlugin:80 - create IPUIPlugin
2025-03-06 12:43:21,380 [INFO] PluginManager:220 - loadIPPluginJar : add linkedlist
2025-03-06 12:43:21,382 [INFO] IPUIPlugin:80 - create IPUIPlugin
2025-03-06 12:43:21,382 [INFO] PluginManager:220 - loadIPPluginJar : add aes
2025-03-06 12:43:21,395 [INFO] IPUIPlugin:80 - create IPUIPlugin
2025-03-06 12:43:21,395 [INFO] PluginManager:220 - loadIPPluginJar : add mdma
2025-03-06 12:43:21,397 [INFO] IPUIPlugin:80 - create IPUIPlugin
2025-03-06 12:43:21,398 [INFO] PluginManager:220 - loadIPPluginJar : add usbx
2025-03-06 12:43:21,399 [INFO] IPUIPlugin:80 - create IPUIPlugin
2025-03-06 12:43:21,400 [INFO] PluginManager:220 - loadIPPluginJar : add gfxmmu
2025-03-06 12:43:21,401 [INFO] IPUIPlugin:80 - create IPUIPlugin
2025-03-06 12:43:21,401 [INFO] PluginManager:220 - loadIPPluginJar : add lorawan
2025-03-06 12:43:21,403 [INFO] IPUIPlugin:80 - create IPUIPlugin
2025-03-06 12:43:21,403 [INFO] PluginManager:220 - loadIPPluginJar : add cryp
2025-03-06 12:43:21,450 [INFO] IPUIPlugin:80 - create IPUIPlugin
2025-03-06 12:43:21,450 [INFO] PluginManager:220 - loadIPPluginJar : add ddr_ctrl_phy
2025-03-06 12:43:21,452 [INFO] IPUIPlugin:80 - create IPUIPlugin
2025-03-06 12:43:21,453 [INFO] PluginManager:220 - loadIPPluginJar : add usart
2025-03-06 12:43:21,499 [INFO] IPUIPlugin:80 - create IPUIPlugin
2025-03-06 12:43:21,502 [INFO] PluginManager:220 - loadIPPluginJar : add plateformsettings
2025-03-06 12:43:21,504 [INFO] IPUIPlugin:80 - create IPUIPlugin
2025-03-06 12:43:21,504 [INFO] PluginManager:220 - loadIPPluginJar : add tsc
2025-03-06 12:43:21,506 [INFO] IPUIPlugin:80 - create IPUIPlugin
2025-03-06 12:43:21,506 [INFO] PluginManager:220 - loadIPPluginJar : add openamp
2025-03-06 12:43:21,508 [INFO] IPUIPlugin:80 - create IPUIPlugin
2025-03-06 12:43:21,508 [INFO] PluginManager:220 - loadIPPluginJar : add comp
2025-03-06 12:43:21,519 [INFO] IPUIPlugin:80 - create IPUIPlugin
2025-03-06 12:43:21,519 [INFO] PluginManager:220 - loadIPPluginJar : add adc
2025-03-06 12:43:21,530 [INFO] IPUIPlugin:80 - create IPUIPlugin
2025-03-06 12:43:21,530 [INFO] PluginManager:220 - loadIPPluginJar : add dma
2025-03-06 12:43:21,533 [INFO] IPUIPlugin:80 - create IPUIPlugin
2025-03-06 12:43:21,533 [INFO] PluginManager:220 - loadIPPluginJar : add ipddr
2025-03-06 12:43:21,534 [INFO] IPUIPlugin:80 - create IPUIPlugin
2025-03-06 12:43:21,534 [INFO] PluginManager:220 - loadIPPluginJar : add genericplugin
2025-03-06 12:43:21,536 [INFO] IPUIPlugin:80 - create IPUIPlugin
2025-03-06 12:43:21,536 [INFO] PluginManager:220 - loadIPPluginJar : add opamp
2025-03-06 12:43:21,548 [INFO] IPUIPlugin:80 - create IPUIPlugin
2025-03-06 12:43:21,548 [INFO] PluginManager:220 - loadIPPluginJar : add gpio
2025-03-06 12:43:21,551 [INFO] IPUIPlugin:80 - create IPUIPlugin
2025-03-06 12:43:21,551 [INFO] PluginManager:220 - loadIPPluginJar : add gtzc
2025-03-06 12:43:21,563 [INFO] IPUIPlugin:80 - create IPUIPlugin
2025-03-06 12:43:21,563 [INFO] PluginManager:220 - loadIPPluginJar : add nvic
2025-03-06 12:43:21,565 [INFO] IPUIPlugin:80 - create IPUIPlugin
2025-03-06 12:43:21,566 [INFO] PluginManager:220 - loadIPPluginJar : add touchsensing
2025-03-06 12:43:21,568 [INFO] IPUIPlugin:80 - create IPUIPlugin
2025-03-06 12:43:21,568 [INFO] PluginManager:220 - loadIPPluginJar : add sai
2025-03-06 12:43:21,616 [INFO] IPUIPlugin:80 - create IPUIPlugin
2025-03-06 12:43:21,617 [INFO] PluginManager:220 - loadIPPluginJar : add freertos
2025-03-06 12:43:21,622 [INFO] IPUIPlugin:80 - create IPUIPlugin
2025-03-06 12:43:21,622 [INFO] PluginManager:220 - loadIPPluginJar : add extmemmanager
2025-03-06 12:43:21,625 [INFO] IPUIPlugin:80 - create IPUIPlugin
2025-03-06 12:43:21,625 [INFO] PluginManager:220 - loadIPPluginJar : add i2c
2025-03-06 12:43:21,651 [INFO] IPUIPlugin:80 - create IPUIPlugin
2025-03-06 12:43:21,651 [INFO] PluginManager:220 - loadIPPluginJar : add tracer_emb
2025-03-06 12:43:21,657 [INFO] IPUIPlugin:80 - create IPUIPlugin
2025-03-06 12:43:21,657 [INFO] PluginManager:220 - loadIPPluginJar : add fmc
2025-03-06 12:43:21,659 [INFO] IPUIPlugin:80 - create IPUIPlugin
2025-03-06 12:43:21,659 [INFO] PluginManager:220 - loadIPPluginJar : add ts
2025-03-06 12:43:21,663 [INFO] IPUIPlugin:80 - create IPUIPlugin
2025-03-06 12:43:21,663 [INFO] PluginManager:220 - loadIPPluginJar : add stm32_wpan
2025-03-06 12:43:21,665 [INFO] IPUIPlugin:80 - create IPUIPlugin
2025-03-06 12:43:21,665 [INFO] PluginManager:220 - loadIPPluginJar : add dfsdm
2025-03-06 12:43:21,695 [INFO] IPUIPlugin:80 - create IPUIPlugin
2025-03-06 12:43:21,695 [INFO] PluginManager:220 - loadIPPluginJar : add resmgrutility
2025-03-06 12:43:21,803 [INFO] CADModel:165 - CPN selected for project level
2025-03-06 12:43:21,804 [INFO] CADModel:114 - Register for checkConnection events
2025-03-06 12:43:21,804 [FATAL] Updater:334 - Updater called before beeing initialized
2025-03-06 12:43:21,804 [ERROR] CADModel:125 - Updater not yet initialized, retry later 
2025-03-06 12:43:21,928 [INFO] CADModel:165 - CPN selected for project level
2025-03-06 12:43:21,928 [INFO] CADModel:114 - Register for checkConnection events
2025-03-06 12:43:21,928 [FATAL] Updater:334 - Updater called before beeing initialized
2025-03-06 12:43:21,928 [ERROR] CADModel:125 - Updater not yet initialized, retry later 
2025-03-06 12:43:21,931 [FATAL] Updater:334 - Updater called before beeing initialized
2025-03-06 12:43:22,011 [FATAL] Updater:334 - Updater called before beeing initialized
2025-03-06 12:43:22,033 [INFO] DbMcusAds:53 - JSON generation date=Thu May 16 18:22:00 KST 2024 (1715851320667)
2025-03-06 12:43:22,033 [FATAL] Updater:334 - Updater called before beeing initialized
2025-03-06 12:43:22,136 [WARN] DetailPanel:346 - Failed to get advertising image, set to default
2025-03-06 12:43:22,226 [FATAL] Updater:334 - Updater called before beeing initialized
2025-03-06 12:43:22,228 [FATAL] Updater:334 - Updater called before beeing initialized
2025-03-06 12:43:22,228 [FATAL] Updater:334 - Updater called before beeing initialized
2025-03-06 12:43:22,228 [WARN] DetailPanel:346 - Failed to get advertising image, set to default
2025-03-06 12:43:22,229 [FATAL] Updater:334 - Updater called before beeing initialized
2025-03-06 12:43:22,259 [ERROR] Updater:1164 - MainUpdater not yet initialized. External WinMGr cannot be set.
2025-03-06 12:43:22,261 [INFO] Updater:1100 - Updater Version found : 6.12.0
2025-03-06 12:43:22,280 [INFO] ApplicationProperties:184 - Using Application install path: /home/cdm/Desktop/stm32cubeide_1.16.0/plugins/com.st.stm32cube.common.mx_6.12.0.202406281431
2025-03-06 12:43:22,803 [INFO] MainUpdater:2873 - connection check result : 10
2025-03-06 12:43:22,804 [INFO] MainUpdater:3567 - Updater definition file requires update
2025-03-06 12:43:22,804 [INFO] MainUpdater:290 - Updater Check For Update Now.
2025-03-06 12:43:22,805 [INFO] MicroXplorer:498 - Change Database Version : DB.6.0.120
2025-03-06 12:43:22,810 [INFO] McuFinderGlobals:63 - Set McuFinder mode to 2 (CubeIDE integrated)
2025-03-06 12:43:22,810 [INFO] UserAuth:179 - activating auth plugin
2025-03-06 12:43:22,814 [INFO] UserAuth:417 - Internet connection configuration mode: 1
2025-03-06 12:43:22,886 [INFO] JxBrowserEngine:152 - Initiate JxBrowser Engine with user profile folder
2025-03-06 12:43:23,023 [INFO] ServerAccessManage:473 - Download File updaters.zip
2025-03-06 12:43:23,270 [INFO] FileExtend:240 - Unzip File : updaters.zip
2025-03-06 12:43:23,270 [INFO] FileExtend:255 - Standard Zip Deflate
2025-03-06 12:43:23,465 [WARN] MainUpdater:1194 - Updater busy. Cannot search thirdparties
2025-03-06 12:43:23,465 [INFO] ThirdPartyUpdaterWithRetryManager:96 - Updater plugin is busy. [1/15]
2025-03-06 12:43:23,707 [INFO] ServerAccessManage:473 - Download File PacksControlFlags.xml
2025-03-06 12:43:23,874 [INFO] ServerAccessManage:473 - Download File cubemx.pidx
2025-03-06 12:43:24,399 [INFO] ServerAccessManage:473 - Download File STMicroelectronics.FP-ATR-ASTRA1.pdsc
2025-03-06 12:43:25,465 [INFO] ServerAccessManage:473 - Download File STMicroelectronics.X-CUBE-AI.pdsc
2025-03-06 12:43:26,466 [WARN] MainUpdater:1194 - Updater busy. Cannot search thirdparties
2025-03-06 12:43:26,466 [INFO] ThirdPartyUpdaterWithRetryManager:96 - Updater plugin is busy. [2/15]
2025-03-06 12:43:27,666 [INFO] ServerAccessManage:473 - Download File STMicroelectronics.X-CUBE-BLE1.pdsc
2025-03-06 12:43:29,466 [WARN] MainUpdater:1194 - Updater busy. Cannot search thirdparties
2025-03-06 12:43:29,466 [INFO] ThirdPartyUpdaterWithRetryManager:96 - Updater plugin is busy. [3/15]
2025-03-06 12:43:30,535 [ERROR] ServerAccessManage:1089 - Problem, file not found on Server
2025-03-06 12:43:30,860 [INFO] ServerAccessManage:473 - Download File STMicroelectronics.X-CUBE-BLEMGR.pdsc
2025-03-06 12:43:31,977 [ERROR] ServerAccessManage:1089 - Problem, file not found on Server
2025-03-06 12:43:32,466 [WARN] MainUpdater:1194 - Updater busy. Cannot search thirdparties
2025-03-06 12:43:32,467 [INFO] ThirdPartyUpdaterWithRetryManager:96 - Updater plugin is busy. [4/15]
2025-03-06 12:43:33,515 [INFO] ServerAccessManage:473 - Download File STMicroelectronics.X-CUBE-FREERTOS.pdsc
2025-03-06 12:43:34,347 [INFO] ServerAccessManage:473 - Download File STMicroelectronics.X-CUBE-GNSS1.pdsc
2025-03-06 12:43:35,401 [INFO] WebApp:167 - Instantiating new browser for Auth
2025-03-06 12:43:35,467 [WARN] MainUpdater:1194 - Updater busy. Cannot search thirdparties
2025-03-06 12:43:35,468 [INFO] ThirdPartyUpdaterWithRetryManager:96 - Updater plugin is busy. [5/15]
2025-03-06 12:43:36,566 [ERROR] ServerAccessManage:1089 - Problem, file not found on Server
2025-03-06 12:43:37,484 [ERROR] ServerAccessManage:1089 - Problem, file not found on Server
2025-03-06 12:43:38,387 [ERROR] ServerAccessManage:1089 - Problem, file not found on Server
2025-03-06 12:43:38,468 [WARN] MainUpdater:1194 - Updater busy. Cannot search thirdparties
2025-03-06 12:43:38,468 [INFO] ThirdPartyUpdaterWithRetryManager:96 - Updater plugin is busy. [6/15]
2025-03-06 12:43:38,781 [ERROR] ServerAccessManage:1089 - Problem, file not found on Server
2025-03-06 12:43:39,980 [ERROR] ServerAccessManage:1089 - Problem, file not found on Server
2025-03-06 12:43:40,885 [ERROR] ServerAccessManage:1089 - Problem, file not found on Server
2025-03-06 12:43:41,469 [WARN] MainUpdater:1194 - Updater busy. Cannot search thirdparties
2025-03-06 12:43:41,469 [INFO] ThirdPartyUpdaterWithRetryManager:96 - Updater plugin is busy. [7/15]
2025-03-06 12:43:41,490 [INFO] ServerAccessManage:473 - Download File STMicroelectronics.X-CUBE-IPS.pdsc
2025-03-06 12:43:42,157 [INFO] ServerAccessManage:473 - Download File STMicroelectronics.X-CUBE-MEMS1.pdsc
2025-03-06 12:43:43,195 [INFO] WebApp:448 - Apply proxy settings
2025-03-06 12:43:43,195 [INFO] WebApp:533 - Chromium requires no authentication
2025-03-06 12:43:43,270 [INFO] WebApp:476 - Direct internet connection detected
2025-03-06 12:43:43,394 [INFO] WebApp:869 - Register for checkConnection events
2025-03-06 12:43:43,394 [INFO] WebApp:448 - Apply proxy settings
2025-03-06 12:43:43,395 [INFO] WebApp:533 - Chromium requires no authentication
2025-03-06 12:43:43,396 [INFO] WebApp:476 - Direct internet connection detected
2025-03-06 12:43:44,470 [WARN] MainUpdater:1194 - Updater busy. Cannot search thirdparties
2025-03-06 12:43:44,470 [INFO] ThirdPartyUpdaterWithRetryManager:96 - Updater plugin is busy. [8/15]
2025-03-06 12:43:45,765 [INFO] WebApp:220 - Starting web application
2025-03-06 12:43:45,765 [INFO] WebApp:578 - Web application path used /home/cdm/Desktop/stm32cubeide_1.16.0/plugins/com.st.stm32cube.common.mx_6.12.0.202406281431/db/plugins/mcufinder/reactClient1/index.html
2025-03-06 12:43:46,586 [INFO] WebApp:186 - Connection restablished
2025-03-06 12:43:47,294 [INFO] ServerAccessManage:473 - Download File STMicroelectronics.X-CUBE-TCPP.pdsc
2025-03-06 12:43:47,471 [WARN] MainUpdater:1194 - Updater busy. Cannot search thirdparties
2025-03-06 12:43:47,471 [INFO] ThirdPartyUpdaterWithRetryManager:96 - Updater plugin is busy. [9/15]
2025-03-06 12:43:47,860 [INFO] ServerAccessManage:473 - Download File STMicroelectronics.X-CUBE-TOUCHGFX.pdsc
2025-03-06 12:43:50,472 [WARN] MainUpdater:1194 - Updater busy. Cannot search thirdparties
2025-03-06 12:43:50,472 [INFO] ThirdPartyUpdaterWithRetryManager:96 - Updater plugin is busy. [10/15]
2025-03-06 12:43:53,472 [WARN] MainUpdater:1194 - Updater busy. Cannot search thirdparties
2025-03-06 12:43:53,473 [INFO] ThirdPartyUpdaterWithRetryManager:96 - Updater plugin is busy. [11/15]
2025-03-06 12:43:53,857 [INFO] ServerAccessManage:473 - Download File quantropi.X-CUBE-qispace-sdk-base.pdsc
2025-03-06 12:43:54,574 [INFO] CheckServerUpdateThread:120 - End of CheckServer Thread
2025-03-06 12:43:54,696 [WARN] PackLoader:240 - Cannot read IP mode file for STMicroelectronics.FP-ATR-ASTRA1.2.0.2
2025-03-06 12:43:54,800 [WARN] PackLoader:240 - Cannot read IP mode file for STMicroelectronics.X-CUBE-AI.10.0.0
2025-03-06 12:43:54,822 [WARN] PackLoader:240 - Cannot read IP mode file for STMicroelectronics.X-CUBE-BLE1.7.1.0
2025-03-06 12:43:54,853 [WARN] PackLoader:240 - Cannot read IP mode file for STMicroelectronics.X-CUBE-BLEMGR.4.0.0
2025-03-06 12:43:54,870 [WARN] PackLoader:240 - Cannot read IP mode file for STMicroelectronics.X-CUBE-FREERTOS.1.3.0
2025-03-06 12:43:54,874 [WARN] PackLoader:240 - Cannot read IP mode file for STMicroelectronics.X-CUBE-GNSS1.7.0.1
2025-03-06 12:43:54,880 [WARN] PopulateThirdPartyThread:106 - Error when creating pack: /home/cdm/.stm32cubemx/thirdparties/pdsc/STMicroelectronics.X-CUBE-IPS.pdsc
2025-03-06 12:43:54,971 [WARN] PackLoader:240 - Cannot read IP mode file for STMicroelectronics.X-CUBE-MEMS1.11.1.0
2025-03-06 12:43:55,100 [WARN] PopulateThirdPartyThread:106 - Error when creating pack: /home/cdm/.stm32cubemx/thirdparties/pdsc/STMicroelectronics.X-CUBE-TCPP.pdsc
2025-03-06 12:43:55,121 [WARN] PackLoader:240 - Cannot read IP mode file for STMicroelectronics.X-CUBE-TOUCHGFX.4.24.2
2025-03-06 12:43:55,125 [WARN] ConditionMgr:438 - getConditionDescription Invalid condition id : Cortex-A Device cause : null
2025-03-06 12:43:55,134 [WARN] ConditionMgr:1039 - genDependencies : Invalid condition id : Cortex-A Device cause : null
2025-03-06 12:43:55,134 [WARN] ConditionMgr:1039 - genDependencies : Invalid condition id : Cortex-A Device cause : null
2025-03-06 12:43:55,135 [WARN] ConditionMgr:1039 - genDependencies : Invalid condition id : Cortex-A Device cause : null
2025-03-06 12:43:55,135 [INFO] PopulateThirdPartyThread:66 - Ending populate Thread
2025-03-06 12:43:55,136 [INFO] ThirdParty:1030 - CMSIS Pack Vendor :STMicroelectronics X-CUBE-BLEMGR 4.0.0
2025-03-06 12:43:55,136 [INFO] ThirdParty:1030 - CMSIS Pack Vendor :STMicroelectronics X-CUBE-AI 10.0.0
2025-03-06 12:43:55,136 [INFO] ThirdParty:1030 - CMSIS Pack Vendor :quantropi X-CUBE-qispace-sdk-base 2.0.0
2025-03-06 12:43:55,136 [INFO] ThirdParty:1030 - CMSIS Pack Vendor :STMicroelectronics X-CUBE-FREERTOS 1.3.0
2025-03-06 12:43:55,136 [INFO] ThirdParty:1030 - CMSIS Pack Vendor :STMicroelectronics X-CUBE-GNSS1 7.0.1
2025-03-06 12:43:55,136 [INFO] ThirdParty:1030 - CMSIS Pack Vendor :STMicroelectronics X-CUBE-MEMS1 11.1.0
2025-03-06 12:43:55,136 [INFO] ThirdParty:1030 - CMSIS Pack Vendor :STMicroelectronics FP-ATR-ASTRA1 2.0.2
2025-03-06 12:43:55,136 [INFO] ThirdParty:1030 - CMSIS Pack Vendor :STMicroelectronics X-CUBE-TOUCHGFX 4.24.2
2025-03-06 12:43:55,136 [INFO] ThirdParty:1030 - CMSIS Pack Vendor :STMicroelectronics X-CUBE-BLE1 7.1.0
2025-03-06 12:43:55,137 [INFO] LoadServerUpdatesThread:375 - End of LoadServerUpdate Thread
2025-03-06 12:44:01,078 [WARN] PackLoader:240 - Cannot read IP mode file for STMicroelectronics.FP-SNS-MOTENVWB1.1.4.0
2025-03-06 12:44:01,082 [WARN] PackLoader:240 - Cannot read IP mode file for STMicroelectronics.FP-ATR-ASTRA1.2.0.2
2025-03-06 12:44:01,111 [WARN] PackLoader:240 - Cannot read IP mode file for STMicroelectronics.X-CUBE-SMBUS.2.1.0
2025-03-06 12:44:01,163 [WARN] PackLoader:240 - Cannot read IP mode file for STMicroelectronics.X-CUBE-WB05N.1.1.0
2025-03-06 12:44:01,253 [WARN] PackLoader:240 - Cannot read IP mode file for STMicroelectronics.X-CUBE-AZRTOS-F7.1.1.0
2025-03-06 12:44:01,389 [WARN] PackLoader:240 - Cannot read IP mode file for STMicroelectronics.X-CUBE-MEMS1.11.0.0
2025-03-06 12:44:01,511 [WARN] PackLoader:240 - Cannot read IP mode file for STMicroelectronics.FP-SNS-FLIGHT1.5.0.2
2025-03-06 12:44:01,614 [WARN] PackLoader:240 - Cannot read IP mode file for STMicroelectronics.X-CUBE-DISPLAY.3.0.0
2025-03-06 12:44:01,674 [WARN] PackLoader:240 - Cannot read IP mode file for STMicroelectronics.X-CUBE-BLE1.7.0.0
2025-03-06 12:44:01,717 [WARN] PackLoader:240 - Cannot read IP mode file for STMicroelectronics.X-CUBE-NFC10.1.0.0
2025-03-06 12:44:01,729 [WARN] PackLoader:240 - Cannot read IP mode file for STMicroelectronics.X-CUBE-BLEMGR.4.0.0
2025-03-06 12:44:01,767 [WARN] PackLoader:240 - Cannot read IP mode file for emotas.I-CUBE-CANOPEN.1.3.0
2025-03-06 12:44:01,770 [WARN] ConditionMgr:438 - getConditionDescription Invalid condition id : Cortex-A Device cause : null
2025-03-06 12:44:01,777 [WARN] ConditionMgr:1039 - genDependencies : Invalid condition id : Cortex-A Device cause : null
2025-03-06 12:44:01,777 [WARN] ConditionMgr:1039 - genDependencies : Invalid condition id : Cortex-A Device cause : null
2025-03-06 12:44:01,777 [WARN] ConditionMgr:1039 - genDependencies : Invalid condition id : Cortex-A Device cause : null
2025-03-06 12:44:01,798 [WARN] PackLoader:240 - Cannot read IP mode file for STMicroelectronics.X-CUBE-BLEMGR.3.1.0
2025-03-06 12:44:01,801 [WARN] PackLoader:240 - Cannot read IP mode file for STMicroelectronics.X-CUBE-AI.10.0.0
2025-03-06 12:44:01,842 [WARN] PackLoader:240 - Cannot read IP mode file for STMicroelectronics.FP-SNS-SMARTAG2.1.2.0
2025-03-06 12:44:01,873 [WARN] PackLoader:240 - Cannot read IP mode file for STMicroelectronics.X-CUBE-MEMS1.11.1.0
2025-03-06 12:44:02,077 [INFO] LogOutputStream:77 - [STDOUT_REDIRECT] 1 : Invalid condition id : UX_CORESTACK_Condition cause : null
2025-03-06 12:44:02,077 [INFO] LogOutputStream:77 - [STDOUT_REDIRECT] 1 : Invalid condition id : UX_CORESTACK_Condition cause : null
2025-03-06 12:44:02,077 [INFO] LogOutputStream:77 - [STDOUT_REDIRECT] 1 : Invalid condition id : UX_CORESTACK_Condition cause : null
2025-03-06 12:44:02,078 [INFO] LogOutputStream:77 - [STDOUT_REDIRECT] 1 : Invalid condition id : UX_CORESTACK_Condition cause : null
2025-03-06 12:44:02,078 [INFO] LogOutputStream:77 - [STDOUT_REDIRECT] 1 : Invalid condition id : UX_CORESTACK_Condition cause : null
2025-03-06 12:44:02,080 [WARN] PackLoader:240 - Cannot read IP mode file for STMicroelectronics.X-CUBE-AZRTOS-WL.2.0.0
2025-03-06 12:44:02,115 [WARN] PackLoader:240 - Cannot read IP mode file for STMicroelectronics.FP-SNS-MOTENV1.5.0.0
2025-03-06 12:44:02,162 [WARN] PackLoader:240 - Cannot read IP mode file for wolfSSL.I-CUBE-wolfMQTT.1.19.0
2025-03-06 12:44:02,240 [WARN] PackLoader:240 - Cannot read IP mode file for WES.I-CUBE-Cesium.1.3.0
2025-03-06 12:44:02,321 [WARN] PackLoader:240 - Cannot read IP mode file for STMicroelectronics.X-CUBE-BLE2.3.3.0
2025-03-06 12:44:02,366 [WARN] PackLoader:240 - Cannot read IP mode file for STMicroelectronics.X-CUBE-NFC9.1.0.0
2025-03-06 12:44:02,369 [WARN] PackLoader:240 - Cannot read IP mode file for STMicroelectronics.X-CUBE-BLE1.7.1.0
2025-03-06 12:44:02,459 [WARN] PackLoader:240 - Cannot read IP mode file for STMicroelectronics.X-CUBE-TCPP.4.1.0
2025-03-06 12:44:02,569 [WARN] PackLoader:240 - Cannot read IP mode file for STMicroelectronics.X-CUBE-AZRTOS-G0.1.1.0
2025-03-06 12:44:02,643 [WARN] PackLoader:240 - Cannot read IP mode file for STMicroelectronics.X-CUBE-SAFEA1.1.2.2
2025-03-06 12:44:02,752 [WARN] PackLoader:240 - Cannot read IP mode file for STMicroelectronics.X-CUBE-NFC4.3.0.0
2025-03-06 12:44:02,846 [WARN] PackLoader:240 - Cannot read IP mode file for EmbeddedOffice.I-CUBE-FS-RTOS.1.0.1
2025-03-06 12:44:02,846 [ERROR] ConditionMgr:805 - Attr not supported : Dmpu
2025-03-06 12:44:02,846 [ERROR] ConditionMgr:805 - Attr not supported : Dmpu
2025-03-06 12:44:02,846 [ERROR] ConditionMgr:805 - Attr not supported : Dmpu
2025-03-06 12:44:02,846 [ERROR] ConditionMgr:805 - Attr not supported : Dmpu
2025-03-06 12:44:02,846 [ERROR] ConditionMgr:805 - Attr not supported : Dmpu
2025-03-06 12:44:02,846 [ERROR] ConditionMgr:805 - Attr not supported : Dmpu
2025-03-06 12:44:02,846 [ERROR] ConditionMgr:805 - Attr not supported : Dmpu
2025-03-06 12:44:02,846 [ERROR] ConditionMgr:805 - Attr not supported : Dmpu
2025-03-06 12:44:02,846 [ERROR] ConditionMgr:805 - Attr not supported : Dmpu
2025-03-06 12:44:02,846 [ERROR] ConditionMgr:805 - Attr not supported : Dmpu
2025-03-06 12:44:02,846 [ERROR] ConditionMgr:805 - Attr not supported : Dmpu
2025-03-06 12:44:02,847 [ERROR] ConditionMgr:805 - Attr not supported : Dmpu
2025-03-06 12:44:02,847 [ERROR] ConditionMgr:805 - Attr not supported : Dmpu
2025-03-06 12:44:02,847 [ERROR] ConditionMgr:805 - Attr not supported : Dmpu
2025-03-06 12:44:02,847 [ERROR] ConditionMgr:805 - Attr not supported : Dmpu
2025-03-06 12:44:02,847 [ERROR] ConditionMgr:805 - Attr not supported : Dmpu
2025-03-06 12:44:02,847 [ERROR] ConditionMgr:805 - Attr not supported : Dmpu
2025-03-06 12:44:02,847 [ERROR] ConditionMgr:805 - Attr not supported : Dmpu
2025-03-06 12:44:02,847 [ERROR] ConditionMgr:805 - Attr not supported : Dmpu
2025-03-06 12:44:02,847 [ERROR] ConditionMgr:805 - Attr not supported : Dmpu
2025-03-06 12:44:02,847 [ERROR] ConditionMgr:805 - Attr not supported : Dmpu
2025-03-06 12:44:02,847 [ERROR] ConditionMgr:805 - Attr not supported : Dmpu
2025-03-06 12:44:02,847 [ERROR] ConditionMgr:805 - Attr not supported : Dmpu
2025-03-06 12:44:02,847 [ERROR] ConditionMgr:805 - Attr not supported : Dmpu
2025-03-06 12:44:02,847 [ERROR] ConditionMgr:805 - Attr not supported : Dmpu
2025-03-06 12:44:02,847 [ERROR] ConditionMgr:805 - Attr not supported : Dmpu
2025-03-06 12:44:02,847 [ERROR] ConditionMgr:805 - Attr not supported : Dmpu
2025-03-06 12:44:02,847 [ERROR] ConditionMgr:805 - Attr not supported : Dmpu
2025-03-06 12:44:02,847 [ERROR] ConditionMgr:805 - Attr not supported : Dmpu
2025-03-06 12:44:02,847 [ERROR] ConditionMgr:805 - Attr not supported : Dmpu
2025-03-06 12:44:02,847 [ERROR] ConditionMgr:805 - Attr not supported : Dmpu
2025-03-06 12:44:02,848 [ERROR] ConditionMgr:805 - Attr not supported : Dmpu
2025-03-06 12:44:02,848 [ERROR] ConditionMgr:805 - Attr not supported : Dmpu
2025-03-06 12:44:02,848 [ERROR] ConditionMgr:805 - Attr not supported : Dmpu
2025-03-06 12:44:02,848 [ERROR] ConditionMgr:805 - Attr not supported : Dmpu
2025-03-06 12:44:02,848 [ERROR] ConditionMgr:805 - Attr not supported : Dmpu
2025-03-06 12:44:02,848 [ERROR] ConditionMgr:805 - Attr not supported : Dmpu
2025-03-06 12:44:02,848 [ERROR] ConditionMgr:805 - Attr not supported : Dmpu
2025-03-06 12:44:02,848 [ERROR] ConditionMgr:805 - Attr not supported : Dmpu
2025-03-06 12:44:02,848 [ERROR] ConditionMgr:805 - Attr not supported : Dmpu
2025-03-06 12:44:02,848 [ERROR] ConditionMgr:805 - Attr not supported : Dmpu
2025-03-06 12:44:02,848 [ERROR] ConditionMgr:805 - Attr not supported : Dmpu
2025-03-06 12:44:02,848 [ERROR] ConditionMgr:805 - Attr not supported : Dmpu
2025-03-06 12:44:02,848 [ERROR] ConditionMgr:805 - Attr not supported : Dmpu
2025-03-06 12:44:02,848 [ERROR] ConditionMgr:805 - Attr not supported : Dmpu
2025-03-06 12:44:02,848 [ERROR] ConditionMgr:805 - Attr not supported : Dmpu
2025-03-06 12:44:02,848 [ERROR] ConditionMgr:805 - Attr not supported : Dmpu
2025-03-06 12:44:02,848 [ERROR] ConditionMgr:805 - Attr not supported : Dmpu
2025-03-06 12:44:02,848 [ERROR] ConditionMgr:805 - Attr not supported : Dmpu
2025-03-06 12:44:02,848 [ERROR] ConditionMgr:805 - Attr not supported : Dmpu
2025-03-06 12:44:02,848 [ERROR] ConditionMgr:805 - Attr not supported : Dmpu
2025-03-06 12:44:02,848 [ERROR] ConditionMgr:805 - Attr not supported : Dmpu
2025-03-06 12:44:02,849 [ERROR] ConditionMgr:805 - Attr not supported : Dmpu
2025-03-06 12:44:02,849 [ERROR] ConditionMgr:805 - Attr not supported : Dmpu
2025-03-06 12:44:02,849 [ERROR] ConditionMgr:805 - Attr not supported : Dmpu
2025-03-06 12:44:02,849 [ERROR] ConditionMgr:805 - Attr not supported : Dmpu
2025-03-06 12:44:02,849 [ERROR] ConditionMgr:805 - Attr not supported : Dmpu
2025-03-06 12:44:02,849 [ERROR] ConditionMgr:805 - Attr not supported : Dmpu
2025-03-06 12:44:02,849 [ERROR] ConditionMgr:805 - Attr not supported : Dmpu
2025-03-06 12:44:02,849 [ERROR] ConditionMgr:805 - Attr not supported : Dmpu
2025-03-06 12:44:02,849 [ERROR] ConditionMgr:805 - Attr not supported : Dmpu
2025-03-06 12:44:02,849 [ERROR] ConditionMgr:805 - Attr not supported : Dmpu
2025-03-06 12:44:02,849 [ERROR] ConditionMgr:805 - Attr not supported : Dmpu
2025-03-06 12:44:02,849 [ERROR] ConditionMgr:805 - Attr not supported : Dmpu
2025-03-06 12:44:02,851 [ERROR] Engine:466 - /home/cdm/.stm32cubemx/thirdparties/pdsc/STMicroelectronics.X-CUBE-TCPP.4.2.0.pdsc: PDSC version is not supported
2025-03-06 12:44:02,870 [WARN] PackLoader:240 - Cannot read IP mode file for RealThread.X-CUBE-RT-Thread_Nano.4.1.1
2025-03-06 12:44:02,906 [WARN] PackLoader:240 - Cannot read IP mode file for STMicroelectronics.FP-ATR-SIGFOX1.3.2.0
2025-03-06 12:44:02,988 [WARN] PackLoader:240 - Cannot read IP mode file for wolfSSL.I-CUBE-wolfSSL.5.7.2
2025-03-06 12:44:03,059 [WARN] PackLoader:240 - Cannot read IP mode file for STMicroelectronics.X-CUBE-EEPRMA1.5.1.0
2025-03-06 12:44:03,150 [WARN] PackLoader:240 - Cannot read IP mode file for ITTIA_DB.I-CUBE-ITTIADB.8.9.0
2025-03-06 12:44:03,249 [WARN] PackLoader:240 - Cannot read IP mode file for SEGGER.I-CUBE-embOS.1.3.1
2025-03-06 12:44:03,287 [WARN] PackLoader:240 - Cannot read IP mode file for STMicroelectronics.X-CUBE-ALGOBUILD.1.4.0
2025-03-06 12:44:03,347 [WARN] PackLoader:240 - Cannot read IP mode file for STMicroelectronics.X-CUBE-AI.9.1.0
2025-03-06 12:44:03,451 [WARN] PackLoader:240 - Cannot read IP mode file for STMicroelectronics.X-CUBE-AZRTOS-F4.1.1.0
2025-03-06 12:44:03,485 [WARN] PackLoader:240 - Cannot read IP mode file for STMicroelectronics.X-CUBE-ISPU.2.1.0
2025-03-06 12:44:03,515 [WARN] PackLoader:240 - Cannot read IP mode file for STMicroelectronics.X-CUBE-FREERTOS.1.2.0
2025-03-06 12:44:03,673 [WARN] PackLoader:240 - Cannot read IP mode file for STMicroelectronics.X-CUBE-AZRTOS-L5.2.0.0
2025-03-06 12:44:03,699 [WARN] PackLoader:240 - Cannot read IP mode file for STMicroelectronics.X-CUBE-NFC6.3.1.0
2025-03-06 12:44:03,751 [WARN] PackLoader:240 - Cannot read IP mode file for STMicroelectronics.X-CUBE-AI.9.0.0
2025-03-06 12:44:03,756 [WARN] PackLoader:240 - Cannot read IP mode file for STMicroelectronics.X-CUBE-FREERTOS.1.3.0
2025-03-06 12:44:03,786 [WARN] PackLoader:240 - Cannot read IP mode file for STMicroelectronics.X-CUBE-NFC7.1.0.1
2025-03-06 12:44:03,925 [WARN] ConditionMgr:438 - getConditionDescription Invalid condition id : LAN8742 Phy interface Condition cause : null
2025-03-06 12:44:03,926 [WARN] PackLoader:240 - Cannot read IP mode file for STMicroelectronics.X-CUBE-AZRTOS-L4.2.0.0
2025-03-06 12:44:03,926 [WARN] ConditionMgr:1039 - genDependencies : Invalid condition id : LAN8742 Phy interface Condition cause : null
2025-03-06 12:44:03,927 [WARN] ConditionMgr:1039 - genDependencies : Invalid condition id : LAN8742 Phy interface Condition cause : null
2025-03-06 12:44:03,927 [WARN] ConditionMgr:1039 - genDependencies : Invalid condition id : LAN8742 Phy interface Condition cause : null
2025-03-06 12:44:03,951 [WARN] PackLoader:240 - Cannot read IP mode file for STMicroelectronics.X-CUBE-SFXS2LP1.4.0.0
2025-03-06 12:44:04,037 [WARN] PackLoader:240 - Cannot read IP mode file for STMicroelectronics.X-CUBE-AZRTOS-H7.3.3.0
2025-03-06 12:44:04,141 [WARN] PackLoader:240 - Cannot read IP mode file for STMicroelectronics.X-CUBE-IPS.3.0.0
2025-03-06 12:44:04,247 [WARN] ConditionMgr:438 - getConditionDescription Invalid condition id : UX DEVICE CLASS RTOS Condition cause : null
2025-03-06 12:44:04,247 [WARN] ConditionMgr:438 - getConditionDescription Invalid condition id : UX DEVICE CLASS RTOS Condition cause : null
2025-03-06 12:44:04,248 [WARN] PackLoader:240 - Cannot read IP mode file for STMicroelectronics.X-CUBE-AZRTOS-WB.2.0.0
2025-03-06 12:44:04,249 [WARN] ConditionMgr:1039 - genDependencies : Invalid condition id : UX DEVICE CLASS RTOS Condition cause : null
2025-03-06 12:44:04,249 [WARN] ConditionMgr:1039 - genDependencies : Invalid condition id : UX DEVICE CLASS RTOS Condition cause : null
2025-03-06 12:44:04,249 [WARN] ConditionMgr:1039 - genDependencies : Invalid condition id : UX DEVICE CLASS RTOS Condition cause : null
2025-03-06 12:44:04,249 [WARN] ConditionMgr:1039 - genDependencies : Invalid condition id : UX DEVICE CLASS RTOS Condition cause : null
2025-03-06 12:44:04,249 [WARN] ConditionMgr:1039 - genDependencies : Invalid condition id : UX DEVICE CLASS RTOS Condition cause : null
2025-03-06 12:44:04,293 [WARN] PackLoader:240 - Cannot read IP mode file for STMicroelectronics.X-CUBE-GNSS1.7.0.0
2025-03-06 12:44:04,299 [WARN] PackLoader:240 - Cannot read IP mode file for STMicroelectronics.X-CUBE-GNSS1.7.0.1
2025-03-06 12:44:04,345 [WARN] PackLoader:240 - Cannot read IP mode file for STMicroelectronics.X-CUBE-SUBG2.5.0.0
2025-03-06 12:44:04,353 [WARN] PackLoader:240 - Cannot read IP mode file for Cesanta.I-CUBE-Mongoose.7.13.0
2025-03-06 12:44:04,385 [WARN] PackLoader:240 - Cannot read IP mode file for STMicroelectronics.X-CUBE-AZRTOS-G4.2.0.0
2025-03-06 12:44:04,388 [ERROR] Engine:466 - /home/cdm/.stm32cubemx/thirdparties/pdsc/STMicroelectronics.X-CUBE-IPS.3.1.0.pdsc: PDSC version is not supported
2025-03-06 12:44:04,390 [WARN] PackLoader:240 - Cannot read IP mode file for STMicroelectronics.X-CUBE-ALS.1.0.2
2025-03-06 12:44:04,392 [WARN] PackLoader:240 - Cannot read IP mode file for STMicroelectronics.X-CUBE-TOUCHGFX.4.24.2
2025-03-06 12:44:04,414 [WARN] PackLoader:240 - Cannot read IP mode file for STMicroelectronics.X-CUBE-TOUCHGFX.4.24.1
2025-03-06 12:44:04,417 [WARN] PackLoader:240 - Cannot read IP mode file for wolfSSL.I-CUBE-wolfTPM.3.4.0
2025-03-06 12:44:04,422 [WARN] PackLoader:240 - Cannot read IP mode file for portGmbH.I-Cube-SoM-uGOAL.1.1.0
2025-03-06 12:44:04,445 [WARN] PackLoader:240 - Cannot read IP mode file for STMicroelectronics.X-CUBE-AZRTOS-H7RS.1.0.0
2025-03-06 12:44:04,456 [WARN] PackLoader:240 - Cannot read IP mode file for STMicroelectronics.FP-ATR-ASTRA1.2.0.0
2025-03-06 12:44:04,465 [WARN] PackLoader:240 - Cannot read IP mode file for STMicroelectronics.X-CUBE-TOF1.3.4.2
2025-03-06 12:44:04,482 [WARN] PackLoader:240 - Cannot read IP mode file for Infineon.AIROC-Wi-Fi-Bluetooth-STM32.1.6.1
2025-03-06 12:44:04,486 [WARN] PackLoader:240 - Cannot read IP mode file for wolfSSL.I-CUBE-wolfSSH.1.4.17
2025-03-06 12:44:04,487 [INFO] ThirdParty:978 - Integrity check success = true
2025-03-06 12:44:04,487 [INFO] IntegrityCheckThread:100 - exiting critical section [integrity check]
2025-03-06 12:44:04,487 [INFO] IntegrityCheckThread:103 - End integrity checks thread
2025-03-06 12:46:26,679 [INFO] McuFinderGlobals:63 - Set McuFinder mode to 2 (CubeIDE integrated)
2025-03-06 12:46:26,680 [INFO] UserAuth:179 - activating auth plugin
2025-03-06 12:46:26,690 [INFO] UserAuth:417 - Internet connection configuration mode: 1
2025-03-06 13:02:18,732 [INFO] McuFinderGlobals:63 - Set McuFinder mode to 2 (CubeIDE integrated)
2025-03-06 13:02:18,749 [INFO] MainUpdater:2873 - connection check result : 10
2025-03-06 13:02:18,777 [INFO] McuFinderGlobals:76 - Set McuFinderConnectedMode to true
2025-03-06 13:02:19,154 [INFO] ServerAccessManage:473 - Download File mcusAds.json._tmp_
2025-03-06 13:02:19,260 [INFO] LoadUrlFilesThread:156 - End of LoadUrlFiles Thread
2025-03-06 13:02:19,830 [INFO] ServerAccessManage:473 - Download File cube-finder-db.zip
2025-03-06 13:02:22,872 [INFO] FileExtend:240 - Unzip File : cube-finder-db.zip
2025-03-06 13:02:22,872 [INFO] FileExtend:255 - Standard Zip Deflate
2025-03-06 13:02:24,704 [INFO] LoadUrlFilesThread:156 - End of LoadUrlFiles Thread
2025-03-06 13:02:25,977 [INFO] ServerAccessManage:473 - Download File crdb.zip
2025-03-06 13:02:27,438 [INFO] FileExtend:240 - Unzip File : crdb.zip
2025-03-06 13:02:27,438 [INFO] FileExtend:255 - Standard Zip Deflate
2025-03-06 13:02:27,564 [INFO] LoadUrlFilesThread:156 - End of LoadUrlFiles Thread
2025-03-06 13:02:27,843 [INFO] ServerAccessManage:473 - Download File tutoVideoDB.zip
2025-03-06 13:02:28,119 [INFO] FileExtend:240 - Unzip File : tutoVideoDB.zip
2025-03-06 13:02:28,119 [INFO] FileExtend:255 - Standard Zip Deflate
2025-03-06 13:02:28,229 [INFO] LoadUrlFilesThread:156 - End of LoadUrlFiles Thread
2025-03-06 13:02:28,234 [WARN] DbFile:41 - Overriding database path with different value: /home/cdm/.stmcufinder/plugins/mcufinder/ => /home/cdm/.stmcufinder/plugins/mcufinder
2025-03-06 13:02:28,486 [INFO] ServerAccessManage:473 - Download File api_config.json
2025-03-06 13:02:28,591 [INFO] LoadUrlFilesThread:156 - End of LoadUrlFiles Thread
2025-03-06 13:02:28,592 [INFO] DbMcusAds:53 - JSON generation date=Wed Dec 18 01:01:15 KST 2024 (1734451275143)
2025-03-06 13:02:28,625 [INFO] LoadUrlFilesThread:185 - End of LoadServerUrlFiles without Thread
2025-03-06 13:02:28,625 [INFO] TargetSelectorAdapter:259 - Refresh data is successful
2025-03-06 13:02:28,759 [INFO] ApiDb:581 - Connected to CubeFinder SQLite database (/home/cdm/.stmcufinder/plugins/mcufinder/mcu/cube-finder-db.db)
2025-03-06 13:02:28,813 [INFO] ApiDb:668 - CubeFinder database Data Model version=2.1
2025-03-06 13:02:28,813 [INFO] ApiDb:669 - CubeFinder database Configuration version=3.0.39
2025-03-06 13:02:28,814 [INFO] ApiDb:670 - CubeFinder database generation date=2025-02-18 (1739885696)
2025-03-06 13:02:28,815 [INFO] ApiDb:671 - CubeFinder database FW Pack versions=[FP-ATR-ASTRA1_V2.0.0, FP-SNS-FLIGHT1_V5.0.2, FP-SNS-MOTENV1_V5.0.0, FP-SNS-MOTENVWB1_V1.4.0, FP-SNS-SMARTAG2_V1.2.0, FP-SNS-STBOX1_V2.0.0, STM32Cube_FW_C0_V1.4.0, STM32Cube_FW_F4_V1.28.1, STM32Cube_FW_F7_V1.17.2, STM32Cube_FW_G0_V1.6.2, STM32Cube_FW_G4_V1.6.1, STM32Cube_FW_H5_V1.5.0, STM32Cube_FW_H7RS_V1.2.0, STM32Cube_FW_H7_V1.12.1, STM32Cube_FW_L0_V1.12.2, STM32Cube_FW_L4_V1.18.1, STM32Cube_FW_L5_V1.5.1, STM32Cube_FW_N6_V1.1.0, STM32Cube_FW_U0_V1.2.0, STM32Cube_FW_U3_V1.1.0, STM32Cube_FW_U5_V1.7.0, STM32Cube_FW_WB0_V1.2.0, STM32Cube_FW_WBA_V1.6.0, STM32Cube_FW_WB_V1.22.0, STM32Cube_FW_WL3_V1.1.0, STM32Cube_FW_WL_V1.3.1, X-CUBE-ALGOBUILD_V1.4.0, X-CUBE-ALS_V1.0.2, X-CUBE-AZRTOS-F4_V1.1.0, X-CUBE-AZRTOS-F7_V1.1.0, X-CUBE-AZRTOS-G0_V1.1.0, X-CUBE-AZRTOS-G4_V2.0.0, X-CUBE-AZRTOS-H7RS_V1.0.0, X-CUBE-AZRTOS-H7_V3.3.0, X-CUBE-AZRTOS-L4_V2.0.0, X-CUBE-AZRTOS-L5_V2.0.0, X-CUBE-AZRTOS-WB_V2.0.0, X-CUBE-AZRTOS-WL_V2.0.0, X-CUBE-BLE1_V7.0.0, X-CUBE-BLE2_V3.3.0, X-CUBE-BLEMGR_V4.0.0, X-CUBE-EEPRMA1_V5.1.0, X-CUBE-FREERTOS_V1.3.0, X-CUBE-GNSS1_V6.0.0, X-CUBE-MEMS1_V11.1.0, X-CUBE-NFC4_V3.0.0, X-CUBE-NFC7_V1.0.1, X-CUBE-SFXS2LP1_V4.0.0, X-CUBE-SUBG2_V5.0.0, X-CUBE-TOF1_V3.4.2]
2025-03-06 13:02:31,317 [INFO] ApiDb:240 - Found 646 in-development CPN: [B-G473E-ZEST1S, B-WB1M-WPAN1, B-WL5M-SUBG1, NUCLEO-C031C6, NUCLEO-C071RB, NUCLEO-H503RB, NUCLEO-H533RE, NUCLEO-H563ZI, NUCLEO-H7S3L8, NUCLEO-U031R8, NUCLEO-U083RC, NUCLEO-U545RE-Q, NUCLEO-U5A5ZJ-Q, NUCLEO-WB05KZ, NUCLEO-WB07CC, NUCLEO-WB09KE, NUCLEO-WBA52CG, NUCLEO-WBA55CG, STEVAL-PROTEUS1, STEVAL-SMARTAG2, STEVAL-STWINBX1, STM320518-EVAL, STM32C0116-DK, STM32C011D6Y3TR, STM32C011D6Y6TR, STM32C011F4P3, STM32C011F4P6, STM32C011F4U3, STM32C011F4U6TR, STM32C011F6P3, STM32C011F6P6, STM32C011F6U3, STM32C011F6U6TR, STM32C011J4M3, STM32C011J4M6, STM32C011J6M3, STM32C011J6M6, STM32C0316-DK, STM32C031C4T3, STM32C031C4T6, STM32C031C4U3, STM32C031C4U6, STM32C031C6T3, STM32C031C6T6, STM32C031C6U3, STM32C031C6U6, STM32C031F4P3, STM32C031F4P6, STM32C031F6P3, STM32C031F6P6, STM32C031G4U3, STM32C031G4U6, STM32C031G6U3, STM32C031G6U6, STM32C031K4T3, STM32C031K4T6, STM32C031K4U3, STM32C031K4U6, STM32C031K6T3, STM32C031K6T6, STM32C031K6U3, STM32C031K6U6, STM32C071C8T6, STM32C071C8T6N, STM32C071C8U6, STM32C071C8U6N, STM32C071CBT6, STM32C071CBT6N, STM32C071CBU6, STM32C071CBU6N, STM32C071F8P6, STM32C071F8P6N, STM32C071FBP6, STM32C071FBP6N, STM32C071FBY6TR, STM32C071G8U6, STM32C071G8U6N, STM32C071GBU6, STM32C071GBU6N, STM32C071K8T6, STM32C071K8T6N, STM32C071K8U6, STM32C071K8U6N, STM32C071KBT6, STM32C071KBT6N, STM32C071KBU6, STM32C071KBU6N, STM32C071R8T6, STM32C071R8T6N, STM32C071RBI6N, STM32C071RBT6, STM32C071RBT6N, STM32G071K8TXN, STM32G071K8UXN, STM32G081GBU6N, STM32G081KBT6N, STM32G081KBUXN, STM32G0B1CCT6N, STM32G0B1KCT6, STM32G0B1NEY6TR, STM32G0B1RCT6N, STM32G0C1CCT6, STM32G0C1CCT6N, STM32G0C1CCU6N, STM32G0C1CET6N, STM32G0C1CEU6N, STM32G0C1KCT6, STM32G0C1NEY6TR, STM32G0C1RCI6N, STM32G0C1RCT6N, STM32G0C1REI6N, STM32G0C1RET6N, STM32G0C1VCI6, STM32G0C1VEI6, STM32G411C6T3, STM32G411C6T6, STM32G411C6U3, STM32G411C6U6, STM32G411C8T3, STM32G411C8T6, STM32G411C8U3, STM32G411C8U6, STM32G411CBT3, STM32G411CBT6, STM32G411CBU3, STM32G411CBU6, STM32G411K6T3, STM32G411K6T6, STM32G411K6U3, STM32G411K6U6, STM32G411K8T3, STM32G411K8T6, STM32G411K8U3, STM32G411K8U6, STM32G411KBT3, STM32G411KBT6, STM32G411KBU3, STM32G411KBU6, STM32G411M6T3, STM32G411M6T6, STM32G411M8T3, STM32G411M8T6, STM32G411MBT3, STM32G411MBT6, STM32G411R6T3, STM32G411R6T6, STM32G411R8T3, STM32G411R8T6, STM32G411RBT3, STM32G411RBT6, STM32G414CBT3, STM32G414CBT6, STM32G414CBU3, STM32G414CBU6, STM32G414CCT3, STM32G414CCT6, STM32G414CCU3, STM32G414CCU6, STM32G414MBT3, STM32G414MBT6, STM32G414MCT3, STM32G414MCT6, STM32G414RBT3, STM32G414RBT6, STM32G414RCT3, STM32G414RCT6, STM32G414VBT3, STM32G414VBT6, STM32G414VCT3, STM32G414VCT6, STM32G431CBT3Z, STM32G431RBT3Z, STM32G471CCT6, STM32G471CCU6, STM32G471CET3, STM32G471CET6, STM32G471CEU3, STM32G471CEU6, STM32G471MCT6, STM32G471MET3, STM32G471MET6, STM32G471MEY6TR, STM32G471QCT6, STM32G471QET3, STM32G471RCT6, STM32G471RET3, STM32G471RET6, STM32G471VCH6, STM32G471VCI6, STM32G471VCT6, STM32G471VEH3, STM32G471VEH6, STM32G471VEI3, STM32G471VEI6, STM32G471VET3, STM32G471VET6, STM32G473QET3Z, STM32G473RET3Z, STM32G474CCT6, STM32G491RET3Z, STM32H503CBT6, STM32H503CBU6, STM32H503EBY6TR, STM32H503KBU6, STM32H503RBT6, STM32H523CCT6, STM32H523CCU6, STM32H523CET6, STM32H523CEU6, STM32H523HEY6TR, STM32H523RCT6, STM32H523RET6, STM32H523VCI6, STM32H523VCT6, STM32H523VEI6, STM32H523VET6, STM32H523ZCJ6, STM32H523ZCT6, STM32H523ZEJ6, STM32H523ZET6, STM32H533CET6, STM32H533CEU6, STM32H533HEY6TR, STM32H533RET6, STM32H533VEI6, STM32H533VET6, STM32H533ZEJ6, STM32H533ZET6, STM32H562AGI6, STM32H562AII6, STM32H562IGK6, STM32H562IGT6, STM32H562IIK6, STM32H562IIT6, STM32H562RGT6, STM32H562RGV6, STM32H562RIT6, STM32H562RIV6, STM32H562VGT6, STM32H562VIT6, STM32H562ZGT6, STM32H562ZIT6, STM32H563AGI6, STM32H563AII3Q, STM32H563AII6, STM32H563IGK6, STM32H563IGT6, STM32H563IIK3Q, STM32H563IIK6, STM32H563IIT3Q, STM32H563IIT6, STM32H563MIY3QTR, STM32H563RGT6, STM32H563RGV6, STM32H563RIT6, STM32H563RIV6, STM32H563VGT6, STM32H563VIT3Q, STM32H563VIT6, STM32H563ZGT6, STM32H563ZIT3Q, STM32H563ZIT6, STM32H573AII3Q, STM32H573AII6, STM32H573I-DK, STM32H573IIK3Q, STM32H573IIK6, STM32H573IIT3Q, STM32H573IIT6, STM32H573MIY3QTR, STM32H573RIT6, STM32H573RIV6, STM32H573VIT3Q, STM32H573VIT6, STM32H573ZIT3Q, STM32H573ZIT6, STM32H7R3A8I6, STM32H7R3I8K6, STM32H7R3I8T6, STM32H7R3L8H6, STM32H7R3L8H6H, STM32H7R3R8V6, STM32H7R3V8H6, STM32H7R3V8T6, STM32H7R3V8Y6TR, STM32H7R3Z8J6, STM32H7R3Z8T6, STM32H7R7A8I6, STM32H7R7I8K6, STM32H7R7I8T6, STM32H7R7L8H6, STM32H7R7L8H6H, STM32H7R7Z8J6, STM32H7S3A8I6, STM32H7S3I8K6, STM32H7S3I8T6, STM32H7S3L8H6, STM32H7S3L8H6H, STM32H7S3R8V6, STM32H7S3V8H6, STM32H7S3V8T6, STM32H7S3V8Y6TR, STM32H7S3Z8J6, STM32H7S3Z8T6, STM32H7S78-DK, STM32H7S7A8I6, STM32H7S7I8K6, STM32H7S7I8T6, STM32H7S7L8H6, STM32H7S7L8H6H, STM32H7S7Z8J6, STM32L4R5QGI6STR, STM32MP131AAE3, STM32MP131AAF3, STM32MP131AAG3, STM32MP131CAE3, STM32MP131CAF3, STM32MP131CAG3, STM32MP131DAE7, STM32MP131DAF7, STM32MP131DAG7, STM32MP131FAE7, STM32MP131FAF7, STM32MP131FAG7, STM32MP133AAE3, STM32MP133AAF3, STM32MP133AAG3, STM32MP133CAE3, STM32MP133CAF3, STM32MP133CAG3, STM32MP133DAE7, STM32MP133DAF7, STM32MP133DAG7, STM32MP133FAE7, STM32MP133FAF7, STM32MP133FAG7, STM32MP135AAE3, STM32MP135AAF3, STM32MP135AAG3, STM32MP135CAE3, STM32MP135CAF3, STM32MP135CAG3, STM32MP135DAE7, STM32MP135DAF7, STM32MP135DAG7, STM32MP135F-DK, STM32MP135FAE7, STM32MP135FAF7, STM32MP135FAF7T, STM32MP135FAF7U, STM32MP135FAG7, STM32MP251AAI3, STM32MP251AAK3, STM32MP251AAL3, STM32MP251CAI3, STM32MP251CAK3, STM32MP251CAL3, STM32MP251DAI3, STM32MP251DAK3, STM32MP251DAL3, STM32MP251FAI3, STM32MP251FAK3, STM32MP251FAL3, STM32MP253AAI3, STM32MP253AAK3, STM32MP253AAL3, STM32MP253CAI3, STM32MP253CAK3, STM32MP253CAL3, STM32MP253DAI3, STM32MP253DAK3, STM32MP253DAL3, STM32MP253FAI3, STM32MP253FAK3, STM32MP253FAL3, STM32MP255AAI3, STM32MP255AAK3, STM32MP255AAL3, STM32MP255CAI3, STM32MP255CAK3, STM32MP255CAL3, STM32MP255DAI3, STM32MP255DAK3, STM32MP255DAL3, STM32MP255FAI3, STM32MP255FAK3, STM32MP255FAL3, STM32MP257AAI3, STM32MP257AAK3, STM32MP257AAL3, STM32MP257CAI3, STM32MP257CAK3, STM32MP257CAL3, STM32MP257DAI3, STM32MP257DAK3, STM32MP257DAL3, STM32MP257F-DK, STM32MP257F-EV1, STM32MP257FAI3, STM32MP257FAK3, STM32MP257FAL3, STM32U031C6T6, STM32U031C6U6, STM32U031C8T6, STM32U031C8U6, STM32U031F4P6, STM32U031F6P6, STM32U031F8P6, STM32U031G6Y6TR, STM32U031G8Y6TR, STM32U031K4U6, STM32U031K6U6, STM32U031K8U6, STM32U031R6I6, STM32U031R6T6, STM32U031R8I6, STM32U031R8T6, STM32U073C8T6, STM32U073C8U6, STM32U073CBT6, STM32U073CBU6, STM32U073CCT6, STM32U073CCU6, STM32U073H8Y6TR, STM32U073HBY6TR, STM32U073HCY6TR, STM32U073K8U6, STM32U073KBU6, STM32U073KCU6, STM32U073M8I6, STM32U073M8T6, STM32U073MBI6, STM32U073MBT6, STM32U073MCI6, STM32U073MCT6, STM32U073R8I6, STM32U073R8T6, STM32U073RBI6, STM32U073RBT6, STM32U073RCI6, STM32U073RCT6, STM32U083C-DK, STM32U083CCT6, STM32U083CCU6, STM32U083HCY6TR, STM32U083KCU6, STM32U083MCI6, STM32U083MCT6, STM32U083RCI6, STM32U083RCT6, STM32U535CBT6, STM32U535CBT6Q, STM32U535CBU6, STM32U535CBU6Q, STM32U535CCT6, STM32U535CCT6Q, STM32U535CCU6, STM32U535CCU6Q, STM32U535CET6, STM32U535CET6Q, STM32U535CEU6, STM32U535CEU6Q, STM32U535JEY6QTR, STM32U535NCY6QTR, STM32U535NEY6QTR, STM32U535RBI6, STM32U535RBI6Q, STM32U535RBT6, STM32U535RBT6Q, STM32U535RCI6, STM32U535RCI6Q, STM32U535RCT6, STM32U535RCT6Q, STM32U535REI6, STM32U535REI6Q, STM32U535RET6, STM32U535RET6Q, STM32U535VCI6, STM32U535VCI6Q, STM32U535VCT6, STM32U535VCT6Q, STM32U535VEI6, STM32U535VEI6Q, STM32U535VET6, STM32U535VET6Q, STM32U545CET6, STM32U545CET6Q, STM32U545CEU6, STM32U545CEU6Q, STM32U545JEY6QTR, STM32U545NEY6QTR, STM32U545REI6, STM32U545REI6Q, STM32U545RET6, STM32U545RET6Q, STM32U545VEI6, STM32U545VEI6Q, STM32U545VET6, STM32U545VET6Q, STM32U595AIH6, STM32U595AIH6Q, STM32U595AJH6, STM32U595AJH6Q, STM32U595QII6, STM32U595QII6Q, STM32U595QJI6, STM32U595QJI6Q, STM32U595RIT6, STM32U595RIT6Q, STM32U595RJT6, STM32U595RJT6Q, STM32U595VIT6, STM32U595VIT6Q, STM32U595VJT6, STM32U595VJT6Q, STM32U595ZIT6, STM32U595ZIT6Q, STM32U595ZIY6QTR, STM32U595ZJT6, STM32U595ZJT6Q, STM32U595ZJY6QTR, STM32U599BJY6QTR, STM32U599NIH6Q, STM32U599NJH6Q, STM32U599VIT6Q, STM32U599VJT6, STM32U599VJT6Q, STM32U599ZIT6Q, STM32U599ZIY6QTR, STM32U599ZJT6Q, STM32U599ZJY6QTR, STM32U5A5AJH6, STM32U5A5AJH6Q, STM32U5A5QII3Q , STM32U5A5QJI6, STM32U5A5QJI6Q, STM32U5A5RJT6, STM32U5A5RJT6Q, STM32U5A5VJT6, STM32U5A5VJT6Q, STM32U5A5ZJT6, STM32U5A5ZJT6Q, STM32U5A5ZJY6QTR, STM32U5A9BJY6QTR, STM32U5A9J-DK, STM32U5A9NJH6Q, STM32U5A9VJT6Q, STM32U5A9ZJT6Q, STM32U5A9ZJY6QTR, STM32U5F7VIT6, STM32U5F7VIT6Q, STM32U5F7VJT6, STM32U5F7VJT6Q, STM32U5F9BJY6QTR, STM32U5F9NJH6Q, STM32U5F9VIT6Q, STM32U5F9VJT6Q, STM32U5F9ZIJ6QTR, STM32U5F9ZIT6Q, STM32U5F9ZJJ6QTR, STM32U5F9ZJT6Q, STM32U5G7VJT6, STM32U5G7VJT6Q, STM32U5G9BJY6QTR, STM32U5G9J-DK1, STM32U5G9J-DK2, STM32U5G9NJH6Q, STM32U5G9VJT6Q, STM32U5G9ZJJ6QTR, STM32U5G9ZJT6Q, STM32WB05KZV6TR, STM32WB05KZV7TR, STM32WB05TZF6TR, STM32WB05TZF7TR, STM32WB06CCF6TR, STM32WB06CCF7TR, STM32WB06CCV6TR, STM32WB06CCV7TR, STM32WB06KCV6TR, STM32WB06KCV7TR, STM32WB07CCF6TR, STM32WB07CCF7TR, STM32WB07CCV6TR, STM32WB07CCV7TR, STM32WB07KCV6TR, STM32WB07KCV7TR, STM32WB09KEV6TR, STM32WB09KEV7TR, STM32WB09TEF6TR, STM32WB09TEF7TR, STM32WB1MMCH6, STM32WBA50KGU6, STM32WBA50KGU6TR, STM32WBA52CEU6, STM32WBA52CEU6TR, STM32WBA52CEU7, STM32WBA52CEU7TR, STM32WBA52CGU6, STM32WBA52CGU6TR, STM32WBA52CGU6U, STM32WBA52CGU7, STM32WBA52CGU7TR, STM32WBA52KEU6, STM32WBA52KEU6TR, STM32WBA52KGU6, STM32WBA52KGU6TR, STM32WBA54CEU6, STM32WBA54CEU6TR, STM32WBA54CEU7, STM32WBA54CEU7TR, STM32WBA54CGU6, STM32WBA54CGU6TR, STM32WBA54CGU7, STM32WBA54CGU7TR, STM32WBA54KEU6, STM32WBA54KEU6TR, STM32WBA54KEU7, STM32WBA54KEU7TR, STM32WBA54KGU6, STM32WBA54KGU6TR, STM32WBA54KGU7, STM32WBA54KGU7TR, STM32WBA55CEU6, STM32WBA55CEU6TR, STM32WBA55CEU7, STM32WBA55CEU7TR, STM32WBA55CGU6, STM32WBA55CGU6TR, STM32WBA55CGU6U, STM32WBA55CGU7, STM32WBA55CGU7TR, STM32WBA55G-DK1, STM32WBA55HEF6, STM32WBA55HEF7, STM32WBA55HGF6, STM32WBA55HGF7, STM32WBA55UEI6, STM32WBA55UEI6TR, STM32WBA55UEI7, STM32WBA55UEI7TR, STM32WBA55UGI6, STM32WBA55UGI6TR, STM32WBA55UGI7, STM32WBA55UGI7TR, STM32WL5MOCH6, STM32WL5MOCH6TR]
2025-03-06 13:02:31,322 [INFO] DbMcus:218 - Found 4565 MCUs, 4565 are supported
2025-03-06 13:02:31,323 [INFO] ApiDb:423 - Load user favorites file /home/cdm/.stm32cubeide/favorites.mcus.txt: 0 item(s)
2025-03-06 13:02:31,323 [INFO] ApiDb:427 - User favorites MCUs=[]
2025-03-06 13:02:31,324 [INFO] DbMcus:224 - Set 0 / 0 favorites MCUs
2025-03-06 13:02:31,727 [INFO] ApiDb:668 - CubeFinder database Data Model version=2.1
2025-03-06 13:02:31,727 [INFO] ApiDb:669 - CubeFinder database Configuration version=3.0.39
2025-03-06 13:02:31,727 [INFO] ApiDb:670 - CubeFinder database generation date=2025-02-18 (1739885696)
2025-03-06 13:02:31,727 [INFO] ApiDb:671 - CubeFinder database FW Pack versions=[FP-ATR-ASTRA1_V2.0.0, FP-SNS-FLIGHT1_V5.0.2, FP-SNS-MOTENV1_V5.0.0, FP-SNS-MOTENVWB1_V1.4.0, FP-SNS-SMARTAG2_V1.2.0, FP-SNS-STBOX1_V2.0.0, STM32Cube_FW_C0_V1.4.0, STM32Cube_FW_F4_V1.28.1, STM32Cube_FW_F7_V1.17.2, STM32Cube_FW_G0_V1.6.2, STM32Cube_FW_G4_V1.6.1, STM32Cube_FW_H5_V1.5.0, STM32Cube_FW_H7RS_V1.2.0, STM32Cube_FW_H7_V1.12.1, STM32Cube_FW_L0_V1.12.2, STM32Cube_FW_L4_V1.18.1, STM32Cube_FW_L5_V1.5.1, STM32Cube_FW_N6_V1.1.0, STM32Cube_FW_U0_V1.2.0, STM32Cube_FW_U3_V1.1.0, STM32Cube_FW_U5_V1.7.0, STM32Cube_FW_WB0_V1.2.0, STM32Cube_FW_WBA_V1.6.0, STM32Cube_FW_WB_V1.22.0, STM32Cube_FW_WL3_V1.1.0, STM32Cube_FW_WL_V1.3.1, X-CUBE-ALGOBUILD_V1.4.0, X-CUBE-ALS_V1.0.2, X-CUBE-AZRTOS-F4_V1.1.0, X-CUBE-AZRTOS-F7_V1.1.0, X-CUBE-AZRTOS-G0_V1.1.0, X-CUBE-AZRTOS-G4_V2.0.0, X-CUBE-AZRTOS-H7RS_V1.0.0, X-CUBE-AZRTOS-H7_V3.3.0, X-CUBE-AZRTOS-L4_V2.0.0, X-CUBE-AZRTOS-L5_V2.0.0, X-CUBE-AZRTOS-WB_V2.0.0, X-CUBE-AZRTOS-WL_V2.0.0, X-CUBE-BLE1_V7.0.0, X-CUBE-BLE2_V3.3.0, X-CUBE-BLEMGR_V4.0.0, X-CUBE-EEPRMA1_V5.1.0, X-CUBE-FREERTOS_V1.3.0, X-CUBE-GNSS1_V6.0.0, X-CUBE-MEMS1_V11.1.0, X-CUBE-NFC4_V3.0.0, X-CUBE-NFC7_V1.0.1, X-CUBE-SFXS2LP1_V4.0.0, X-CUBE-SUBG2_V5.0.0, X-CUBE-TOF1_V3.4.2]
2025-03-06 13:02:31,775 [INFO] DbBoardsSqlite:226 - include board P-NUCLEO-WB55-NUCLEO as a kit item of type 'Nucleo-64'
2025-03-06 13:02:31,776 [INFO] DbBoardsSqlite:226 - include board P-NUCLEO-WB55-USBDONGLE as a kit item of type 'Nucleo USB Dongle'
2025-03-06 13:02:31,776 [INFO] DbBoardsSqlite:226 - include board STEVAL-IDP005V1 as a kit item of type 'Evaluation Board'
2025-03-06 13:02:31,776 [INFO] DbBoardsSqlite:226 - include board STEVAL-IDP005V2 as a kit item of type 'Evaluation Board'
2025-03-06 13:02:31,817 [INFO] ApiDb:240 - Found 646 in-development CPN: [B-G473E-ZEST1S, B-WB1M-WPAN1, B-WL5M-SUBG1, NUCLEO-C031C6, NUCLEO-C071RB, NUCLEO-H503RB, NUCLEO-H533RE, NUCLEO-H563ZI, NUCLEO-H7S3L8, NUCLEO-U031R8, NUCLEO-U083RC, NUCLEO-U545RE-Q, NUCLEO-U5A5ZJ-Q, NUCLEO-WB05KZ, NUCLEO-WB07CC, NUCLEO-WB09KE, NUCLEO-WBA52CG, NUCLEO-WBA55CG, STEVAL-PROTEUS1, STEVAL-SMARTAG2, STEVAL-STWINBX1, STM320518-EVAL, STM32C0116-DK, STM32C011D6Y3TR, STM32C011D6Y6TR, STM32C011F4P3, STM32C011F4P6, STM32C011F4U3, STM32C011F4U6TR, STM32C011F6P3, STM32C011F6P6, STM32C011F6U3, STM32C011F6U6TR, STM32C011J4M3, STM32C011J4M6, STM32C011J6M3, STM32C011J6M6, STM32C0316-DK, STM32C031C4T3, STM32C031C4T6, STM32C031C4U3, STM32C031C4U6, STM32C031C6T3, STM32C031C6T6, STM32C031C6U3, STM32C031C6U6, STM32C031F4P3, STM32C031F4P6, STM32C031F6P3, STM32C031F6P6, STM32C031G4U3, STM32C031G4U6, STM32C031G6U3, STM32C031G6U6, STM32C031K4T3, STM32C031K4T6, STM32C031K4U3, STM32C031K4U6, STM32C031K6T3, STM32C031K6T6, STM32C031K6U3, STM32C031K6U6, STM32C071C8T6, STM32C071C8T6N, STM32C071C8U6, STM32C071C8U6N, STM32C071CBT6, STM32C071CBT6N, STM32C071CBU6, STM32C071CBU6N, STM32C071F8P6, STM32C071F8P6N, STM32C071FBP6, STM32C071FBP6N, STM32C071FBY6TR, STM32C071G8U6, STM32C071G8U6N, STM32C071GBU6, STM32C071GBU6N, STM32C071K8T6, STM32C071K8T6N, STM32C071K8U6, STM32C071K8U6N, STM32C071KBT6, STM32C071KBT6N, STM32C071KBU6, STM32C071KBU6N, STM32C071R8T6, STM32C071R8T6N, STM32C071RBI6N, STM32C071RBT6, STM32C071RBT6N, STM32G071K8TXN, STM32G071K8UXN, STM32G081GBU6N, STM32G081KBT6N, STM32G081KBUXN, STM32G0B1CCT6N, STM32G0B1KCT6, STM32G0B1NEY6TR, STM32G0B1RCT6N, STM32G0C1CCT6, STM32G0C1CCT6N, STM32G0C1CCU6N, STM32G0C1CET6N, STM32G0C1CEU6N, STM32G0C1KCT6, STM32G0C1NEY6TR, STM32G0C1RCI6N, STM32G0C1RCT6N, STM32G0C1REI6N, STM32G0C1RET6N, STM32G0C1VCI6, STM32G0C1VEI6, STM32G411C6T3, STM32G411C6T6, STM32G411C6U3, STM32G411C6U6, STM32G411C8T3, STM32G411C8T6, STM32G411C8U3, STM32G411C8U6, STM32G411CBT3, STM32G411CBT6, STM32G411CBU3, STM32G411CBU6, STM32G411K6T3, STM32G411K6T6, STM32G411K6U3, STM32G411K6U6, STM32G411K8T3, STM32G411K8T6, STM32G411K8U3, STM32G411K8U6, STM32G411KBT3, STM32G411KBT6, STM32G411KBU3, STM32G411KBU6, STM32G411M6T3, STM32G411M6T6, STM32G411M8T3, STM32G411M8T6, STM32G411MBT3, STM32G411MBT6, STM32G411R6T3, STM32G411R6T6, STM32G411R8T3, STM32G411R8T6, STM32G411RBT3, STM32G411RBT6, STM32G414CBT3, STM32G414CBT6, STM32G414CBU3, STM32G414CBU6, STM32G414CCT3, STM32G414CCT6, STM32G414CCU3, STM32G414CCU6, STM32G414MBT3, STM32G414MBT6, STM32G414MCT3, STM32G414MCT6, STM32G414RBT3, STM32G414RBT6, STM32G414RCT3, STM32G414RCT6, STM32G414VBT3, STM32G414VBT6, STM32G414VCT3, STM32G414VCT6, STM32G431CBT3Z, STM32G431RBT3Z, STM32G471CCT6, STM32G471CCU6, STM32G471CET3, STM32G471CET6, STM32G471CEU3, STM32G471CEU6, STM32G471MCT6, STM32G471MET3, STM32G471MET6, STM32G471MEY6TR, STM32G471QCT6, STM32G471QET3, STM32G471RCT6, STM32G471RET3, STM32G471RET6, STM32G471VCH6, STM32G471VCI6, STM32G471VCT6, STM32G471VEH3, STM32G471VEH6, STM32G471VEI3, STM32G471VEI6, STM32G471VET3, STM32G471VET6, STM32G473QET3Z, STM32G473RET3Z, STM32G474CCT6, STM32G491RET3Z, STM32H503CBT6, STM32H503CBU6, STM32H503EBY6TR, STM32H503KBU6, STM32H503RBT6, STM32H523CCT6, STM32H523CCU6, STM32H523CET6, STM32H523CEU6, STM32H523HEY6TR, STM32H523RCT6, STM32H523RET6, STM32H523VCI6, STM32H523VCT6, STM32H523VEI6, STM32H523VET6, STM32H523ZCJ6, STM32H523ZCT6, STM32H523ZEJ6, STM32H523ZET6, STM32H533CET6, STM32H533CEU6, STM32H533HEY6TR, STM32H533RET6, STM32H533VEI6, STM32H533VET6, STM32H533ZEJ6, STM32H533ZET6, STM32H562AGI6, STM32H562AII6, STM32H562IGK6, STM32H562IGT6, STM32H562IIK6, STM32H562IIT6, STM32H562RGT6, STM32H562RGV6, STM32H562RIT6, STM32H562RIV6, STM32H562VGT6, STM32H562VIT6, STM32H562ZGT6, STM32H562ZIT6, STM32H563AGI6, STM32H563AII3Q, STM32H563AII6, STM32H563IGK6, STM32H563IGT6, STM32H563IIK3Q, STM32H563IIK6, STM32H563IIT3Q, STM32H563IIT6, STM32H563MIY3QTR, STM32H563RGT6, STM32H563RGV6, STM32H563RIT6, STM32H563RIV6, STM32H563VGT6, STM32H563VIT3Q, STM32H563VIT6, STM32H563ZGT6, STM32H563ZIT3Q, STM32H563ZIT6, STM32H573AII3Q, STM32H573AII6, STM32H573I-DK, STM32H573IIK3Q, STM32H573IIK6, STM32H573IIT3Q, STM32H573IIT6, STM32H573MIY3QTR, STM32H573RIT6, STM32H573RIV6, STM32H573VIT3Q, STM32H573VIT6, STM32H573ZIT3Q, STM32H573ZIT6, STM32H7R3A8I6, STM32H7R3I8K6, STM32H7R3I8T6, STM32H7R3L8H6, STM32H7R3L8H6H, STM32H7R3R8V6, STM32H7R3V8H6, STM32H7R3V8T6, STM32H7R3V8Y6TR, STM32H7R3Z8J6, STM32H7R3Z8T6, STM32H7R7A8I6, STM32H7R7I8K6, STM32H7R7I8T6, STM32H7R7L8H6, STM32H7R7L8H6H, STM32H7R7Z8J6, STM32H7S3A8I6, STM32H7S3I8K6, STM32H7S3I8T6, STM32H7S3L8H6, STM32H7S3L8H6H, STM32H7S3R8V6, STM32H7S3V8H6, STM32H7S3V8T6, STM32H7S3V8Y6TR, STM32H7S3Z8J6, STM32H7S3Z8T6, STM32H7S78-DK, STM32H7S7A8I6, STM32H7S7I8K6, STM32H7S7I8T6, STM32H7S7L8H6, STM32H7S7L8H6H, STM32H7S7Z8J6, STM32L4R5QGI6STR, STM32MP131AAE3, STM32MP131AAF3, STM32MP131AAG3, STM32MP131CAE3, STM32MP131CAF3, STM32MP131CAG3, STM32MP131DAE7, STM32MP131DAF7, STM32MP131DAG7, STM32MP131FAE7, STM32MP131FAF7, STM32MP131FAG7, STM32MP133AAE3, STM32MP133AAF3, STM32MP133AAG3, STM32MP133CAE3, STM32MP133CAF3, STM32MP133CAG3, STM32MP133DAE7, STM32MP133DAF7, STM32MP133DAG7, STM32MP133FAE7, STM32MP133FAF7, STM32MP133FAG7, STM32MP135AAE3, STM32MP135AAF3, STM32MP135AAG3, STM32MP135CAE3, STM32MP135CAF3, STM32MP135CAG3, STM32MP135DAE7, STM32MP135DAF7, STM32MP135DAG7, STM32MP135F-DK, STM32MP135FAE7, STM32MP135FAF7, STM32MP135FAF7T, STM32MP135FAF7U, STM32MP135FAG7, STM32MP251AAI3, STM32MP251AAK3, STM32MP251AAL3, STM32MP251CAI3, STM32MP251CAK3, STM32MP251CAL3, STM32MP251DAI3, STM32MP251DAK3, STM32MP251DAL3, STM32MP251FAI3, STM32MP251FAK3, STM32MP251FAL3, STM32MP253AAI3, STM32MP253AAK3, STM32MP253AAL3, STM32MP253CAI3, STM32MP253CAK3, STM32MP253CAL3, STM32MP253DAI3, STM32MP253DAK3, STM32MP253DAL3, STM32MP253FAI3, STM32MP253FAK3, STM32MP253FAL3, STM32MP255AAI3, STM32MP255AAK3, STM32MP255AAL3, STM32MP255CAI3, STM32MP255CAK3, STM32MP255CAL3, STM32MP255DAI3, STM32MP255DAK3, STM32MP255DAL3, STM32MP255FAI3, STM32MP255FAK3, STM32MP255FAL3, STM32MP257AAI3, STM32MP257AAK3, STM32MP257AAL3, STM32MP257CAI3, STM32MP257CAK3, STM32MP257CAL3, STM32MP257DAI3, STM32MP257DAK3, STM32MP257DAL3, STM32MP257F-DK, STM32MP257F-EV1, STM32MP257FAI3, STM32MP257FAK3, STM32MP257FAL3, STM32U031C6T6, STM32U031C6U6, STM32U031C8T6, STM32U031C8U6, STM32U031F4P6, STM32U031F6P6, STM32U031F8P6, STM32U031G6Y6TR, STM32U031G8Y6TR, STM32U031K4U6, STM32U031K6U6, STM32U031K8U6, STM32U031R6I6, STM32U031R6T6, STM32U031R8I6, STM32U031R8T6, STM32U073C8T6, STM32U073C8U6, STM32U073CBT6, STM32U073CBU6, STM32U073CCT6, STM32U073CCU6, STM32U073H8Y6TR, STM32U073HBY6TR, STM32U073HCY6TR, STM32U073K8U6, STM32U073KBU6, STM32U073KCU6, STM32U073M8I6, STM32U073M8T6, STM32U073MBI6, STM32U073MBT6, STM32U073MCI6, STM32U073MCT6, STM32U073R8I6, STM32U073R8T6, STM32U073RBI6, STM32U073RBT6, STM32U073RCI6, STM32U073RCT6, STM32U083C-DK, STM32U083CCT6, STM32U083CCU6, STM32U083HCY6TR, STM32U083KCU6, STM32U083MCI6, STM32U083MCT6, STM32U083RCI6, STM32U083RCT6, STM32U535CBT6, STM32U535CBT6Q, STM32U535CBU6, STM32U535CBU6Q, STM32U535CCT6, STM32U535CCT6Q, STM32U535CCU6, STM32U535CCU6Q, STM32U535CET6, STM32U535CET6Q, STM32U535CEU6, STM32U535CEU6Q, STM32U535JEY6QTR, STM32U535NCY6QTR, STM32U535NEY6QTR, STM32U535RBI6, STM32U535RBI6Q, STM32U535RBT6, STM32U535RBT6Q, STM32U535RCI6, STM32U535RCI6Q, STM32U535RCT6, STM32U535RCT6Q, STM32U535REI6, STM32U535REI6Q, STM32U535RET6, STM32U535RET6Q, STM32U535VCI6, STM32U535VCI6Q, STM32U535VCT6, STM32U535VCT6Q, STM32U535VEI6, STM32U535VEI6Q, STM32U535VET6, STM32U535VET6Q, STM32U545CET6, STM32U545CET6Q, STM32U545CEU6, STM32U545CEU6Q, STM32U545JEY6QTR, STM32U545NEY6QTR, STM32U545REI6, STM32U545REI6Q, STM32U545RET6, STM32U545RET6Q, STM32U545VEI6, STM32U545VEI6Q, STM32U545VET6, STM32U545VET6Q, STM32U595AIH6, STM32U595AIH6Q, STM32U595AJH6, STM32U595AJH6Q, STM32U595QII6, STM32U595QII6Q, STM32U595QJI6, STM32U595QJI6Q, STM32U595RIT6, STM32U595RIT6Q, STM32U595RJT6, STM32U595RJT6Q, STM32U595VIT6, STM32U595VIT6Q, STM32U595VJT6, STM32U595VJT6Q, STM32U595ZIT6, STM32U595ZIT6Q, STM32U595ZIY6QTR, STM32U595ZJT6, STM32U595ZJT6Q, STM32U595ZJY6QTR, STM32U599BJY6QTR, STM32U599NIH6Q, STM32U599NJH6Q, STM32U599VIT6Q, STM32U599VJT6, STM32U599VJT6Q, STM32U599ZIT6Q, STM32U599ZIY6QTR, STM32U599ZJT6Q, STM32U599ZJY6QTR, STM32U5A5AJH6, STM32U5A5AJH6Q, STM32U5A5QII3Q , STM32U5A5QJI6, STM32U5A5QJI6Q, STM32U5A5RJT6, STM32U5A5RJT6Q, STM32U5A5VJT6, STM32U5A5VJT6Q, STM32U5A5ZJT6, STM32U5A5ZJT6Q, STM32U5A5ZJY6QTR, STM32U5A9BJY6QTR, STM32U5A9J-DK, STM32U5A9NJH6Q, STM32U5A9VJT6Q, STM32U5A9ZJT6Q, STM32U5A9ZJY6QTR, STM32U5F7VIT6, STM32U5F7VIT6Q, STM32U5F7VJT6, STM32U5F7VJT6Q, STM32U5F9BJY6QTR, STM32U5F9NJH6Q, STM32U5F9VIT6Q, STM32U5F9VJT6Q, STM32U5F9ZIJ6QTR, STM32U5F9ZIT6Q, STM32U5F9ZJJ6QTR, STM32U5F9ZJT6Q, STM32U5G7VJT6, STM32U5G7VJT6Q, STM32U5G9BJY6QTR, STM32U5G9J-DK1, STM32U5G9J-DK2, STM32U5G9NJH6Q, STM32U5G9VJT6Q, STM32U5G9ZJJ6QTR, STM32U5G9ZJT6Q, STM32WB05KZV6TR, STM32WB05KZV7TR, STM32WB05TZF6TR, STM32WB05TZF7TR, STM32WB06CCF6TR, STM32WB06CCF7TR, STM32WB06CCV6TR, STM32WB06CCV7TR, STM32WB06KCV6TR, STM32WB06KCV7TR, STM32WB07CCF6TR, STM32WB07CCF7TR, STM32WB07CCV6TR, STM32WB07CCV7TR, STM32WB07KCV6TR, STM32WB07KCV7TR, STM32WB09KEV6TR, STM32WB09KEV7TR, STM32WB09TEF6TR, STM32WB09TEF7TR, STM32WB1MMCH6, STM32WBA50KGU6, STM32WBA50KGU6TR, STM32WBA52CEU6, STM32WBA52CEU6TR, STM32WBA52CEU7, STM32WBA52CEU7TR, STM32WBA52CGU6, STM32WBA52CGU6TR, STM32WBA52CGU6U, STM32WBA52CGU7, STM32WBA52CGU7TR, STM32WBA52KEU6, STM32WBA52KEU6TR, STM32WBA52KGU6, STM32WBA52KGU6TR, STM32WBA54CEU6, STM32WBA54CEU6TR, STM32WBA54CEU7, STM32WBA54CEU7TR, STM32WBA54CGU6, STM32WBA54CGU6TR, STM32WBA54CGU7, STM32WBA54CGU7TR, STM32WBA54KEU6, STM32WBA54KEU6TR, STM32WBA54KEU7, STM32WBA54KEU7TR, STM32WBA54KGU6, STM32WBA54KGU6TR, STM32WBA54KGU7, STM32WBA54KGU7TR, STM32WBA55CEU6, STM32WBA55CEU6TR, STM32WBA55CEU7, STM32WBA55CEU7TR, STM32WBA55CGU6, STM32WBA55CGU6TR, STM32WBA55CGU6U, STM32WBA55CGU7, STM32WBA55CGU7TR, STM32WBA55G-DK1, STM32WBA55HEF6, STM32WBA55HEF7, STM32WBA55HGF6, STM32WBA55HGF7, STM32WBA55UEI6, STM32WBA55UEI6TR, STM32WBA55UEI7, STM32WBA55UEI7TR, STM32WBA55UGI6, STM32WBA55UGI6TR, STM32WBA55UGI7, STM32WBA55UGI7TR, STM32WL5MOCH6, STM32WL5MOCH6TR]
2025-03-06 13:02:31,915 [INFO] BoardInfo:889 - No configuration file found for board NUCLEO-N657X0-Q
2025-03-06 13:02:31,916 [INFO] DbBoards:161 - Board is not supported: NUCLEO-N657X0-Q
2025-03-06 13:02:31,930 [INFO] BoardInfo:889 - No configuration file found for board NUCLEO-WL33CC1
2025-03-06 13:02:31,930 [INFO] DbBoards:161 - Board is not supported: NUCLEO-WL33CC1
2025-03-06 13:02:31,931 [INFO] BoardInfo:889 - No configuration file found for board NUCLEO-WL33CC2
2025-03-06 13:02:31,931 [INFO] DbBoards:161 - Board is not supported: NUCLEO-WL33CC2
2025-03-06 13:02:31,936 [INFO] BoardInfo:889 - No configuration file found for board P-NUCLEO-WB55
2025-03-06 13:02:31,937 [INFO] DbBoards:161 - Kit is not supported: P-NUCLEO-WB55
2025-03-06 13:02:31,941 [INFO] BoardInfo:889 - No configuration file found for board STEVAL-BFA001V1B
2025-03-06 13:02:31,941 [INFO] DbBoards:161 - Kit is not supported: STEVAL-BFA001V1B
2025-03-06 13:02:31,942 [INFO] BoardInfo:889 - No configuration file found for board STEVAL-BFA001V2B
2025-03-06 13:02:31,942 [INFO] DbBoards:161 - Kit is not supported: STEVAL-BFA001V2B
2025-03-06 13:02:32,042 [INFO] BoardInfo:889 - No configuration file found for board STM32N6570-DK
2025-03-06 13:02:32,043 [INFO] DbBoards:161 - Board is not supported: STM32N6570-DK
2025-03-06 13:02:32,050 [INFO] DbBoards:168 - Found 205 boards, 198 are supported
2025-03-06 13:02:32,050 [INFO] DbBoards:169 - Found 205 boards, 25 of them is supported for  Bsp
2025-03-06 13:02:32,053 [INFO] ApiDb:414 - User favorites file not found: /home/cdm/.stm32cubeide/favorites.boards.txt
2025-03-06 13:02:32,053 [INFO] DbBoards:198 - Set 0 / 0 favorites Boards
2025-03-06 13:02:32,056 [INFO] ApiDb:668 - CubeFinder database Data Model version=2.1
2025-03-06 13:02:32,056 [INFO] ApiDb:669 - CubeFinder database Configuration version=3.0.39
2025-03-06 13:02:32,056 [INFO] ApiDb:670 - CubeFinder database generation date=2025-02-18 (1739885696)
2025-03-06 13:02:32,056 [INFO] ApiDb:671 - CubeFinder database FW Pack versions=[FP-ATR-ASTRA1_V2.0.0, FP-SNS-FLIGHT1_V5.0.2, FP-SNS-MOTENV1_V5.0.0, FP-SNS-MOTENVWB1_V1.4.0, FP-SNS-SMARTAG2_V1.2.0, FP-SNS-STBOX1_V2.0.0, STM32Cube_FW_C0_V1.4.0, STM32Cube_FW_F4_V1.28.1, STM32Cube_FW_F7_V1.17.2, STM32Cube_FW_G0_V1.6.2, STM32Cube_FW_G4_V1.6.1, STM32Cube_FW_H5_V1.5.0, STM32Cube_FW_H7RS_V1.2.0, STM32Cube_FW_H7_V1.12.1, STM32Cube_FW_L0_V1.12.2, STM32Cube_FW_L4_V1.18.1, STM32Cube_FW_L5_V1.5.1, STM32Cube_FW_N6_V1.1.0, STM32Cube_FW_U0_V1.2.0, STM32Cube_FW_U3_V1.1.0, STM32Cube_FW_U5_V1.7.0, STM32Cube_FW_WB0_V1.2.0, STM32Cube_FW_WBA_V1.6.0, STM32Cube_FW_WB_V1.22.0, STM32Cube_FW_WL3_V1.1.0, STM32Cube_FW_WL_V1.3.1, X-CUBE-ALGOBUILD_V1.4.0, X-CUBE-ALS_V1.0.2, X-CUBE-AZRTOS-F4_V1.1.0, X-CUBE-AZRTOS-F7_V1.1.0, X-CUBE-AZRTOS-G0_V1.1.0, X-CUBE-AZRTOS-G4_V2.0.0, X-CUBE-AZRTOS-H7RS_V1.0.0, X-CUBE-AZRTOS-H7_V3.3.0, X-CUBE-AZRTOS-L4_V2.0.0, X-CUBE-AZRTOS-L5_V2.0.0, X-CUBE-AZRTOS-WB_V2.0.0, X-CUBE-AZRTOS-WL_V2.0.0, X-CUBE-BLE1_V7.0.0, X-CUBE-BLE2_V3.3.0, X-CUBE-BLEMGR_V4.0.0, X-CUBE-EEPRMA1_V5.1.0, X-CUBE-FREERTOS_V1.3.0, X-CUBE-GNSS1_V6.0.0, X-CUBE-MEMS1_V11.1.0, X-CUBE-NFC4_V3.0.0, X-CUBE-NFC7_V1.0.1, X-CUBE-SFXS2LP1_V4.0.0, X-CUBE-SUBG2_V5.0.0, X-CUBE-TOF1_V3.4.2]
2025-03-06 13:02:32,753 [ERROR] DbExamplesSqlite:437 - Missing JSON key: board_cpn
2025-03-06 13:02:32,753 [ERROR] DbExamplesSqlite:437 - Missing JSON key: board_cpn
2025-03-06 13:02:32,753 [ERROR] DbExamplesSqlite:437 - Missing JSON key: board_cpn
2025-03-06 13:02:32,753 [ERROR] DbExamplesSqlite:437 - Missing JSON key: board_cpn
2025-03-06 13:02:32,885 [ERROR] DbExamplesSqlite:437 - Missing JSON key: board_cpn
2025-03-06 13:02:32,886 [ERROR] DbExamplesSqlite:437 - Missing JSON key: board_cpn
2025-03-06 13:02:32,886 [ERROR] DbExamplesSqlite:437 - Missing JSON key: board_cpn
2025-03-06 13:02:32,886 [ERROR] DbExamplesSqlite:437 - Missing JSON key: board_cpn
2025-03-06 13:02:32,886 [ERROR] DbExamplesSqlite:437 - Missing JSON key: board_cpn
2025-03-06 13:02:32,887 [ERROR] DbExamplesSqlite:437 - Missing JSON key: board_cpn
2025-03-06 13:02:32,887 [ERROR] DbExamplesSqlite:437 - Missing JSON key: board_cpn
2025-03-06 13:02:32,888 [ERROR] DbExamplesSqlite:437 - Missing JSON key: board_cpn
2025-03-06 13:02:32,888 [ERROR] DbExamplesSqlite:437 - Missing JSON key: board_cpn
2025-03-06 13:02:33,074 [ERROR] DbExamplesSqlite:437 - Missing JSON key: board_cpn
2025-03-06 13:02:33,085 [INFO] DbExamplesSqlite:395 - Ignored 46 examples not supported by CubeIDE
2025-03-06 13:02:33,085 [INFO] DbExamplesSqlite:396 - Found 10814 examples active
2025-03-06 13:02:33,085 [INFO] DbExamplesSqlite:397 - Found 0 examples obsolete
2025-03-06 13:02:33,085 [INFO] DbExamplesSqlite:398 - Found 0 examples under development
2025-03-06 13:02:33,086 [INFO] DbExamplesSqlite:399 - Found 79 examples not building
2025-03-06 13:02:33,088 [INFO] DbExamples:125 - Found 10847 examples
2025-03-06 13:02:33,233 [ERROR] DbExamples:208 - Found 599 examples with invalid data (board or MCU)
2025-03-06 13:02:33,233 [INFO] DbExamples:222 - Found 128 boards with related examples
2025-03-06 13:02:33,234 [INFO] DbExamples:235 - Found 107 MCUs with related examples
2025-03-06 13:02:33,260 [INFO] ApiDb:414 - User favorites file not found: /home/cdm/.stm32cubeide/favorites.examples.txt
2025-03-06 13:02:33,261 [INFO] DbExamples:250 - Set 0 / 0 favorites Examples
2025-03-06 13:02:33,389 [INFO] McuFinderGlobals:76 - Set McuFinderConnectedMode to true
2025-03-06 13:02:33,407 [INFO] MultiScanPanel:200 - Auto-refresh data requested => check proxy status ongoing
2025-03-06 13:02:33,410 [INFO] FinderPluginLoader:95 - Searching for filters in installed packs
2025-03-06 13:02:34,890 [INFO] LoadUrlFilesThread:185 - End of LoadServerUrlFiles without Thread
2025-03-06 13:02:34,898 [INFO] DetailPanel:341 - Set advertising image to /home/cdm/STM32Cube/Repository//en.prom-stm32n6-mcu-finder.png
2025-03-06 13:05:44,014 [INFO] MainUpdater:2873 - connection check result : 10
2025-03-06 13:05:44,073 [INFO] McuFinderGlobals:76 - Set McuFinderConnectedMode to true
2025-03-06 13:05:44,073 [INFO] MultiScanPanel:200 - Auto-refresh data requested => check proxy status ongoing
2025-03-06 13:05:44,073 [INFO] FinderPluginLoader:95 - Searching for filters in installed packs
2025-03-06 13:05:45,255 [INFO] ServerAccessManage:473 - Download File 
2025-03-06 13:05:45,264 [INFO] LoadUrlFilesThread:185 - End of LoadServerUrlFiles without Thread
2025-03-06 13:05:45,264 [INFO] DetailPanel:341 - Set advertising image to /home/cdm/STM32Cube/Repository//en.prom-stm32n6-mcu-finder.png
2025-03-06 13:06:32,152 [INFO] McuFinderGlobals:76 - Set McuFinderConnectedMode to true
2025-03-06 13:06:32,817 [INFO] ApiDb:448 - Save user favorites file /home/cdm/.stm32cubeide/favorites.mcus.txt: 0 item(s)
2025-03-06 13:06:32,817 [INFO] ApiDb:452 - User favorites MCUs=[]
2025-03-06 13:06:36,620 [INFO] MainUpdater:2873 - connection check result : 10
2025-03-06 13:06:36,680 [INFO] McuFinderGlobals:76 - Set McuFinderConnectedMode to true
2025-03-06 13:06:36,680 [INFO] MultiScanPanel:200 - Auto-refresh data requested => check proxy status ongoing
2025-03-06 13:06:36,680 [INFO] FinderPluginLoader:95 - Searching for filters in installed packs
2025-03-06 13:06:37,372 [INFO] LoadUrlFilesThread:185 - End of LoadServerUrlFiles without Thread
2025-03-06 13:06:37,372 [INFO] DetailPanel:341 - Set advertising image to /home/cdm/STM32Cube/Repository//en.prom-stm32n6-mcu-finder.png
2025-03-06 13:06:46,343 [INFO] McuFinderGlobals:76 - Set McuFinderConnectedMode to true
2025-03-06 13:06:47,766 [INFO] ApiDb:448 - Save user favorites file /home/cdm/.stm32cubeide/favorites.mcus.txt: 0 item(s)
2025-03-06 13:06:47,767 [INFO] ApiDb:452 - User favorites MCUs=[]
2025-03-06 13:06:56,822 [ERROR] LogOutputStream:75 - [STDERR_REDIRECT] Exception in thread "AWT-EventQueue-0" org.eclipse.swt.SWTException: Device is disposed
2025-03-06 13:06:56,823 [ERROR] LogOutputStream:75 - [STDERR_REDIRECT] 	at org.eclipse.swt.SWT.error(SWT.java:4918)
2025-03-06 13:06:56,823 [ERROR] LogOutputStream:75 - [STDERR_REDIRECT] 	at org.eclipse.swt.SWT.error(SWT.java:4833)
2025-03-06 13:06:56,823 [ERROR] LogOutputStream:75 - [STDERR_REDIRECT] 	at org.eclipse.swt.SWT.error(SWT.java:4804)
2025-03-06 13:06:56,823 [ERROR] LogOutputStream:75 - [STDERR_REDIRECT] 	at org.eclipse.swt.widgets.Display.error(Display.java:1550)
2025-03-06 13:06:56,823 [ERROR] LogOutputStream:75 - [STDERR_REDIRECT] 	at org.eclipse.swt.widgets.Display.asyncExec(Display.java:919)
2025-03-06 13:06:56,823 [ERROR] LogOutputStream:75 - [STDERR_REDIRECT] 	at com.st.stm32cube.common.mx.oss.core.awtswtbridge.AwtEnvironment$2.run(AwtEnvironment.java:168)
2025-03-06 13:06:56,823 [ERROR] LogOutputStream:75 - [STDERR_REDIRECT] 	at java.desktop/java.awt.event.InvocationEvent.dispatch(InvocationEvent.java:318)
2025-03-06 13:06:56,823 [ERROR] LogOutputStream:75 - [STDERR_REDIRECT] 	at java.desktop/java.awt.EventQueue.dispatchEventImpl(EventQueue.java:773)
2025-03-06 13:06:56,823 [ERROR] LogOutputStream:75 - [STDERR_REDIRECT] 	at java.desktop/java.awt.EventQueue$4.run(EventQueue.java:720)
2025-03-06 13:06:56,823 [ERROR] LogOutputStream:75 - [STDERR_REDIRECT] 	at java.desktop/java.awt.EventQueue$4.run(EventQueue.java:714)
2025-03-06 13:06:56,824 [ERROR] LogOutputStream:75 - [STDERR_REDIRECT] 	at java.base/java.security.AccessController.doPrivileged(AccessController.java:399)
2025-03-06 13:06:56,824 [ERROR] LogOutputStream:75 - [STDERR_REDIRECT] 	at java.base/java.security.ProtectionDomain$JavaSecurityAccessImpl.doIntersectionPrivilege(ProtectionDomain.java:86)
2025-03-06 13:06:56,824 [ERROR] LogOutputStream:75 - [STDERR_REDIRECT] 	at java.desktop/java.awt.EventQueue.dispatchEvent(EventQueue.java:742)
2025-03-06 13:06:56,824 [ERROR] LogOutputStream:75 - [STDERR_REDIRECT] 	at java.desktop/java.awt.EventDispatchThread.pumpOneEventForFilters(EventDispatchThread.java:203)
2025-03-06 13:06:56,824 [ERROR] LogOutputStream:75 - [STDERR_REDIRECT] 	at java.desktop/java.awt.EventDispatchThread.pumpEventsForFilter(EventDispatchThread.java:124)
2025-03-06 13:06:56,824 [ERROR] LogOutputStream:75 - [STDERR_REDIRECT] 	at java.desktop/java.awt.EventDispatchThread.pumpEventsForHierarchy(EventDispatchThread.java:113)
2025-03-06 13:06:56,824 [ERROR] LogOutputStream:75 - [STDERR_REDIRECT] 	at java.desktop/java.awt.EventDispatchThread.pumpEvents(EventDispatchThread.java:109)
2025-03-06 13:06:56,824 [ERROR] LogOutputStream:75 - [STDERR_REDIRECT] 	at java.desktop/java.awt.EventDispatchThread.pumpEvents(EventDispatchThread.java:101)
2025-03-06 13:06:56,824 [ERROR] LogOutputStream:75 - [STDERR_REDIRECT] 	at java.desktop/java.awt.EventDispatchThread.run(EventDispatchThread.java:90)
2025-03-06 13:06:56,938 [ERROR] LogOutputStream:75 - [STDERR_REDIRECT] 
