2026-01-19 01:41:15,909 [ERROR] LogOutputStream:75 - [STDERR_REDIRECT] 
2026-01-19 14:15:02,428 [INFO] Activator:176 - 


2026-01-19 14:15:02,429 [INFO] Activator:177 - !SESSION log4j initialized
2026-01-19 14:15:07,450 [INFO] LogOutputStream:77 - [STDOUT_REDIRECT] 
2026-01-19 14:15:09,552 [INFO] ApplicationProperties:184 - Using Application install path: D:\STM32CubeIDE_1.18.1\STM32CubeIDE\plugins\com.st.stm32cube.common.mx_6.14.1.202504091515
2026-01-19 14:15:09,570 [INFO] DbMcusXml:78 - Set database path to: D:\STM32CubeIDE_1.18.1\STM32CubeIDE\plugins\com.st.stm32cube.common.mx_6.14.1.202504091515\\db\/mcu/
2026-01-19 14:15:09,570 [INFO] ApiDb:274 - Set plugin database path to: D:\STM32CubeIDE_1.18.1\STM32CubeIDE\plugins\com.st.stm32cube.common.mx_6.14.1.202504091515\\db\/plugins/boardmanager/
2026-01-19 14:15:09,570 [WARN] ApiDb:259 - Overriding images path with different value:  => D:\STM32CubeIDE_1.18.1\STM32CubeIDE\plugins\com.st.stm32cube.common.mx_6.14.1.202504091515\\db\/plugins/mcufinder/images/
2026-01-19 14:15:09,577 [INFO] ApiDb:250 - Set database path to: C:\Users\cdm05\.stmcufinder\plugins\mcufinder//mcu/
2026-01-19 14:15:09,578 [INFO] DbMcusAds:125 - Set database path to: C:\Users\cdm05\.stmcufinder\plugins\mcufinder//mcu/
2026-01-19 14:15:09,581 [INFO] CrossReferenceDbSqlite:203 - Set database path to: C:\Users\cdm05\.stmcufinder\plugins\mcufinder//mcu/cs/
2026-01-19 14:15:09,706 [INFO] RulesReader:64 - Compatibility file has been processed (302 Rules)
2026-01-19 14:15:09,808 [INFO] DbMcusXml:78 - Set database path to: D:\STM32CubeIDE_1.18.1\STM32CubeIDE\plugins\com.st.stm32cube.common.mx_6.14.1.202504091515\\db\/mcu/
2026-01-19 14:15:09,808 [INFO] ApiDb:274 - Set plugin database path to: D:\STM32CubeIDE_1.18.1\STM32CubeIDE\plugins\com.st.stm32cube.common.mx_6.14.1.202504091515\\db\/plugins/boardmanager/
2026-01-19 14:15:09,808 [INFO] ApiDb:261 - Set plugin images path to: D:\STM32CubeIDE_1.18.1\STM32CubeIDE\plugins\com.st.stm32cube.common.mx_6.14.1.202504091515\\db\/plugins/mcufinder/images/
2026-01-19 14:15:09,808 [WARN] DbFile:41 - Overriding database path with different value: C:\Users\cdm05\.stmcufinder\plugins\mcufinder/ => C:\Users\cdm05\.stmcufinder\plugins\mcufinder
2026-01-19 14:15:09,808 [INFO] ApiDb:250 - Set database path to: C:\Users\cdm05\.stmcufinder\plugins\mcufinder//mcu/
2026-01-19 14:15:09,808 [WARN] DbFile:41 - Overriding database path with different value: C:\Users\cdm05\.stmcufinder\plugins\mcufinder/ => C:\Users\cdm05\.stmcufinder\plugins\mcufinder
2026-01-19 14:15:09,808 [INFO] DbMcusAds:125 - Set database path to: C:\Users\cdm05\.stmcufinder\plugins\mcufinder//mcu/
2026-01-19 14:15:09,808 [WARN] DbFile:41 - Overriding database path with different value: C:\Users\cdm05\.stmcufinder\plugins\mcufinder/ => C:\Users\cdm05\.stmcufinder\plugins\mcufinder
2026-01-19 14:15:09,808 [WARN] DbFile:41 - Overriding database path with different value: C:\Users\cdm05\.stmcufinder\plugins\mcufinder/ => C:\Users\cdm05\.stmcufinder\plugins\mcufinder
2026-01-19 14:15:09,808 [INFO] CrossReferenceDbSqlite:203 - Set database path to: C:\Users\cdm05\.stmcufinder\plugins\mcufinder//mcu/cs/
2026-01-19 14:15:09,900 [INFO] MainPanel:272 - HeapMemory: 268435456
2026-01-19 14:15:10,066 [INFO] DbMcusXml:78 - Set database path to: D:\STM32CubeIDE_1.18.1\STM32CubeIDE\plugins\com.st.stm32cube.common.mx_6.14.1.202504091515\\db\/mcu/
2026-01-19 14:15:10,067 [INFO] ApiDb:274 - Set plugin database path to: D:\STM32CubeIDE_1.18.1\STM32CubeIDE\plugins\com.st.stm32cube.common.mx_6.14.1.202504091515\\db\/plugins/boardmanager/
2026-01-19 14:15:10,067 [INFO] ApiDb:261 - Set plugin images path to: D:\STM32CubeIDE_1.18.1\STM32CubeIDE\plugins\com.st.stm32cube.common.mx_6.14.1.202504091515\\db\/plugins/mcufinder/images/
2026-01-19 14:15:10,067 [WARN] DbFile:41 - Overriding database path with different value: C:\Users\cdm05\.stmcufinder\plugins\mcufinder/ => C:\Users\cdm05\.stmcufinder\plugins\mcufinder
2026-01-19 14:15:10,067 [INFO] ApiDb:250 - Set database path to: C:\Users\cdm05\.stmcufinder\plugins\mcufinder//mcu/
2026-01-19 14:15:10,067 [WARN] DbFile:41 - Overriding database path with different value: C:\Users\cdm05\.stmcufinder\plugins\mcufinder/ => C:\Users\cdm05\.stmcufinder\plugins\mcufinder
2026-01-19 14:15:10,067 [INFO] DbMcusAds:125 - Set database path to: C:\Users\cdm05\.stmcufinder\plugins\mcufinder//mcu/
2026-01-19 14:15:10,068 [WARN] DbFile:41 - Overriding database path with different value: C:\Users\cdm05\.stmcufinder\plugins\mcufinder/ => C:\Users\cdm05\.stmcufinder\plugins\mcufinder
2026-01-19 14:15:10,068 [WARN] DbFile:41 - Overriding database path with different value: C:\Users\cdm05\.stmcufinder\plugins\mcufinder/ => C:\Users\cdm05\.stmcufinder\plugins\mcufinder
2026-01-19 14:15:10,068 [INFO] CrossReferenceDbSqlite:203 - Set database path to: C:\Users\cdm05\.stmcufinder\plugins\mcufinder//mcu/cs/
2026-01-19 14:15:10,087 [INFO] ApplicationProperties:184 - Using Application install path: D:\STM32CubeIDE_1.18.1\STM32CubeIDE\plugins\com.st.stm32cube.common.mx_6.14.1.202504091515
2026-01-19 14:15:10,089 [INFO] PluginManage:196 - Search for loadable plugins [exclusion list=, ]
2026-01-19 14:15:10,089 [INFO] PluginManage:310 - Check plugin analytics
2026-01-19 14:15:10,263 [INFO] AnalyticsPlugin:253 - Accepted Software Licenses: 
2026-01-19 14:15:10,263 [INFO] AnalyticsPlugin:255 - Accepted CMSIS Pack Licenses: 
2026-01-19 14:15:10,263 [INFO] AnalyticsPlugin:257 - Accepted Firmware Licenses: 
2026-01-19 14:15:10,267 [INFO] PluginManage:359 - Loaded plugin analytics (category:tool,tabindex:-1)
2026-01-19 14:15:10,267 [INFO] PluginManage:310 - Check plugin cadmodel
2026-01-19 14:15:10,277 [INFO] CADModel:105 - Init CAD model plugin
2026-01-19 14:15:10,277 [INFO] PluginManage:359 - Loaded plugin cadmodel (category:power,tabindex:5)
2026-01-19 14:15:10,278 [INFO] PluginManage:310 - Check plugin clock
2026-01-19 14:15:10,302 [INFO] PluginManage:359 - Loaded plugin clock (category:base,tabindex:2)
2026-01-19 14:15:10,302 [INFO] PluginManage:310 - Check plugin ddr
2026-01-19 14:15:10,304 [INFO] PluginManage:359 - Loaded plugin ddr (category:tool,tabindex:6)
2026-01-19 14:15:10,304 [INFO] PluginManage:310 - Check plugin filemanager
2026-01-19 14:15:10,447 [INFO] PluginManage:359 - Loaded plugin filemanager (category:base,tabindex:10)
2026-01-19 14:15:10,447 [INFO] PluginManage:310 - Check plugin ipmanager
2026-01-19 14:15:10,453 [INFO] PluginManage:359 - Loaded plugin ipmanager (category:base,tabindex:5)
2026-01-19 14:15:10,453 [INFO] PluginManage:310 - Check plugin lpbam
2026-01-19 14:15:10,460 [INFO] PluginManage:359 - Loaded plugin lpbam (category:base,tabindex:0)
2026-01-19 14:15:10,460 [INFO] PluginManage:310 - Check plugin memorymap
2026-01-19 14:15:10,475 [INFO] PluginManage:359 - Loaded plugin memorymap (category:base,tabindex:4)
2026-01-19 14:15:10,476 [INFO] PluginManage:310 - Check plugin pinoutandconfiguration
2026-01-19 14:15:10,483 [INFO] PluginManage:359 - Loaded plugin pinoutandconfiguration (category:base,tabindex:1)
2026-01-19 14:15:10,483 [INFO] PluginManage:310 - Check plugin pinoutconfig
2026-01-19 14:15:10,555 [WARN] SupportedApi:132 - Cannot load RTOS API schema: s4s-elt-must-match.1: The content of 'definitions' must match (annotation?, (simpleType | complexType)?, (unique | key | keyref)*)). A problem was found starting at: attribute.
2026-01-19 14:15:10,682 [INFO] PluginManage:359 - Loaded plugin pinoutconfig (category:base,tabindex:0)
2026-01-19 14:15:10,683 [INFO] PluginManage:310 - Check plugin power
2026-01-19 14:15:10,690 [INFO] PluginManage:359 - Loaded plugin power (category:power,tabindex:4)
2026-01-19 14:15:10,690 [INFO] PluginManage:310 - Check plugin projectmanager
2026-01-19 14:15:10,701 [INFO] PluginManage:359 - Loaded plugin projectmanager (category:projectmanager,tabindex:4)
2026-01-19 14:15:10,701 [INFO] PluginManage:310 - Check plugin rif
2026-01-19 14:15:10,719 [INFO] PluginManage:359 - Loaded plugin rif (category:base,tabindex:3)
2026-01-19 14:15:10,719 [INFO] PluginManage:310 - Check plugin thirdparty
2026-01-19 14:15:10,844 [INFO] PluginManage:359 - Loaded plugin thirdparty (category:base,tabindex:-1)
2026-01-19 14:15:10,844 [WARN] IntegrityCheckThread:84 - waiting for thirdparty lock release [integrity check]
2026-01-19 14:15:10,844 [INFO] IntegrityCheckThread:86 - entering critical section [integrity check]
2026-01-19 14:15:10,844 [INFO] PluginManage:310 - Check plugin tools
2026-01-19 14:15:10,844 [INFO] ThirdPartyUpdaterWithRetryManager:70 - Updater plugin not ready yet. [1/15]
2026-01-19 14:15:10,846 [INFO] PluginManage:359 - Loaded plugin tools (category:base,tabindex:7)
2026-01-19 14:15:10,846 [INFO] PluginManage:310 - Check plugin tutovideos
2026-01-19 14:15:11,014 [INFO] PluginManage:359 - Loaded plugin tutovideos (category:base,tabindex:-1)
2026-01-19 14:15:11,015 [INFO] PluginManage:310 - Check plugin updater
2026-01-19 14:15:11,035 [INFO] PluginManage:359 - Loaded plugin updater (category:base,tabindex:12)
2026-01-19 14:15:11,035 [INFO] PluginManage:310 - Check plugin userauth
2026-01-19 14:15:11,039 [INFO] UserAuth:118 - Init User Auth plugin
2026-01-19 14:15:11,040 [INFO] PluginManage:359 - Loaded plugin userauth (category:base,tabindex:14)
2026-01-19 14:15:11,040 [INFO] PluginManage:283 - PluginManage : Loaded plugins [18]
2026-01-19 14:15:11,207 [INFO] PinOutPanel:1589 - setPackage(No Configuration,No Configuration)
2026-01-19 14:15:11,270 [INFO] CADModel:165 - CPN selected for project level
2026-01-19 14:15:11,270 [INFO] CADModel:114 - Register for checkConnection events
2026-01-19 14:15:11,286 [INFO] IPUIPlugin:80 - create IPUIPlugin
2026-01-19 14:15:11,286 [INFO] PluginManager:220 - loadIPPluginJar : add adc
2026-01-19 14:15:11,290 [INFO] IPUIPlugin:80 - create IPUIPlugin
2026-01-19 14:15:11,290 [INFO] PluginManager:220 - loadIPPluginJar : add aes
2026-01-19 14:15:11,293 [INFO] IPUIPlugin:80 - create IPUIPlugin
2026-01-19 14:15:11,293 [INFO] PluginManager:220 - loadIPPluginJar : add can
2026-01-19 14:15:11,294 [INFO] IPUIPlugin:80 - create IPUIPlugin
2026-01-19 14:15:11,294 [INFO] PluginManager:220 - loadIPPluginJar : add comp
2026-01-19 14:15:11,296 [INFO] IPUIPlugin:80 - create IPUIPlugin
2026-01-19 14:15:11,296 [INFO] PluginManager:220 - loadIPPluginJar : add cryp
2026-01-19 14:15:11,298 [INFO] IPUIPlugin:80 - create IPUIPlugin
2026-01-19 14:15:11,298 [INFO] PluginManager:220 - loadIPPluginJar : add ddr_ctrl_phy
2026-01-19 14:15:11,299 [INFO] IPUIPlugin:80 - create IPUIPlugin
2026-01-19 14:15:11,299 [INFO] PluginManager:220 - loadIPPluginJar : add dfsdm
2026-01-19 14:15:11,303 [INFO] IPUIPlugin:80 - create IPUIPlugin
2026-01-19 14:15:11,303 [INFO] PluginManager:220 - loadIPPluginJar : add dma
2026-01-19 14:15:11,305 [INFO] IPUIPlugin:80 - create IPUIPlugin
2026-01-19 14:15:11,305 [INFO] PluginManager:220 - loadIPPluginJar : add dma3
2026-01-19 14:15:11,313 [INFO] IPUIPlugin:80 - create IPUIPlugin
2026-01-19 14:15:11,313 [INFO] PluginManager:220 - loadIPPluginJar : add extmemmanager
2026-01-19 14:15:11,316 [INFO] IPUIPlugin:80 - create IPUIPlugin
2026-01-19 14:15:11,316 [INFO] PluginManager:220 - loadIPPluginJar : add fatfs
2026-01-19 14:15:11,320 [INFO] IPUIPlugin:80 - create IPUIPlugin
2026-01-19 14:15:11,320 [INFO] PluginManager:220 - loadIPPluginJar : add fmc
2026-01-19 14:15:11,323 [INFO] IPUIPlugin:80 - create IPUIPlugin
2026-01-19 14:15:11,323 [INFO] PluginManager:220 - loadIPPluginJar : add freertos
2026-01-19 14:15:11,326 [INFO] IPUIPlugin:80 - create IPUIPlugin
2026-01-19 14:15:11,326 [INFO] PluginManager:220 - loadIPPluginJar : add genericplugin
2026-01-19 14:15:11,328 [INFO] IPUIPlugin:80 - create IPUIPlugin
2026-01-19 14:15:11,328 [INFO] PluginManager:220 - loadIPPluginJar : add gfxmmu
2026-01-19 14:15:11,330 [INFO] IPUIPlugin:80 - create IPUIPlugin
2026-01-19 14:15:11,330 [INFO] PluginManager:220 - loadIPPluginJar : add gic
2026-01-19 14:15:11,332 [INFO] IPUIPlugin:80 - create IPUIPlugin
2026-01-19 14:15:11,332 [INFO] PluginManager:220 - loadIPPluginJar : add gpio
2026-01-19 14:15:11,334 [INFO] IPUIPlugin:80 - create IPUIPlugin
2026-01-19 14:15:11,334 [INFO] PluginManager:220 - loadIPPluginJar : add gtzc
2026-01-19 14:15:11,340 [INFO] IPUIPlugin:80 - create IPUIPlugin
2026-01-19 14:15:11,340 [INFO] PluginManager:220 - loadIPPluginJar : add hash
2026-01-19 14:15:11,348 [INFO] IPUIPlugin:80 - create IPUIPlugin
2026-01-19 14:15:11,348 [INFO] PluginManager:220 - loadIPPluginJar : add i2c
2026-01-19 14:15:11,352 [INFO] IPUIPlugin:80 - create IPUIPlugin
2026-01-19 14:15:11,352 [INFO] PluginManager:220 - loadIPPluginJar : add i2s
2026-01-19 14:15:11,355 [INFO] IPUIPlugin:80 - create IPUIPlugin
2026-01-19 14:15:11,355 [INFO] PluginManager:220 - loadIPPluginJar : add i3c
2026-01-19 14:15:11,358 [INFO] IPUIPlugin:80 - create IPUIPlugin
2026-01-19 14:15:11,358 [INFO] PluginManager:220 - loadIPPluginJar : add ipddr
2026-01-19 14:15:11,365 [INFO] IPUIPlugin:80 - create IPUIPlugin
2026-01-19 14:15:11,366 [INFO] PluginManager:220 - loadIPPluginJar : add linkedlist
2026-01-19 14:15:11,372 [INFO] IPUIPlugin:80 - create IPUIPlugin
2026-01-19 14:15:11,372 [INFO] PluginManager:220 - loadIPPluginJar : add lorawan
2026-01-19 14:15:11,375 [INFO] IPUIPlugin:80 - create IPUIPlugin
2026-01-19 14:15:11,375 [INFO] PluginManager:220 - loadIPPluginJar : add ltdc
2026-01-19 14:15:11,380 [INFO] IPUIPlugin:80 - create IPUIPlugin
2026-01-19 14:15:11,380 [INFO] PluginManager:220 - loadIPPluginJar : add mdma
2026-01-19 14:15:11,383 [INFO] IPUIPlugin:80 - create IPUIPlugin
2026-01-19 14:15:11,383 [INFO] PluginManager:220 - loadIPPluginJar : add nvic
2026-01-19 14:15:11,385 [INFO] IPUIPlugin:80 - create IPUIPlugin
2026-01-19 14:15:11,385 [INFO] PluginManager:220 - loadIPPluginJar : add opamp
2026-01-19 14:15:11,386 [INFO] IPUIPlugin:80 - create IPUIPlugin
2026-01-19 14:15:11,386 [INFO] PluginManager:220 - loadIPPluginJar : add openamp
2026-01-19 14:15:11,389 [INFO] IPUIPlugin:80 - create IPUIPlugin
2026-01-19 14:15:11,389 [INFO] PluginManager:220 - loadIPPluginJar : add pdm2pcm
2026-01-19 14:15:11,392 [INFO] IPUIPlugin:80 - create IPUIPlugin
2026-01-19 14:15:11,394 [INFO] PluginManager:220 - loadIPPluginJar : add plateformsettings
2026-01-19 14:15:11,395 [INFO] IPUIPlugin:80 - create IPUIPlugin
2026-01-19 14:15:11,395 [INFO] PluginManager:220 - loadIPPluginJar : add quadspi
2026-01-19 14:15:11,396 [INFO] IPUIPlugin:80 - create IPUIPlugin
2026-01-19 14:15:11,396 [INFO] PluginManager:220 - loadIPPluginJar : add radio
2026-01-19 14:15:11,399 [INFO] IPUIPlugin:80 - create IPUIPlugin
2026-01-19 14:15:11,399 [INFO] PluginManager:220 - loadIPPluginJar : add resmgrutility
2026-01-19 14:15:11,401 [INFO] IPUIPlugin:80 - create IPUIPlugin
2026-01-19 14:15:11,401 [INFO] PluginManager:220 - loadIPPluginJar : add sai
2026-01-19 14:15:11,408 [INFO] IPUIPlugin:80 - create IPUIPlugin
2026-01-19 14:15:11,408 [INFO] PluginManager:220 - loadIPPluginJar : add spi
2026-01-19 14:15:11,413 [INFO] IPUIPlugin:80 - create IPUIPlugin
2026-01-19 14:15:11,413 [INFO] PluginManager:220 - loadIPPluginJar : add stm32_wpan
2026-01-19 14:15:11,415 [INFO] IPUIPlugin:80 - create IPUIPlugin
2026-01-19 14:15:11,415 [INFO] PluginManager:220 - loadIPPluginJar : add tim
2026-01-19 14:15:11,418 [INFO] IPUIPlugin:80 - create IPUIPlugin
2026-01-19 14:15:11,418 [INFO] PluginManager:220 - loadIPPluginJar : add touchsensing
2026-01-19 14:15:11,421 [INFO] IPUIPlugin:80 - create IPUIPlugin
2026-01-19 14:15:11,421 [INFO] PluginManager:220 - loadIPPluginJar : add tracer_emb
2026-01-19 14:15:11,423 [INFO] IPUIPlugin:80 - create IPUIPlugin
2026-01-19 14:15:11,423 [INFO] PluginManager:220 - loadIPPluginJar : add ts
2026-01-19 14:15:11,425 [INFO] IPUIPlugin:80 - create IPUIPlugin
2026-01-19 14:15:11,425 [INFO] PluginManager:220 - loadIPPluginJar : add tsc
2026-01-19 14:15:11,427 [INFO] IPUIPlugin:80 - create IPUIPlugin
2026-01-19 14:15:11,428 [INFO] PluginManager:220 - loadIPPluginJar : add ucpd
2026-01-19 14:15:11,432 [INFO] IPUIPlugin:80 - create IPUIPlugin
2026-01-19 14:15:11,432 [INFO] PluginManager:220 - loadIPPluginJar : add usart
2026-01-19 14:15:11,436 [INFO] IPUIPlugin:80 - create IPUIPlugin
2026-01-19 14:15:11,436 [INFO] PluginManager:220 - loadIPPluginJar : add usbx
2026-01-19 14:15:11,560 [FATAL] Updater:351 - Updater called before beeing initialized
2026-01-19 14:15:11,583 [INFO] RulesReader:64 - Compatibility file has been processed (302 Rules)
2026-01-19 14:15:11,589 [INFO] RulesReader:64 - Compatibility file has been processed (302 Rules)
2026-01-19 14:15:11,597 [INFO] CADModel:165 - CPN selected for project level
2026-01-19 14:15:11,597 [INFO] CADModel:114 - Register for checkConnection events
2026-01-19 14:15:11,597 [FATAL] Updater:351 - Updater called before beeing initialized
2026-01-19 14:15:11,597 [ERROR] CADModel:125 - Updater not yet initialized, retry later 
2026-01-19 14:15:11,778 [FATAL] Updater:351 - Updater called before beeing initialized
2026-01-19 14:15:11,779 [INFO] CADModel:165 - CPN selected for project level
2026-01-19 14:15:11,779 [INFO] CADModel:114 - Register for checkConnection events
2026-01-19 14:15:11,779 [FATAL] Updater:351 - Updater called before beeing initialized
2026-01-19 14:15:11,779 [ERROR] CADModel:125 - Updater not yet initialized, retry later 
2026-01-19 14:15:11,783 [FATAL] Updater:351 - Updater called before beeing initialized
2026-01-19 14:15:11,878 [FATAL] Updater:351 - Updater called before beeing initialized
2026-01-19 14:15:11,881 [INFO] DbMcusAds:53 - JSON generation date=Fri Jan 09 00:56:32 KST 2026 (1767887792457)
2026-01-19 14:15:11,881 [FATAL] Updater:351 - Updater called before beeing initialized
2026-01-19 14:15:11,912 [WARN] DetailPanel:346 - Failed to get advertising image, set to default
2026-01-19 14:15:12,090 [FATAL] Updater:351 - Updater called before beeing initialized
2026-01-19 14:15:12,092 [FATAL] Updater:351 - Updater called before beeing initialized
2026-01-19 14:15:12,092 [FATAL] Updater:351 - Updater called before beeing initialized
2026-01-19 14:15:12,092 [WARN] DetailPanel:346 - Failed to get advertising image, set to default
2026-01-19 14:15:12,093 [FATAL] Updater:351 - Updater called before beeing initialized
2026-01-19 14:15:12,121 [ERROR] Updater:1198 - MainUpdater not yet initialized. External WinMGr cannot be set.
2026-01-19 14:15:12,123 [INFO] Updater:1134 - Updater Version found : 6.14.1
2026-01-19 14:15:12,136 [INFO] ApplicationProperties:184 - Using Application install path: D:\STM32CubeIDE_1.18.1\STM32CubeIDE\plugins\com.st.stm32cube.common.mx_6.14.1.202504091515
2026-01-19 14:15:12,836 [INFO] MainUpdater:2872 - connection check result : 10
2026-01-19 14:15:12,838 [INFO] MainUpdater:289 - Updater Check For Update Now.
2026-01-19 14:15:12,839 [INFO] MicroXplorer:498 - Change Database Version : DB.6.0.141
2026-01-19 14:15:12,844 [INFO] McuFinderGlobals:63 - Set McuFinder mode to 2 (CubeIDE integrated)
2026-01-19 14:15:12,845 [INFO] UserAuth:171 - activating auth plugin
2026-01-19 14:15:12,848 [INFO] UserAuth:484 - Internet connection configuration mode: 1
2026-01-19 14:15:12,869 [INFO] JxBrowserEngine:152 - Initiate JxBrowser Engine with user profile folder
2026-01-19 14:15:12,996 [INFO] CheckServerUpdateThread:120 - End of CheckServer Thread
2026-01-19 14:15:13,490 [INFO] WebApp:169 - Instantiating new browser for Auth
2026-01-19 14:15:14,158 [WARN] PackLoader:240 - Cannot read IP mode file for STMicroelectronics.FP-SNS-MOTENVWB1.1.4.0
2026-01-19 14:15:14,172 [WARN] PackLoader:240 - Cannot read IP mode file for STMicroelectronics.FP-ATR-ASTRA1.2.0.2
2026-01-19 14:15:14,192 [WARN] PackLoader:240 - Cannot read IP mode file for STMicroelectronics.X-CUBE-SMBUS.2.1.0
2026-01-19 14:15:14,216 [WARN] PackLoader:240 - Cannot read IP mode file for STMicroelectronics.X-CUBE-AZRTOS-F7.1.1.0
2026-01-19 14:15:14,230 [ERROR] Engine:466 - C:\Users\cdm05\.stm32cubemx\thirdparties\pdsc\STMicroelectronics.FP-SNS-MOTENV1.5.1.0.pdsc: PDSC version is not supported
2026-01-19 14:15:14,236 [ERROR] Engine:466 - C:\Users\cdm05\.stm32cubemx\thirdparties\pdsc\WES.I-CUBE-Cesium.1.4.0.pdsc: PDSC version is not supported
2026-01-19 14:15:14,278 [WARN] PackLoader:240 - Cannot read IP mode file for STMicroelectronics.X-CUBE-AZRTOS-H7.3.4.0
2026-01-19 14:15:14,288 [INFO] WebApp:463 - Apply proxy settings
2026-01-19 14:15:14,288 [INFO] WebApp:548 - Chromium requires no authentication
2026-01-19 14:15:14,301 [WARN] PackLoader:240 - Cannot read IP mode file for STMicroelectronics.X-CUBE-DISPLAY.3.0.0
2026-01-19 14:15:14,309 [INFO] WebApp:491 - Direct internet connection detected
2026-01-19 14:15:14,320 [WARN] PackLoader:240 - Cannot read IP mode file for STMicroelectronics.X-CUBE-NFC10.1.0.0
2026-01-19 14:15:14,328 [WARN] PackLoader:240 - Cannot read IP mode file for STMicroelectronics.X-CUBE-ST60.1.1.0
2026-01-19 14:15:14,336 [WARN] PackLoader:240 - Cannot read IP mode file for emotas.I-CUBE-CANOPEN.1.3.0
2026-01-19 14:15:14,344 [WARN] PackLoader:240 - Cannot read IP mode file for STMicroelectronics.X-CUBE-GNSS1.7.1.0
2026-01-19 14:15:14,349 [ERROR] Engine:466 - C:\Users\cdm05\.stm32cubemx\thirdparties\pdsc\STMicroelectronics.FP-SNS-STBOX1.2.1.0.pdsc: PDSC version is not supported
2026-01-19 14:15:14,351 [INFO] WebApp:894 - Register for checkConnection events
2026-01-19 14:15:14,351 [INFO] WebApp:463 - Apply proxy settings
2026-01-19 14:15:14,351 [INFO] WebApp:548 - Chromium requires no authentication
2026-01-19 14:15:14,352 [INFO] WebApp:491 - Direct internet connection detected
2026-01-19 14:15:14,356 [WARN] PackLoader:240 - Cannot read IP mode file for STMicroelectronics.FP-SNS-SMARTAG2.1.2.0
2026-01-19 14:15:14,361 [WARN] PackLoader:240 - Cannot read IP mode file for STMicroelectronics.FP-SNS-FLIGHT1.5.1.0
2026-01-19 14:15:14,385 [INFO] LogOutputStream:77 - [STDOUT_REDIRECT] 1 : Invalid condition id : UX_CORESTACK_Condition cause : null
2026-01-19 14:15:14,389 [INFO] LogOutputStream:77 - [STDOUT_REDIRECT] 1 : Invalid condition id : UX_CORESTACK_Condition cause : null
2026-01-19 14:15:14,389 [INFO] LogOutputStream:77 - [STDOUT_REDIRECT] 1 : Invalid condition id : UX_CORESTACK_Condition cause : null
2026-01-19 14:15:14,392 [INFO] LogOutputStream:77 - [STDOUT_REDIRECT] 1 : Invalid condition id : UX_CORESTACK_Condition cause : null
2026-01-19 14:15:14,393 [INFO] LogOutputStream:77 - [STDOUT_REDIRECT] 1 : Invalid condition id : UX_CORESTACK_Condition cause : null
2026-01-19 14:15:14,400 [WARN] PackLoader:240 - Cannot read IP mode file for STMicroelectronics.X-CUBE-AZRTOS-WL.2.0.0
2026-01-19 14:15:14,426 [WARN] PackLoader:240 - Cannot read IP mode file for STMicroelectronics.X-CUBE-AZRTOS-H7RS.1.2.0
2026-01-19 14:15:14,463 [WARN] PackLoader:240 - Cannot read IP mode file for STMicroelectronics.X-CUBE-BLE2.3.3.0
2026-01-19 14:15:14,490 [WARN] PackLoader:240 - Cannot read IP mode file for Infineon.AIROC-Wi-Fi-Bluetooth-STM32.1.8.0
2026-01-19 14:15:14,507 [WARN] PackLoader:240 - Cannot read IP mode file for STMicroelectronics.X-CUBE-NFC9.1.0.0
2026-01-19 14:15:14,516 [WARN] PackLoader:240 - Cannot read IP mode file for STMicroelectronics.X-CUBE-BLE1.7.1.0
2026-01-19 14:15:14,525 [WARN] PackLoader:240 - Cannot read IP mode file for wolfSSL.I-CUBE-wolfMQTT.1.19.2
2026-01-19 14:15:14,533 [ERROR] Engine:466 - C:\Users\cdm05\.stm32cubemx\thirdparties\pdsc\STMicroelectronics.X-CUBE-FREERTOS.1.4.0.pdsc: PDSC version is not supported
2026-01-19 14:15:14,542 [WARN] PackLoader:240 - Cannot read IP mode file for STMicroelectronics.X-CUBE-EEPRMA1.5.2.0
2026-01-19 14:15:14,552 [WARN] PackLoader:240 - Cannot read IP mode file for wolfSSL.I-CUBE-wolfSSL.5.8.4
2026-01-19 14:15:14,560 [WARN] PackLoader:240 - Cannot read IP mode file for Cesanta.I-CUBE-Mongoose.7.20.0
2026-01-19 14:15:14,565 [ERROR] Engine:466 - C:\Users\cdm05\.stm32cubemx\thirdparties\pdsc\STMicroelectronics.X-CUBE-ST67W61.1.1.0.pdsc: PDSC version is not supported
2026-01-19 14:15:14,568 [INFO] WebApp:191 - Connection restablished
2026-01-19 14:15:14,615 [WARN] PackLoader:240 - Cannot read IP mode file for STMicroelectronics.X-CUBE-MEMS1.12.0.0
2026-01-19 14:15:14,750 [WARN] PackLoader:240 - Cannot read IP mode file for STMicroelectronics.X-CUBE-AZRTOS-G0.1.1.0
2026-01-19 14:15:14,760 [WARN] PackLoader:240 - Cannot read IP mode file for STMicroelectronics.X-CUBE-NFC4.3.0.0
2026-01-19 14:15:14,774 [WARN] PackLoader:240 - Cannot read IP mode file for EmbeddedOffice.I-CUBE-FS-RTOS.1.0.1
2026-01-19 14:15:14,807 [WARN] PackLoader:240 - Cannot read IP mode file for STMicroelectronics.X-CUBE-WB05N.2.0.0
2026-01-19 14:15:14,821 [WARN] PackLoader:240 - Cannot read IP mode file for wolfSSL.I-CUBE-wolfTPM.3.8.0
2026-01-19 14:15:14,832 [WARN] PackLoader:240 - Cannot read IP mode file for STMicroelectronics.X-CUBE-TCPP.4.2.0
2026-01-19 14:15:14,832 [INFO] WebApp:225 - Starting web application
2026-01-19 14:15:14,832 [INFO] WebApp:593 - Web application path used D:\STM32CubeIDE_1.18.1\STM32CubeIDE\plugins\com.st.stm32cube.common.mx_6.14.1.202504091515\db\plugins\mcufinder\reactClient1\index.html
2026-01-19 14:15:14,841 [WARN] PackLoader:240 - Cannot read IP mode file for RealThread.X-CUBE-RT-Thread_Nano.4.1.1
2026-01-19 14:15:14,851 [WARN] PackLoader:240 - Cannot read IP mode file for STMicroelectronics.FP-ATR-SIGFOX1.3.2.0
2026-01-19 14:15:14,871 [WARN] PackLoader:240 - Cannot read IP mode file for ITTIA_DB.I-CUBE-ITTIADB.8.9.0
2026-01-19 14:15:14,879 [WARN] PackLoader:240 - Cannot read IP mode file for STMicroelectronics.X-CUBE-AI.10.2.0
2026-01-19 14:15:14,899 [WARN] PackLoader:240 - Cannot read IP mode file for SEGGER.I-CUBE-embOS.1.3.1
2026-01-19 14:15:14,951 [WARN] PackLoader:240 - Cannot read IP mode file for STMicroelectronics.X-CUBE-ALGOBUILD.1.4.0
2026-01-19 14:15:14,975 [WARN] PackLoader:240 - Cannot read IP mode file for STMicroelectronics.X-CUBE-PM33A1.1.0.0
2026-01-19 14:15:15,063 [WARN] PackLoader:240 - Cannot read IP mode file for STMicroelectronics.X-CUBE-AZRTOS-F4.1.1.0
2026-01-19 14:15:15,092 [WARN] PackLoader:240 - Cannot read IP mode file for STMicroelectronics.X-CUBE-ISPU.2.1.0
2026-01-19 14:15:15,127 [ERROR] Engine:466 - C:\Users\cdm05\.stm32cubemx\thirdparties\pdsc\STMicroelectronics.X-CUBE-IPS.3.2.0.pdsc: PDSC version is not supported
2026-01-19 14:15:15,144 [WARN] PackLoader:240 - Cannot read IP mode file for STMicroelectronics.X-CUBE-NFC12.1.0.0
2026-01-19 14:15:15,167 [WARN] PackLoader:240 - Cannot read IP mode file for STMicroelectronics.X-CUBE-AZRTOS-L5.2.0.0
2026-01-19 14:15:15,191 [WARN] PackLoader:240 - Cannot read IP mode file for STMicroelectronics.X-CUBE-NFC6.3.1.0
2026-01-19 14:15:15,211 [WARN] PackLoader:240 - Cannot read IP mode file for STMicroelectronics.X-CUBE-TOUCHGFX.4.26.0
2026-01-19 14:15:15,227 [WARN] PackLoader:240 - Cannot read IP mode file for STMicroelectronics.FP-SNS-STAIOTCFT.1.0.0
2026-01-19 14:15:15,244 [WARN] PackLoader:240 - Cannot read IP mode file for STMicroelectronics.X-CUBE-DPower.1.3.0
2026-01-19 14:15:15,264 [WARN] ConditionMgr:438 - getConditionDescription Invalid condition id : LAN8742 Phy interface Condition cause : null
2026-01-19 14:15:15,266 [WARN] PackLoader:240 - Cannot read IP mode file for STMicroelectronics.X-CUBE-AZRTOS-L4.2.0.0
2026-01-19 14:15:15,268 [WARN] ConditionMgr:1044 - genDependencies : Invalid condition id : LAN8742 Phy interface Condition cause : null
2026-01-19 14:15:15,269 [WARN] ConditionMgr:1044 - genDependencies : Invalid condition id : LAN8742 Phy interface Condition cause : null
2026-01-19 14:15:15,269 [WARN] ConditionMgr:1044 - genDependencies : Invalid condition id : LAN8742 Phy interface Condition cause : null
2026-01-19 14:15:15,294 [WARN] PackLoader:240 - Cannot read IP mode file for STMicroelectronics.X-CUBE-SFXS2LP1.4.0.0
2026-01-19 14:15:15,301 [ERROR] Engine:466 - C:\Users\cdm05\.stm32cubemx\thirdparties\pdsc\STMicroelectronics.X-CUBE-ST67W61.1.2.0.pdsc: PDSC version is not supported
2026-01-19 14:15:15,315 [WARN] PackLoader:240 - Cannot read IP mode file for STMicroelectronics.X-CUBE-BLEMGR.4.1.0
2026-01-19 14:15:15,342 [WARN] ConditionMgr:438 - getConditionDescription Invalid condition id : UX DEVICE CLASS RTOS Condition cause : null
2026-01-19 14:15:15,343 [WARN] ConditionMgr:438 - getConditionDescription Invalid condition id : UX DEVICE CLASS RTOS Condition cause : null
2026-01-19 14:15:15,345 [WARN] PackLoader:240 - Cannot read IP mode file for STMicroelectronics.X-CUBE-AZRTOS-WB.2.0.0
2026-01-19 14:15:15,345 [WARN] ConditionMgr:1044 - genDependencies : Invalid condition id : UX DEVICE CLASS RTOS Condition cause : null
2026-01-19 14:15:15,346 [WARN] ConditionMgr:1044 - genDependencies : Invalid condition id : UX DEVICE CLASS RTOS Condition cause : null
2026-01-19 14:15:15,346 [WARN] ConditionMgr:1044 - genDependencies : Invalid condition id : UX DEVICE CLASS RTOS Condition cause : null
2026-01-19 14:15:15,347 [WARN] ConditionMgr:1044 - genDependencies : Invalid condition id : UX DEVICE CLASS RTOS Condition cause : null
2026-01-19 14:15:15,347 [WARN] ConditionMgr:1044 - genDependencies : Invalid condition id : UX DEVICE CLASS RTOS Condition cause : null
2026-01-19 14:15:15,369 [WARN] ConditionMgr:438 - getConditionDescription Invalid condition id : Cortex-A Device cause : null
2026-01-19 14:15:15,440 [WARN] ConditionMgr:1044 - genDependencies : Invalid condition id : Cortex-A Device cause : null
2026-01-19 14:15:15,441 [WARN] ConditionMgr:1044 - genDependencies : Invalid condition id : Cortex-A Device cause : null
2026-01-19 14:15:15,441 [WARN] ConditionMgr:1044 - genDependencies : Invalid condition id : Cortex-A Device cause : null
2026-01-19 14:15:15,451 [WARN] PackLoader:240 - Cannot read IP mode file for STMicroelectronics.X-CUBE-SUBG2.5.0.0
2026-01-19 14:15:15,468 [WARN] PackLoader:240 - Cannot read IP mode file for STMicroelectronics.X-CUBE-AZRTOS-G4.2.0.0
2026-01-19 14:15:15,476 [WARN] PackLoader:240 - Cannot read IP mode file for wolfSSL.I-CUBE-wolfSSH.1.4.20
2026-01-19 14:15:15,507 [WARN] PackLoader:240 - Cannot read IP mode file for STMicroelectronics.X-CUBE-NFC7.2.0.0
2026-01-19 14:15:15,516 [WARN] PackLoader:240 - Cannot read IP mode file for STMicroelectronics.X-CUBE-ALS.1.0.2
2026-01-19 14:15:15,524 [WARN] PackLoader:240 - Cannot read IP mode file for STMicroelectronics.X-CUBE-STSE01.1.0.0
2026-01-19 14:15:15,539 [WARN] PackLoader:240 - Cannot read IP mode file for STMicroelectronics.X-CUBE-TOF1.3.4.3
2026-01-19 14:15:15,545 [INFO] ThirdParty:978 - Integrity check success = true
2026-01-19 14:15:15,545 [INFO] IntegrityCheckThread:100 - exiting critical section [integrity check]
2026-01-19 14:15:15,545 [INFO] IntegrityCheckThread:103 - End integrity checks thread
2026-01-19 14:53:49,117 [ERROR] LogOutputStream:75 - [STDERR_REDIRECT] 
2026-01-19 18:36:10,869 [INFO] Activator:176 - 


2026-01-19 18:36:10,870 [INFO] Activator:177 - !SESSION log4j initialized
2026-01-19 18:36:15,530 [INFO] LogOutputStream:77 - [STDOUT_REDIRECT] 
2026-01-19 18:36:17,620 [INFO] ApplicationProperties:184 - Using Application install path: D:\STM32CubeIDE_1.18.1\STM32CubeIDE\plugins\com.st.stm32cube.common.mx_6.14.1.202504091515
2026-01-19 18:36:17,635 [INFO] DbMcusXml:78 - Set database path to: D:\STM32CubeIDE_1.18.1\STM32CubeIDE\plugins\com.st.stm32cube.common.mx_6.14.1.202504091515\\db\/mcu/
2026-01-19 18:36:17,635 [INFO] ApiDb:274 - Set plugin database path to: D:\STM32CubeIDE_1.18.1\STM32CubeIDE\plugins\com.st.stm32cube.common.mx_6.14.1.202504091515\\db\/plugins/boardmanager/
2026-01-19 18:36:17,635 [WARN] ApiDb:259 - Overriding images path with different value:  => D:\STM32CubeIDE_1.18.1\STM32CubeIDE\plugins\com.st.stm32cube.common.mx_6.14.1.202504091515\\db\/plugins/mcufinder/images/
2026-01-19 18:36:17,641 [INFO] ApiDb:250 - Set database path to: C:\Users\cdm05\.stmcufinder\plugins\mcufinder//mcu/
2026-01-19 18:36:17,642 [INFO] DbMcusAds:125 - Set database path to: C:\Users\cdm05\.stmcufinder\plugins\mcufinder//mcu/
2026-01-19 18:36:17,643 [INFO] CrossReferenceDbSqlite:203 - Set database path to: C:\Users\cdm05\.stmcufinder\plugins\mcufinder//mcu/cs/
2026-01-19 18:36:17,725 [INFO] RulesReader:64 - Compatibility file has been processed (302 Rules)
2026-01-19 18:36:17,780 [INFO] DbMcusXml:78 - Set database path to: D:\STM32CubeIDE_1.18.1\STM32CubeIDE\plugins\com.st.stm32cube.common.mx_6.14.1.202504091515\\db\/mcu/
2026-01-19 18:36:17,780 [INFO] ApiDb:274 - Set plugin database path to: D:\STM32CubeIDE_1.18.1\STM32CubeIDE\plugins\com.st.stm32cube.common.mx_6.14.1.202504091515\\db\/plugins/boardmanager/
2026-01-19 18:36:17,780 [INFO] ApiDb:261 - Set plugin images path to: D:\STM32CubeIDE_1.18.1\STM32CubeIDE\plugins\com.st.stm32cube.common.mx_6.14.1.202504091515\\db\/plugins/mcufinder/images/
2026-01-19 18:36:17,780 [WARN] DbFile:41 - Overriding database path with different value: C:\Users\cdm05\.stmcufinder\plugins\mcufinder/ => C:\Users\cdm05\.stmcufinder\plugins\mcufinder
2026-01-19 18:36:17,780 [INFO] ApiDb:250 - Set database path to: C:\Users\cdm05\.stmcufinder\plugins\mcufinder//mcu/
2026-01-19 18:36:17,780 [WARN] DbFile:41 - Overriding database path with different value: C:\Users\cdm05\.stmcufinder\plugins\mcufinder/ => C:\Users\cdm05\.stmcufinder\plugins\mcufinder
2026-01-19 18:36:17,780 [INFO] DbMcusAds:125 - Set database path to: C:\Users\cdm05\.stmcufinder\plugins\mcufinder//mcu/
2026-01-19 18:36:17,780 [WARN] DbFile:41 - Overriding database path with different value: C:\Users\cdm05\.stmcufinder\plugins\mcufinder/ => C:\Users\cdm05\.stmcufinder\plugins\mcufinder
2026-01-19 18:36:17,780 [WARN] DbFile:41 - Overriding database path with different value: C:\Users\cdm05\.stmcufinder\plugins\mcufinder/ => C:\Users\cdm05\.stmcufinder\plugins\mcufinder
2026-01-19 18:36:17,780 [INFO] CrossReferenceDbSqlite:203 - Set database path to: C:\Users\cdm05\.stmcufinder\plugins\mcufinder//mcu/cs/
2026-01-19 18:36:17,848 [INFO] MainPanel:272 - HeapMemory: 268435456
2026-01-19 18:36:17,946 [INFO] DbMcusXml:78 - Set database path to: D:\STM32CubeIDE_1.18.1\STM32CubeIDE\plugins\com.st.stm32cube.common.mx_6.14.1.202504091515\\db\/mcu/
2026-01-19 18:36:17,946 [INFO] ApiDb:274 - Set plugin database path to: D:\STM32CubeIDE_1.18.1\STM32CubeIDE\plugins\com.st.stm32cube.common.mx_6.14.1.202504091515\\db\/plugins/boardmanager/
2026-01-19 18:36:17,947 [INFO] ApiDb:261 - Set plugin images path to: D:\STM32CubeIDE_1.18.1\STM32CubeIDE\plugins\com.st.stm32cube.common.mx_6.14.1.202504091515\\db\/plugins/mcufinder/images/
2026-01-19 18:36:17,947 [WARN] DbFile:41 - Overriding database path with different value: C:\Users\cdm05\.stmcufinder\plugins\mcufinder/ => C:\Users\cdm05\.stmcufinder\plugins\mcufinder
2026-01-19 18:36:17,947 [INFO] ApiDb:250 - Set database path to: C:\Users\cdm05\.stmcufinder\plugins\mcufinder//mcu/
2026-01-19 18:36:17,947 [WARN] DbFile:41 - Overriding database path with different value: C:\Users\cdm05\.stmcufinder\plugins\mcufinder/ => C:\Users\cdm05\.stmcufinder\plugins\mcufinder
2026-01-19 18:36:17,947 [INFO] DbMcusAds:125 - Set database path to: C:\Users\cdm05\.stmcufinder\plugins\mcufinder//mcu/
2026-01-19 18:36:17,947 [WARN] DbFile:41 - Overriding database path with different value: C:\Users\cdm05\.stmcufinder\plugins\mcufinder/ => C:\Users\cdm05\.stmcufinder\plugins\mcufinder
2026-01-19 18:36:17,947 [WARN] DbFile:41 - Overriding database path with different value: C:\Users\cdm05\.stmcufinder\plugins\mcufinder/ => C:\Users\cdm05\.stmcufinder\plugins\mcufinder
2026-01-19 18:36:17,947 [INFO] CrossReferenceDbSqlite:203 - Set database path to: C:\Users\cdm05\.stmcufinder\plugins\mcufinder//mcu/cs/
2026-01-19 18:36:17,963 [INFO] ApplicationProperties:184 - Using Application install path: D:\STM32CubeIDE_1.18.1\STM32CubeIDE\plugins\com.st.stm32cube.common.mx_6.14.1.202504091515
2026-01-19 18:36:17,965 [INFO] PluginManage:196 - Search for loadable plugins [exclusion list=, ]
2026-01-19 18:36:17,966 [INFO] PluginManage:310 - Check plugin analytics
2026-01-19 18:36:18,122 [INFO] AnalyticsPlugin:253 - Accepted Software Licenses: STM32CubeMX.6.16.1
2026-01-19 18:36:18,123 [INFO] AnalyticsPlugin:255 - Accepted CMSIS Pack Licenses: 
2026-01-19 18:36:18,123 [INFO] AnalyticsPlugin:257 - Accepted Firmware Licenses: 
2026-01-19 18:36:18,127 [INFO] PluginManage:359 - Loaded plugin analytics (category:tool,tabindex:-1)
2026-01-19 18:36:18,127 [INFO] PluginManage:310 - Check plugin cadmodel
2026-01-19 18:36:18,151 [INFO] CADModel:105 - Init CAD model plugin
2026-01-19 18:36:18,151 [INFO] PluginManage:359 - Loaded plugin cadmodel (category:power,tabindex:5)
2026-01-19 18:36:18,151 [INFO] PluginManage:310 - Check plugin clock
2026-01-19 18:36:18,165 [INFO] PluginManage:359 - Loaded plugin clock (category:base,tabindex:2)
2026-01-19 18:36:18,165 [INFO] PluginManage:310 - Check plugin ddr
2026-01-19 18:36:18,168 [INFO] PluginManage:359 - Loaded plugin ddr (category:tool,tabindex:6)
2026-01-19 18:36:18,169 [INFO] PluginManage:310 - Check plugin filemanager
2026-01-19 18:36:18,298 [INFO] PluginManage:359 - Loaded plugin filemanager (category:base,tabindex:10)
2026-01-19 18:36:18,298 [INFO] PluginManage:310 - Check plugin ipmanager
2026-01-19 18:36:18,302 [INFO] PluginManage:359 - Loaded plugin ipmanager (category:base,tabindex:5)
2026-01-19 18:36:18,302 [INFO] PluginManage:310 - Check plugin lpbam
2026-01-19 18:36:18,311 [INFO] PluginManage:359 - Loaded plugin lpbam (category:base,tabindex:0)
2026-01-19 18:36:18,311 [INFO] PluginManage:310 - Check plugin memorymap
2026-01-19 18:36:18,339 [INFO] PluginManage:359 - Loaded plugin memorymap (category:base,tabindex:4)
2026-01-19 18:36:18,339 [INFO] PluginManage:310 - Check plugin pinoutandconfiguration
2026-01-19 18:36:18,355 [INFO] PluginManage:359 - Loaded plugin pinoutandconfiguration (category:base,tabindex:1)
2026-01-19 18:36:18,355 [INFO] PluginManage:310 - Check plugin pinoutconfig
2026-01-19 18:36:18,432 [WARN] SupportedApi:132 - Cannot load RTOS API schema: s4s-elt-must-match.1: The content of 'definitions' must match (annotation?, (simpleType | complexType)?, (unique | key | keyref)*)). A problem was found starting at: attribute.
2026-01-19 18:36:18,567 [INFO] PluginManage:359 - Loaded plugin pinoutconfig (category:base,tabindex:0)
2026-01-19 18:36:18,567 [INFO] PluginManage:310 - Check plugin power
2026-01-19 18:36:18,596 [INFO] PluginManage:359 - Loaded plugin power (category:power,tabindex:4)
2026-01-19 18:36:18,597 [INFO] PluginManage:310 - Check plugin projectmanager
2026-01-19 18:36:18,607 [INFO] PluginManage:359 - Loaded plugin projectmanager (category:projectmanager,tabindex:4)
2026-01-19 18:36:18,607 [INFO] PluginManage:310 - Check plugin rif
2026-01-19 18:36:18,612 [INFO] PluginManage:359 - Loaded plugin rif (category:base,tabindex:3)
2026-01-19 18:36:18,612 [INFO] PluginManage:310 - Check plugin thirdparty
2026-01-19 18:36:18,754 [INFO] PluginManage:359 - Loaded plugin thirdparty (category:base,tabindex:-1)
2026-01-19 18:36:18,754 [INFO] PluginManage:310 - Check plugin tools
2026-01-19 18:36:18,754 [WARN] IntegrityCheckThread:84 - waiting for thirdparty lock release [integrity check]
2026-01-19 18:36:18,754 [INFO] IntegrityCheckThread:86 - entering critical section [integrity check]
2026-01-19 18:36:18,755 [INFO] ThirdPartyUpdaterWithRetryManager:70 - Updater plugin not ready yet. [1/15]
2026-01-19 18:36:18,757 [INFO] PluginManage:359 - Loaded plugin tools (category:base,tabindex:7)
2026-01-19 18:36:18,758 [INFO] PluginManage:310 - Check plugin tutovideos
2026-01-19 18:36:18,890 [INFO] PluginManage:359 - Loaded plugin tutovideos (category:base,tabindex:-1)
2026-01-19 18:36:18,890 [INFO] PluginManage:310 - Check plugin updater
2026-01-19 18:36:18,907 [INFO] PluginManage:359 - Loaded plugin updater (category:base,tabindex:12)
2026-01-19 18:36:18,907 [INFO] PluginManage:310 - Check plugin userauth
2026-01-19 18:36:18,910 [INFO] UserAuth:118 - Init User Auth plugin
2026-01-19 18:36:18,911 [INFO] PluginManage:359 - Loaded plugin userauth (category:base,tabindex:14)
2026-01-19 18:36:18,911 [INFO] PluginManage:283 - PluginManage : Loaded plugins [18]
2026-01-19 18:36:19,087 [INFO] PinOutPanel:1589 - setPackage(No Configuration,No Configuration)
2026-01-19 18:36:19,145 [INFO] CADModel:165 - CPN selected for project level
2026-01-19 18:36:19,145 [INFO] CADModel:114 - Register for checkConnection events
2026-01-19 18:36:19,165 [INFO] IPUIPlugin:80 - create IPUIPlugin
2026-01-19 18:36:19,165 [INFO] PluginManager:220 - loadIPPluginJar : add adc
2026-01-19 18:36:19,178 [INFO] IPUIPlugin:80 - create IPUIPlugin
2026-01-19 18:36:19,178 [INFO] PluginManager:220 - loadIPPluginJar : add aes
2026-01-19 18:36:19,186 [INFO] IPUIPlugin:80 - create IPUIPlugin
2026-01-19 18:36:19,187 [INFO] PluginManager:220 - loadIPPluginJar : add can
2026-01-19 18:36:19,194 [INFO] IPUIPlugin:80 - create IPUIPlugin
2026-01-19 18:36:19,194 [INFO] PluginManager:220 - loadIPPluginJar : add comp
2026-01-19 18:36:19,197 [INFO] IPUIPlugin:80 - create IPUIPlugin
2026-01-19 18:36:19,197 [INFO] PluginManager:220 - loadIPPluginJar : add cryp
2026-01-19 18:36:19,207 [INFO] IPUIPlugin:80 - create IPUIPlugin
2026-01-19 18:36:19,207 [INFO] PluginManager:220 - loadIPPluginJar : add ddr_ctrl_phy
2026-01-19 18:36:19,211 [INFO] IPUIPlugin:80 - create IPUIPlugin
2026-01-19 18:36:19,211 [INFO] PluginManager:220 - loadIPPluginJar : add dfsdm
2026-01-19 18:36:19,221 [INFO] IPUIPlugin:80 - create IPUIPlugin
2026-01-19 18:36:19,222 [INFO] PluginManager:220 - loadIPPluginJar : add dma
2026-01-19 18:36:19,227 [INFO] IPUIPlugin:80 - create IPUIPlugin
2026-01-19 18:36:19,227 [INFO] PluginManager:220 - loadIPPluginJar : add dma3
2026-01-19 18:36:19,229 [INFO] IPUIPlugin:80 - create IPUIPlugin
2026-01-19 18:36:19,229 [INFO] PluginManager:220 - loadIPPluginJar : add extmemmanager
2026-01-19 18:36:19,231 [INFO] IPUIPlugin:80 - create IPUIPlugin
2026-01-19 18:36:19,231 [INFO] PluginManager:220 - loadIPPluginJar : add fatfs
2026-01-19 18:36:19,235 [INFO] IPUIPlugin:80 - create IPUIPlugin
2026-01-19 18:36:19,235 [INFO] PluginManager:220 - loadIPPluginJar : add fmc
2026-01-19 18:36:19,242 [INFO] IPUIPlugin:80 - create IPUIPlugin
2026-01-19 18:36:19,242 [INFO] PluginManager:220 - loadIPPluginJar : add freertos
2026-01-19 18:36:19,245 [INFO] IPUIPlugin:80 - create IPUIPlugin
2026-01-19 18:36:19,245 [INFO] PluginManager:220 - loadIPPluginJar : add genericplugin
2026-01-19 18:36:19,251 [INFO] IPUIPlugin:80 - create IPUIPlugin
2026-01-19 18:36:19,251 [INFO] PluginManager:220 - loadIPPluginJar : add gfxmmu
2026-01-19 18:36:19,261 [INFO] IPUIPlugin:80 - create IPUIPlugin
2026-01-19 18:36:19,261 [INFO] PluginManager:220 - loadIPPluginJar : add gic
2026-01-19 18:36:19,269 [INFO] IPUIPlugin:80 - create IPUIPlugin
2026-01-19 18:36:19,269 [INFO] PluginManager:220 - loadIPPluginJar : add gpio
2026-01-19 18:36:19,282 [INFO] IPUIPlugin:80 - create IPUIPlugin
2026-01-19 18:36:19,282 [INFO] PluginManager:220 - loadIPPluginJar : add gtzc
2026-01-19 18:36:19,283 [INFO] IPUIPlugin:80 - create IPUIPlugin
2026-01-19 18:36:19,283 [INFO] PluginManager:220 - loadIPPluginJar : add hash
2026-01-19 18:36:19,292 [INFO] IPUIPlugin:80 - create IPUIPlugin
2026-01-19 18:36:19,292 [INFO] PluginManager:220 - loadIPPluginJar : add i2c
2026-01-19 18:36:19,293 [INFO] IPUIPlugin:80 - create IPUIPlugin
2026-01-19 18:36:19,293 [INFO] PluginManager:220 - loadIPPluginJar : add i2s
2026-01-19 18:36:19,303 [INFO] IPUIPlugin:80 - create IPUIPlugin
2026-01-19 18:36:19,303 [INFO] PluginManager:220 - loadIPPluginJar : add i3c
2026-01-19 18:36:19,313 [INFO] IPUIPlugin:80 - create IPUIPlugin
2026-01-19 18:36:19,313 [INFO] PluginManager:220 - loadIPPluginJar : add ipddr
2026-01-19 18:36:19,325 [INFO] IPUIPlugin:80 - create IPUIPlugin
2026-01-19 18:36:19,325 [INFO] PluginManager:220 - loadIPPluginJar : add linkedlist
2026-01-19 18:36:19,332 [INFO] IPUIPlugin:80 - create IPUIPlugin
2026-01-19 18:36:19,333 [INFO] PluginManager:220 - loadIPPluginJar : add lorawan
2026-01-19 18:36:19,338 [INFO] IPUIPlugin:80 - create IPUIPlugin
2026-01-19 18:36:19,338 [INFO] PluginManager:220 - loadIPPluginJar : add ltdc
2026-01-19 18:36:19,347 [INFO] IPUIPlugin:80 - create IPUIPlugin
2026-01-19 18:36:19,347 [INFO] PluginManager:220 - loadIPPluginJar : add mdma
2026-01-19 18:36:19,354 [INFO] IPUIPlugin:80 - create IPUIPlugin
2026-01-19 18:36:19,354 [INFO] PluginManager:220 - loadIPPluginJar : add nvic
2026-01-19 18:36:19,365 [INFO] IPUIPlugin:80 - create IPUIPlugin
2026-01-19 18:36:19,365 [INFO] PluginManager:220 - loadIPPluginJar : add opamp
2026-01-19 18:36:19,367 [INFO] IPUIPlugin:80 - create IPUIPlugin
2026-01-19 18:36:19,367 [INFO] PluginManager:220 - loadIPPluginJar : add openamp
2026-01-19 18:36:19,368 [INFO] IPUIPlugin:80 - create IPUIPlugin
2026-01-19 18:36:19,369 [INFO] PluginManager:220 - loadIPPluginJar : add pdm2pcm
2026-01-19 18:36:19,378 [INFO] IPUIPlugin:80 - create IPUIPlugin
2026-01-19 18:36:19,379 [INFO] PluginManager:220 - loadIPPluginJar : add plateformsettings
2026-01-19 18:36:19,383 [INFO] IPUIPlugin:80 - create IPUIPlugin
2026-01-19 18:36:19,383 [INFO] PluginManager:220 - loadIPPluginJar : add quadspi
2026-01-19 18:36:19,387 [INFO] IPUIPlugin:80 - create IPUIPlugin
2026-01-19 18:36:19,387 [INFO] PluginManager:220 - loadIPPluginJar : add radio
2026-01-19 18:36:19,400 [INFO] IPUIPlugin:80 - create IPUIPlugin
2026-01-19 18:36:19,400 [INFO] PluginManager:220 - loadIPPluginJar : add resmgrutility
2026-01-19 18:36:19,410 [INFO] IPUIPlugin:80 - create IPUIPlugin
2026-01-19 18:36:19,410 [INFO] PluginManager:220 - loadIPPluginJar : add sai
2026-01-19 18:36:19,413 [INFO] IPUIPlugin:80 - create IPUIPlugin
2026-01-19 18:36:19,413 [INFO] PluginManager:220 - loadIPPluginJar : add spi
2026-01-19 18:36:19,425 [INFO] IPUIPlugin:80 - create IPUIPlugin
2026-01-19 18:36:19,425 [INFO] PluginManager:220 - loadIPPluginJar : add stm32_wpan
2026-01-19 18:36:19,428 [INFO] IPUIPlugin:80 - create IPUIPlugin
2026-01-19 18:36:19,428 [INFO] PluginManager:220 - loadIPPluginJar : add tim
2026-01-19 18:36:19,437 [INFO] IPUIPlugin:80 - create IPUIPlugin
2026-01-19 18:36:19,437 [INFO] PluginManager:220 - loadIPPluginJar : add touchsensing
2026-01-19 18:36:19,445 [INFO] IPUIPlugin:80 - create IPUIPlugin
2026-01-19 18:36:19,445 [INFO] PluginManager:220 - loadIPPluginJar : add tracer_emb
2026-01-19 18:36:19,450 [INFO] IPUIPlugin:80 - create IPUIPlugin
2026-01-19 18:36:19,451 [INFO] PluginManager:220 - loadIPPluginJar : add ts
2026-01-19 18:36:19,457 [INFO] IPUIPlugin:80 - create IPUIPlugin
2026-01-19 18:36:19,457 [INFO] PluginManager:220 - loadIPPluginJar : add tsc
2026-01-19 18:36:19,463 [INFO] IPUIPlugin:80 - create IPUIPlugin
2026-01-19 18:36:19,463 [INFO] PluginManager:220 - loadIPPluginJar : add ucpd
2026-01-19 18:36:19,471 [INFO] IPUIPlugin:80 - create IPUIPlugin
2026-01-19 18:36:19,471 [INFO] PluginManager:220 - loadIPPluginJar : add usart
2026-01-19 18:36:19,482 [INFO] IPUIPlugin:80 - create IPUIPlugin
2026-01-19 18:36:19,482 [INFO] PluginManager:220 - loadIPPluginJar : add usbx
2026-01-19 18:36:19,584 [FATAL] Updater:351 - Updater called before beeing initialized
2026-01-19 18:36:19,606 [INFO] RulesReader:64 - Compatibility file has been processed (302 Rules)
2026-01-19 18:36:19,611 [INFO] RulesReader:64 - Compatibility file has been processed (302 Rules)
2026-01-19 18:36:19,621 [INFO] CADModel:165 - CPN selected for project level
2026-01-19 18:36:19,621 [INFO] CADModel:114 - Register for checkConnection events
2026-01-19 18:36:19,621 [FATAL] Updater:351 - Updater called before beeing initialized
2026-01-19 18:36:19,621 [ERROR] CADModel:125 - Updater not yet initialized, retry later 
2026-01-19 18:36:19,725 [FATAL] Updater:351 - Updater called before beeing initialized
2026-01-19 18:36:19,727 [INFO] CADModel:165 - CPN selected for project level
2026-01-19 18:36:19,727 [INFO] CADModel:114 - Register for checkConnection events
2026-01-19 18:36:19,727 [FATAL] Updater:351 - Updater called before beeing initialized
2026-01-19 18:36:19,727 [ERROR] CADModel:125 - Updater not yet initialized, retry later 
2026-01-19 18:36:19,731 [FATAL] Updater:351 - Updater called before beeing initialized
2026-01-19 18:36:19,804 [FATAL] Updater:351 - Updater called before beeing initialized
2026-01-19 18:36:19,807 [INFO] DbMcusAds:53 - JSON generation date=Fri Jan 09 00:56:32 KST 2026 (1767887792457)
2026-01-19 18:36:19,807 [FATAL] Updater:351 - Updater called before beeing initialized
2026-01-19 18:36:19,834 [WARN] DetailPanel:346 - Failed to get advertising image, set to default
2026-01-19 18:36:20,004 [FATAL] Updater:351 - Updater called before beeing initialized
2026-01-19 18:36:20,006 [FATAL] Updater:351 - Updater called before beeing initialized
2026-01-19 18:36:20,006 [FATAL] Updater:351 - Updater called before beeing initialized
2026-01-19 18:36:20,006 [WARN] DetailPanel:346 - Failed to get advertising image, set to default
2026-01-19 18:36:20,007 [FATAL] Updater:351 - Updater called before beeing initialized
2026-01-19 18:36:20,042 [ERROR] Updater:1198 - MainUpdater not yet initialized. External WinMGr cannot be set.
2026-01-19 18:36:20,045 [INFO] Updater:1134 - Updater Version found : 6.14.1
2026-01-19 18:36:20,058 [INFO] ApplicationProperties:184 - Using Application install path: D:\STM32CubeIDE_1.18.1\STM32CubeIDE\plugins\com.st.stm32cube.common.mx_6.14.1.202504091515
2026-01-19 18:36:20,086 [INFO] MainUpdater:525 - Copy updater definitions from MX database
2026-01-19 18:36:20,589 [INFO] MainUpdater:2872 - connection check result : 10
2026-01-19 18:36:20,589 [INFO] MainUpdater:3566 - Updater definition file requires update
2026-01-19 18:36:20,590 [INFO] MainUpdater:289 - Updater Check For Update Now.
2026-01-19 18:36:20,590 [INFO] MicroXplorer:498 - Change Database Version : DB.6.0.141
2026-01-19 18:36:20,593 [INFO] McuFinderGlobals:63 - Set McuFinder mode to 2 (CubeIDE integrated)
2026-01-19 18:36:20,593 [INFO] UserAuth:171 - activating auth plugin
2026-01-19 18:36:20,595 [INFO] UserAuth:484 - Internet connection configuration mode: 1
2026-01-19 18:36:20,606 [INFO] JxBrowserEngine:152 - Initiate JxBrowser Engine with user profile folder
2026-01-19 18:36:20,734 [INFO] ServerAccessManage:473 - Download File updaters.zip
2026-01-19 18:36:21,183 [INFO] FileExtend:242 - Unzip File : updaters.zip
2026-01-19 18:36:21,184 [INFO] FileExtend:257 - Standard Zip Deflate
2026-01-19 18:36:21,404 [INFO] WebApp:169 - Instantiating new browser for Auth
2026-01-19 18:36:21,746 [INFO] ServerAccessManage:473 - Download File PacksControlFlags.xml
2026-01-19 18:36:21,758 [WARN] MainUpdater:1193 - Updater busy. Cannot search thirdparties
2026-01-19 18:36:21,759 [INFO] ThirdPartyUpdaterWithRetryManager:96 - Updater plugin is busy. [1/15]
2026-01-19 18:36:21,946 [INFO] ServerAccessManage:473 - Download File cubemx.pidx
2026-01-19 18:36:22,078 [INFO] LoadServerUpdatesThread:375 - End of LoadServerUpdate Thread
2026-01-19 18:36:22,101 [INFO] WebApp:463 - Apply proxy settings
2026-01-19 18:36:22,102 [INFO] WebApp:548 - Chromium requires no authentication
2026-01-19 18:36:22,115 [INFO] WebApp:491 - Direct internet connection detected
2026-01-19 18:36:22,161 [INFO] WebApp:894 - Register for checkConnection events
2026-01-19 18:36:22,161 [INFO] WebApp:463 - Apply proxy settings
2026-01-19 18:36:22,162 [INFO] WebApp:548 - Chromium requires no authentication
2026-01-19 18:36:22,163 [INFO] WebApp:491 - Direct internet connection detected
2026-01-19 18:36:22,267 [INFO] CheckServerUpdateThread:120 - End of CheckServer Thread
2026-01-19 18:36:22,316 [INFO] WebApp:225 - Starting web application
2026-01-19 18:36:22,316 [INFO] WebApp:593 - Web application path used D:\STM32CubeIDE_1.18.1\STM32CubeIDE\plugins\com.st.stm32cube.common.mx_6.14.1.202504091515\db\plugins\mcufinder\reactClient1\index.html
2026-01-19 18:36:22,413 [INFO] WebApp:191 - Connection restablished
2026-01-19 18:36:24,964 [WARN] PackLoader:240 - Cannot read IP mode file for STMicroelectronics.FP-SNS-MOTENVWB1.1.4.0
2026-01-19 18:36:24,972 [WARN] PackLoader:240 - Cannot read IP mode file for STMicroelectronics.FP-ATR-ASTRA1.2.0.2
2026-01-19 18:36:24,979 [WARN] PackLoader:240 - Cannot read IP mode file for STMicroelectronics.X-CUBE-SMBUS.2.1.0
2026-01-19 18:36:25,007 [WARN] PackLoader:240 - Cannot read IP mode file for STMicroelectronics.X-CUBE-AZRTOS-F7.1.1.0
2026-01-19 18:36:25,019 [ERROR] Engine:466 - C:\Users\cdm05\.stm32cubemx\thirdparties\pdsc\STMicroelectronics.FP-SNS-MOTENV1.5.1.0.pdsc: PDSC version is not supported
2026-01-19 18:36:25,025 [ERROR] Engine:466 - C:\Users\cdm05\.stm32cubemx\thirdparties\pdsc\WES.I-CUBE-Cesium.1.4.0.pdsc: PDSC version is not supported
2026-01-19 18:36:25,052 [WARN] PackLoader:240 - Cannot read IP mode file for STMicroelectronics.X-CUBE-AZRTOS-H7.3.4.0
2026-01-19 18:36:25,066 [WARN] PackLoader:240 - Cannot read IP mode file for STMicroelectronics.X-CUBE-DISPLAY.3.0.0
2026-01-19 18:36:25,084 [WARN] PackLoader:240 - Cannot read IP mode file for STMicroelectronics.X-CUBE-NFC10.1.0.0
2026-01-19 18:36:25,091 [WARN] PackLoader:240 - Cannot read IP mode file for STMicroelectronics.X-CUBE-ST60.1.1.0
2026-01-19 18:36:25,101 [WARN] PackLoader:240 - Cannot read IP mode file for emotas.I-CUBE-CANOPEN.1.3.0
2026-01-19 18:36:25,115 [WARN] PackLoader:240 - Cannot read IP mode file for STMicroelectronics.X-CUBE-GNSS1.7.1.0
2026-01-19 18:36:25,121 [ERROR] Engine:466 - C:\Users\cdm05\.stm32cubemx\thirdparties\pdsc\STMicroelectronics.FP-SNS-STBOX1.2.1.0.pdsc: PDSC version is not supported
2026-01-19 18:36:25,128 [WARN] PackLoader:240 - Cannot read IP mode file for STMicroelectronics.FP-SNS-SMARTAG2.1.2.0
2026-01-19 18:36:25,132 [WARN] PackLoader:240 - Cannot read IP mode file for STMicroelectronics.FP-SNS-FLIGHT1.5.1.0
2026-01-19 18:36:25,147 [INFO] LogOutputStream:77 - [STDOUT_REDIRECT] 1 : Invalid condition id : UX_CORESTACK_Condition cause : null
2026-01-19 18:36:25,147 [INFO] LogOutputStream:77 - [STDOUT_REDIRECT] 1 : Invalid condition id : UX_CORESTACK_Condition cause : null
2026-01-19 18:36:25,148 [INFO] LogOutputStream:77 - [STDOUT_REDIRECT] 1 : Invalid condition id : UX_CORESTACK_Condition cause : null
2026-01-19 18:36:25,148 [INFO] LogOutputStream:77 - [STDOUT_REDIRECT] 1 : Invalid condition id : UX_CORESTACK_Condition cause : null
2026-01-19 18:36:25,149 [INFO] LogOutputStream:77 - [STDOUT_REDIRECT] 1 : Invalid condition id : UX_CORESTACK_Condition cause : null
2026-01-19 18:36:25,151 [WARN] PackLoader:240 - Cannot read IP mode file for STMicroelectronics.X-CUBE-AZRTOS-WL.2.0.0
2026-01-19 18:36:25,168 [WARN] PackLoader:240 - Cannot read IP mode file for STMicroelectronics.X-CUBE-AZRTOS-H7RS.1.2.0
2026-01-19 18:36:25,184 [WARN] PackLoader:240 - Cannot read IP mode file for STMicroelectronics.X-CUBE-BLE2.3.3.0
2026-01-19 18:36:25,206 [WARN] PackLoader:240 - Cannot read IP mode file for Infineon.AIROC-Wi-Fi-Bluetooth-STM32.1.8.0
2026-01-19 18:36:25,216 [WARN] PackLoader:240 - Cannot read IP mode file for STMicroelectronics.X-CUBE-NFC9.1.0.0
2026-01-19 18:36:25,233 [WARN] PackLoader:240 - Cannot read IP mode file for STMicroelectronics.X-CUBE-BLE1.7.1.0
2026-01-19 18:36:25,241 [WARN] PackLoader:240 - Cannot read IP mode file for wolfSSL.I-CUBE-wolfMQTT.1.19.2
2026-01-19 18:36:25,245 [ERROR] Engine:466 - C:\Users\cdm05\.stm32cubemx\thirdparties\pdsc\STMicroelectronics.X-CUBE-FREERTOS.1.4.0.pdsc: PDSC version is not supported
2026-01-19 18:36:25,266 [WARN] PackLoader:240 - Cannot read IP mode file for STMicroelectronics.X-CUBE-EEPRMA1.5.2.0
2026-01-19 18:36:25,272 [WARN] PackLoader:240 - Cannot read IP mode file for wolfSSL.I-CUBE-wolfSSL.5.8.4
2026-01-19 18:36:25,280 [WARN] PackLoader:240 - Cannot read IP mode file for Cesanta.I-CUBE-Mongoose.7.20.0
2026-01-19 18:36:25,286 [ERROR] Engine:466 - C:\Users\cdm05\.stm32cubemx\thirdparties\pdsc\STMicroelectronics.X-CUBE-ST67W61.1.1.0.pdsc: PDSC version is not supported
2026-01-19 18:36:25,408 [WARN] PackLoader:240 - Cannot read IP mode file for STMicroelectronics.X-CUBE-MEMS1.12.0.0
2026-01-19 18:36:25,501 [WARN] PackLoader:240 - Cannot read IP mode file for STMicroelectronics.X-CUBE-AZRTOS-G0.1.1.0
2026-01-19 18:36:25,517 [WARN] PackLoader:240 - Cannot read IP mode file for STMicroelectronics.X-CUBE-NFC4.3.0.0
2026-01-19 18:36:25,531 [WARN] PackLoader:240 - Cannot read IP mode file for EmbeddedOffice.I-CUBE-FS-RTOS.1.0.1
2026-01-19 18:36:25,540 [WARN] PackLoader:240 - Cannot read IP mode file for STMicroelectronics.X-CUBE-WB05N.2.0.0
2026-01-19 18:36:25,548 [WARN] PackLoader:240 - Cannot read IP mode file for wolfSSL.I-CUBE-wolfTPM.3.8.0
2026-01-19 18:36:25,554 [WARN] PackLoader:240 - Cannot read IP mode file for STMicroelectronics.X-CUBE-TCPP.4.2.0
2026-01-19 18:36:25,568 [WARN] PackLoader:240 - Cannot read IP mode file for RealThread.X-CUBE-RT-Thread_Nano.4.1.1
2026-01-19 18:36:25,576 [WARN] PackLoader:240 - Cannot read IP mode file for STMicroelectronics.FP-ATR-SIGFOX1.3.2.0
2026-01-19 18:36:25,581 [WARN] PackLoader:240 - Cannot read IP mode file for ITTIA_DB.I-CUBE-ITTIADB.8.9.0
2026-01-19 18:36:25,592 [WARN] PackLoader:240 - Cannot read IP mode file for STMicroelectronics.X-CUBE-AI.10.2.0
2026-01-19 18:36:25,610 [WARN] PackLoader:240 - Cannot read IP mode file for SEGGER.I-CUBE-embOS.1.3.1
2026-01-19 18:36:25,654 [WARN] PackLoader:240 - Cannot read IP mode file for STMicroelectronics.X-CUBE-ALGOBUILD.1.4.0
2026-01-19 18:36:25,667 [WARN] PackLoader:240 - Cannot read IP mode file for STMicroelectronics.X-CUBE-PM33A1.1.0.0
2026-01-19 18:36:25,678 [WARN] PackLoader:240 - Cannot read IP mode file for STMicroelectronics.X-CUBE-AZRTOS-F4.1.1.0
2026-01-19 18:36:25,689 [WARN] PackLoader:240 - Cannot read IP mode file for STMicroelectronics.X-CUBE-ISPU.2.1.0
2026-01-19 18:36:25,696 [ERROR] Engine:466 - C:\Users\cdm05\.stm32cubemx\thirdparties\pdsc\STMicroelectronics.X-CUBE-IPS.3.2.0.pdsc: PDSC version is not supported
2026-01-19 18:36:25,701 [WARN] PackLoader:240 - Cannot read IP mode file for STMicroelectronics.X-CUBE-NFC12.1.0.0
2026-01-19 18:36:25,723 [WARN] PackLoader:240 - Cannot read IP mode file for STMicroelectronics.X-CUBE-AZRTOS-L5.2.0.0
2026-01-19 18:36:25,733 [WARN] PackLoader:240 - Cannot read IP mode file for STMicroelectronics.X-CUBE-NFC6.3.1.0
2026-01-19 18:36:25,744 [WARN] PackLoader:240 - Cannot read IP mode file for STMicroelectronics.X-CUBE-TOUCHGFX.4.26.0
2026-01-19 18:36:25,753 [WARN] PackLoader:240 - Cannot read IP mode file for STMicroelectronics.FP-SNS-STAIOTCFT.1.0.0
2026-01-19 18:36:25,775 [WARN] PackLoader:240 - Cannot read IP mode file for STMicroelectronics.X-CUBE-DPower.1.3.0
2026-01-19 18:36:25,814 [WARN] ConditionMgr:438 - getConditionDescription Invalid condition id : LAN8742 Phy interface Condition cause : null
2026-01-19 18:36:25,815 [WARN] PackLoader:240 - Cannot read IP mode file for STMicroelectronics.X-CUBE-AZRTOS-L4.2.0.0
2026-01-19 18:36:25,817 [WARN] ConditionMgr:1044 - genDependencies : Invalid condition id : LAN8742 Phy interface Condition cause : null
2026-01-19 18:36:25,817 [WARN] ConditionMgr:1044 - genDependencies : Invalid condition id : LAN8742 Phy interface Condition cause : null
2026-01-19 18:36:25,818 [WARN] ConditionMgr:1044 - genDependencies : Invalid condition id : LAN8742 Phy interface Condition cause : null
2026-01-19 18:36:25,860 [WARN] PackLoader:240 - Cannot read IP mode file for STMicroelectronics.X-CUBE-SFXS2LP1.4.0.0
2026-01-19 18:36:25,868 [ERROR] Engine:466 - C:\Users\cdm05\.stm32cubemx\thirdparties\pdsc\STMicroelectronics.X-CUBE-ST67W61.1.2.0.pdsc: PDSC version is not supported
2026-01-19 18:36:25,881 [WARN] PackLoader:240 - Cannot read IP mode file for STMicroelectronics.X-CUBE-BLEMGR.4.1.0
2026-01-19 18:36:25,909 [WARN] ConditionMgr:438 - getConditionDescription Invalid condition id : UX DEVICE CLASS RTOS Condition cause : null
2026-01-19 18:36:25,910 [WARN] ConditionMgr:438 - getConditionDescription Invalid condition id : UX DEVICE CLASS RTOS Condition cause : null
2026-01-19 18:36:25,911 [WARN] PackLoader:240 - Cannot read IP mode file for STMicroelectronics.X-CUBE-AZRTOS-WB.2.0.0
2026-01-19 18:36:25,912 [WARN] ConditionMgr:1044 - genDependencies : Invalid condition id : UX DEVICE CLASS RTOS Condition cause : null
2026-01-19 18:36:25,912 [WARN] ConditionMgr:1044 - genDependencies : Invalid condition id : UX DEVICE CLASS RTOS Condition cause : null
2026-01-19 18:36:25,912 [WARN] ConditionMgr:1044 - genDependencies : Invalid condition id : UX DEVICE CLASS RTOS Condition cause : null
2026-01-19 18:36:25,912 [WARN] ConditionMgr:1044 - genDependencies : Invalid condition id : UX DEVICE CLASS RTOS Condition cause : null
2026-01-19 18:36:25,912 [WARN] ConditionMgr:1044 - genDependencies : Invalid condition id : UX DEVICE CLASS RTOS Condition cause : null
2026-01-19 18:36:25,918 [WARN] ConditionMgr:438 - getConditionDescription Invalid condition id : Cortex-A Device cause : null
2026-01-19 18:36:25,937 [WARN] ConditionMgr:1044 - genDependencies : Invalid condition id : Cortex-A Device cause : null
2026-01-19 18:36:25,937 [WARN] ConditionMgr:1044 - genDependencies : Invalid condition id : Cortex-A Device cause : null
2026-01-19 18:36:25,937 [WARN] ConditionMgr:1044 - genDependencies : Invalid condition id : Cortex-A Device cause : null
2026-01-19 18:36:25,956 [WARN] PackLoader:240 - Cannot read IP mode file for STMicroelectronics.X-CUBE-SUBG2.5.0.0
2026-01-19 18:36:25,970 [WARN] PackLoader:240 - Cannot read IP mode file for STMicroelectronics.X-CUBE-AZRTOS-G4.2.0.0
2026-01-19 18:36:25,977 [WARN] PackLoader:240 - Cannot read IP mode file for wolfSSL.I-CUBE-wolfSSH.1.4.20
2026-01-19 18:36:25,982 [WARN] PackLoader:240 - Cannot read IP mode file for STMicroelectronics.X-CUBE-NFC7.2.0.0
2026-01-19 18:36:25,992 [WARN] PackLoader:240 - Cannot read IP mode file for STMicroelectronics.X-CUBE-ALS.1.0.2
2026-01-19 18:36:26,015 [WARN] PackLoader:240 - Cannot read IP mode file for STMicroelectronics.X-CUBE-STSE01.1.0.0
2026-01-19 18:36:26,025 [WARN] PackLoader:240 - Cannot read IP mode file for STMicroelectronics.X-CUBE-TOF1.3.4.3
2026-01-19 18:36:26,033 [INFO] ThirdParty:978 - Integrity check success = true
2026-01-19 18:36:26,034 [INFO] IntegrityCheckThread:100 - exiting critical section [integrity check]
2026-01-19 18:36:26,034 [INFO] IntegrityCheckThread:103 - End integrity checks thread
2026-01-19 19:46:03,555 [ERROR] LogOutputStream:75 - [STDERR_REDIRECT] 
